TN:
SF:/c/Users/Usuario/Documents/programacion/final/Funciones_TPI.cpp
FN:14,_Z17grabarVectorAudioSt6vectorIiSaIiEENSt7__cxx1112basic_stringIcSt11char_traitsIcESaIcEEE
FN:29,_Z15leerVectorAudioNSt7__cxx1112basic_stringIcSt11char_traitsIcESaIcEEERiS5_S5_
FN:67,_Z15cargarSalaAudioSt6vectorINSt7__cxx1112basic_stringIcSt11char_traitsIcESaIcEEESaIS5_EERiS8_S8_
FN:77,_Z15cargarSalaAudioSt6vectorINSt7__cxx1112basic_stringIcSt11char_traitsIcESaIcEEESaIS5_EERiS8_S8_ii
FN:87,_Z20calcularEstadisticosSt6vectorIiSaIiEERfS2_
FN:106,_Z8subAudioSt6vectorIiSaIiEEii
FN:115,_Z11correlacionSt6vectorIiSaIiEES1_
FN:127,_GLOBAL__sub_I__Z17grabarVectorAudioSt6vectorIiSaIiEENSt7__cxx1112basic_stringIcSt11char_traitsIcESaIcEEE
FN:127,_Z41__static_initialization_and_destruction_0ii
FNDA:0,_Z17grabarVectorAudioSt6vectorIiSaIiEENSt7__cxx1112basic_stringIcSt11char_traitsIcESaIcEEE
FNDA:34,_Z15leerVectorAudioNSt7__cxx1112basic_stringIcSt11char_traitsIcESaIcEEERiS5_S5_
FNDA:0,_Z15cargarSalaAudioSt6vectorINSt7__cxx1112basic_stringIcSt11char_traitsIcESaIcEEESaIS5_EERiS8_S8_
FNDA:4,_Z15cargarSalaAudioSt6vectorINSt7__cxx1112basic_stringIcSt11char_traitsIcESaIcEEESaIS5_EERiS8_S8_ii
FNDA:1440080,_Z20calcularEstadisticosSt6vectorIiSaIiEERfS2_
FNDA:28,_Z8subAudioSt6vectorIiSaIiEEii
FNDA:720040,_Z11correlacionSt6vectorIiSaIiEES1_
FNDA:6,_GLOBAL__sub_I__Z17grabarVectorAudioSt6vectorIiSaIiEENSt7__cxx1112basic_stringIcSt11char_traitsIcESaIcEEE
FNDA:6,_Z41__static_initialization_and_destruction_0ii
FNF:9
FNH:7
DA:14,0
DA:15,0
DA:16,0
DA:17,0
DA:18,0
DA:19,0
DA:20,0
DA:24,0
DA:26,0
DA:27,0
DA:29,34
DA:30,68
DA:32,34
DA:33,34
DA:35,34
DA:36,34
DA:37,130560238
DA:38,65280102
DA:39,34
DA:41,65280068
DA:42,34
DA:45,65280034
DA:46,34
DA:49,65280000
DA:50,65280000
DA:54,65280102
DA:56,34
DA:57,0
DA:60,0
DA:62,34
DA:63,68
DA:67,0
DA:68,0
DA:70,0
DA:71,0
DA:72,0
DA:74,0
DA:77,4
DA:78,4
DA:80,20
DA:81,32
DA:82,16
DA:84,4
DA:87,1440080
DA:89,1440080
DA:91,1440080
DA:92,1440080
DA:94,21025440320
DA:95,21024000240
DA:96,1440080
DA:98,1440080
DA:99,21025440320
DA:100,21024000240
DA:101,21024000240
DA:103,1440080
DA:104,1440080
DA:106,28
DA:107,28
DA:108,28
DA:109,28
DA:111,0
DA:112,28
DA:115,720040
DA:116,720040
DA:118,720040
DA:120,720040
DA:121,720040
DA:122,10512720160
DA:123,10512000120
DA:125,720040
DA:126,720040
DA:127,18
LF:72
LH:53
end_of_record
SF:/c/mingw/lib/gcc/mingw32/6.3.0/include/c++/bits/alloc_traits.h
FN:415,_ZNSt16allocator_traitsISaIiEE8allocateERS0_j
FN:415,_ZNSt16allocator_traitsISaISt6vectorIiSaIiEEEE8allocateERS3_j
FN:441,_ZNSt16allocator_traitsISaIiEE10deallocateERS0_Pij
FN:441,_ZNSt16allocator_traitsISaISt6vectorIiSaIiEEEE10deallocateERS3_PS2_j
FN:454,_ZNSt16allocator_traitsISaISt6vectorIiSaIiEEEE9constructIS2_JS2_EEEvRS3_PT_DpOT0_
FN:454,_ZNSt16allocator_traitsISaISt6vectorIiSaIiEEEE9constructIS2_JRKS2_EEEvRS3_PT_DpOT0_
FN:454,_ZNSt16allocator_traitsISaIiEE9constructIiJRKiEEEvRS0_PT_DpOT0_
FN:466,_ZNSt16allocator_traitsISaISt6vectorIiSaIiEEEE7destroyIS2_EEvRS3_PT_
FN:466,_ZNSt16allocator_traitsISaIiEE7destroyIiEEvRS0_PT_
FN:475,_ZNSt16allocator_traitsISaISt6vectorIiSaIiEEEE8max_sizeERKS3_
FN:475,_ZNSt16allocator_traitsISaIiEE8max_sizeERKS0_
FN:484,_ZNSt16allocator_traitsISaIiEE37select_on_container_copy_constructionERKS0_
FN:515,_ZSt18__do_alloc_on_moveISaIiEEvRT_S2_St17integral_constantIbLb1EE
FN:523,_ZSt15__alloc_on_moveISaIiEEvRT_S2_
FNDA:0,_ZNSt16allocator_traitsISaISt6vectorIiSaIiEEEE8allocateERS3_j
FNDA:0,_ZNSt16allocator_traitsISaIiEE8allocateERS0_j
FNDA:0,_ZNSt16allocator_traitsISaISt6vectorIiSaIiEEEE10deallocateERS3_PS2_j
FNDA:0,_ZNSt16allocator_traitsISaIiEE10deallocateERS0_Pij
FNDA:16,_ZNSt16allocator_traitsISaISt6vectorIiSaIiEEEE9constructIS2_JS2_EEEvRS3_PT_DpOT0_
FNDA:0,_ZNSt16allocator_traitsISaISt6vectorIiSaIiEEEE9constructIS2_JRKS2_EEEvRS3_PT_DpOT0_
FNDA:0,_ZNSt16allocator_traitsISaIiEE9constructIiJRKiEEEvRS0_PT_DpOT0_
FNDA:0,_ZNSt16allocator_traitsISaISt6vectorIiSaIiEEEE7destroyIS2_EEvRS3_PT_
FNDA:0,_ZNSt16allocator_traitsISaIiEE7destroyIiEEvRS0_PT_
FNDA:0,_ZNSt16allocator_traitsISaISt6vectorIiSaIiEEEE8max_sizeERKS3_
FNDA:0,_ZNSt16allocator_traitsISaIiEE8max_sizeERKS0_
FNDA:0,_ZNSt16allocator_traitsISaIiEE37select_on_container_copy_constructionERKS0_
FNDA:28,_ZSt18__do_alloc_on_moveISaIiEEvRT_S2_St17integral_constantIbLb1EE
FNDA:28,_ZSt15__alloc_on_moveISaIiEEvRT_S2_
FNF:14
FNH:3
DA:415,0
DA:416,0
DA:441,0
DA:442,0
DA:454,16
DA:455,16
DA:466,0
DA:467,0
DA:475,0
DA:476,0
DA:484,0
DA:485,0
DA:515,28
DA:516,28
DA:523,28
DA:527,28
DA:528,28
LF:17
LH:7
end_of_record
SF:/c/mingw/lib/gcc/mingw32/6.3.0/include/c++/bits/allocator.h
FN:131,_ZNSaISt6vectorIiSaIiEEEC2Ev
FN:131,_ZNSaIiEC2Ev
FN:131,_ZNSaIiEC1Ev
FN:133,_ZNSaIiEC2ERKS_
FN:133,_ZNSaIiEC1ERKS_
FN:139,_ZNSaISt6vectorIiSaIiEEED2Ev
FN:139,_ZNSaIiED2Ev
FN:139,_ZNSaIiED1Ev
FNDA:0,_ZNSaISt6vectorIiSaIiEEEC2Ev
FNDA:0,_ZNSaIiEC1Ev
FNDA:0,_ZNSaIiEC2Ev
FNDA:0,_ZNSaIiEC1ERKS_
FNDA:0,_ZNSaIiEC2ERKS_
FNDA:0,_ZNSaISt6vectorIiSaIiEEED2Ev
FNDA:0,_ZNSaIiED1Ev
FNDA:0,_ZNSaIiED2Ev
FNF:8
FNH:0
DA:131,0
DA:133,0
DA:134,0
DA:139,0
LF:4
LH:0
end_of_record
SF:/c/mingw/lib/gcc/mingw32/6.3.0/include/c++/bits/cpp_type_traits.h
FN:408,_ZSt12__miter_baseIPiET_S1_
FN:408,_ZSt12__miter_baseIN9__gnu_cxx17__normal_iteratorIPiSt6vectorIiSaIiEEEEET_S7_
FN:408,_ZSt12__miter_baseIN9__gnu_cxx17__normal_iteratorIPKiSt6vectorIiSaIiEEEEET_S8_
FNDA:0,_ZSt12__miter_baseIPiET_S1_
FNDA:56,_ZSt12__miter_baseIN9__gnu_cxx17__normal_iteratorIPiSt6vectorIiSaIiEEEEET_S7_
FNDA:0,_ZSt12__miter_baseIN9__gnu_cxx17__normal_iteratorIPKiSt6vectorIiSaIiEEEEET_S8_
FNF:3
FNH:1
DA:408,56
DA:409,56
LF:2
LH:2
end_of_record
SF:/c/mingw/lib/gcc/mingw32/6.3.0/include/c++/bits/ios_base.h
FN:129,_ZStorSt13_Ios_OpenmodeS_
FNDA:562,_ZStorSt13_Ios_OpenmodeS_
FNF:1
FNH:1
DA:129,562
DA:130,562
LF:2
LH:2
end_of_record
SF:/c/mingw/lib/gcc/mingw32/6.3.0/include/c++/bits/move.h
FN:47,_ZSt11__addressofISt6vectorIiSaIiEEEPT_RS3_
FN:76,_ZSt7forwardISt6vectorIiSaIiEEEOT_RNSt16remove_referenceIS3_E4typeE
FN:76,_ZSt7forwardIRKSt6vectorIiSaIiEEEOT_RNSt16remove_referenceIS5_E4typeE
FN:76,_ZSt7forwardIRKiEOT_RNSt16remove_referenceIS2_E4typeE
FN:101,_ZSt4moveIRPiEONSt16remove_referenceIT_E4typeEOS3_
FN:101,_ZSt4moveIRSaIiEEONSt16remove_referenceIT_E4typeEOS3_
FN:101,_ZSt4moveIRSt6vectorIiSaIiEEEONSt16remove_referenceIT_E4typeEOS5_
FN:179,_ZSt4swapIPiENSt9enable_ifIXsrSt6__and_IJSt21is_move_constructibleIT_ESt18is_move_assignableIS4_EEE5valueEvE4typeERS4_SB_
FNDA:0,_ZSt11__addressofISt6vectorIiSaIiEEEPT_RS3_
FNDA:0,_ZSt7forwardISt6vectorIiSaIiEEEOT_RNSt16remove_referenceIS3_E4typeE
FNDA:0,_ZSt7forwardIRKSt6vectorIiSaIiEEEOT_RNSt16remove_referenceIS5_E4typeE
FNDA:0,_ZSt7forwardIRKiEOT_RNSt16remove_referenceIS2_E4typeE
FNDA:0,_ZSt4moveIRPiEONSt16remove_referenceIT_E4typeEOS3_
FNDA:0,_ZSt4moveIRSaIiEEONSt16remove_referenceIT_E4typeEOS3_
FNDA:0,_ZSt4moveIRSt6vectorIiSaIiEEEONSt16remove_referenceIT_E4typeEOS5_
FNDA:0,_ZSt4swapIPiENSt9enable_ifIXsrSt6__and_IJSt21is_move_constructibleIT_ESt18is_move_assignableIS4_EEE5valueEvE4typeERS4_SB_
FNF:8
FNH:0
DA:47,0
DA:50,0
DA:76,0
DA:77,0
DA:101,0
DA:102,0
DA:179,0
DA:190,0
DA:191,0
DA:192,0
DA:193,0
LF:11
LH:0
end_of_record
SF:/c/mingw/lib/gcc/mingw32/6.3.0/include/c++/bits/stl_algobase.h
FN:219,_ZSt3maxIjERKT_S2_S2_
FN:277,_ZSt12__niter_baseIPiET_S1_
FN:357,_ZNSt11__copy_moveILb0ELb1ESt26random_access_iterator_tagE8__copy_mIiEEPT_PKS3_S6_S4_
FN:357,_ZNSt11__copy_moveILb1ELb1ESt26random_access_iterator_tagE8__copy_mIiEEPT_PKS3_S6_S4_
FN:375,_ZSt13__copy_move_aILb0EPKiPiET1_T0_S4_S3_
FN:375,_ZSt13__copy_move_aILb1EPiS0_ET1_T0_S2_S1_
FN:375,_ZSt13__copy_move_aILb0EPiS0_ET1_T0_S2_S1_
FN:420,_ZSt14__copy_move_a2ILb0EN9__gnu_cxx17__normal_iteratorIPKiSt6vectorIiSaIiEEEEPiET1_T0_SA_S9_
FN:420,_ZSt14__copy_move_a2ILb1EPiS0_ET1_T0_S2_S1_
FN:420,_ZSt14__copy_move_a2ILb0EN9__gnu_cxx17__normal_iteratorIPiSt6vectorIiSaIiEEEES2_ET1_T0_S8_S7_
FN:446,_ZSt4copyISt13move_iteratorIPiES1_ET0_T_S4_S3_
FN:446,_ZSt4copyIN9__gnu_cxx17__normal_iteratorIPKiSt6vectorIiSaIiEEEEPiET0_T_SA_S9_
FN:446,_ZSt4copyIN9__gnu_cxx17__normal_iteratorIPiSt6vectorIiSaIiEEEES2_ET0_T_S8_S7_
FNDA:0,_ZSt3maxIjERKT_S2_S2_
FNDA:0,_ZSt12__niter_baseIPiET_S1_
FNDA:0,_ZNSt11__copy_moveILb1ELb1ESt26random_access_iterator_tagE8__copy_mIiEEPT_PKS3_S6_S4_
FNDA:0,_ZNSt11__copy_moveILb0ELb1ESt26random_access_iterator_tagE8__copy_mIiEEPT_PKS3_S6_S4_
FNDA:28,_ZSt13__copy_move_aILb0EPiS0_ET1_T0_S2_S1_
FNDA:0,_ZSt13__copy_move_aILb1EPiS0_ET1_T0_S2_S1_
FNDA:0,_ZSt13__copy_move_aILb0EPKiPiET1_T0_S4_S3_
FNDA:28,_ZSt14__copy_move_a2ILb0EN9__gnu_cxx17__normal_iteratorIPiSt6vectorIiSaIiEEEES2_ET1_T0_S8_S7_
FNDA:0,_ZSt14__copy_move_a2ILb1EPiS0_ET1_T0_S2_S1_
FNDA:0,_ZSt14__copy_move_a2ILb0EN9__gnu_cxx17__normal_iteratorIPKiSt6vectorIiSaIiEEEEPiET1_T0_SA_S9_
FNDA:28,_ZSt4copyIN9__gnu_cxx17__normal_iteratorIPiSt6vectorIiSaIiEEEES2_ET0_T_S8_S7_
FNDA:0,_ZSt4copyISt13move_iteratorIPiES1_ET0_T_S4_S3_
FNDA:0,_ZSt4copyIN9__gnu_cxx17__normal_iteratorIPKiSt6vectorIiSaIiEEEEPiET0_T_SA_S9_
FNF:13
FNH:3
DA:219,0
DA:224,0
DA:225,0
DA:226,0
DA:277,0
DA:278,0
DA:357,0
DA:366,0
DA:367,0
DA:368,0
DA:369,0
DA:375,28
DA:383,28
DA:386,28
DA:420,28
DA:422,28
DA:424,28
DA:446,28
DA:455,28
DA:456,28
LF:20
LH:9
end_of_record
SF:/c/mingw/lib/gcc/mingw32/6.3.0/include/c++/bits/stl_construct.h
FN:74,_ZSt10_ConstructISt6vectorIiSaIiEEJS2_EEvPT_DpOT0_
FN:92,_ZSt8_DestroyISt6vectorIiSaIiEEEvPT_
FN:100,_ZNSt12_Destroy_auxILb0EE9__destroyIPSt6vectorIiSaIiEEEEvT_S6_
FN:112,_ZNSt12_Destroy_auxILb1EE9__destroyIPiEEvT_S3_
FN:122,_ZSt8_DestroyIPiEvT_S1_
FN:122,_ZSt8_DestroyIPSt6vectorIiSaIiEEEvT_S4_
FN:148,_ZSt8_DestroyIPSt6vectorIiSaIiEES2_EvT_S4_RSaIT0_E
FN:148,_ZSt8_DestroyIPiiEvT_S1_RSaIT0_E
FNDA:0,_ZSt10_ConstructISt6vectorIiSaIiEEJS2_EEvPT_DpOT0_
FNDA:0,_ZSt8_DestroyISt6vectorIiSaIiEEEvPT_
FNDA:0,_ZNSt12_Destroy_auxILb0EE9__destroyIPSt6vectorIiSaIiEEEEvT_S6_
FNDA:0,_ZNSt12_Destroy_auxILb1EE9__destroyIPiEEvT_S3_
FNDA:0,_ZSt8_DestroyIPSt6vectorIiSaIiEEEvT_S4_
FNDA:0,_ZSt8_DestroyIPiEvT_S1_
FNDA:0,_ZSt8_DestroyIPSt6vectorIiSaIiEES2_EvT_S4_RSaIT0_E
FNDA:0,_ZSt8_DestroyIPiiEvT_S1_RSaIT0_E
FNF:8
FNH:0
DA:74,0
DA:75,0
DA:92,0
DA:93,0
DA:100,0
DA:102,0
DA:103,0
DA:104,0
DA:112,0
DA:122,0
DA:126,0
DA:128,0
DA:148,0
DA:151,0
DA:152,0
LF:15
LH:0
end_of_record
SF:/c/mingw/lib/gcc/mingw32/6.3.0/include/c++/bits/stl_iterator.h
FN:776,_ZN9__gnu_cxx17__normal_iteratorIPKiSt6vectorIiSaIiEEEC1ERKS2_
FN:776,_ZN9__gnu_cxx17__normal_iteratorIPiSt6vectorIiSaIiEEEC1ERKS1_
FN:829,_ZNK9__gnu_cxx17__normal_iteratorIPiSt6vectorIiSaIiEEEplEi
FN:841,_ZNK9__gnu_cxx17__normal_iteratorIPKiSt6vectorIiSaIiEEE4baseEv
FN:841,_ZNK9__gnu_cxx17__normal_iteratorIPiSt6vectorIiSaIiEEE4baseEv
FN:959,_ZN9__gnu_cxxmiIPiSt6vectorIiSaIiEEEENS_17__normal_iteratorIT_T0_E15difference_typeERKS8_SB_
FN:980,_ZSt12__niter_baseIPiSt6vectorIiSaIiEEET_N9__gnu_cxx17__normal_iteratorIS4_T0_EE
FN:980,_ZSt12__niter_baseIPKiSt6vectorIiSaIiEEET_N9__gnu_cxx17__normal_iteratorIS5_T0_EE
FN:1032,_ZNSt13move_iteratorIPiEC1ES0_
FN:1032,_ZNSt13move_iteratorIPSt6vectorIiSaIiEEEC1ES3_
FN:1040,_ZNKSt13move_iteratorIPSt6vectorIiSaIiEEE4baseEv
FN:1040,_ZNKSt13move_iteratorIPiE4baseEv
FN:1044,_ZNKSt13move_iteratorIPSt6vectorIiSaIiEEEdeEv
FN:1052,_ZNSt13move_iteratorIPSt6vectorIiSaIiEEEppEv
FN:1119,_ZSteqIPSt6vectorIiSaIiEEEbRKSt13move_iteratorIT_ES8_
FN:1131,_ZStneIPSt6vectorIiSaIiEEEbRKSt13move_iteratorIT_ES8_
FN:1223,_ZSt32__make_move_if_noexcept_iteratorIiSt13move_iteratorIPiEET0_PT_
FN:1223,_ZSt32__make_move_if_noexcept_iteratorISt6vectorIiSaIiEESt13move_iteratorIPS2_EET0_PT_
FN:1243,_ZSt12__miter_baseIPiEDTcl12__miter_basecldtfp_4baseEEESt13move_iteratorIT_E
FNDA:0,_ZN9__gnu_cxx17__normal_iteratorIPKiSt6vectorIiSaIiEEEC1ERKS2_
FNDA:140,_ZN9__gnu_cxx17__normal_iteratorIPiSt6vectorIiSaIiEEEC1ERKS1_
FNDA:84,_ZNK9__gnu_cxx17__normal_iteratorIPiSt6vectorIiSaIiEEEplEi
FNDA:0,_ZNK9__gnu_cxx17__normal_iteratorIPKiSt6vectorIiSaIiEEE4baseEv
FNDA:112,_ZNK9__gnu_cxx17__normal_iteratorIPiSt6vectorIiSaIiEEE4baseEv
FNDA:28,_ZN9__gnu_cxxmiIPiSt6vectorIiSaIiEEEENS_17__normal_iteratorIT_T0_E15difference_typeERKS8_SB_
FNDA:56,_ZSt12__niter_baseIPiSt6vectorIiSaIiEEET_N9__gnu_cxx17__normal_iteratorIS4_T0_EE
FNDA:0,_ZSt12__niter_baseIPKiSt6vectorIiSaIiEEET_N9__gnu_cxx17__normal_iteratorIS5_T0_EE
FNDA:0,_ZNSt13move_iteratorIPSt6vectorIiSaIiEEEC1ES3_
FNDA:0,_ZNSt13move_iteratorIPiEC1ES0_
FNDA:0,_ZNKSt13move_iteratorIPSt6vectorIiSaIiEEE4baseEv
FNDA:0,_ZNKSt13move_iteratorIPiE4baseEv
FNDA:0,_ZNKSt13move_iteratorIPSt6vectorIiSaIiEEEdeEv
FNDA:0,_ZNSt13move_iteratorIPSt6vectorIiSaIiEEEppEv
FNDA:0,_ZSteqIPSt6vectorIiSaIiEEEbRKSt13move_iteratorIT_ES8_
FNDA:0,_ZStneIPSt6vectorIiSaIiEEEbRKSt13move_iteratorIT_ES8_
FNDA:0,_ZSt32__make_move_if_noexcept_iteratorISt6vectorIiSaIiEESt13move_iteratorIPS2_EET0_PT_
FNDA:0,_ZSt32__make_move_if_noexcept_iteratorIiSt13move_iteratorIPiEET0_PT_
FNDA:0,_ZSt12__miter_baseIPiEDTcl12__miter_basecldtfp_4baseEEESt13move_iteratorIT_E
FNF:19
FNH:5
DA:776,140
DA:777,140
DA:829,84
DA:830,84
DA:841,112
DA:842,112
DA:959,28
DA:962,28
DA:980,56
DA:981,56
DA:1032,0
DA:1033,0
DA:1040,0
DA:1041,0
DA:1044,0
DA:1045,0
DA:1052,0
DA:1054,0
DA:1055,0
DA:1119,0
DA:1121,0
DA:1131,0
DA:1133,0
DA:1223,0
DA:1224,0
DA:1243,0
DA:1245,0
LF:27
LH:10
end_of_record
SF:/c/mingw/lib/gcc/mingw32/6.3.0/include/c++/bits/stl_iterator_base_funcs.h
FN:96,_ZSt10__distanceIN9__gnu_cxx17__normal_iteratorIPiSt6vectorIiSaIiEEEEENSt15iterator_traitsIT_E15difference_typeES8_S8_St26random_access_iterator_tag
FN:135,_ZSt8distanceIN9__gnu_cxx17__normal_iteratorIPiSt6vectorIiSaIiEEEEENSt15iterator_traitsIT_E15difference_typeES8_S8_
FNDA:28,_ZSt10__distanceIN9__gnu_cxx17__normal_iteratorIPiSt6vectorIiSaIiEEEEENSt15iterator_traitsIT_E15difference_typeES8_S8_St26random_access_iterator_tag
FNDA:28,_ZSt8distanceIN9__gnu_cxx17__normal_iteratorIPiSt6vectorIiSaIiEEEEENSt15iterator_traitsIT_E15difference_typeES8_S8_
FNF:2
FNH:2
DA:96,28
DA:102,28
DA:135,28
DA:139,28
LF:4
LH:4
end_of_record
SF:/c/mingw/lib/gcc/mingw32/6.3.0/include/c++/bits/stl_iterator_base_types.h
FN:204,_ZSt19__iterator_categoryIN9__gnu_cxx17__normal_iteratorIPiSt6vectorIiSaIiEEEEENSt15iterator_traitsIT_E17iterator_categoryERKS8_
FNDA:28,_ZSt19__iterator_categoryIN9__gnu_cxx17__normal_iteratorIPiSt6vectorIiSaIiEEEEENSt15iterator_traitsIT_E17iterator_categoryERKS8_
FNF:1
FNH:1
DA:204,28
DA:205,28
LF:2
LH:2
end_of_record
SF:/c/mingw/lib/gcc/mingw32/6.3.0/include/c++/bits/stl_uninitialized.h
FN:68,_ZNSt20__uninitialized_copyILb0EE13__uninit_copyISt13move_iteratorIPSt6vectorIiSaIiEEES6_EET0_T_S9_S8_
FN:91,_ZNSt20__uninitialized_copyILb1EE13__uninit_copyIN9__gnu_cxx17__normal_iteratorIPiSt6vectorIiSaIiEEEES4_EET0_T_SA_S9_
FN:91,_ZNSt20__uninitialized_copyILb1EE13__uninit_copyISt13move_iteratorIPiES3_EET0_T_S6_S5_
FN:91,_ZNSt20__uninitialized_copyILb1EE13__uninit_copyIN9__gnu_cxx17__normal_iteratorIPKiSt6vectorIiSaIiEEEEPiEET0_T_SC_SB_
FN:107,_ZSt18uninitialized_copyISt13move_iteratorIPiES1_ET0_T_S4_S3_
FN:107,_ZSt18uninitialized_copyIN9__gnu_cxx17__normal_iteratorIPiSt6vectorIiSaIiEEEES2_ET0_T_S8_S7_
FN:107,_ZSt18uninitialized_copyIN9__gnu_cxx17__normal_iteratorIPKiSt6vectorIiSaIiEEEEPiET0_T_SA_S9_
FN:107,_ZSt18uninitialized_copyISt13move_iteratorIPSt6vectorIiSaIiEEES4_ET0_T_S7_S6_
FN:279,_ZSt22__uninitialized_copy_aIN9__gnu_cxx17__normal_iteratorIPKiSt6vectorIiSaIiEEEEPiiET0_T_SA_S9_RSaIT1_E
FN:279,_ZSt22__uninitialized_copy_aIN9__gnu_cxx17__normal_iteratorIPiSt6vectorIiSaIiEEEES2_iET0_T_S8_S7_RSaIT1_E
FN:279,_ZSt22__uninitialized_copy_aISt13move_iteratorIPiES1_iET0_T_S4_S3_RSaIT1_E
FN:279,_ZSt22__uninitialized_copy_aISt13move_iteratorIPSt6vectorIiSaIiEEES4_S3_ET0_T_S7_S6_RSaIT1_E
FN:297,_ZSt34__uninitialized_move_if_noexcept_aIPSt6vectorIiSaIiEES3_SaIS2_EET0_T_S6_S5_RT1_
FN:297,_ZSt34__uninitialized_move_if_noexcept_aIPiS0_SaIiEET0_T_S3_S2_RT1_
FNDA:0,_ZNSt20__uninitialized_copyILb0EE13__uninit_copyISt13move_iteratorIPSt6vectorIiSaIiEEES6_EET0_T_S9_S8_
FNDA:28,_ZNSt20__uninitialized_copyILb1EE13__uninit_copyIN9__gnu_cxx17__normal_iteratorIPiSt6vectorIiSaIiEEEES4_EET0_T_SA_S9_
FNDA:0,_ZNSt20__uninitialized_copyILb1EE13__uninit_copyISt13move_iteratorIPiES3_EET0_T_S6_S5_
FNDA:0,_ZNSt20__uninitialized_copyILb1EE13__uninit_copyIN9__gnu_cxx17__normal_iteratorIPKiSt6vectorIiSaIiEEEEPiEET0_T_SC_SB_
FNDA:28,_ZSt18uninitialized_copyIN9__gnu_cxx17__normal_iteratorIPiSt6vectorIiSaIiEEEES2_ET0_T_S8_S7_
FNDA:0,_ZSt18uninitialized_copyISt13move_iteratorIPSt6vectorIiSaIiEEES4_ET0_T_S7_S6_
FNDA:0,_ZSt18uninitialized_copyISt13move_iteratorIPiES1_ET0_T_S4_S3_
FNDA:0,_ZSt18uninitialized_copyIN9__gnu_cxx17__normal_iteratorIPKiSt6vectorIiSaIiEEEEPiET0_T_SA_S9_
FNDA:28,_ZSt22__uninitialized_copy_aIN9__gnu_cxx17__normal_iteratorIPiSt6vectorIiSaIiEEEES2_iET0_T_S8_S7_RSaIT1_E
FNDA:0,_ZSt22__uninitialized_copy_aISt13move_iteratorIPSt6vectorIiSaIiEEES4_S3_ET0_T_S7_S6_RSaIT1_E
FNDA:0,_ZSt22__uninitialized_copy_aISt13move_iteratorIPiES1_iET0_T_S4_S3_RSaIT1_E
FNDA:0,_ZSt22__uninitialized_copy_aIN9__gnu_cxx17__normal_iteratorIPKiSt6vectorIiSaIiEEEEPiiET0_T_SA_S9_RSaIT1_E
FNDA:0,_ZSt34__uninitialized_move_if_noexcept_aIPSt6vectorIiSaIiEES3_SaIS2_EET0_T_S6_S5_RT1_
FNDA:0,_ZSt34__uninitialized_move_if_noexcept_aIPiS0_SaIiEET0_T_S3_S2_RT1_
FNF:14
FNH:3
DA:68,0
DA:71,0
DA:74,0
DA:75,0
DA:76,0
DA:78,0
DA:80,0
DA:81,0
DA:91,28
DA:93,28
DA:107,28
DA:120,28
DA:126,28
DA:279,28
DA:281,28
DA:297,0
DA:303,0
DA:304,0
LF:18
LH:7
end_of_record
SF:/c/mingw/lib/gcc/mingw32/6.3.0/include/c++/bits/stl_vector.h
FN:79,_ZNSt12_Vector_baseISt6vectorIiSaIiEESaIS2_EE12_Vector_implD1Ev
FN:79,_ZNSt12_Vector_baseIiSaIiEE12_Vector_implD1Ev
FN:86,_ZNSt12_Vector_baseISt6vectorIiSaIiEESaIS2_EE12_Vector_implC1Ev
FN:86,_ZNSt12_Vector_baseIiSaIiEE12_Vector_implC1Ev
FN:90,_ZNSt12_Vector_baseIiSaIiEE12_Vector_implC1ERKS0_
FN:95,_ZNSt12_Vector_baseIiSaIiEE12_Vector_implC1EOS0_
FN:101,_ZNSt12_Vector_baseIiSaIiEE12_Vector_impl12_M_swap_dataERS2_
FN:113,_ZNSt12_Vector_baseIiSaIiEE19_M_get_Tp_allocatorEv
FN:113,_ZNSt12_Vector_baseISt6vectorIiSaIiEESaIS2_EE19_M_get_Tp_allocatorEv
FN:117,_ZNKSt12_Vector_baseISt6vectorIiSaIiEESaIS2_EE19_M_get_Tp_allocatorEv
FN:117,_ZNKSt12_Vector_baseIiSaIiEE19_M_get_Tp_allocatorEv
FN:121,_ZNKSt12_Vector_baseIiSaIiEE13get_allocatorEv
FN:124,_ZNSt12_Vector_baseIiSaIiEEC2Ev
FN:124,_ZNSt12_Vector_baseISt6vectorIiSaIiEESaIS2_EEC2Ev
FN:127,_ZNSt12_Vector_baseIiSaIiEEC2ERKS0_
FN:134,_ZNSt12_Vector_baseIiSaIiEEC2EjRKS0_
FN:142,_ZNSt12_Vector_baseIiSaIiEEC2EOS1_
FN:159,_ZNSt12_Vector_baseIiSaIiEED2Ev
FN:159,_ZNSt12_Vector_baseISt6vectorIiSaIiEESaIS2_EED2Ev
FN:167,_ZNSt12_Vector_baseIiSaIiEE11_M_allocateEj
FN:167,_ZNSt12_Vector_baseISt6vectorIiSaIiEESaIS2_EE11_M_allocateEj
FN:174,_ZNSt12_Vector_baseISt6vectorIiSaIiEESaIS2_EE13_M_deallocateEPS2_j
FN:174,_ZNSt12_Vector_baseIiSaIiEE13_M_deallocateEPij
FN:183,_ZNSt12_Vector_baseIiSaIiEE17_M_create_storageEj
FN:255,_ZNSt6vectorIS_IiSaIiEESaIS1_EEC1Ev
FN:255,_ZNSt6vectorIiSaIiEEC1Ev
FN:266,_ZNSt6vectorIiSaIiEEC1ERKS0_
FN:320,_ZNSt6vectorIiSaIiEEC1ERKS1_
FN:337,_ZNSt6vectorIiSaIiEEC1EOS1_
FN:403,_ZNSt6vectorIiSaIiEEC1IN9__gnu_cxx17__normal_iteratorIPiS1_EEvEET_S7_RKS0_
FN:425,_ZNSt6vectorIS_IiSaIiEESaIS1_EED1Ev
FN:425,_ZNSt6vectorIiSaIiEED1Ev
FN:450,_ZNSt6vectorIiSaIiEEaSEOS1_
FN:548,_ZNSt6vectorIiSaIiEE5beginEv
FN:557,_ZNKSt6vectorIiSaIiEE5beginEv
FN:566,_ZNSt6vectorIiSaIiEE3endEv
FN:575,_ZNKSt6vectorIiSaIiEE3endEv
FN:655,_ZNKSt6vectorIiSaIiEE4sizeEv
FN:655,_ZNKSt6vectorINSt7__cxx1112basic_stringIcSt11char_traitsIcESaIcEEESaIS5_EE4sizeEv
FN:655,_ZNKSt6vectorIS_IiSaIiEESaIS1_EE4sizeEv
FN:660,_ZNKSt6vectorIS_IiSaIiEESaIS1_EE8max_sizeEv
FN:660,_ZNKSt6vectorIiSaIiEE8max_sizeEv
FN:780,_ZNSt6vectorINSt7__cxx1112basic_stringIcSt11char_traitsIcESaIcEEESaIS5_EEixEj
FN:780,_ZNSt6vectorIiSaIiEEixEj
FN:914,_ZNSt6vectorIS_IiSaIiEESaIS1_EE9push_backERKS1_
FN:914,_ZNSt6vectorIiSaIiEE9push_backERKi
FN:932,_ZNSt6vectorIS_IiSaIiEESaIS1_EE9push_backEOS1_
FN:1256,_ZNSt6vectorIiSaIiEE22_M_initialize_dispatchIN9__gnu_cxx17__normal_iteratorIPiS1_EEEEvT_S7_St12__false_type
FN:1281,_ZNSt6vectorIiSaIiEE19_M_range_initializeIN9__gnu_cxx17__normal_iteratorIPiS1_EEEEvT_S7_St20forward_iterator_tag
FN:1420,_ZNKSt6vectorIiSaIiEE12_M_check_lenEjPKc
FN:1420,_ZNKSt6vectorIS_IiSaIiEESaIS1_EE12_M_check_lenEjPKc
FN:1452,_ZNSt6vectorIiSaIiEE14_M_move_assignEOS1_St17integral_constantIbLb1EE
FNDA:0,_ZNSt12_Vector_baseISt6vectorIiSaIiEESaIS2_EE12_Vector_implD1Ev
FNDA:0,_ZNSt12_Vector_baseIiSaIiEE12_Vector_implD1Ev
FNDA:0,_ZNSt12_Vector_baseISt6vectorIiSaIiEESaIS2_EE12_Vector_implC1Ev
FNDA:0,_ZNSt12_Vector_baseIiSaIiEE12_Vector_implC1Ev
FNDA:0,_ZNSt12_Vector_baseIiSaIiEE12_Vector_implC1ERKS0_
FNDA:0,_ZNSt12_Vector_baseIiSaIiEE12_Vector_implC1EOS0_
FNDA:0,_ZNSt12_Vector_baseIiSaIiEE12_Vector_impl12_M_swap_dataERS2_
FNDA:0,_ZNSt12_Vector_baseISt6vectorIiSaIiEESaIS2_EE19_M_get_Tp_allocatorEv
FNDA:0,_ZNSt12_Vector_baseIiSaIiEE19_M_get_Tp_allocatorEv
FNDA:0,_ZNKSt12_Vector_baseISt6vectorIiSaIiEESaIS2_EE19_M_get_Tp_allocatorEv
FNDA:0,_ZNKSt12_Vector_baseIiSaIiEE19_M_get_Tp_allocatorEv
FNDA:28,_ZNKSt12_Vector_baseIiSaIiEE13get_allocatorEv
FNDA:0,_ZNSt12_Vector_baseISt6vectorIiSaIiEESaIS2_EEC2Ev
FNDA:0,_ZNSt12_Vector_baseIiSaIiEEC2Ev
FNDA:232,_ZNSt12_Vector_baseIiSaIiEEC2ERKS0_
FNDA:0,_ZNSt12_Vector_baseIiSaIiEEC2EjRKS0_
FNDA:0,_ZNSt12_Vector_baseIiSaIiEEC2EOS1_
FNDA:0,_ZNSt12_Vector_baseISt6vectorIiSaIiEESaIS2_EED2Ev
FNDA:0,_ZNSt12_Vector_baseIiSaIiEED2Ev
FNDA:0,_ZNSt12_Vector_baseISt6vectorIiSaIiEESaIS2_EE11_M_allocateEj
FNDA:0,_ZNSt12_Vector_baseIiSaIiEE11_M_allocateEj
FNDA:0,_ZNSt12_Vector_baseISt6vectorIiSaIiEESaIS2_EE13_M_deallocateEPS2_j
FNDA:0,_ZNSt12_Vector_baseIiSaIiEE13_M_deallocateEPij
FNDA:0,_ZNSt12_Vector_baseIiSaIiEE17_M_create_storageEj
FNDA:0,_ZNSt6vectorIS_IiSaIiEESaIS1_EEC1Ev
FNDA:0,_ZNSt6vectorIiSaIiEEC1Ev
FNDA:28,_ZNSt6vectorIiSaIiEEC1ERKS0_
FNDA:0,_ZNSt6vectorIiSaIiEEC1ERKS1_
FNDA:0,_ZNSt6vectorIiSaIiEEC1EOS1_
FNDA:28,_ZNSt6vectorIiSaIiEEC1IN9__gnu_cxx17__normal_iteratorIPiS1_EEvEET_S7_RKS0_
FNDA:0,_ZNSt6vectorIS_IiSaIiEESaIS1_EED1Ev
FNDA:0,_ZNSt6vectorIiSaIiEED1Ev
FNDA:28,_ZNSt6vectorIiSaIiEEaSEOS1_
FNDA:56,_ZNSt6vectorIiSaIiEE5beginEv
FNDA:0,_ZNKSt6vectorIiSaIiEE5beginEv
FNDA:0,_ZNSt6vectorIiSaIiEE3endEv
FNDA:0,_ZNKSt6vectorIiSaIiEE3endEv
FNDA:0,_ZNKSt6vectorIS_IiSaIiEESaIS1_EE4sizeEv
FNDA:162,_ZNKSt6vectorINSt7__cxx1112basic_stringIcSt11char_traitsIcESaIcEEESaIS5_EE4sizeEv
FNDA:0,_ZNKSt6vectorIiSaIiEE4sizeEv
FNDA:0,_ZNKSt6vectorIS_IiSaIiEESaIS1_EE8max_sizeEv
FNDA:0,_ZNKSt6vectorIiSaIiEE8max_sizeEv
FNDA:16,_ZNSt6vectorINSt7__cxx1112basic_stringIcSt11char_traitsIcESaIcEEESaIS5_EEixEj
FNDA:0,_ZNSt6vectorIiSaIiEEixEj
FNDA:0,_ZNSt6vectorIS_IiSaIiEESaIS1_EE9push_backERKS1_
FNDA:0,_ZNSt6vectorIiSaIiEE9push_backERKi
FNDA:16,_ZNSt6vectorIS_IiSaIiEESaIS1_EE9push_backEOS1_
FNDA:28,_ZNSt6vectorIiSaIiEE22_M_initialize_dispatchIN9__gnu_cxx17__normal_iteratorIPiS1_EEEEvT_S7_St12__false_type
FNDA:28,_ZNSt6vectorIiSaIiEE19_M_range_initializeIN9__gnu_cxx17__normal_iteratorIPiS1_EEEEvT_S7_St20forward_iterator_tag
FNDA:0,_ZNKSt6vectorIS_IiSaIiEESaIS1_EE12_M_check_lenEjPKc
FNDA:0,_ZNKSt6vectorIiSaIiEE12_M_check_lenEjPKc
FNDA:28,_ZNSt6vectorIiSaIiEE14_M_move_assignEOS1_St17integral_constantIbLb1EE
FNF:52
FNH:12
DA:79,0
DA:86,0
DA:87,0
DA:88,0
DA:90,0
DA:91,0
DA:92,0
DA:95,0
DA:96,0
DA:97,0
DA:98,0
DA:101,0
DA:103,0
DA:104,0
DA:105,0
DA:106,0
DA:113,0
DA:114,0
DA:117,0
DA:118,0
DA:121,28
DA:122,28
DA:124,0
DA:125,0
DA:127,232
DA:128,232
DA:134,0
DA:135,0
DA:136,0
DA:142,0
DA:143,0
DA:144,0
DA:159,0
DA:160,0
DA:161,0
DA:167,0
DA:170,0
DA:174,0
DA:177,0
DA:178,0
DA:179,0
DA:183,0
DA:185,0
DA:186,0
DA:187,0
DA:188,0
DA:255,0
DA:259,0
DA:266,28
DA:267,28
DA:320,0
DA:322,0
DA:323,0
DA:324,0
DA:326,0
DA:327,0
DA:337,0
DA:338,0
DA:403,28
DA:405,28
DA:406,28
DA:425,0
DA:426,0
DA:427,0
DA:450,28
DA:454,28
DA:455,28
DA:456,28
DA:548,56
DA:549,56
DA:557,0
DA:558,0
DA:566,0
DA:567,0
DA:575,0
DA:576,0
DA:655,162
DA:656,162
DA:660,0
DA:661,0
DA:780,16
DA:781,16
DA:914,0
DA:916,0
DA:918,0
DA:920,0
DA:924,0
DA:928,0
DA:932,16
DA:933,16
DA:1256,28
DA:1261,28
DA:1262,28
DA:1281,28
DA:1284,28
DA:1285,28
DA:1286,28
DA:1287,28
DA:1288,28
DA:1290,28
DA:1291,28
DA:1420,0
DA:1422,0
DA:1423,0
DA:1425,0
DA:1426,0
DA:1452,28
DA:1454,56
DA:1455,28
DA:1456,28
DA:1457,28
DA:1458,28
LF:112
LH:38
end_of_record
SF:/c/mingw/lib/gcc/mingw32/6.3.0/include/c++/bits/vector.tcc
FN:91,_ZNSt6vectorIS_IiSaIiEESaIS1_EE12emplace_backIJS1_EEEvDpOT_
FN:407,_ZNSt6vectorIS_IiSaIiEESaIS1_EE19_M_emplace_back_auxIJS1_EEEvDpOT_
FN:407,_ZNSt6vectorIS_IiSaIiEESaIS1_EE19_M_emplace_back_auxIJRKS1_EEEvDpOT_
FN:407,_ZNSt6vectorIiSaIiEE19_M_emplace_back_auxIJRKiEEEvDpOT_
FNDA:16,_ZNSt6vectorIS_IiSaIiEESaIS1_EE12emplace_backIJS1_EEEvDpOT_
FNDA:12,_ZNSt6vectorIS_IiSaIiEESaIS1_EE19_M_emplace_back_auxIJS1_EEEvDpOT_
FNDA:0,_ZNSt6vectorIS_IiSaIiEESaIS1_EE19_M_emplace_back_auxIJRKS1_EEEvDpOT_
FNDA:0,_ZNSt6vectorIiSaIiEE19_M_emplace_back_auxIJRKiEEEvDpOT_
FNF:4
FNH:2
DA:91,16
DA:94,16
DA:96,4
DA:98,4
DA:101,12
DA:102,16
DA:407,12
DA:411,12
DA:412,12
DA:413,12
DA:416,12
DA:418,12
DA:420,12
DA:422,12
DA:423,12
DA:425,12
DA:427,0
DA:429,0
DA:430,0
DA:432,0
DA:433,0
DA:434,0
DA:436,12
DA:437,12
DA:438,12
DA:439,12
DA:440,12
DA:441,12
DA:442,12
DA:443,12
DA:444,12
LF:31
LH:25
end_of_record
SF:/c/mingw/lib/gcc/mingw32/6.3.0/include/c++/cmath
FN:486,_ZSt4sqrtf
FNDA:1440080,_ZSt4sqrtf
FNF:1
FNH:1
DA:486,1440080
DA:487,1440080
LF:2
LH:2
end_of_record
SF:/c/mingw/lib/gcc/mingw32/6.3.0/include/c++/ext/alloc_traits.h
FN:94,_ZN9__gnu_cxx14__alloc_traitsISaIiEE17_S_select_on_copyERKS1_
FNDA:0,_ZN9__gnu_cxx14__alloc_traitsISaIiEE17_S_select_on_copyERKS1_
FNF:1
FNH:0
DA:94,0
DA:95,0
LF:2
LH:0
end_of_record
SF:/c/mingw/lib/gcc/mingw32/6.3.0/include/c++/ext/new_allocator.h
FN:79,_ZN9__gnu_cxx13new_allocatorIiEC2Ev
FN:79,_ZN9__gnu_cxx13new_allocatorISt6vectorIiSaIiEEEC2Ev
FN:81,_ZN9__gnu_cxx13new_allocatorIiEC2ERKS1_
FN:86,_ZN9__gnu_cxx13new_allocatorISt6vectorIiSaIiEEED2Ev
FN:86,_ZN9__gnu_cxx13new_allocatorIiED2Ev
FN:99,_ZN9__gnu_cxx13new_allocatorIiE8allocateEjPKv
FN:99,_ZN9__gnu_cxx13new_allocatorISt6vectorIiSaIiEEE8allocateEjPKv
FN:109,_ZN9__gnu_cxx13new_allocatorIiE10deallocateEPij
FN:109,_ZN9__gnu_cxx13new_allocatorISt6vectorIiSaIiEEE10deallocateEPS3_j
FN:113,_ZNK9__gnu_cxx13new_allocatorIiE8max_sizeEv
FN:113,_ZNK9__gnu_cxx13new_allocatorISt6vectorIiSaIiEEE8max_sizeEv
FN:119,_ZN9__gnu_cxx13new_allocatorIiE9constructIiJRKiEEEvPT_DpOT0_
FN:119,_ZN9__gnu_cxx13new_allocatorISt6vectorIiSaIiEEE9constructIS3_JRKS3_EEEvPT_DpOT0_
FN:119,_ZN9__gnu_cxx13new_allocatorISt6vectorIiSaIiEEE9constructIS3_JS3_EEEvPT_DpOT0_
FN:124,_ZN9__gnu_cxx13new_allocatorIiE7destroyIiEEvPT_
FN:124,_ZN9__gnu_cxx13new_allocatorISt6vectorIiSaIiEEE7destroyIS3_EEvPT_
FNDA:0,_ZN9__gnu_cxx13new_allocatorISt6vectorIiSaIiEEEC2Ev
FNDA:0,_ZN9__gnu_cxx13new_allocatorIiEC2Ev
FNDA:0,_ZN9__gnu_cxx13new_allocatorIiEC2ERKS1_
FNDA:0,_ZN9__gnu_cxx13new_allocatorISt6vectorIiSaIiEEED2Ev
FNDA:0,_ZN9__gnu_cxx13new_allocatorIiED2Ev
FNDA:0,_ZN9__gnu_cxx13new_allocatorISt6vectorIiSaIiEEE8allocateEjPKv
FNDA:0,_ZN9__gnu_cxx13new_allocatorIiE8allocateEjPKv
FNDA:0,_ZN9__gnu_cxx13new_allocatorISt6vectorIiSaIiEEE10deallocateEPS3_j
FNDA:0,_ZN9__gnu_cxx13new_allocatorIiE10deallocateEPij
FNDA:0,_ZNK9__gnu_cxx13new_allocatorISt6vectorIiSaIiEEE8max_sizeEv
FNDA:0,_ZNK9__gnu_cxx13new_allocatorIiE8max_sizeEv
FNDA:16,_ZN9__gnu_cxx13new_allocatorISt6vectorIiSaIiEEE9constructIS3_JS3_EEEvPT_DpOT0_
FNDA:0,_ZN9__gnu_cxx13new_allocatorISt6vectorIiSaIiEEE9constructIS3_JRKS3_EEEvPT_DpOT0_
FNDA:0,_ZN9__gnu_cxx13new_allocatorIiE9constructIiJRKiEEEvPT_DpOT0_
FNDA:0,_ZN9__gnu_cxx13new_allocatorISt6vectorIiSaIiEEE7destroyIS3_EEvPT_
FNDA:0,_ZN9__gnu_cxx13new_allocatorIiE7destroyIiEEvPT_
FNF:16
FNH:1
DA:79,0
DA:81,0
DA:86,0
DA:99,0
DA:101,0
DA:102,0
DA:104,0
DA:109,0
DA:110,0
DA:113,0
DA:114,0
DA:119,16
DA:120,16
DA:124,0
LF:14
LH:2
end_of_record
SF:/c/mingw/lib/gcc/mingw32/6.3.0/include/c++/iostream
FN:74,__tcf_0
FNDA:6,__tcf_0
FNF:1
FNH:1
DA:74,12
LF:1
LH:1
end_of_record
SF:/c/mingw/lib/gcc/mingw32/6.3.0/include/c++/new
FN:146,_ZnwjPv
FN:152,_ZdlPvS_
FNDA:0,_ZnwjPv
FNDA:0,_ZdlPvS_
FNF:2
FNH:0
DA:146,0
DA:147,0
DA:152,0
LF:3
LH:0
end_of_record
TN:
SF:/c/Users/Usuario/Documents/programacion/final/lib/googletest-master/googletest/include/gtest/gtest.h
FN:2236,_Z13RUN_ALL_TESTSv
FNDA:6,_Z13RUN_ALL_TESTSv
FNF:1
FNH:1
DA:2236,6
DA:2237,6
LF:2
LH:2
end_of_record
SF:/c/Users/Usuario/Documents/programacion/final/main.cpp
FN:7,main
FN:11,_GLOBAL__sub_I_main
FN:11,_Z41__static_initialization_and_destruction_0ii
FNDA:6,main
FNDA:6,_GLOBAL__sub_I_main
FNDA:6,_Z41__static_initialization_and_destruction_0ii
FNF:3
FNH:3
DA:7,6
DA:8,6
DA:9,6
DA:10,6
DA:11,18
LF:5
LH:5
end_of_record
SF:/c/mingw/lib/gcc/mingw32/6.3.0/include/c++/iostream
FN:74,__tcf_0
FNDA:6,__tcf_0
FNF:1
FNH:1
DA:74,12
LF:1
LH:1
end_of_record
TN:
SF:/c/Users/Usuario/Documents/programacion/final/solucion.cpp
FN:5,_Z15grabacionValidaSt6vectorIiSaIiEEii
FN:16,_Z7enRangoSt6vectorIiSaIiEEi
FN:29,_Z11micFuncionaSt6vectorIiSaIiEEi
FN:46,_Z6subseqSt6vectorIiSaIiEEii
FN:53,_Z13sonTodosCerosSt6vectorIiSaIiEE
FN:62,_Z12elAcaparadorSt6vectorIS_IiSaIiEESaIS1_EEii
FN:70,_Z7acaparaSt6vectorIS_IiSaIiEESaIS1_EEiii
FN:82,_Z15intensidadMediaSt6vectorIiSaIiEE
FN:93,_Z10ardillizarSt6vectorIS_IiSaIiEESaIS1_EEii
FN:104,_Z15ardillizarAudioSt6vectorIiSaIiEE
FN:116,_Z15flashElPerezosoSt6vectorIS_IiSaIiEESaIS1_EEii
FN:136,_Z14vecInterpoladoSt6vectorIiSaIiEE
FN:146,_Z9silenciosRSt6vectorIiSaIiEEiii
FN:172,_Z10esSilencioRSt6vectorIiSaIiEESt5tupleIJffEEiiii
FN:182,_Z14indiceEnTiempofi
FN:187,_Z14noSuperaUmbralRSt6vectorIiSaIiEEiii
FN:195,_Z18noHaySilencioMayorRSt6vectorIiSaIiEEiii
FN:212,_Z11hayQuilomboSt6vectorIS_IiSaIiEESaIS1_EEiii
FN:228,_Z10seRespetanSt6vectorIS_IiSaIiEESaIS1_EEiiiii
FN:241,_Z24haySilencioQueLoContieneSt6vectorIiSaIiEEiiii
FN:263,_Z22cargarIntervaloDeHablaNSt7__cxx1112basic_stringIcSt11char_traitsIcESaIcEEE
FN:280,_Z10enmascararfSt6vectorISt5tupleIJffEESaIS1_EE
FN:297,_Z16tiempoEnPosicioni
FN:301,_Z14negacionLogicaRSt6vectorIbSaIbEE
FN:308,_Z19enmascararSilenciosRSt6vectorIiSaIiEEi
FN:315,_Z19verdaderosPositivosRSt6vectorIbSaIbEES2_
FN:326,_Z19verdaderosNegativosRSt6vectorIbSaIbEES2_
FN:337,_Z15falsosPositivosRSt6vectorIbSaIbEES2_
FN:348,_Z15falsosNegativosRSt6vectorIbSaIbEES2_
FN:360,_Z17compararSilenciosRSt6vectorIiSaIiEEiiii
FN:394,_Z14resultadoFinalRSt6vectorIS_IiSaIiEESaIS1_EEiii
FN:405,_Z11sacarPausasSt6vectorIiSaIiEEiii
FN:433,_Z18encontrarAparicionSt6vectorIiSaIiEES1_
FN:438,_Z19comienzoCorrelacionSt6vectorIiSaIiEES1_
FN:454,_Z16medirLaDistanciaSt6vectorIS_IiSaIiEESaIS1_EES1_ii
FN:476,_Z21intensidadCorrelacionSt6vectorIiSaIiEES1_
FN:492,_Z11distanciaAPSt6vectorIS_IiSaIiEESaIS1_EEiiiS1_
FN:497,_GLOBAL__sub_I__Z15grabacionValidaSt6vectorIiSaIiEEii
FN:497,_Z41__static_initialization_and_destruction_0ii
FNDA:4,_Z15grabacionValidaSt6vectorIiSaIiEEii
FNDA:4,_Z7enRangoSt6vectorIiSaIiEEi
FNDA:3,_Z11micFuncionaSt6vectorIiSaIiEEi
FNDA:180427,_Z6subseqSt6vectorIiSaIiEEii
FNDA:19,_Z13sonTodosCerosSt6vectorIiSaIiEE
FNDA:1,_Z12elAcaparadorSt6vectorIS_IiSaIiEESaIS1_EEii
FNDA:4,_Z7acaparaSt6vectorIS_IiSaIiEESaIS1_EEiii
FNDA:32,_Z15intensidadMediaSt6vectorIiSaIiEE
FNDA:2,_Z10ardillizarSt6vectorIS_IiSaIiEESaIS1_EEii
FNDA:4,_Z15ardillizarAudioSt6vectorIiSaIiEE
FNDA:1,_Z15flashElPerezosoSt6vectorIS_IiSaIiEESaIS1_EEii
FNDA:28,_Z14vecInterpoladoSt6vectorIiSaIiEE
FNDA:213,_Z9silenciosRSt6vectorIiSaIiEEiii
FNDA:22,_Z10esSilencioRSt6vectorIiSaIiEESt5tupleIJffEEiiii
FNDA:706087,_Z14indiceEnTiempofi
FNDA:37698674,_Z14noSuperaUmbralRSt6vectorIiSaIiEEiii
FNDA:37002942,_Z18noHaySilencioMayorRSt6vectorIiSaIiEEiii
FNDA:6,_Z11hayQuilomboSt6vectorIS_IiSaIiEESaIS1_EEiii
FNDA:20,_Z10seRespetanSt6vectorIS_IiSaIiEESaIS1_EEiiiii
FNDA:211,_Z24haySilencioQueLoContieneSt6vectorIiSaIiEEiiii
FNDA:2,_Z22cargarIntervaloDeHablaNSt7__cxx1112basic_stringIcSt11char_traitsIcESaIcEEE
FNDA:3,_Z10enmascararfSt6vectorISt5tupleIJffEESaIS1_EE
FNDA:1020098,_Z16tiempoEnPosicioni
FNDA:2,_Z14negacionLogicaRSt6vectorIbSaIbEE
FNDA:1,_Z19enmascararSilenciosRSt6vectorIiSaIiEEi
FNDA:1,_Z19verdaderosPositivosRSt6vectorIbSaIbEES2_
FNDA:1,_Z19verdaderosNegativosRSt6vectorIbSaIbEES2_
FNDA:1,_Z15falsosPositivosRSt6vectorIbSaIbEES2_
FNDA:1,_Z15falsosNegativosRSt6vectorIbSaIbEES2_
FNDA:1,_Z17compararSilenciosRSt6vectorIiSaIiEEiiii
FNDA:0,_Z14resultadoFinalRSt6vectorIS_IiSaIiEESaIS1_EEiii
FNDA:1,_Z11sacarPausasSt6vectorIiSaIiEEiii
FNDA:2,_Z18encontrarAparicionSt6vectorIiSaIiEES1_
FNDA:8,_Z19comienzoCorrelacionSt6vectorIiSaIiEES1_
FNDA:1,_Z16medirLaDistanciaSt6vectorIS_IiSaIiEESaIS1_EES1_ii
FNDA:8,_Z21intensidadCorrelacionSt6vectorIiSaIiEES1_
FNDA:3,_Z11distanciaAPSt6vectorIS_IiSaIiEESaIS1_EEiiiS1_
FNDA:1,_GLOBAL__sub_I__Z15grabacionValidaSt6vectorIiSaIiEEii
FNDA:1,_Z41__static_initialization_and_destruction_0ii
FNF:39
FNH:38
DA:5,4
DA:6,4
DA:7,4
DA:8,4
DA:9,4
DA:10,4
DA:11,4
DA:12,2
DA:13,4
DA:16,4
DA:17,4
DA:18,4
DA:19,4
DA:20,4
DA:21,78
DA:22,37
DA:23,1
DA:24,37
DA:26,4
DA:29,3
DA:30,3
DA:31,3
DA:32,65
DA:33,31
DA:34,849
DA:35,818
DA:36,409
DA:37,409
DA:38,3
DA:39,409
DA:41,31
DA:43,3
DA:46,180427
DA:47,180427
DA:48,2628298317
DA:49,2628117890
DA:50,180427
DA:53,19
DA:54,19
DA:55,255
DA:56,236
DA:57,220
DA:58,19
DA:62,1
DA:63,1
DA:64,5
DA:65,4
DA:66,1
DA:67,1
DA:70,4
DA:71,4
DA:72,4
DA:73,36
DA:74,16
DA:75,6
DA:76,16
DA:78,4
DA:82,32
DA:83,32
DA:84,32
DA:85,233920
DA:86,116944
DA:87,116944
DA:89,32
DA:93,2
DA:94,2
DA:95,2
DA:96,10
DA:97,8
DA:98,4
DA:99,4
DA:101,2
DA:104,4
DA:105,4
DA:106,4
DA:107,104
DA:108,50
DA:109,26
DA:110,50
DA:112,4
DA:116,1
DA:117,1
DA:118,1
DA:119,1
DA:121,1
DA:122,9
DA:123,4
DA:124,4
DA:125,52
DA:126,24
DA:127,24
DA:128,24
DA:129,24
DA:131,4
DA:133,1
DA:136,28
DA:137,28
DA:138,168
DA:139,140
DA:140,140
DA:142,28
DA:146,213
DA:147,213
DA:148,213
DA:149,1766687
DA:150,883237
DA:152,706021
DA:153,74711889
DA:154,37002934
DA:155,221
DA:156,221
DA:157,221
DA:158,221
DA:159,221
DA:160,221
DA:162,37002934
DA:163,37002934
DA:164,387
DA:167,883237
DA:169,213
DA:172,22
DA:173,22
DA:174,22
DA:175,22
DA:176,22
DA:177,22
DA:178,2
DA:179,22
DA:182,706087
DA:183,706087
DA:184,706087
DA:187,37698674
DA:188,37698674
DA:189,170489283802
DA:190,170451585128
DA:191,155675671
DA:192,37698674
DA:195,37002942
DA:196,37002942
DA:197,37002942
DA:198,37002710
DA:199,36994155
DA:201,8555
DA:204,232
DA:205,196
DA:208,37002942
DA:212,6
DA:213,6
DA:214,6
DA:215,6
DA:216,34
DA:217,14
DA:218,82
DA:219,34
DA:220,10
DA:221,34
DA:223,14
DA:225,6
DA:228,20
DA:229,20
DA:230,40
DA:231,40
DA:232,20
DA:233,288
DA:234,134
DA:235,134
DA:236,134
DA:238,40
DA:241,211
DA:242,211
DA:243,211
DA:244,211
DA:245,422
DA:246,211
DA:247,563
DA:248,176
DA:249,176
DA:250,176
DA:251,176
DA:252,94
DA:253,176
DA:255,422
DA:263,2
DA:264,2
DA:265,4
DA:266,2
DA:267,50
DA:270,24
DA:271,24
DA:272,24
DA:273,24
DA:274,24
DA:276,2
DA:277,4
DA:280,3
DA:281,3
DA:282,3
DA:283,48033
DA:284,24015
DA:285,1344105
DA:286,660045
DA:287,660045
DA:288,660045
DA:289,3500
DA:290,660045
DA:292,24015
DA:294,3
DA:297,1020098
DA:298,1020098
DA:301,2
DA:302,12017
DA:303,12015
DA:304,12015
DA:306,2
DA:308,1
DA:309,2
DA:310,1
DA:311,1
DA:312,2
DA:315,1
DA:318,1
DA:319,12001
DA:320,12000
DA:321,9758
DA:322,1075
DA:324,1
DA:326,1
DA:329,1
DA:330,12001
DA:331,12000
DA:332,2242
DA:333,2065
DA:335,1
DA:337,1
DA:340,1
DA:341,12001
DA:342,12000
DA:343,2242
DA:344,177
DA:346,1
DA:348,1
DA:351,1
DA:352,12001
DA:353,12000
DA:354,9758
DA:355,8683
DA:357,1
DA:360,1
DA:362,2
DA:366,2
DA:367,1
DA:368,1
DA:369,1
DA:370,1
DA:371,1
DA:372,1
DA:373,1
DA:374,2
DA:375,2
DA:377,1
DA:380,1
DA:381,1
DA:382,1
DA:383,1
DA:384,1
DA:385,1
DA:388,1
DA:389,2
DA:394,0
DA:395,0
DA:396,0
DA:397,0
DA:398,0
DA:400,0
DA:405,1
DA:406,1
DA:407,1
DA:408,2
DA:410,19
DA:411,9
DA:412,24
DA:413,22
DA:414,22
DA:415,22
DA:416,22
DA:417,2
DA:418,2
DA:422,7
DA:424,9
DA:430,2
DA:433,2
DA:434,2
DA:435,2
DA:438,8
DA:439,8
DA:440,8
DA:441,8
DA:442,42013
DA:443,42005
DA:444,930
DA:448,8
DA:454,1
DA:455,1
DA:456,1
DA:457,5
DA:458,4
DA:459,1
DA:462,1
DA:464,1
DA:465,9
DA:466,4
DA:467,3
DA:469,4
DA:472,1
DA:476,8
DA:477,8
DA:478,8
DA:479,8
DA:480,8
DA:481,48008
DA:482,48000
DA:483,970
DA:486,8
DA:488,8
DA:492,3
DA:493,3
DA:494,3
DA:496,3
DA:497,3
LF:329
LH:323
end_of_record
SF:/c/mingw/lib/gcc/mingw32/6.3.0/include/c++/bits/alloc_traits.h
FN:415,_ZNSt16allocator_traitsISaIiEE8allocateERS0_j
FN:415,_ZNSt16allocator_traitsISaIfEE8allocateERS0_j
FN:415,_ZNSt16allocator_traitsISaISt6vectorIiSaIiEEEE8allocateERS3_j
FN:415,_ZNSt16allocator_traitsISaISt5tupleIJffEEEE8allocateERS2_j
FN:415,_ZNSt16allocator_traitsISaImEE8allocateERS0_j
FN:441,_ZNSt16allocator_traitsISaImEE10deallocateERS0_Pmj
FN:441,_ZNSt16allocator_traitsISaISt5tupleIJiiEEEE10deallocateERS2_PS1_j
FN:441,_ZNSt16allocator_traitsISaISt5tupleIJffEEEE10deallocateERS2_PS1_j
FN:441,_ZNSt16allocator_traitsISaISt6vectorIiSaIiEEEE10deallocateERS3_PS2_j
FN:441,_ZNSt16allocator_traitsISaIiEE10deallocateERS0_Pij
FN:441,_ZNSt16allocator_traitsISaIfEE10deallocateERS0_Pfj
FN:454,_ZNSt16allocator_traitsISaISt6vectorIiSaIiEEEE9constructIS2_JRKS2_EEEvRS3_PT_DpOT0_
FN:454,_ZNSt16allocator_traitsISaISt5tupleIJffEEEE9constructIS1_JRKS1_EEEvRS2_PT_DpOT0_
FN:454,_ZNSt16allocator_traitsISaIfEE9constructIfJfEEEvRS0_PT_DpOT0_
FN:454,_ZNSt16allocator_traitsISaIiEE9constructIiJRKiEEEvRS0_PT_DpOT0_
FN:466,_ZNSt16allocator_traitsISaIiEE7destroyIiEEvRS0_PT_
FN:466,_ZNSt16allocator_traitsISaISt6vectorIiSaIiEEEE7destroyIS2_EEvRS3_PT_
FN:466,_ZNSt16allocator_traitsISaIfEE7destroyIfEEvRS0_PT_
FN:466,_ZNSt16allocator_traitsISaISt5tupleIJffEEEE7destroyIS1_EEvRS2_PT_
FN:475,_ZNSt16allocator_traitsISaIiEE8max_sizeERKS0_
FN:475,_ZNSt16allocator_traitsISaISt6vectorIiSaIiEEEE8max_sizeERKS3_
FN:475,_ZNSt16allocator_traitsISaISt5tupleIJffEEEE8max_sizeERKS2_
FN:475,_ZNSt16allocator_traitsISaIfEE8max_sizeERKS0_
FN:484,_ZNSt16allocator_traitsISaISt5tupleIJffEEEE37select_on_container_copy_constructionERKS2_
FN:484,_ZNSt16allocator_traitsISaISt6vectorIiSaIiEEEE37select_on_container_copy_constructionERKS3_
FN:484,_ZNSt16allocator_traitsISaIiEE37select_on_container_copy_constructionERKS0_
FNDA:4,_ZNSt16allocator_traitsISaIfEE8allocateERS0_j
FNDA:6,_ZNSt16allocator_traitsISaImEE8allocateERS0_j
FNDA:200,_ZNSt16allocator_traitsISaISt5tupleIJffEEEE8allocateERS2_j
FNDA:59,_ZNSt16allocator_traitsISaISt6vectorIiSaIiEEEE8allocateERS3_j
FNDA:3422155,_ZNSt16allocator_traitsISaIiEE8allocateERS0_j
FNDA:4,_ZNSt16allocator_traitsISaIfEE10deallocateERS0_Pfj
FNDA:0,_ZNSt16allocator_traitsISaISt5tupleIJiiEEEE10deallocateERS2_PS1_j
FNDA:6,_ZNSt16allocator_traitsISaImEE10deallocateERS0_Pmj
FNDA:200,_ZNSt16allocator_traitsISaISt5tupleIJffEEEE10deallocateERS2_PS1_j
FNDA:59,_ZNSt16allocator_traitsISaISt6vectorIiSaIiEEEE10deallocateERS3_PS2_j
FNDA:3422155,_ZNSt16allocator_traitsISaIiEE10deallocateERS0_Pij
FNDA:3,_ZNSt16allocator_traitsISaIfEE9constructIfJfEEEvRS0_PT_DpOT0_
FNDA:245,_ZNSt16allocator_traitsISaISt5tupleIJffEEEE9constructIS1_JRKS1_EEEvRS2_PT_DpOT0_
FNDA:4,_ZNSt16allocator_traitsISaISt6vectorIiSaIiEEEE9constructIS2_JRKS2_EEEvRS3_PT_DpOT0_
FNDA:2643478065,_ZNSt16allocator_traitsISaIiEE9constructIiJRKiEEEvRS0_PT_DpOT0_
FNDA:0,_ZNSt16allocator_traitsISaIfEE7destroyIfEEvRS0_PT_
FNDA:0,_ZNSt16allocator_traitsISaISt5tupleIJffEEEE7destroyIS1_EEvRS2_PT_
FNDA:0,_ZNSt16allocator_traitsISaISt6vectorIiSaIiEEEE7destroyIS2_EEvRS3_PT_
FNDA:0,_ZNSt16allocator_traitsISaIiEE7destroyIiEEvRS0_PT_
FNDA:6,_ZNSt16allocator_traitsISaIfEE8max_sizeERKS0_
FNDA:390,_ZNSt16allocator_traitsISaISt5tupleIJffEEEE8max_sizeERKS2_
FNDA:14,_ZNSt16allocator_traitsISaISt6vectorIiSaIiEEEE8max_sizeERKS3_
FNDA:5402222,_ZNSt16allocator_traitsISaIiEE8max_sizeERKS0_
FNDA:3,_ZNSt16allocator_traitsISaISt5tupleIJffEEEE37select_on_container_copy_constructionERKS2_
FNDA:38,_ZNSt16allocator_traitsISaISt6vectorIiSaIiEEEE37select_on_container_copy_constructionERKS3_
FNDA:720993,_ZNSt16allocator_traitsISaIiEE37select_on_container_copy_constructionERKS0_
FNF:26
FNH:21
DA:415,3422424
DA:416,3422424
DA:441,3422424
DA:442,3422424
DA:454,2643478317
DA:455,2643478317
DA:466,0
DA:467,0
DA:475,5402632
DA:476,5402632
DA:484,721034
DA:485,721034
LF:12
LH:10
end_of_record
SF:/c/mingw/lib/gcc/mingw32/6.3.0/include/c++/bits/allocator.h
FN:131,_ZNSaISt5tupleIJiiEEEC2Ev
FN:131,_ZNSaISt5tupleIJffEEEC2Ev
FN:131,_ZNSaISt6vectorIiSaIiEEEC1Ev
FN:131,_ZNSaIiEC1Ev
FN:131,_ZNSaIbEC1Ev
FN:131,_ZNSaISt6vectorIiSaIiEEEC2Ev
FN:131,_ZNSaIfEC2Ev
FN:131,_ZNSaIiEC2Ev
FN:133,_ZNSaISt6vectorIiSaIiEEEC2ERKS2_
FN:133,_ZNSaIiEC2ERKS_
FN:133,_ZNSaISt5tupleIJffEEEC1ERKS1_
FN:133,_ZNSaISt5tupleIJffEEEC2ERKS1_
FN:133,_ZNSaIiEC1ERKS_
FN:133,_ZNSaISt6vectorIiSaIiEEEC1ERKS2_
FN:133,_ZNSaImEC2ERKS_
FN:137,_ZNSaImEC1IbEERKSaIT_E
FN:139,_ZNSaImED1Ev
FN:139,_ZNSaISt6vectorIiSaIiEEED1Ev
FN:139,_ZNSaISt6vectorIiSaIiEEED2Ev
FN:139,_ZNSaImED2Ev
FN:139,_ZNSaIiED2Ev
FN:139,_ZNSaISt5tupleIJffEEED1Ev
FN:139,_ZNSaISt5tupleIJiiEEED2Ev
FN:139,_ZNSaIfED2Ev
FN:139,_ZNSaIbED1Ev
FN:139,_ZNSaISt5tupleIJffEEED2Ev
FN:139,_ZNSaIiED1Ev
FNDA:2,_ZNSaIfEC2Ev
FNDA:1,_ZNSaISt5tupleIJiiEEEC2Ev
FNDA:215,_ZNSaISt5tupleIJffEEEC2Ev
FNDA:6,_ZNSaIbEC1Ev
FNDA:14,_ZNSaISt6vectorIiSaIiEEEC1Ev
FNDA:3,_ZNSaISt6vectorIiSaIiEEEC2Ev
FNDA:51,_ZNSaIiEC1Ev
FNDA:180489,_ZNSaIiEC2Ev
FNDA:6,_ZNSaImEC2ERKS_
FNDA:3,_ZNSaISt5tupleIJffEEEC1ERKS1_
FNDA:5,_ZNSaISt5tupleIJffEEEC2ERKS1_
FNDA:38,_ZNSaISt6vectorIiSaIiEEEC1ERKS2_
FNDA:52,_ZNSaISt6vectorIiSaIiEEEC2ERKS2_
FNDA:721000,_ZNSaIiEC1ERKS_
FNDA:721060,_ZNSaIiEC2ERKS_
FNDA:6,_ZNSaImEC1IbEERKSaIT_E
FNDA:2,_ZNSaIfED2Ev
FNDA:1,_ZNSaISt5tupleIJiiEEED2Ev
FNDA:6,_ZNSaImED1Ev
FNDA:6,_ZNSaImED2Ev
FNDA:5,_ZNSaISt5tupleIJffEEED1Ev
FNDA:220,_ZNSaISt5tupleIJffEEED2Ev
FNDA:6,_ZNSaIbED1Ev
FNDA:52,_ZNSaISt6vectorIiSaIiEEED1Ev
FNDA:55,_ZNSaISt6vectorIiSaIiEEED2Ev
FNDA:721051,_ZNSaIiED1Ev
FNDA:901549,_ZNSaIiED2Ev
FNF:27
FNH:27
DA:131,180781
DA:133,1442164
DA:134,1442164
DA:137,6
DA:139,1622953
LF:5
LH:5
end_of_record
SF:/c/mingw/lib/gcc/mingw32/6.3.0/include/c++/bits/cpp_type_traits.h
FN:408,_ZSt12__miter_baseIN9__gnu_cxx17__normal_iteratorIPKiSt6vectorIiSaIiEEEEET_S8_
FN:408,_ZSt12__miter_baseIPfET_S1_
FN:408,_ZSt12__miter_baseIPiET_S1_
FNDA:6,_ZSt12__miter_baseIPfET_S1_
FNDA:5402222,_ZSt12__miter_baseIPiET_S1_
FNDA:1441986,_ZSt12__miter_baseIN9__gnu_cxx17__normal_iteratorIPKiSt6vectorIiSaIiEEEEET_S8_
FNF:3
FNH:3
DA:408,6844214
DA:409,6844214
LF:2
LH:2
end_of_record
SF:/c/mingw/lib/gcc/mingw32/6.3.0/include/c++/bits/move.h
FN:47,_ZSt11__addressofImEPT_RS0_
FN:47,_ZSt11__addressofISt6vectorIiSaIiEEEPT_RS3_
FN:47,_ZSt11__addressofISt5tupleIJffEEEPT_RS2_
FN:76,_ZSt7forwardIfEOT_RNSt16remove_referenceIS0_E4typeE
FN:76,_ZSt7forwardIRKiEOT_RNSt16remove_referenceIS2_E4typeE
FN:76,_ZSt7forwardIRKSt5tupleIJffEEEOT_RNSt16remove_referenceIS4_E4typeE
FN:76,_ZSt7forwardISt5tupleIJffEEEOT_RNSt16remove_referenceIS2_E4typeE
FN:76,_ZSt7forwardIRKSt6vectorIiSaIiEEEOT_RNSt16remove_referenceIS5_E4typeE
FN:76,_ZSt7forwardISt6vectorIiSaIiEEEOT_RNSt16remove_referenceIS3_E4typeE
FN:101,_ZSt4moveIRSt6vectorIiSaIiEEEONSt16remove_referenceIT_E4typeEOS5_
FN:101,_ZSt4moveIRPiEONSt16remove_referenceIT_E4typeEOS3_
FN:101,_ZSt4moveIRSt11_Tuple_implILj1EJfEEEONSt16remove_referenceIT_E4typeEOS4_
FN:101,_ZSt4moveIRSaIiEEONSt16remove_referenceIT_E4typeEOS3_
FN:101,_ZSt4moveIRfEONSt16remove_referenceIT_E4typeEOS2_
FN:101,_ZSt4moveIRSaImEEONSt16remove_referenceIT_E4typeEOS3_
FN:179,_ZSt4swapIPiENSt9enable_ifIXsrSt6__and_IJSt21is_move_constructibleIT_ESt18is_move_assignableIS4_EEE5valueEvE4typeERS4_SB_
FNDA:226,_ZSt11__addressofISt5tupleIJffEEEPT_RS2_
FNDA:314,_ZSt11__addressofISt6vectorIiSaIiEEEPT_RS3_
FNDA:15,_ZSt11__addressofImEPT_RS0_
FNDA:163,_ZSt7forwardISt5tupleIJffEEEOT_RNSt16remove_referenceIS2_E4typeE
FNDA:20,_ZSt7forwardISt6vectorIiSaIiEEEOT_RNSt16remove_referenceIS3_E4typeE
FNDA:664,_ZSt7forwardIfEOT_RNSt16remove_referenceIS0_E4typeE
FNDA:748,_ZSt7forwardIRKSt5tupleIJffEEEOT_RNSt16remove_referenceIS4_E4typeE
FNDA:160,_ZSt7forwardIRKSt6vectorIiSaIiEEEOT_RNSt16remove_referenceIS5_E4typeE
FNDA:5289657216,_ZSt7forwardIRKiEOT_RNSt16remove_referenceIS2_E4typeE
FNDA:163,_ZSt4moveIRSt11_Tuple_implILj1EJfEEEONSt16remove_referenceIT_E4typeEOS4_
FNDA:207,_ZSt4moveIRPiEONSt16remove_referenceIT_E4typeEOS3_
FNDA:6,_ZSt4moveIRSaImEEONSt16remove_referenceIT_E4typeEOS3_
FNDA:25,_ZSt4moveIRSaIiEEONSt16remove_referenceIT_E4typeEOS3_
FNDA:3,_ZSt4moveIRfEONSt16remove_referenceIT_E4typeEOS2_
FNDA:20,_ZSt4moveIRSt6vectorIiSaIiEEEONSt16remove_referenceIT_E4typeEOS5_
FNDA:69,_ZSt4swapIPiENSt9enable_ifIXsrSt6__and_IJSt21is_move_constructibleIT_ESt18is_move_assignableIS4_EEE5valueEvE4typeERS4_SB_
FNF:16
FNH:16
DA:47,555
DA:50,555
DA:76,5289658971
DA:77,5289658971
DA:101,424
DA:102,424
DA:179,69
DA:190,69
DA:191,69
DA:192,69
DA:193,69
LF:11
LH:11
end_of_record
SF:/c/mingw/lib/gcc/mingw32/6.3.0/include/c++/bits/stl_algobase.h
FN:219,_ZSt3maxIjERKT_S2_S2_
FN:277,_ZSt12__niter_baseIPfET_S1_
FN:277,_ZSt12__niter_baseIPiET_S1_
FN:277,_ZSt12__niter_baseIPmET_S1_
FN:357,_ZNSt11__copy_moveILb0ELb1ESt26random_access_iterator_tagE8__copy_mIiEEPT_PKS3_S6_S4_
FN:357,_ZNSt11__copy_moveILb1ELb1ESt26random_access_iterator_tagE8__copy_mIiEEPT_PKS3_S6_S4_
FN:357,_ZNSt11__copy_moveILb1ELb1ESt26random_access_iterator_tagE8__copy_mIfEEPT_PKS3_S6_S4_
FN:375,_ZSt13__copy_move_aILb1EPfS0_ET1_T0_S2_S1_
FN:375,_ZSt13__copy_move_aILb1EPiS0_ET1_T0_S2_S1_
FN:375,_ZSt13__copy_move_aILb0EPKiPiET1_T0_S4_S3_
FN:420,_ZSt14__copy_move_a2ILb1EPfS0_ET1_T0_S2_S1_
FN:420,_ZSt14__copy_move_a2ILb0EN9__gnu_cxx17__normal_iteratorIPKiSt6vectorIiSaIiEEEEPiET1_T0_SA_S9_
FN:420,_ZSt14__copy_move_a2ILb1EPiS0_ET1_T0_S2_S1_
FN:446,_ZSt4copyISt13move_iteratorIPfES1_ET0_T_S4_S3_
FN:446,_ZSt4copyISt13move_iteratorIPiES1_ET0_T_S4_S3_
FN:446,_ZSt4copyIN9__gnu_cxx17__normal_iteratorIPKiSt6vectorIiSaIiEEEEPiET0_T_SA_S9_
FN:691,_ZSt8__fill_aIPmiEN9__gnu_cxx11__enable_ifIXsrSt11__is_scalarIT0_E7__valueEvE6__typeET_S8_RKS4_
FN:724,_ZSt4fillIPmiEvT_S1_RKT0_
FN:749,_ZSt10__fill_n_aIPijiEN9__gnu_cxx11__enable_ifIXsrSt11__is_scalarIT1_E7__valueET_E6__typeES6_T0_RKS4_
FN:784,_ZSt6fill_nIPijiET_S1_T0_RKT1_
FNDA:2701348,_ZSt3maxIjERKT_S2_S2_
FNDA:10,_ZSt12__niter_baseIPfET_S1_
FNDA:8824377,_ZSt12__niter_baseIPiET_S1_
FNDA:6,_ZSt12__niter_baseIPmET_S1_
FNDA:3,_ZNSt11__copy_moveILb1ELb1ESt26random_access_iterator_tagE8__copy_mIfEEPT_PKS3_S6_S4_
FNDA:2701111,_ZNSt11__copy_moveILb1ELb1ESt26random_access_iterator_tagE8__copy_mIiEEPT_PKS3_S6_S4_
FNDA:721043,_ZNSt11__copy_moveILb0ELb1ESt26random_access_iterator_tagE8__copy_mIiEEPT_PKS3_S6_S4_
FNDA:3,_ZSt13__copy_move_aILb1EPfS0_ET1_T0_S2_S1_
FNDA:2701111,_ZSt13__copy_move_aILb1EPiS0_ET1_T0_S2_S1_
FNDA:721036,_ZSt13__copy_move_aILb0EPKiPiET1_T0_S4_S3_
FNDA:3,_ZSt14__copy_move_a2ILb1EPfS0_ET1_T0_S2_S1_
FNDA:2701111,_ZSt14__copy_move_a2ILb1EPiS0_ET1_T0_S2_S1_
FNDA:720993,_ZSt14__copy_move_a2ILb0EN9__gnu_cxx17__normal_iteratorIPKiSt6vectorIiSaIiEEEEPiET1_T0_SA_S9_
FNDA:3,_ZSt4copyISt13move_iteratorIPfES1_ET0_T_S4_S3_
FNDA:2701111,_ZSt4copyISt13move_iteratorIPiES1_ET0_T_S4_S3_
FNDA:720993,_ZSt4copyIN9__gnu_cxx17__normal_iteratorIPKiSt6vectorIiSaIiEEEEPiET0_T_SA_S9_
FNDA:3,_ZSt8__fill_aIPmiEN9__gnu_cxx11__enable_ifIXsrSt11__is_scalarIT0_E7__valueEvE6__typeET_S8_RKS4_
FNDA:3,_ZSt4fillIPmiEvT_S1_RKT0_
FNDA:1,_ZSt10__fill_n_aIPijiEN9__gnu_cxx11__enable_ifIXsrSt11__is_scalarIT1_E7__valueET_E6__typeES6_T0_RKS4_
FNDA:1,_ZSt6fill_nIPijiET_S1_T0_RKT1_
FNF:20
FNH:20
DA:219,2701348
DA:224,2701348
DA:225,180416
DA:226,2520932
DA:277,8824393
DA:278,8824393
DA:357,3422157
DA:366,3422157
DA:367,3422157
DA:368,3241894
DA:369,3422157
DA:375,3422150
DA:383,3422150
DA:386,3422150
DA:420,3422107
DA:422,3422107
DA:424,3422107
DA:446,3422107
DA:455,3422107
DA:456,3422107
DA:691,3
DA:694,3
DA:695,1505
DA:696,751
DA:697,3
DA:724,3
DA:731,3
DA:733,3
DA:749,1
DA:751,1
DA:752,12
DA:753,12
DA:754,11
DA:755,1
DA:784,1
DA:789,1
LF:36
LH:36
end_of_record
SF:/c/mingw/lib/gcc/mingw32/6.3.0/include/c++/bits/stl_bvector.h
FN:75,_ZNSt14_Bit_referenceC1EPmm
FN:80,_ZNKSt14_Bit_referencecvbEv
FN:84,_ZNSt14_Bit_referenceaSEb
FN:142,_ZNSt18_Bit_iterator_baseC2EPmj
FN:166,_ZNSt18_Bit_iterator_base7_M_incrEi
FN:208,_ZStmiRKSt18_Bit_iterator_baseS1_
FN:220,_ZNSt13_Bit_iteratorC1Ev
FN:222,_ZNSt13_Bit_iteratorC1EPmj
FN:230,_ZNKSt13_Bit_iteratordeEv
FN:264,_ZNSt13_Bit_iteratorpLEi
FN:278,_ZNKSt13_Bit_iteratorplEi
FN:312,_ZNSt19_Bit_const_iteratorC1ERKSt13_Bit_iterator
FN:419,_ZNSt13_Bvector_baseISaIbEE13_Bvector_implD1Ev
FN:435,_ZNSt13_Bvector_baseISaIbEE13_Bvector_implC1EOSaImE
FN:442,_ZNKSt13_Bvector_baseISaIbEE13_Bvector_impl11_M_end_addrEv
FN:468,_ZNSt13_Bvector_baseISaIbEEC2ERKS0_
FN:484,_ZNSt13_Bvector_baseISaIbEED2Ev
FN:491,_ZNSt13_Bvector_baseISaIbEE11_M_allocateEj
FN:495,_ZNSt13_Bvector_baseISaIbEE13_M_deallocateEv
FN:507,_ZNSt13_Bvector_baseISaIbEE8_S_nwordEj
FN:591,_ZNSt6vectorIbSaIbEEC1EjRKbRKS0_
FN:677,_ZNSt6vectorIbSaIbEED1Ev
FN:783,_ZNKSt6vectorIbSaIbEE5beginEv
FN:791,_ZNKSt6vectorIbSaIbEE3endEv
FN:829,_ZNKSt6vectorIbSaIbEE4sizeEv
FN:854,_ZNSt6vectorIbSaIbEEixEj
FN:1079,_ZNSt6vectorIbSaIbEE13_M_initializeEj
FNDA:99651,_ZNSt14_Bit_referenceC1EPmm
FNDA:84091,_ZNKSt14_Bit_referencecvbEv
FNDA:15560,_ZNSt14_Bit_referenceaSEb
FNDA:267674,_ZNSt18_Bit_iterator_baseC2EPmj
FNDA:6,_ZNSt18_Bit_iterator_base7_M_incrEi
FNDA:84043,_ZStmiRKSt18_Bit_iterator_baseS1_
FNDA:12,_ZNSt13_Bit_iteratorC1Ev
FNDA:99536,_ZNSt13_Bit_iteratorC1EPmj
FNDA:99575,_ZNKSt13_Bit_iteratordeEv
FNDA:6,_ZNSt13_Bit_iteratorpLEi
FNDA:6,_ZNKSt13_Bit_iteratorplEi
FNDA:168126,_ZNSt19_Bit_const_iteratorC1ERKSt13_Bit_iterator
FNDA:6,_ZNSt13_Bvector_baseISaIbEE13_Bvector_implD1Ev
FNDA:6,_ZNSt13_Bvector_baseISaIbEE13_Bvector_implC1EOSaImE
FNDA:9,_ZNKSt13_Bvector_baseISaIbEE13_Bvector_impl11_M_end_addrEv
FNDA:6,_ZNSt13_Bvector_baseISaIbEEC2ERKS0_
FNDA:6,_ZNSt13_Bvector_baseISaIbEED2Ev
FNDA:6,_ZNSt13_Bvector_baseISaIbEE11_M_allocateEj
FNDA:6,_ZNSt13_Bvector_baseISaIbEE13_M_deallocateEv
FNDA:12,_ZNSt13_Bvector_baseISaIbEE8_S_nwordEj
FNDA:3,_ZNSt6vectorIbSaIbEEC1EjRKbRKS0_
FNDA:6,_ZNSt6vectorIbSaIbEED1Ev
FNDA:84049,_ZNKSt6vectorIbSaIbEE5beginEv
FNDA:84077,_ZNKSt6vectorIbSaIbEE3endEv
FNDA:84043,_ZNKSt6vectorIbSaIbEE4sizeEv
FNDA:99530,_ZNSt6vectorIbSaIbEEixEj
FNDA:6,_ZNSt6vectorIbSaIbEE13_M_initializeEj
FNF:27
FNH:27
DA:75,99651
DA:76,99651
DA:80,84091
DA:81,84091
DA:84,15560
DA:86,15560
DA:87,13288
DA:89,2272
DA:90,15560
DA:142,267674
DA:143,267674
DA:166,6
DA:168,6
DA:169,6
DA:170,6
DA:171,6
DA:173,0
DA:174,0
DA:176,6
DA:177,6
DA:208,84043
DA:210,84043
DA:211,84043
DA:220,12
DA:222,99536
DA:223,99536
DA:230,99575
DA:231,99575
DA:264,6
DA:266,6
DA:267,6
DA:278,6
DA:280,6
DA:281,6
DA:312,168126
DA:313,168126
DA:419,6
DA:435,6
DA:436,6
DA:437,6
DA:438,6
DA:442,9
DA:444,9
DA:445,9
DA:446,0
DA:468,6
DA:469,6
DA:484,6
DA:485,6
DA:491,6
DA:492,6
DA:495,6
DA:497,6
DA:499,6
DA:500,6
DA:501,6
DA:504,6
DA:507,12
DA:508,12
DA:591,3
DA:593,3
DA:595,3
DA:596,3
DA:598,3
DA:677,6
DA:783,84049
DA:784,84049
DA:791,84077
DA:792,84077
DA:829,84043
DA:830,84043
DA:854,99530
DA:856,298590
DA:857,298590
DA:1079,6
DA:1081,6
DA:1082,6
DA:1083,6
DA:1084,6
DA:1085,6
LF:80
LH:77
end_of_record
SF:/c/mingw/lib/gcc/mingw32/6.3.0/include/c++/bits/stl_construct.h
FN:74,_ZSt10_ConstructISt5tupleIJffEEJRKS1_EEvPT_DpOT0_
FN:74,_ZSt10_ConstructISt6vectorIiSaIiEEJRKS2_EEvPT_DpOT0_
FN:74,_ZSt10_ConstructISt6vectorIiSaIiEEJS2_EEvPT_DpOT0_
FN:74,_ZSt10_ConstructISt5tupleIJffEEJS1_EEvPT_DpOT0_
FN:92,_ZSt8_DestroyISt6vectorIiSaIiEEEvPT_
FN:100,_ZNSt12_Destroy_auxILb0EE9__destroyIPSt6vectorIiSaIiEEEEvT_S6_
FN:112,_ZNSt12_Destroy_auxILb1EE9__destroyIPiEEvT_S3_
FN:112,_ZNSt12_Destroy_auxILb1EE9__destroyIPfEEvT_S3_
FN:112,_ZNSt12_Destroy_auxILb1EE9__destroyIPSt5tupleIJiiEEEEvT_S5_
FN:112,_ZNSt12_Destroy_auxILb1EE9__destroyIPSt5tupleIJffEEEEvT_S5_
FN:122,_ZSt8_DestroyIPSt5tupleIJffEEEvT_S3_
FN:122,_ZSt8_DestroyIPSt6vectorIiSaIiEEEvT_S4_
FN:122,_ZSt8_DestroyIPSt5tupleIJiiEEEvT_S3_
FN:122,_ZSt8_DestroyIPfEvT_S1_
FN:122,_ZSt8_DestroyIPiEvT_S1_
FN:148,_ZSt8_DestroyIPSt6vectorIiSaIiEES2_EvT_S4_RSaIT0_E
FN:148,_ZSt8_DestroyIPSt5tupleIJiiEES1_EvT_S3_RSaIT0_E
FN:148,_ZSt8_DestroyIPSt5tupleIJffEES1_EvT_S3_RSaIT0_E
FN:148,_ZSt8_DestroyIPiiEvT_S1_RSaIT0_E
FN:148,_ZSt8_DestroyIPffEvT_S1_RSaIT0_E
FNDA:163,_ZSt10_ConstructISt5tupleIJffEEJS1_EEvPT_DpOT0_
FNDA:5,_ZSt10_ConstructISt6vectorIiSaIiEEJS2_EEvPT_DpOT0_
FNDA:63,_ZSt10_ConstructISt5tupleIJffEEJRKS1_EEvPT_DpOT0_
FNDA:148,_ZSt10_ConstructISt6vectorIiSaIiEEJRKS2_EEvPT_DpOT0_
FNDA:161,_ZSt8_DestroyISt6vectorIiSaIiEEEvPT_
FNDA:62,_ZNSt12_Destroy_auxILb0EE9__destroyIPSt6vectorIiSaIiEEEEvT_S6_
FNDA:6,_ZNSt12_Destroy_auxILb1EE9__destroyIPfEEvT_S3_
FNDA:1,_ZNSt12_Destroy_auxILb1EE9__destroyIPSt5tupleIJiiEEEEvT_S5_
FNDA:415,_ZNSt12_Destroy_auxILb1EE9__destroyIPSt5tupleIJffEEEEvT_S5_
FNDA:3602660,_ZNSt12_Destroy_auxILb1EE9__destroyIPiEEvT_S3_
FNDA:6,_ZSt8_DestroyIPfEvT_S1_
FNDA:1,_ZSt8_DestroyIPSt5tupleIJiiEEEvT_S3_
FNDA:415,_ZSt8_DestroyIPSt5tupleIJffEEEvT_S3_
FNDA:62,_ZSt8_DestroyIPSt6vectorIiSaIiEEEvT_S4_
FNDA:3602660,_ZSt8_DestroyIPiEvT_S1_
FNDA:6,_ZSt8_DestroyIPffEvT_S1_RSaIT0_E
FNDA:1,_ZSt8_DestroyIPSt5tupleIJiiEES1_EvT_S3_RSaIT0_E
FNDA:415,_ZSt8_DestroyIPSt5tupleIJffEES1_EvT_S3_RSaIT0_E
FNDA:62,_ZSt8_DestroyIPSt6vectorIiSaIiEES2_EvT_S4_RSaIT0_E
FNDA:3602660,_ZSt8_DestroyIPiiEvT_S1_RSaIT0_E
FNF:20
FNH:20
DA:74,379
DA:75,379
DA:92,161
DA:93,161
DA:100,223
DA:102,384
DA:103,161
DA:104,62
DA:112,3603082
DA:122,3603144
DA:126,3603144
DA:128,3603144
DA:148,3603144
DA:151,3603144
DA:152,3603144
LF:15
LH:15
end_of_record
SF:/c/mingw/lib/gcc/mingw32/6.3.0/include/c++/bits/stl_iterator.h
FN:776,_ZN9__gnu_cxx17__normal_iteratorIPKiSt6vectorIiSaIiEEEC1ERKS2_
FN:776,_ZN9__gnu_cxx17__normal_iteratorIPKSt5tupleIJffEESt6vectorIS2_SaIS2_EEEC1ERKS4_
FN:776,_ZN9__gnu_cxx17__normal_iteratorIPKSt6vectorIiSaIiEES1_IS3_SaIS3_EEEC1ERKS5_
FN:789,_ZNK9__gnu_cxx17__normal_iteratorIPKSt5tupleIJffEESt6vectorIS2_SaIS2_EEEdeEv
FN:789,_ZNK9__gnu_cxx17__normal_iteratorIPKSt6vectorIiSaIiEES1_IS3_SaIS3_EEEdeEv
FN:797,_ZN9__gnu_cxx17__normal_iteratorIPKSt5tupleIJffEESt6vectorIS2_SaIS2_EEEppEv
FN:797,_ZN9__gnu_cxx17__normal_iteratorIPKSt6vectorIiSaIiEES1_IS3_SaIS3_EEEppEv
FN:841,_ZNK9__gnu_cxx17__normal_iteratorIPKiSt6vectorIiSaIiEEE4baseEv
FN:841,_ZNK9__gnu_cxx17__normal_iteratorIPKSt6vectorIiSaIiEES1_IS3_SaIS3_EEE4baseEv
FN:841,_ZNK9__gnu_cxx17__normal_iteratorIPKSt5tupleIJffEESt6vectorIS2_SaIS2_EEE4baseEv
FN:877,_ZN9__gnu_cxxneIPKSt6vectorIiSaIiEES1_IS3_SaIS3_EEEEbRKNS_17__normal_iteratorIT_T0_EESD_
FN:877,_ZN9__gnu_cxxneIPKSt5tupleIJffEESt6vectorIS2_SaIS2_EEEEbRKNS_17__normal_iteratorIT_T0_EESD_
FN:980,_ZSt12__niter_baseIPKiSt6vectorIiSaIiEEET_N9__gnu_cxx17__normal_iteratorIS5_T0_EE
FN:1032,_ZNSt13move_iteratorIPSt6vectorIiSaIiEEEC1ES3_
FN:1032,_ZNSt13move_iteratorIPiEC1ES0_
FN:1032,_ZNSt13move_iteratorIPSt5tupleIJffEEEC1ES2_
FN:1032,_ZNSt13move_iteratorIPfEC1ES0_
FN:1040,_ZNKSt13move_iteratorIPSt5tupleIJffEEE4baseEv
FN:1040,_ZNKSt13move_iteratorIPiE4baseEv
FN:1040,_ZNKSt13move_iteratorIPSt6vectorIiSaIiEEE4baseEv
FN:1040,_ZNKSt13move_iteratorIPfE4baseEv
FN:1044,_ZNKSt13move_iteratorIPSt6vectorIiSaIiEEEdeEv
FN:1044,_ZNKSt13move_iteratorIPSt5tupleIJffEEEdeEv
FN:1052,_ZNSt13move_iteratorIPSt5tupleIJffEEEppEv
FN:1052,_ZNSt13move_iteratorIPSt6vectorIiSaIiEEEppEv
FN:1119,_ZSteqIPSt5tupleIJffEEEbRKSt13move_iteratorIT_ES7_
FN:1119,_ZSteqIPSt6vectorIiSaIiEEEbRKSt13move_iteratorIT_ES8_
FN:1131,_ZStneIPSt5tupleIJffEEEbRKSt13move_iteratorIT_ES7_
FN:1131,_ZStneIPSt6vectorIiSaIiEEEbRKSt13move_iteratorIT_ES8_
FN:1223,_ZSt32__make_move_if_noexcept_iteratorIfSt13move_iteratorIPfEET0_PT_
FN:1223,_ZSt32__make_move_if_noexcept_iteratorISt5tupleIJffEESt13move_iteratorIPS1_EET0_PT_
FN:1223,_ZSt32__make_move_if_noexcept_iteratorISt6vectorIiSaIiEESt13move_iteratorIPS2_EET0_PT_
FN:1223,_ZSt32__make_move_if_noexcept_iteratorIiSt13move_iteratorIPiEET0_PT_
FN:1243,_ZSt12__miter_baseIPfEDTcl12__miter_basecldtfp_4baseEEESt13move_iteratorIT_E
FN:1243,_ZSt12__miter_baseIPiEDTcl12__miter_basecldtfp_4baseEEESt13move_iteratorIT_E
FNDA:6,_ZN9__gnu_cxx17__normal_iteratorIPKSt5tupleIJffEESt6vectorIS2_SaIS2_EEEC1ERKS4_
FNDA:79,_ZN9__gnu_cxx17__normal_iteratorIPKSt6vectorIiSaIiEES1_IS3_SaIS3_EEEC1ERKS5_
FNDA:1442001,_ZN9__gnu_cxx17__normal_iteratorIPKiSt6vectorIiSaIiEEEC1ERKS2_
FNDA:58,_ZNK9__gnu_cxx17__normal_iteratorIPKSt5tupleIJffEESt6vectorIS2_SaIS2_EEEdeEv
FNDA:110,_ZNK9__gnu_cxx17__normal_iteratorIPKSt6vectorIiSaIiEES1_IS3_SaIS3_EEEdeEv
FNDA:58,_ZN9__gnu_cxx17__normal_iteratorIPKSt5tupleIJffEESt6vectorIS2_SaIS2_EEEppEv
FNDA:110,_ZN9__gnu_cxx17__normal_iteratorIPKSt6vectorIiSaIiEES1_IS3_SaIS3_EEEppEv
FNDA:1442001,_ZNK9__gnu_cxx17__normal_iteratorIPKiSt6vectorIiSaIiEEE4baseEv
FNDA:122,_ZNK9__gnu_cxx17__normal_iteratorIPKSt5tupleIJffEESt6vectorIS2_SaIS2_EEE4baseEv
FNDA:299,_ZNK9__gnu_cxx17__normal_iteratorIPKSt6vectorIiSaIiEES1_IS3_SaIS3_EEE4baseEv
FNDA:61,_ZN9__gnu_cxxneIPKSt5tupleIJffEESt6vectorIS2_SaIS2_EEEEbRKNS_17__normal_iteratorIT_T0_EESD_
FNDA:148,_ZN9__gnu_cxxneIPKSt6vectorIiSaIiEES1_IS3_SaIS3_EEEEbRKNS_17__normal_iteratorIT_T0_EESD_
FNDA:1442001,_ZSt12__niter_baseIPKiSt6vectorIiSaIiEEET_N9__gnu_cxx17__normal_iteratorIS5_T0_EE
FNDA:6,_ZNSt13move_iteratorIPfEC1ES0_
FNDA:390,_ZNSt13move_iteratorIPSt5tupleIJffEEEC1ES2_
FNDA:14,_ZNSt13move_iteratorIPSt6vectorIiSaIiEEEC1ES3_
FNDA:5402222,_ZNSt13move_iteratorIPiEC1ES0_
FNDA:6,_ZNKSt13move_iteratorIPfE4baseEv
FNDA:716,_ZNKSt13move_iteratorIPSt5tupleIJffEEE4baseEv
FNDA:24,_ZNKSt13move_iteratorIPSt6vectorIiSaIiEEE4baseEv
FNDA:5402222,_ZNKSt13move_iteratorIPiE4baseEv
FNDA:163,_ZNKSt13move_iteratorIPSt5tupleIJffEEEdeEv
FNDA:5,_ZNKSt13move_iteratorIPSt6vectorIiSaIiEEEdeEv
FNDA:163,_ZNSt13move_iteratorIPSt5tupleIJffEEEppEv
FNDA:5,_ZNSt13move_iteratorIPSt6vectorIiSaIiEEEppEv
FNDA:358,_ZSteqIPSt5tupleIJffEEEbRKSt13move_iteratorIT_ES7_
FNDA:12,_ZSteqIPSt6vectorIiSaIiEEEbRKSt13move_iteratorIT_ES8_
FNDA:358,_ZStneIPSt5tupleIJffEEEbRKSt13move_iteratorIT_ES7_
FNDA:12,_ZStneIPSt6vectorIiSaIiEEEbRKSt13move_iteratorIT_ES8_
FNDA:6,_ZSt32__make_move_if_noexcept_iteratorIfSt13move_iteratorIPfEET0_PT_
FNDA:390,_ZSt32__make_move_if_noexcept_iteratorISt5tupleIJffEESt13move_iteratorIPS1_EET0_PT_
FNDA:14,_ZSt32__make_move_if_noexcept_iteratorISt6vectorIiSaIiEESt13move_iteratorIPS2_EET0_PT_
FNDA:5402222,_ZSt32__make_move_if_noexcept_iteratorIiSt13move_iteratorIPiEET0_PT_
FNDA:6,_ZSt12__miter_baseIPfEDTcl12__miter_basecldtfp_4baseEEESt13move_iteratorIT_E
FNDA:5402222,_ZSt12__miter_baseIPiEDTcl12__miter_basecldtfp_4baseEEESt13move_iteratorIT_E
FNF:35
FNH:35
DA:776,1442086
DA:777,1442086
DA:789,168
DA:790,168
DA:797,168
DA:799,168
DA:800,168
DA:841,1442422
DA:842,1442422
DA:877,209
DA:880,209
DA:980,1442001
DA:981,1442001
DA:1032,5402632
DA:1033,5402632
DA:1040,5402968
DA:1041,5402968
DA:1044,168
DA:1045,168
DA:1052,168
DA:1054,168
DA:1055,168
DA:1119,370
DA:1121,370
DA:1131,370
DA:1133,370
DA:1223,5402632
DA:1224,5402632
DA:1243,5402228
DA:1245,5402228
LF:30
LH:30
end_of_record
SF:/c/mingw/lib/gcc/mingw32/6.3.0/include/c++/bits/stl_iterator_base_types.h
FN:118,_ZNSt8iteratorISt26random_access_iterator_tagbiPbRbEC2Ev
FNDA:267674,_ZNSt8iteratorISt26random_access_iterator_tagbiPbRbEC2Ev
FNF:1
FNH:1
DA:118,267674
LF:1
LH:1
end_of_record
SF:/c/mingw/lib/gcc/mingw32/6.3.0/include/c++/bits/stl_uninitialized.h
FN:68,_ZNSt20__uninitialized_copyILb0EE13__uninit_copyIN9__gnu_cxx17__normal_iteratorIPKSt5tupleIJffEESt6vectorIS5_SaIS5_EEEEPS5_EET0_T_SE_SD_
FN:68,_ZNSt20__uninitialized_copyILb0EE13__uninit_copyIN9__gnu_cxx17__normal_iteratorIPKSt6vectorIiSaIiEES4_IS6_SaIS6_EEEEPS6_EET0_T_SE_SD_
FN:68,_ZNSt20__uninitialized_copyILb0EE13__uninit_copyISt13move_iteratorIPSt6vectorIiSaIiEEES6_EET0_T_S9_S8_
FN:68,_ZNSt20__uninitialized_copyILb0EE13__uninit_copyISt13move_iteratorIPSt5tupleIJffEEES5_EET0_T_S8_S7_
FN:91,_ZNSt20__uninitialized_copyILb1EE13__uninit_copyISt13move_iteratorIPiES3_EET0_T_S6_S5_
FN:91,_ZNSt20__uninitialized_copyILb1EE13__uninit_copyISt13move_iteratorIPfES3_EET0_T_S6_S5_
FN:91,_ZNSt20__uninitialized_copyILb1EE13__uninit_copyIN9__gnu_cxx17__normal_iteratorIPKiSt6vectorIiSaIiEEEEPiEET0_T_SC_SB_
FN:107,_ZSt18uninitialized_copyIN9__gnu_cxx17__normal_iteratorIPKSt6vectorIiSaIiEES2_IS4_SaIS4_EEEEPS4_ET0_T_SC_SB_
FN:107,_ZSt18uninitialized_copyISt13move_iteratorIPfES1_ET0_T_S4_S3_
FN:107,_ZSt18uninitialized_copyISt13move_iteratorIPSt5tupleIJffEEES3_ET0_T_S6_S5_
FN:107,_ZSt18uninitialized_copyISt13move_iteratorIPSt6vectorIiSaIiEEES4_ET0_T_S7_S6_
FN:107,_ZSt18uninitialized_copyIN9__gnu_cxx17__normal_iteratorIPKSt5tupleIJffEESt6vectorIS3_SaIS3_EEEEPS3_ET0_T_SC_SB_
FN:107,_ZSt18uninitialized_copyIN9__gnu_cxx17__normal_iteratorIPKiSt6vectorIiSaIiEEEEPiET0_T_SA_S9_
FN:107,_ZSt18uninitialized_copyISt13move_iteratorIPiES1_ET0_T_S4_S3_
FN:195,_ZNSt22__uninitialized_fill_nILb0EE15__uninit_fill_nIPSt6vectorIiSaIiEEjS4_EET_S6_T0_RKT1_
FN:236,_ZSt20uninitialized_fill_nIPSt6vectorIiSaIiEEjS2_ET_S4_T0_RKT1_
FN:279,_ZSt22__uninitialized_copy_aIN9__gnu_cxx17__normal_iteratorIPKSt6vectorIiSaIiEES2_IS4_SaIS4_EEEEPS4_S4_ET0_T_SC_SB_RSaIT1_E
FN:279,_ZSt22__uninitialized_copy_aISt13move_iteratorIPSt6vectorIiSaIiEEES4_S3_ET0_T_S7_S6_RSaIT1_E
FN:279,_ZSt22__uninitialized_copy_aIN9__gnu_cxx17__normal_iteratorIPKSt5tupleIJffEESt6vectorIS3_SaIS3_EEEEPS3_S3_ET0_T_SC_SB_RSaIT1_E
FN:279,_ZSt22__uninitialized_copy_aISt13move_iteratorIPiES1_iET0_T_S4_S3_RSaIT1_E
FN:279,_ZSt22__uninitialized_copy_aISt13move_iteratorIPfES1_fET0_T_S4_S3_RSaIT1_E
FN:279,_ZSt22__uninitialized_copy_aISt13move_iteratorIPSt5tupleIJffEEES3_S2_ET0_T_S6_S5_RSaIT1_E
FN:279,_ZSt22__uninitialized_copy_aIN9__gnu_cxx17__normal_iteratorIPKiSt6vectorIiSaIiEEEEPiiET0_T_SA_S9_RSaIT1_E
FN:297,_ZSt34__uninitialized_move_if_noexcept_aIPfS0_SaIfEET0_T_S3_S2_RT1_
FN:297,_ZSt34__uninitialized_move_if_noexcept_aIPSt5tupleIJffEES2_SaIS1_EET0_T_S5_S4_RT1_
FN:297,_ZSt34__uninitialized_move_if_noexcept_aIPSt6vectorIiSaIiEES3_SaIS2_EET0_T_S6_S5_RT1_
FN:297,_ZSt34__uninitialized_move_if_noexcept_aIPiS0_SaIiEET0_T_S3_S2_RT1_
FN:356,_ZSt24__uninitialized_fill_n_aIPSt6vectorIiSaIiEEjS2_S2_ET_S4_T0_RKT1_RSaIT2_E
FN:535,_ZNSt27__uninitialized_default_n_1ILb1EE18__uninit_default_nIPijEET_S3_T0_
FN:566,_ZSt25__uninitialized_default_nIPijET_S1_T0_
FN:635,_ZSt27__uninitialized_default_n_aIPijiET_S1_T0_RSaIT1_E
FNDA:195,_ZNSt20__uninitialized_copyILb0EE13__uninit_copyISt13move_iteratorIPSt5tupleIJffEEES5_EET0_T_S8_S7_
FNDA:7,_ZNSt20__uninitialized_copyILb0EE13__uninit_copyISt13move_iteratorIPSt6vectorIiSaIiEEES6_EET0_T_S9_S8_
FNDA:3,_ZNSt20__uninitialized_copyILb0EE13__uninit_copyIN9__gnu_cxx17__normal_iteratorIPKSt5tupleIJffEESt6vectorIS5_SaIS5_EEEEPS5_EET0_T_SE_SD_
FNDA:38,_ZNSt20__uninitialized_copyILb0EE13__uninit_copyIN9__gnu_cxx17__normal_iteratorIPKSt6vectorIiSaIiEES4_IS6_SaIS6_EEEEPS6_EET0_T_SE_SD_
FNDA:3,_ZNSt20__uninitialized_copyILb1EE13__uninit_copyISt13move_iteratorIPfES3_EET0_T_S6_S5_
FNDA:2701111,_ZNSt20__uninitialized_copyILb1EE13__uninit_copyISt13move_iteratorIPiES3_EET0_T_S6_S5_
FNDA:720993,_ZNSt20__uninitialized_copyILb1EE13__uninit_copyIN9__gnu_cxx17__normal_iteratorIPKiSt6vectorIiSaIiEEEEPiEET0_T_SC_SB_
FNDA:3,_ZSt18uninitialized_copyISt13move_iteratorIPfES1_ET0_T_S4_S3_
FNDA:195,_ZSt18uninitialized_copyISt13move_iteratorIPSt5tupleIJffEEES3_ET0_T_S6_S5_
FNDA:7,_ZSt18uninitialized_copyISt13move_iteratorIPSt6vectorIiSaIiEEES4_ET0_T_S7_S6_
FNDA:2701111,_ZSt18uninitialized_copyISt13move_iteratorIPiES1_ET0_T_S4_S3_
FNDA:3,_ZSt18uninitialized_copyIN9__gnu_cxx17__normal_iteratorIPKSt5tupleIJffEESt6vectorIS3_SaIS3_EEEEPS3_ET0_T_SC_SB_
FNDA:38,_ZSt18uninitialized_copyIN9__gnu_cxx17__normal_iteratorIPKSt6vectorIiSaIiEES2_IS4_SaIS4_EEEEPS4_ET0_T_SC_SB_
FNDA:720993,_ZSt18uninitialized_copyIN9__gnu_cxx17__normal_iteratorIPKiSt6vectorIiSaIiEEEEPiET0_T_SA_S9_
FNDA:1,_ZNSt22__uninitialized_fill_nILb0EE15__uninit_fill_nIPSt6vectorIiSaIiEEjS4_EET_S6_T0_RKT1_
FNDA:1,_ZSt20uninitialized_fill_nIPSt6vectorIiSaIiEEjS2_ET_S4_T0_RKT1_
FNDA:3,_ZSt22__uninitialized_copy_aISt13move_iteratorIPfES1_fET0_T_S4_S3_RSaIT1_E
FNDA:195,_ZSt22__uninitialized_copy_aISt13move_iteratorIPSt5tupleIJffEEES3_S2_ET0_T_S6_S5_RSaIT1_E
FNDA:7,_ZSt22__uninitialized_copy_aISt13move_iteratorIPSt6vectorIiSaIiEEES4_S3_ET0_T_S7_S6_RSaIT1_E
FNDA:2701111,_ZSt22__uninitialized_copy_aISt13move_iteratorIPiES1_iET0_T_S4_S3_RSaIT1_E
FNDA:3,_ZSt22__uninitialized_copy_aIN9__gnu_cxx17__normal_iteratorIPKSt5tupleIJffEESt6vectorIS3_SaIS3_EEEEPS3_S3_ET0_T_SC_SB_RSaIT1_E
FNDA:38,_ZSt22__uninitialized_copy_aIN9__gnu_cxx17__normal_iteratorIPKSt6vectorIiSaIiEES2_IS4_SaIS4_EEEEPS4_S4_ET0_T_SC_SB_RSaIT1_E
FNDA:720993,_ZSt22__uninitialized_copy_aIN9__gnu_cxx17__normal_iteratorIPKiSt6vectorIiSaIiEEEEPiiET0_T_SA_S9_RSaIT1_E
FNDA:3,_ZSt34__uninitialized_move_if_noexcept_aIPfS0_SaIfEET0_T_S3_S2_RT1_
FNDA:195,_ZSt34__uninitialized_move_if_noexcept_aIPSt5tupleIJffEES2_SaIS1_EET0_T_S5_S4_RT1_
FNDA:7,_ZSt34__uninitialized_move_if_noexcept_aIPSt6vectorIiSaIiEES3_SaIS2_EET0_T_S6_S5_RT1_
FNDA:2701111,_ZSt34__uninitialized_move_if_noexcept_aIPiS0_SaIiEET0_T_S3_S2_RT1_
FNDA:1,_ZSt24__uninitialized_fill_n_aIPSt6vectorIiSaIiEEjS2_S2_ET_S4_T0_RKT1_RSaIT2_E
FNDA:1,_ZNSt27__uninitialized_default_n_1ILb1EE18__uninit_default_nIPijEET_S3_T0_
FNDA:1,_ZSt25__uninitialized_default_nIPijET_S1_T0_
FNDA:1,_ZSt27__uninitialized_default_n_aIPijiET_S1_T0_RSaIT1_E
FNF:31
FNH:31
DA:68,243
DA:71,243
DA:74,915
DA:75,336
DA:76,243
DA:78,0
DA:80,0
DA:81,0
DA:91,3422107
DA:93,3422107
DA:107,3422350
DA:120,3422350
DA:126,3422350
DA:195,1
DA:198,1
DA:201,9
DA:202,4
DA:203,1
DA:205,0
DA:207,0
DA:208,0
DA:236,1
DA:244,1
DA:247,1
DA:279,3422350
DA:281,3422350
DA:297,2701316
DA:303,2701316
DA:304,2701316
DA:356,1
DA:358,1
DA:535,1
DA:540,1
DA:566,1
DA:571,1
DA:575,1
DA:635,1
DA:637,1
LF:38
LH:32
end_of_record
SF:/c/mingw/lib/gcc/mingw32/6.3.0/include/c++/bits/stl_vector.h
FN:79,_ZNSt12_Vector_baseIiSaIiEE12_Vector_implD1Ev
FN:79,_ZNSt12_Vector_baseIfSaIfEE12_Vector_implD1Ev
FN:79,_ZNSt12_Vector_baseISt5tupleIJiiEESaIS1_EE12_Vector_implD1Ev
FN:79,_ZNSt12_Vector_baseISt5tupleIJffEESaIS1_EE12_Vector_implD1Ev
FN:79,_ZNSt12_Vector_baseISt6vectorIiSaIiEESaIS2_EE12_Vector_implD1Ev
FN:86,_ZNSt12_Vector_baseISt5tupleIJiiEESaIS1_EE12_Vector_implC1Ev
FN:86,_ZNSt12_Vector_baseIiSaIiEE12_Vector_implC1Ev
FN:86,_ZNSt12_Vector_baseIfSaIfEE12_Vector_implC1Ev
FN:86,_ZNSt12_Vector_baseISt5tupleIJffEESaIS1_EE12_Vector_implC1Ev
FN:86,_ZNSt12_Vector_baseISt6vectorIiSaIiEESaIS2_EE12_Vector_implC1Ev
FN:90,_ZNSt12_Vector_baseISt6vectorIiSaIiEESaIS2_EE12_Vector_implC1ERKS3_
FN:90,_ZNSt12_Vector_baseIiSaIiEE12_Vector_implC1ERKS0_
FN:90,_ZNSt12_Vector_baseISt5tupleIJffEESaIS1_EE12_Vector_implC1ERKS2_
FN:95,_ZNSt12_Vector_baseIiSaIiEE12_Vector_implC1EOS0_
FN:101,_ZNSt12_Vector_baseIiSaIiEE12_Vector_impl12_M_swap_dataERS2_
FN:113,_ZNSt12_Vector_baseISt6vectorIiSaIiEESaIS2_EE19_M_get_Tp_allocatorEv
FN:113,_ZNSt12_Vector_baseISt5tupleIJiiEESaIS1_EE19_M_get_Tp_allocatorEv
FN:113,_ZNSt12_Vector_baseISt5tupleIJffEESaIS1_EE19_M_get_Tp_allocatorEv
FN:113,_ZNSt12_Vector_baseIiSaIiEE19_M_get_Tp_allocatorEv
FN:113,_ZNSt12_Vector_baseIfSaIfEE19_M_get_Tp_allocatorEv
FN:117,_ZNKSt12_Vector_baseISt5tupleIJffEESaIS1_EE19_M_get_Tp_allocatorEv
FN:117,_ZNKSt12_Vector_baseIfSaIfEE19_M_get_Tp_allocatorEv
FN:117,_ZNKSt12_Vector_baseISt6vectorIiSaIiEESaIS2_EE19_M_get_Tp_allocatorEv
FN:117,_ZNKSt12_Vector_baseIiSaIiEE19_M_get_Tp_allocatorEv
FN:124,_ZNSt12_Vector_baseISt5tupleIJiiEESaIS1_EEC2Ev
FN:124,_ZNSt12_Vector_baseIfSaIfEEC2Ev
FN:124,_ZNSt12_Vector_baseIiSaIiEEC2Ev
FN:124,_ZNSt12_Vector_baseISt6vectorIiSaIiEESaIS2_EEC2Ev
FN:124,_ZNSt12_Vector_baseISt5tupleIJffEESaIS1_EEC2Ev
FN:134,_ZNSt12_Vector_baseISt5tupleIJffEESaIS1_EEC2EjRKS2_
FN:134,_ZNSt12_Vector_baseISt6vectorIiSaIiEESaIS2_EEC2EjRKS3_
FN:134,_ZNSt12_Vector_baseIiSaIiEEC2EjRKS0_
FN:142,_ZNSt12_Vector_baseIiSaIiEEC2EOS1_
FN:159,_ZNSt12_Vector_baseISt5tupleIJffEESaIS1_EED2Ev
FN:159,_ZNSt12_Vector_baseISt6vectorIiSaIiEESaIS2_EED2Ev
FN:159,_ZNSt12_Vector_baseIfSaIfEED2Ev
FN:159,_ZNSt12_Vector_baseISt5tupleIJiiEESaIS1_EED2Ev
FN:159,_ZNSt12_Vector_baseIiSaIiEED2Ev
FN:167,_ZNSt12_Vector_baseIfSaIfEE11_M_allocateEj
FN:167,_ZNSt12_Vector_baseISt5tupleIJffEESaIS1_EE11_M_allocateEj
FN:167,_ZNSt12_Vector_baseIiSaIiEE11_M_allocateEj
FN:167,_ZNSt12_Vector_baseISt6vectorIiSaIiEESaIS2_EE11_M_allocateEj
FN:174,_ZNSt12_Vector_baseIfSaIfEE13_M_deallocateEPfj
FN:174,_ZNSt12_Vector_baseISt6vectorIiSaIiEESaIS2_EE13_M_deallocateEPS2_j
FN:174,_ZNSt12_Vector_baseISt5tupleIJiiEESaIS1_EE13_M_deallocateEPS1_j
FN:174,_ZNSt12_Vector_baseISt5tupleIJffEESaIS1_EE13_M_deallocateEPS1_j
FN:174,_ZNSt12_Vector_baseIiSaIiEE13_M_deallocateEPij
FN:183,_ZNSt12_Vector_baseIiSaIiEE17_M_create_storageEj
FN:183,_ZNSt12_Vector_baseISt6vectorIiSaIiEESaIS2_EE17_M_create_storageEj
FN:183,_ZNSt12_Vector_baseISt5tupleIJffEESaIS1_EE17_M_create_storageEj
FN:255,_ZNSt6vectorISt5tupleIJiiEESaIS1_EEC1Ev
FN:255,_ZNSt6vectorISt5tupleIJffEESaIS1_EEC1Ev
FN:255,_ZNSt6vectorIfSaIfEEC1Ev
FN:255,_ZNSt6vectorIiSaIiEEC1Ev
FN:255,_ZNSt6vectorIS_IiSaIiEESaIS1_EEC1Ev
FN:279,_ZNSt6vectorIiSaIiEEC1EjRKS0_
FN:291,_ZNSt6vectorIS_IiSaIiEESaIS1_EEC1EjRKS1_RKS2_
FN:320,_ZNSt6vectorIiSaIiEEC1ERKS1_
FN:320,_ZNSt6vectorISt5tupleIJffEESaIS1_EEC1ERKS3_
FN:320,_ZNSt6vectorIS_IiSaIiEESaIS1_EEC1ERKS3_
FN:337,_ZNSt6vectorIiSaIiEEC1EOS1_
FN:425,_ZNSt6vectorISt5tupleIJffEESaIS1_EED1Ev
FN:425,_ZNSt6vectorIfSaIfEED1Ev
FN:425,_ZNSt6vectorIS_IiSaIiEESaIS1_EED1Ev
FN:425,_ZNSt6vectorISt5tupleIJiiEESaIS1_EED1Ev
FN:425,_ZNSt6vectorIiSaIiEED1Ev
FN:557,_ZNKSt6vectorISt5tupleIJffEESaIS1_EE5beginEv
FN:557,_ZNKSt6vectorIS_IiSaIiEESaIS1_EE5beginEv
FN:557,_ZNKSt6vectorIiSaIiEE5beginEv
FN:575,_ZNKSt6vectorIS_IiSaIiEESaIS1_EE3endEv
FN:575,_ZNKSt6vectorIiSaIiEE3endEv
FN:575,_ZNKSt6vectorISt5tupleIJffEESaIS1_EE3endEv
FN:655,_ZNKSt6vectorIfSaIfEE4sizeEv
FN:655,_ZNKSt6vectorISt5tupleIJffEESaIS1_EE4sizeEv
FN:655,_ZNKSt6vectorIS_IiSaIiEESaIS1_EE4sizeEv
FN:655,_ZNKSt6vectorIiSaIiEE4sizeEv
FN:660,_ZNKSt6vectorIiSaIiEE8max_sizeEv
FN:660,_ZNKSt6vectorISt5tupleIJffEESaIS1_EE8max_sizeEv
FN:660,_ZNKSt6vectorIS_IiSaIiEESaIS1_EE8max_sizeEv
FN:660,_ZNKSt6vectorIfSaIfEE8max_sizeEv
FN:780,_ZNSt6vectorISt5tupleIJffEESaIS1_EEixEj
FN:780,_ZNSt6vectorIS_IiSaIiEESaIS1_EEixEj
FN:780,_ZNSt6vectorIiSaIiEEixEj
FN:914,_ZNSt6vectorIiSaIiEE9push_backERKi
FN:914,_ZNSt6vectorISt5tupleIJffEESaIS1_EE9push_backERKS1_
FN:914,_ZNSt6vectorIS_IiSaIiEESaIS1_EE9push_backERKS1_
FN:932,_ZNSt6vectorIfSaIfEE9push_backEOf
FN:1296,_ZNSt6vectorIS_IiSaIiEESaIS1_EE18_M_fill_initializeEjRKS1_
FN:1306,_ZNSt6vectorIiSaIiEE21_M_default_initializeEj
FN:1420,_ZNKSt6vectorISt5tupleIJffEESaIS1_EE12_M_check_lenEjPKc
FN:1420,_ZNKSt6vectorIfSaIfEE12_M_check_lenEjPKc
FN:1420,_ZNKSt6vectorIS_IiSaIiEESaIS1_EE12_M_check_lenEjPKc
FN:1420,_ZNKSt6vectorIiSaIiEE12_M_check_lenEjPKc
FNDA:2,_ZNSt12_Vector_baseIfSaIfEE12_Vector_implD1Ev
FNDA:1,_ZNSt12_Vector_baseISt5tupleIJiiEESaIS1_EE12_Vector_implD1Ev
FNDA:220,_ZNSt12_Vector_baseISt5tupleIJffEESaIS1_EE12_Vector_implD1Ev
FNDA:55,_ZNSt12_Vector_baseISt6vectorIiSaIiEESaIS2_EE12_Vector_implD1Ev
FNDA:901549,_ZNSt12_Vector_baseIiSaIiEE12_Vector_implD1Ev
FNDA:2,_ZNSt12_Vector_baseIfSaIfEE12_Vector_implC1Ev
FNDA:1,_ZNSt12_Vector_baseISt5tupleIJiiEESaIS1_EE12_Vector_implC1Ev
FNDA:215,_ZNSt12_Vector_baseISt5tupleIJffEESaIS1_EE12_Vector_implC1Ev
FNDA:3,_ZNSt12_Vector_baseISt6vectorIiSaIiEESaIS2_EE12_Vector_implC1Ev
FNDA:180489,_ZNSt12_Vector_baseIiSaIiEE12_Vector_implC1Ev
FNDA:5,_ZNSt12_Vector_baseISt5tupleIJffEESaIS1_EE12_Vector_implC1ERKS2_
FNDA:52,_ZNSt12_Vector_baseISt6vectorIiSaIiEESaIS2_EE12_Vector_implC1ERKS3_
FNDA:721051,_ZNSt12_Vector_baseIiSaIiEE12_Vector_implC1ERKS0_
FNDA:9,_ZNSt12_Vector_baseIiSaIiEE12_Vector_implC1EOS0_
FNDA:23,_ZNSt12_Vector_baseIiSaIiEE12_Vector_impl12_M_swap_dataERS2_
FNDA:10,_ZNSt12_Vector_baseIfSaIfEE19_M_get_Tp_allocatorEv
FNDA:1,_ZNSt12_Vector_baseISt5tupleIJiiEESaIS1_EE19_M_get_Tp_allocatorEv
FNDA:615,_ZNSt12_Vector_baseISt5tupleIJffEESaIS1_EE19_M_get_Tp_allocatorEv
FNDA:121,_ZNSt12_Vector_baseISt6vectorIiSaIiEESaIS2_EE19_M_get_Tp_allocatorEv
FNDA:7024838,_ZNSt12_Vector_baseIiSaIiEE19_M_get_Tp_allocatorEv
FNDA:6,_ZNKSt12_Vector_baseIfSaIfEE19_M_get_Tp_allocatorEv
FNDA:393,_ZNKSt12_Vector_baseISt5tupleIJffEESaIS1_EE19_M_get_Tp_allocatorEv
FNDA:52,_ZNKSt12_Vector_baseISt6vectorIiSaIiEESaIS2_EE19_M_get_Tp_allocatorEv
FNDA:6123222,_ZNKSt12_Vector_baseIiSaIiEE19_M_get_Tp_allocatorEv
FNDA:2,_ZNSt12_Vector_baseIfSaIfEEC2Ev
FNDA:1,_ZNSt12_Vector_baseISt5tupleIJiiEESaIS1_EEC2Ev
FNDA:215,_ZNSt12_Vector_baseISt5tupleIJffEESaIS1_EEC2Ev
FNDA:3,_ZNSt12_Vector_baseISt6vectorIiSaIiEESaIS2_EEC2Ev
FNDA:180489,_ZNSt12_Vector_baseIiSaIiEEC2Ev
FNDA:3,_ZNSt12_Vector_baseISt5tupleIJffEESaIS1_EEC2EjRKS2_
FNDA:39,_ZNSt12_Vector_baseISt6vectorIiSaIiEESaIS2_EEC2EjRKS3_
FNDA:720994,_ZNSt12_Vector_baseIiSaIiEEC2EjRKS0_
FNDA:9,_ZNSt12_Vector_baseIiSaIiEEC2EOS1_
FNDA:2,_ZNSt12_Vector_baseIfSaIfEED2Ev
FNDA:1,_ZNSt12_Vector_baseISt5tupleIJiiEESaIS1_EED2Ev
FNDA:220,_ZNSt12_Vector_baseISt5tupleIJffEESaIS1_EED2Ev
FNDA:55,_ZNSt12_Vector_baseISt6vectorIiSaIiEESaIS2_EED2Ev
FNDA:901549,_ZNSt12_Vector_baseIiSaIiEED2Ev
FNDA:4,_ZNSt12_Vector_baseIfSaIfEE11_M_allocateEj
FNDA:200,_ZNSt12_Vector_baseISt5tupleIJffEESaIS1_EE11_M_allocateEj
FNDA:59,_ZNSt12_Vector_baseISt6vectorIiSaIiEESaIS2_EE11_M_allocateEj
FNDA:3422155,_ZNSt12_Vector_baseIiSaIiEE11_M_allocateEj
FNDA:6,_ZNSt12_Vector_baseIfSaIfEE13_M_deallocateEPfj
FNDA:1,_ZNSt12_Vector_baseISt5tupleIJiiEESaIS1_EE13_M_deallocateEPS1_j
FNDA:415,_ZNSt12_Vector_baseISt5tupleIJffEESaIS1_EE13_M_deallocateEPS1_j
FNDA:62,_ZNSt12_Vector_baseISt6vectorIiSaIiEESaIS2_EE13_M_deallocateEPS2_j
FNDA:3602660,_ZNSt12_Vector_baseIiSaIiEE13_M_deallocateEPij
FNDA:3,_ZNSt12_Vector_baseISt5tupleIJffEESaIS1_EE17_M_create_storageEj
FNDA:39,_ZNSt12_Vector_baseISt6vectorIiSaIiEESaIS2_EE17_M_create_storageEj
FNDA:720994,_ZNSt12_Vector_baseIiSaIiEE17_M_create_storageEj
FNDA:2,_ZNSt6vectorIfSaIfEEC1Ev
FNDA:1,_ZNSt6vectorISt5tupleIJiiEESaIS1_EEC1Ev
FNDA:215,_ZNSt6vectorISt5tupleIJffEESaIS1_EEC1Ev
FNDA:3,_ZNSt6vectorIS_IiSaIiEESaIS1_EEC1Ev
FNDA:180489,_ZNSt6vectorIiSaIiEEC1Ev
FNDA:1,_ZNSt6vectorIiSaIiEEC1EjRKS0_
FNDA:1,_ZNSt6vectorIS_IiSaIiEESaIS1_EEC1EjRKS1_RKS2_
FNDA:3,_ZNSt6vectorISt5tupleIJffEESaIS1_EEC1ERKS3_
FNDA:38,_ZNSt6vectorIS_IiSaIiEESaIS1_EEC1ERKS3_
FNDA:720993,_ZNSt6vectorIiSaIiEEC1ERKS1_
FNDA:9,_ZNSt6vectorIiSaIiEEC1EOS1_
FNDA:2,_ZNSt6vectorIfSaIfEED1Ev
FNDA:1,_ZNSt6vectorISt5tupleIJiiEESaIS1_EED1Ev
FNDA:220,_ZNSt6vectorISt5tupleIJffEESaIS1_EED1Ev
FNDA:55,_ZNSt6vectorIS_IiSaIiEESaIS1_EED1Ev
FNDA:901549,_ZNSt6vectorIiSaIiEED1Ev
FNDA:3,_ZNKSt6vectorISt5tupleIJffEESaIS1_EE5beginEv
FNDA:40,_ZNKSt6vectorIS_IiSaIiEESaIS1_EE5beginEv
FNDA:721003,_ZNKSt6vectorIiSaIiEE5beginEv
FNDA:3,_ZNKSt6vectorISt5tupleIJffEESaIS1_EE3endEv
FNDA:39,_ZNKSt6vectorIS_IiSaIiEESaIS1_EE3endEv
FNDA:720998,_ZNKSt6vectorIiSaIiEE3endEv
FNDA:16,_ZNKSt6vectorIfSaIfEE4sizeEv
FNDA:685431,_ZNKSt6vectorISt5tupleIJffEESaIS1_EE4sizeEv
FNDA:134,_ZNKSt6vectorIS_IiSaIiEESaIS1_EE4sizeEv
FNDA:10603560941,_ZNKSt6vectorIiSaIiEE4sizeEv
FNDA:6,_ZNKSt6vectorIfSaIfEE8max_sizeEv
FNDA:390,_ZNKSt6vectorISt5tupleIJffEESaIS1_EE8max_sizeEv
FNDA:14,_ZNKSt6vectorIS_IiSaIiEESaIS1_EE8max_sizeEv
FNDA:5402222,_ZNKSt6vectorIiSaIiEE8max_sizeEv
FNDA:1320470,_ZNSt6vectorISt5tupleIJffEESaIS1_EEixEj
FNDA:293,_ZNSt6vectorIS_IiSaIiEESaIS1_EEixEj
FNDA:188923421771,_ZNSt6vectorIiSaIiEEixEj
FNDA:245,_ZNSt6vectorISt5tupleIJffEESaIS1_EE9push_backERKS1_
FNDA:4,_ZNSt6vectorIS_IiSaIiEESaIS1_EE9push_backERKS1_
FNDA:2643478065,_ZNSt6vectorIiSaIiEE9push_backERKi
FNDA:3,_ZNSt6vectorIfSaIfEE9push_backEOf
FNDA:1,_ZNSt6vectorIS_IiSaIiEESaIS1_EE18_M_fill_initializeEjRKS1_
FNDA:1,_ZNSt6vectorIiSaIiEE21_M_default_initializeEj
FNDA:3,_ZNKSt6vectorIfSaIfEE12_M_check_lenEjPKc
FNDA:195,_ZNKSt6vectorISt5tupleIJffEESaIS1_EE12_M_check_lenEjPKc
FNDA:7,_ZNKSt6vectorIS_IiSaIiEESaIS1_EE12_M_check_lenEjPKc
FNDA:2701111,_ZNKSt6vectorIiSaIiEE12_M_check_lenEjPKc
FNF:93
FNH:93
DA:79,901827
DA:86,180710
DA:87,180710
DA:88,180710
DA:90,721108
DA:91,721108
DA:92,721108
DA:95,9
DA:96,9
DA:97,9
DA:98,9
DA:101,23
DA:103,23
DA:104,23
DA:105,23
DA:106,23
DA:113,7025585
DA:114,7025585
DA:117,6123673
DA:118,6123673
DA:124,180710
DA:125,180710
DA:134,721036
DA:135,721036
DA:136,721036
DA:142,9
DA:143,9
DA:144,9
DA:159,901827
DA:160,1803654
DA:161,1803654
DA:167,3422418
DA:170,3422418
DA:174,3603144
DA:177,3603144
DA:178,3422418
DA:179,3603144
DA:183,721036
DA:185,721036
DA:186,721036
DA:187,721036
DA:188,721036
DA:255,180710
DA:259,180710
DA:279,1
DA:280,1
DA:281,1
DA:291,1
DA:293,1
DA:294,1
DA:320,721034
DA:322,721034
DA:323,721034
DA:324,721034
DA:326,721034
DA:327,721034
DA:337,9
DA:338,9
DA:425,901827
DA:426,901827
DA:427,1803654
DA:557,721046
DA:558,721046
DA:575,721040
DA:576,721040
DA:655,10604246522
DA:656,10604246522
DA:660,5402632
DA:661,5402632
DA:780,188924742534
DA:781,188924742534
DA:914,2643478314
DA:916,2643478314
DA:918,2640777029
DA:920,2640777029
DA:924,2701285
DA:928,2643478314
DA:932,3
DA:933,3
DA:1296,1
DA:1298,1
DA:1299,1
DA:1300,1
DA:1301,1
DA:1306,1
DA:1308,1
DA:1309,1
DA:1310,1
DA:1311,1
DA:1420,2701316
DA:1422,2701316
DA:1423,0
DA:1425,2701316
DA:1426,2701316
LF:94
LH:93
end_of_record
SF:/c/mingw/lib/gcc/mingw32/6.3.0/include/c++/bits/vector.tcc
FN:91,_ZNSt6vectorIfSaIfEE12emplace_backIJfEEEvDpOT_
FN:407,_ZNSt6vectorIiSaIiEE19_M_emplace_back_auxIJRKiEEEvDpOT_
FN:407,_ZNSt6vectorIS_IiSaIiEESaIS1_EE19_M_emplace_back_auxIJRKS1_EEEvDpOT_
FN:407,_ZNSt6vectorISt5tupleIJffEESaIS1_EE19_M_emplace_back_auxIJRKS1_EEEvDpOT_
FN:407,_ZNSt6vectorIfSaIfEE19_M_emplace_back_auxIJfEEEvDpOT_
FNDA:3,_ZNSt6vectorIfSaIfEE12emplace_backIJfEEEvDpOT_
FNDA:3,_ZNSt6vectorIfSaIfEE19_M_emplace_back_auxIJfEEEvDpOT_
FNDA:195,_ZNSt6vectorISt5tupleIJffEESaIS1_EE19_M_emplace_back_auxIJRKS1_EEEvDpOT_
FNDA:4,_ZNSt6vectorIS_IiSaIiEESaIS1_EE19_M_emplace_back_auxIJRKS1_EEEvDpOT_
FNDA:2701086,_ZNSt6vectorIiSaIiEE19_M_emplace_back_auxIJRKiEEEvDpOT_
FNF:5
FNH:5
DA:91,3
DA:94,3
DA:96,0
DA:98,0
DA:101,3
DA:102,3
DA:407,2701288
DA:411,2701288
DA:412,2701288
DA:413,2701288
DA:416,2701288
DA:418,2701288
DA:420,2701288
DA:422,2701288
DA:423,2701288
DA:425,2701288
DA:427,0
DA:429,0
DA:430,0
DA:432,0
DA:433,0
DA:434,0
DA:436,2701288
DA:437,2701288
DA:438,2701288
DA:439,2701288
DA:440,2701288
DA:441,2701288
DA:442,2701288
DA:443,2701288
DA:444,2701288
LF:31
LH:23
end_of_record
SF:/c/mingw/lib/gcc/mingw32/6.3.0/include/c++/cmath
FN:103,_ZSt3absIbEN9__gnu_cxx11__enable_ifIXsrSt12__is_integerIT_E7__valueEdE6__typeES3_
FN:283,_ZSt5floorf
FN:295,_ZSt5floorIiEN9__gnu_cxx11__enable_ifIXsrSt12__is_integerIT_E7__valueEdE6__typeES3_
FN:438,_ZSt3powIiiEN9__gnu_cxx11__promote_2IT_T0_NS0_9__promoteIS2_XsrSt12__is_integerIS2_E7__valueEE6__typeENS4_IS3_XsrS5_IS3_E7__valueEE6__typeEE6__typeES2_S3_
FNDA:711734,_ZSt3absIbEN9__gnu_cxx11__enable_ifIXsrSt12__is_integerIT_E7__valueEdE6__typeES3_
FNDA:706095,_ZSt5floorf
FNDA:164,_ZSt5floorIiEN9__gnu_cxx11__enable_ifIXsrSt12__is_integerIT_E7__valueEdE6__typeES3_
FNDA:8,_ZSt3powIiiEN9__gnu_cxx11__promote_2IT_T0_NS0_9__promoteIS2_XsrSt12__is_integerIS2_E7__valueEE6__typeENS4_IS3_XsrS5_IS3_E7__valueEE6__typeEE6__typeES2_S3_
FNF:4
FNH:4
DA:103,711734
DA:104,711734
DA:283,706095
DA:284,706095
DA:295,164
DA:296,164
DA:438,8
DA:441,8
LF:8
LH:8
end_of_record
SF:/c/mingw/lib/gcc/mingw32/6.3.0/include/c++/ext/alloc_traits.h
FN:94,_ZN9__gnu_cxx14__alloc_traitsISaISt5tupleIJffEEEE17_S_select_on_copyERKS3_
FN:94,_ZN9__gnu_cxx14__alloc_traitsISaISt6vectorIiSaIiEEEE17_S_select_on_copyERKS4_
FN:94,_ZN9__gnu_cxx14__alloc_traitsISaIiEE17_S_select_on_copyERKS1_
FNDA:3,_ZN9__gnu_cxx14__alloc_traitsISaISt5tupleIJffEEEE17_S_select_on_copyERKS3_
FNDA:38,_ZN9__gnu_cxx14__alloc_traitsISaISt6vectorIiSaIiEEEE17_S_select_on_copyERKS4_
FNDA:720993,_ZN9__gnu_cxx14__alloc_traitsISaIiEE17_S_select_on_copyERKS1_
FNF:3
FNH:3
DA:94,721034
DA:95,721034
LF:2
LH:2
end_of_record
SF:/c/mingw/lib/gcc/mingw32/6.3.0/include/c++/ext/new_allocator.h
FN:79,_ZN9__gnu_cxx13new_allocatorISt5tupleIJiiEEEC2Ev
FN:79,_ZN9__gnu_cxx13new_allocatorIbEC2Ev
FN:79,_ZN9__gnu_cxx13new_allocatorImEC2Ev
FN:79,_ZN9__gnu_cxx13new_allocatorISt5tupleIJffEEEC2Ev
FN:79,_ZN9__gnu_cxx13new_allocatorISt6vectorIiSaIiEEEC2Ev
FN:79,_ZN9__gnu_cxx13new_allocatorIiEC2Ev
[...]
FNDA:2,_ZN7testing8internal33FormatForComparisonFailureMessageIjjEENSt7__cxx1112basic_stringIcSt11char_traitsIcESaIcEEERKT_RKT0_
FNDA:0,_ZN7testing8internal14DefaultPrintToIiEEvNS0_15WrapPrinterTypeILNS0_18DefaultPrinterTypeE3EEERKT_PSo
FNDA:2,_ZN7testing8internal14DefaultPrintToIjEEvNS0_15WrapPrinterTypeILNS0_18DefaultPrinterTypeE3EEERKT_PSo
FNDA:0,_ZN7testing8internal7PrintToIiEEvRKT_PSo
FNDA:2,_ZN7testing8internal7PrintToIjEEvRKT_PSo
FNDA:0,_ZN7testing8internal16UniversalPrinterIiE5PrintERKiPSo
FNDA:2,_ZN7testing8internal16UniversalPrinterIjE5PrintERKjPSo
FNDA:0,_ZN7testing8internal21UniversalTersePrinterIiE5PrintERKiPSo
FNDA:2,_ZN7testing8internal21UniversalTersePrinterIjE5PrintERKjPSo
FNDA:0,_ZN7testing8internal14UniversalPrintIiEEvRKT_PSo
FNDA:2,_ZN7testing8internal14UniversalPrintIjEEvRKT_PSo
FNDA:0,_ZN7testing13PrintToStringIiEENSt7__cxx1112basic_stringIcSt11char_traitsIcESaIcEEERKT_
FNDA:2,_ZN7testing13PrintToStringIjEENSt7__cxx1112basic_stringIcSt11char_traitsIcESaIcEEERKT_
FNF:18
FNH:9
DA:223,2
DA:250,2
DA:251,2
DA:276,2
DA:277,2
DA:350,2
DA:352,2
DA:443,2
DA:445,2
DA:446,2
DA:460,2
DA:482,2
DA:495,2
DA:715,2
DA:724,2
DA:725,2
DA:800,2
DA:801,2
DA:802,2
DA:869,2
DA:873,2
DA:874,2
DA:997,2
DA:998,4
DA:999,2
DA:1000,4
LF:26
LH:26
end_of_record
SF:/c/Users/Usuario/Documents/programacion/final/lib/googletest-master/googletest/include/gtest/gtest.h
FN:256,_ZN7testing15AssertionResultD1Ev
FN:288,_ZNK7testing15AssertionResultcvbEv
FN:297,_ZNK7testing15AssertionResult7messageEv
FN:302,_ZNK7testing15AssertionResult15failure_messageEv
FN:389,_ZN7testing4Test13SetUpTestCaseEv
FN:397,_ZN7testing4Test16TearDownTestCaseEv
FN:474,_ZN7testing4Test5SetupEv
FN:1375,_ZN7testing8internal18CmpHelperEQFailureIiiEENS_15AssertionResultEPKcS4_RKT_RKT0_
FN:1375,_ZN7testing8internal18CmpHelperEQFailureIjjEENS_15AssertionResultEPKcS4_RKT_RKT0_
FN:1387,_ZN7testing8internal11CmpHelperEQIiiEENS_15AssertionResultEPKcS4_RKT_RKT0_
FN:1387,_ZN7testing8internal11CmpHelperEQIjjEENS_15AssertionResultEPKcS4_RKT_RKT0_
FN:1417,_ZN7testing8internal8EqHelperILb0EE7CompareIjjEENS_15AssertionResultEPKcS6_RKT_RKT0_
FN:1417,_ZN7testing8internal8EqHelperILb0EE7CompareIiiEENS_15AssertionResultEPKcS6_RKT_RKT0_
FNDA:0,_ZN7testing15AssertionResultD1Ev
FNDA:0,_ZNK7testing15AssertionResultcvbEv
FNDA:0,_ZNK7testing15AssertionResult7messageEv
FNDA:0,_ZNK7testing15AssertionResult15failure_messageEv
FNDA:0,_ZN7testing4Test13SetUpTestCaseEv
FNDA:0,_ZN7testing4Test16TearDownTestCaseEv
FNDA:0,_ZN7testing4Test5SetupEv
FNDA:0,_ZN7testing8internal18CmpHelperEQFailureIiiEENS_15AssertionResultEPKcS4_RKT_RKT0_
FNDA:1,_ZN7testing8internal18CmpHelperEQFailureIjjEENS_15AssertionResultEPKcS4_RKT_RKT0_
FNDA:0,_ZN7testing8internal11CmpHelperEQIiiEENS_15AssertionResultEPKcS4_RKT_RKT0_
FNDA:4,_ZN7testing8internal11CmpHelperEQIjjEENS_15AssertionResultEPKcS4_RKT_RKT0_
FNDA:0,_ZN7testing8internal8EqHelperILb0EE7CompareIiiEENS_15AssertionResultEPKcS6_RKT_RKT0_
FNDA:4,_ZN7testing8internal8EqHelperILb0EE7CompareIjjEENS_15AssertionResultEPKcS6_RKT_RKT0_
FNF:13
FNH:3
DA:256,0
DA:288,0
DA:297,0
DA:298,0
DA:302,0
DA:389,0
DA:397,0
DA:474,0
DA:1375,1
DA:1382,1
DA:1387,4
DA:1392,4
DA:1393,3
DA:1397,1
DA:1417,4
DA:1421,4
LF:16
LH:8
end_of_record
SF:/c/Users/Usuario/Documents/programacion/final/lib/googletest-master/googletest/include/gtest/internal/gtest-internal.h
FN:466,_ZN7testing8internal15TestFactoryBaseD2Ev
FN:473,_ZN7testing8internal15TestFactoryBaseC2Ev
FN:482,_ZN7testing8internal15TestFactoryImplI26silenciosTEST_unAudio_TestEC1Ev
FN:482,_ZN7testing8internal15TestFactoryImplI26silenciosTEST_unAudio_TestED1Ev
FN:482,_ZN7testing8internal15TestFactoryImplI26silenciosTEST_unAudio_TestED0Ev
FN:484,_ZN7testing8internal15TestFactoryImplI26silenciosTEST_unAudio_TestE10CreateTestEv
FN:504,_ZN7testing8internal12CodeLocationD1Ev
FN:505,_ZN7testing8internal12CodeLocationC1ERKNSt7__cxx1112basic_stringIcSt11char_traitsIcESaIcEEEi
FNDA:0,_ZN7testing8internal15TestFactoryBaseD2Ev
FNDA:0,_ZN7testing8internal15TestFactoryBaseC2Ev
FNDA:6,_ZN7testing8internal15TestFactoryImplI26silenciosTEST_unAudio_TestED0Ev
FNDA:6,_ZN7testing8internal15TestFactoryImplI26silenciosTEST_unAudio_TestED1Ev
FNDA:6,_ZN7testing8internal15TestFactoryImplI26silenciosTEST_unAudio_TestEC1Ev
FNDA:4,_ZN7testing8internal15TestFactoryImplI26silenciosTEST_unAudio_TestE10CreateTestEv
FNDA:0,_ZN7testing8internal12CodeLocationD1Ev
FNDA:0,_ZN7testing8internal12CodeLocationC1ERKNSt7__cxx1112basic_stringIcSt11char_traitsIcESaIcEEEi
FNF:8
FNH:4
DA:466,0
DA:473,0
DA:482,18
DA:484,4
DA:504,0
DA:505,0
DA:506,0
LF:7
LH:2
end_of_record
SF:/c/Users/Usuario/Documents/programacion/final/lib/googletest-master/googletest/include/gtest/internal/gtest-port.h
FN:1162,_ZN7testing8internal10scoped_ptrINSt7__cxx1118basic_stringstreamIcSt11char_traitsIcESaIcEEEED1Ev
FN:1162,_ZN7testing8internal10scoped_ptrINSt7__cxx1112basic_stringIcSt11char_traitsIcESaIcEEEED1Ev
FN:1165,_ZNK7testing8internal10scoped_ptrINSt7__cxx1112basic_stringIcSt11char_traitsIcESaIcEEEEptEv
FN:1166,_ZNK7testing8internal10scoped_ptrINSt7__cxx1112basic_stringIcSt11char_traitsIcESaIcEEEE3getEv
FN:1174,_ZN7testing8internal10scoped_ptrINSt7__cxx1112basic_stringIcSt11char_traitsIcESaIcEEEE5resetEPS7_
FN:1174,_ZN7testing8internal10scoped_ptrINSt7__cxx1118basic_stringstreamIcSt11char_traitsIcESaIcEEEE5resetEPS7_
FNDA:0,_ZN7testing8internal10scoped_ptrINSt7__cxx1112basic_stringIcSt11char_traitsIcESaIcEEEED1Ev
FNDA:0,_ZN7testing8internal10scoped_ptrINSt7__cxx1118basic_stringstreamIcSt11char_traitsIcESaIcEEEED1Ev
FNDA:0,_ZNK7testing8internal10scoped_ptrINSt7__cxx1112basic_stringIcSt11char_traitsIcESaIcEEEEptEv
FNDA:0,_ZNK7testing8internal10scoped_ptrINSt7__cxx1112basic_stringIcSt11char_traitsIcESaIcEEEE3getEv
FNDA:0,_ZN7testing8internal10scoped_ptrINSt7__cxx1118basic_stringstreamIcSt11char_traitsIcESaIcEEEE5resetEPS7_
FNDA:0,_ZN7testing8internal10scoped_ptrINSt7__cxx1112basic_stringIcSt11char_traitsIcESaIcEEEE5resetEPS7_
FNF:6
FNH:0
DA:1162,0
DA:1165,0
DA:1166,0
DA:1174,0
DA:1175,0
DA:1176,0
DA:1177,0
DA:1179,0
DA:1181,0
LF:9
LH:0
end_of_record
SF:/c/Users/Usuario/Documents/programacion/final/tests/silenciosTEST.cpp
FN:10,_ZN26silenciosTEST_unAudio_TestC1Ev
FN:10,_ZN26silenciosTEST_unAudio_TestD1Ev
FN:10,_ZN26silenciosTEST_unAudio_Test8TestBodyEv
FN:10,_ZN26silenciosTEST_unAudio_TestD0Ev
FN:38,_GLOBAL__sub_I__ZN26silenciosTEST_unAudio_Test10test_info_E
FN:38,_Z41__static_initialization_and_destruction_0ii
FNDA:4,_ZN26silenciosTEST_unAudio_TestD0Ev
FNDA:4,_ZN26silenciosTEST_unAudio_TestD1Ev
FNDA:4,_ZN26silenciosTEST_unAudio_Test8TestBodyEv
FNDA:4,_ZN26silenciosTEST_unAudio_TestC1Ev
FNDA:6,_GLOBAL__sub_I__ZN26silenciosTEST_unAudio_Test10test_info_E
FNDA:6,_Z41__static_initialization_and_destruction_0ii
FNF:6
FNH:6
DA:10,22
DA:11,4
DA:12,4
DA:13,7
DA:17,7
DA:19,7
DA:20,4
DA:21,4
DA:22,9
DA:23,6
DA:24,6
DA:27,6
DA:28,6
DA:30,6
DA:32,6
DA:33,6
DA:35,6
DA:38,18
LF:18
LH:18
end_of_record
SF:/c/mingw/lib/gcc/mingw32/6.3.0/include/c++/bits/alloc_traits.h
FN:415,_ZNSt16allocator_traitsISaIiEE8allocateERS0_j
FN:415,_ZNSt16allocator_traitsISaISt5tupleIJffEEEE8allocateERS2_j
FN:441,_ZNSt16allocator_traitsISaISt5tupleIJffEEEE10deallocateERS2_PS1_j
FN:441,_ZNSt16allocator_traitsISaIiEE10deallocateERS0_Pij
FNDA:0,_ZNSt16allocator_traitsISaISt5tupleIJffEEEE8allocateERS2_j
FNDA:0,_ZNSt16allocator_traitsISaIiEE8allocateERS0_j
FNDA:0,_ZNSt16allocator_traitsISaISt5tupleIJffEEEE10deallocateERS2_PS1_j
FNDA:0,_ZNSt16allocator_traitsISaIiEE10deallocateERS0_Pij
FNF:4
FNH:0
DA:415,0
DA:416,0
DA:441,0
DA:442,0
LF:4
LH:0
end_of_record
SF:/c/mingw/lib/gcc/mingw32/6.3.0/include/c++/bits/allocator.h
FN:131,_ZNSaIiEC1Ev
FN:131,_ZNSaISt5tupleIJffEEEC1Ev
FN:133,_ZNSaISt5tupleIJffEEEC2ERKS1_
FN:133,_ZNSaIiEC2ERKS_
FN:139,_ZNSaISt5tupleIJffEEED1Ev
FN:139,_ZNSaIiED2Ev
FN:139,_ZNSaIiED1Ev
FN:139,_ZNSaISt5tupleIJffEEED2Ev
FNDA:8,_ZNSaISt5tupleIJffEEEC1Ev
FNDA:0,_ZNSaIiEC1Ev
FNDA:0,_ZNSaISt5tupleIJffEEEC2ERKS1_
FNDA:0,_ZNSaIiEC2ERKS_
FNDA:0,_ZNSaISt5tupleIJffEEED1Ev
FNDA:0,_ZNSaISt5tupleIJffEEED2Ev
FNDA:0,_ZNSaIiED1Ev
FNDA:0,_ZNSaIiED2Ev
FNF:8
FNH:1
DA:131,8
DA:133,0
DA:134,0
DA:139,0
LF:4
LH:1
end_of_record
SF:/c/mingw/lib/gcc/mingw32/6.3.0/include/c++/bits/cpp_type_traits.h
FN:408,_ZSt12__miter_baseIPKiET_S2_
FNDA:0,_ZSt12__miter_baseIPKiET_S2_
FNF:1
FNH:0
DA:408,0
DA:409,0
LF:2
LH:0
end_of_record
SF:/c/mingw/lib/gcc/mingw32/6.3.0/include/c++/bits/ios_base.h
FN:129,_ZStorSt13_Ios_OpenmodeS_
FNDA:0,_ZStorSt13_Ios_OpenmodeS_
FNF:1
FNH:0
DA:129,0
DA:130,0
LF:2
LH:0
end_of_record
SF:/c/mingw/lib/gcc/mingw32/6.3.0/include/c++/bits/move.h
FN:47,_ZSt11__addressofISt5tupleIJffEEEPT_RS2_
FN:76,_ZSt7forwardIRKSt5tupleIJffEEEOT_RNSt16remove_referenceIS4_E4typeE
FNDA:0,_ZSt11__addressofISt5tupleIJffEEEPT_RS2_
FNDA:0,_ZSt7forwardIRKSt5tupleIJffEEEOT_RNSt16remove_referenceIS4_E4typeE
FNF:2
FNH:0
DA:47,0
DA:50,0
DA:76,0
DA:77,0
LF:4
LH:0
end_of_record
SF:/c/mingw/lib/gcc/mingw32/6.3.0/include/c++/bits/stl_algobase.h
FN:277,_ZSt12__niter_baseIPiET_S1_
FN:277,_ZSt12__niter_baseIPKiET_S2_
FN:357,_ZNSt11__copy_moveILb0ELb1ESt26random_access_iterator_tagE8__copy_mIiEEPT_PKS3_S6_S4_
FN:375,_ZSt13__copy_move_aILb0EPKiPiET1_T0_S4_S3_
FN:420,_ZSt14__copy_move_a2ILb0EPKiPiET1_T0_S4_S3_
FN:446,_ZSt4copyIPKiPiET0_T_S4_S3_
FNDA:0,_ZSt12__niter_baseIPiET_S1_
FNDA:0,_ZSt12__niter_baseIPKiET_S2_
FNDA:0,_ZNSt11__copy_moveILb0ELb1ESt26random_access_iterator_tagE8__copy_mIiEEPT_PKS3_S6_S4_
FNDA:0,_ZSt13__copy_move_aILb0EPKiPiET1_T0_S4_S3_
FNDA:0,_ZSt14__copy_move_a2ILb0EPKiPiET1_T0_S4_S3_
FNDA:0,_ZSt4copyIPKiPiET0_T_S4_S3_
FNF:6
FNH:0
DA:277,0
DA:278,0
DA:357,0
DA:366,0
DA:367,0
DA:368,0
DA:369,0
DA:375,0
DA:383,0
DA:386,0
DA:420,0
DA:422,0
DA:424,0
DA:446,0
DA:455,0
DA:456,0
LF:16
LH:0
end_of_record
SF:/c/mingw/lib/gcc/mingw32/6.3.0/include/c++/bits/stl_construct.h
FN:74,_ZSt10_ConstructISt5tupleIJffEEJRKS1_EEvPT_DpOT0_
FN:112,_ZNSt12_Destroy_auxILb1EE9__destroyIPiEEvT_S3_
FN:112,_ZNSt12_Destroy_auxILb1EE9__destroyIPSt5tupleIJffEEEEvT_S5_
FN:122,_ZSt8_DestroyIPSt5tupleIJffEEEvT_S3_
FN:122,_ZSt8_DestroyIPiEvT_S1_
FN:148,_ZSt8_DestroyIPiiEvT_S1_RSaIT0_E
FN:148,_ZSt8_DestroyIPSt5tupleIJffEES1_EvT_S3_RSaIT0_E
FNDA:0,_ZSt10_ConstructISt5tupleIJffEEJRKS1_EEvPT_DpOT0_
FNDA:0,_ZNSt12_Destroy_auxILb1EE9__destroyIPSt5tupleIJffEEEEvT_S5_
FNDA:0,_ZNSt12_Destroy_auxILb1EE9__destroyIPiEEvT_S3_
FNDA:0,_ZSt8_DestroyIPSt5tupleIJffEEEvT_S3_
FNDA:0,_ZSt8_DestroyIPiEvT_S1_
FNDA:0,_ZSt8_DestroyIPSt5tupleIJffEES1_EvT_S3_RSaIT0_E
FNDA:0,_ZSt8_DestroyIPiiEvT_S1_RSaIT0_E
FNF:7
FNH:0
DA:74,0
DA:75,0
DA:112,0
DA:122,0
DA:126,0
DA:128,0
DA:148,0
DA:151,0
DA:152,0
LF:9
LH:0
end_of_record
SF:/c/mingw/lib/gcc/mingw32/6.3.0/include/c++/bits/stl_iterator_base_funcs.h
FN:96,_ZSt10__distanceIPKiENSt15iterator_traitsIT_E15difference_typeES3_S3_St26random_access_iterator_tag
FN:96,_ZSt10__distanceIPKSt5tupleIJffEEENSt15iterator_traitsIT_E15difference_typeES5_S5_St26random_access_iterator_tag
FN:135,_ZSt8distanceIPKiENSt15iterator_traitsIT_E15difference_typeES3_S3_
FN:135,_ZSt8distanceIPKSt5tupleIJffEEENSt15iterator_traitsIT_E15difference_typeES5_S5_
FNDA:8,_ZSt10__distanceIPKSt5tupleIJffEEENSt15iterator_traitsIT_E15difference_typeES5_S5_St26random_access_iterator_tag
FNDA:0,_ZSt10__distanceIPKiENSt15iterator_traitsIT_E15difference_typeES3_S3_St26random_access_iterator_tag
FNDA:8,_ZSt8distanceIPKSt5tupleIJffEEENSt15iterator_traitsIT_E15difference_typeES5_S5_
FNDA:0,_ZSt8distanceIPKiENSt15iterator_traitsIT_E15difference_typeES3_S3_
FNF:4
FNH:2
DA:96,8
DA:102,8
DA:135,8
DA:138,8
DA:139,16
LF:5
LH:5
end_of_record
SF:/c/mingw/lib/gcc/mingw32/6.3.0/include/c++/bits/stl_iterator_base_types.h
FN:204,_ZSt19__iterator_categoryIPKSt5tupleIJffEEENSt15iterator_traitsIT_E17iterator_categoryERKS5_
FN:204,_ZSt19__iterator_categoryIPKiENSt15iterator_traitsIT_E17iterator_categoryERKS3_
FNDA:8,_ZSt19__iterator_categoryIPKSt5tupleIJffEEENSt15iterator_traitsIT_E17iterator_categoryERKS5_
FNDA:0,_ZSt19__iterator_categoryIPKiENSt15iterator_traitsIT_E17iterator_categoryERKS3_
FNF:2
FNH:1
DA:204,8
DA:205,8
LF:2
LH:2
end_of_record
SF:/c/mingw/lib/gcc/mingw32/6.3.0/include/c++/bits/stl_uninitialized.h
FN:68,_ZNSt20__uninitialized_copyILb0EE13__uninit_copyIPKSt5tupleIJffEEPS3_EET0_T_S8_S7_
FN:91,_ZNSt20__uninitialized_copyILb1EE13__uninit_copyIPKiPiEET0_T_S6_S5_
FN:107,_ZSt18uninitialized_copyIPKiPiET0_T_S4_S3_
FN:107,_ZSt18uninitialized_copyIPKSt5tupleIJffEEPS1_ET0_T_S6_S5_
FN:279,_ZSt22__uninitialized_copy_aIPKiPiiET0_T_S4_S3_RSaIT1_E
FN:279,_ZSt22__uninitialized_copy_aIPKSt5tupleIJffEEPS1_S1_ET0_T_S6_S5_RSaIT1_E
FNDA:8,_ZNSt20__uninitialized_copyILb0EE13__uninit_copyIPKSt5tupleIJffEEPS3_EET0_T_S8_S7_
FNDA:0,_ZNSt20__uninitialized_copyILb1EE13__uninit_copyIPKiPiEET0_T_S6_S5_
FNDA:8,_ZSt18uninitialized_copyIPKSt5tupleIJffEEPS1_ET0_T_S6_S5_
FNDA:0,_ZSt18uninitialized_copyIPKiPiET0_T_S4_S3_
FNDA:8,_ZSt22__uninitialized_copy_aIPKSt5tupleIJffEEPS1_S1_ET0_T_S6_S5_RSaIT1_E
FNDA:0,_ZSt22__uninitialized_copy_aIPKiPiiET0_T_S4_S3_RSaIT1_E
FNF:6
FNH:3
DA:68,8
DA:71,8
DA:74,48
DA:75,20
DA:76,8
DA:91,0
DA:93,0
DA:107,8
DA:120,8
DA:126,8
DA:279,8
DA:281,8
LF:12
LH:10
end_of_record
SF:/c/mingw/lib/gcc/mingw32/6.3.0/include/c++/bits/stl_vector.h
FN:79,_ZNSt12_Vector_baseISt5tupleIJffEESaIS1_EE12_Vector_implD1Ev
FN:79,_ZNSt12_Vector_baseIiSaIiEE12_Vector_implD1Ev
FN:90,_ZNSt12_Vector_baseISt5tupleIJffEESaIS1_EE12_Vector_implC1ERKS2_
FN:90,_ZNSt12_Vector_baseIiSaIiEE12_Vector_implC1ERKS0_
FN:113,_ZNSt12_Vector_baseIiSaIiEE19_M_get_Tp_allocatorEv
FN:113,_ZNSt12_Vector_baseISt5tupleIJffEESaIS1_EE19_M_get_Tp_allocatorEv
FN:127,_ZNSt12_Vector_baseIiSaIiEEC2ERKS0_
FN:127,_ZNSt12_Vector_baseISt5tupleIJffEESaIS1_EEC2ERKS2_
FN:159,_ZNSt12_Vector_baseIiSaIiEED2Ev
FN:159,_ZNSt12_Vector_baseISt5tupleIJffEESaIS1_EED2Ev
FN:167,_ZNSt12_Vector_baseISt5tupleIJffEESaIS1_EE11_M_allocateEj
FN:167,_ZNSt12_Vector_baseIiSaIiEE11_M_allocateEj
FN:174,_ZNSt12_Vector_baseIiSaIiEE13_M_deallocateEPij
FN:174,_ZNSt12_Vector_baseISt5tupleIJffEESaIS1_EE13_M_deallocateEPS1_j
FN:375,_ZNSt6vectorIiSaIiEEC1ESt16initializer_listIiERKS0_
FN:375,_ZNSt6vectorISt5tupleIJffEESaIS1_EEC1ESt16initializer_listIS1_ERKS2_
FN:425,_ZNSt6vectorISt5tupleIJffEESaIS1_EED1Ev
FN:425,_ZNSt6vectorIiSaIiEED1Ev
FN:655,_ZNKSt6vectorISt5tupleIJffEESaIS1_EE4sizeEv
FN:780,_ZNSt6vectorISt5tupleIJffEESaIS1_EEixEj
FN:1281,_ZNSt6vectorISt5tupleIJffEESaIS1_EE19_M_range_initializeIPKS1_EEvT_S7_St20forward_iterator_tag
FN:1281,_ZNSt6vectorIiSaIiEE19_M_range_initializeIPKiEEvT_S5_St20forward_iterator_tag
FNDA:0,_ZNSt12_Vector_baseISt5tupleIJffEESaIS1_EE12_Vector_implD1Ev
FNDA:0,_ZNSt12_Vector_baseIiSaIiEE12_Vector_implD1Ev
FNDA:0,_ZNSt12_Vector_baseISt5tupleIJffEESaIS1_EE12_Vector_implC1ERKS2_
FNDA:0,_ZNSt12_Vector_baseIiSaIiEE12_Vector_implC1ERKS0_
FNDA:0,_ZNSt12_Vector_baseISt5tupleIJffEESaIS1_EE19_M_get_Tp_allocatorEv
FNDA:0,_ZNSt12_Vector_baseIiSaIiEE19_M_get_Tp_allocatorEv
FNDA:8,_ZNSt12_Vector_baseISt5tupleIJffEESaIS1_EEC2ERKS2_
FNDA:0,_ZNSt12_Vector_baseIiSaIiEEC2ERKS0_
FNDA:0,_ZNSt12_Vector_baseISt5tupleIJffEESaIS1_EED2Ev
FNDA:0,_ZNSt12_Vector_baseIiSaIiEED2Ev
FNDA:0,_ZNSt12_Vector_baseISt5tupleIJffEESaIS1_EE11_M_allocateEj
FNDA:0,_ZNSt12_Vector_baseIiSaIiEE11_M_allocateEj
FNDA:0,_ZNSt12_Vector_baseISt5tupleIJffEESaIS1_EE13_M_deallocateEPS1_j
FNDA:0,_ZNSt12_Vector_baseIiSaIiEE13_M_deallocateEPij
FNDA:8,_ZNSt6vectorISt5tupleIJffEESaIS1_EEC1ESt16initializer_listIS1_ERKS2_
FNDA:0,_ZNSt6vectorIiSaIiEEC1ESt16initializer_listIiERKS0_
FNDA:0,_ZNSt6vectorISt5tupleIJffEESaIS1_EED1Ev
FNDA:0,_ZNSt6vectorIiSaIiEED1Ev
FNDA:0,_ZNKSt6vectorISt5tupleIJffEESaIS1_EE4sizeEv
FNDA:0,_ZNSt6vectorISt5tupleIJffEESaIS1_EEixEj
FNDA:8,_ZNSt6vectorISt5tupleIJffEESaIS1_EE19_M_range_initializeIPKS1_EEvT_S7_St20forward_iterator_tag
FNDA:0,_ZNSt6vectorIiSaIiEE19_M_range_initializeIPKiEEvT_S5_St20forward_iterator_tag
FNF:22
FNH:3
DA:79,0
DA:90,0
DA:91,0
DA:92,0
DA:113,0
DA:114,0
DA:127,8
DA:128,8
DA:159,0
DA:160,0
DA:161,0
DA:167,0
DA:170,0
DA:174,0
DA:177,0
DA:178,0
DA:179,0
DA:375,8
DA:377,8
DA:379,8
DA:381,8
DA:425,0
DA:426,0
DA:427,0
DA:655,0
DA:656,0
DA:780,0
DA:781,0
DA:1281,8
DA:1284,8
DA:1285,8
DA:1286,8
DA:1287,8
DA:1288,8
DA:1290,8
DA:1291,8
LF:36
LH:14
end_of_record
SF:/c/mingw/lib/gcc/mingw32/6.3.0/include/c++/cmath
FN:283,_ZSt5floorf
FNDA:0,_ZSt5floorf
FNF:1
FNH:0
DA:283,0
DA:284,0
LF:2
LH:0
end_of_record
SF:/c/mingw/lib/gcc/mingw32/6.3.0/include/c++/ext/new_allocator.h
FN:79,_ZN9__gnu_cxx13new_allocatorIiEC2Ev
FN:79,_ZN9__gnu_cxx13new_allocatorISt5tupleIJffEEEC2Ev
FN:81,_ZN9__gnu_cxx13new_allocatorIiEC2ERKS1_
FN:81,_ZN9__gnu_cxx13new_allocatorISt5tupleIJffEEEC2ERKS3_
FN:86,_ZN9__gnu_cxx13new_allocatorIiED2Ev
FN:86,_ZN9__gnu_cxx13new_allocatorISt5tupleIJffEEED2Ev
FN:99,_ZN9__gnu_cxx13new_allocatorISt5tupleIJffEEE8allocateEjPKv
FN:99,_ZN9__gnu_cxx13new_allocatorIiE8allocateEjPKv
FN:109,_ZN9__gnu_cxx13new_allocatorIiE10deallocateEPij
FN:109,_ZN9__gnu_cxx13new_allocatorISt5tupleIJffEEE10deallocateEPS2_j
FN:113,_ZNK9__gnu_cxx13new_allocatorIiE8max_sizeEv
FN:113,_ZNK9__gnu_cxx13new_allocatorISt5tupleIJffEEE8max_sizeEv
FNDA:0,_ZN9__gnu_cxx13new_allocatorISt5tupleIJffEEEC2Ev
FNDA:0,_ZN9__gnu_cxx13new_allocatorIiEC2Ev
FNDA:0,_ZN9__gnu_cxx13new_allocatorISt5tupleIJffEEEC2ERKS3_
FNDA:0,_ZN9__gnu_cxx13new_allocatorIiEC2ERKS1_
FNDA:0,_ZN9__gnu_cxx13new_allocatorISt5tupleIJffEEED2Ev
FNDA:0,_ZN9__gnu_cxx13new_allocatorIiED2Ev
FNDA:0,_ZN9__gnu_cxx13new_allocatorISt5tupleIJffEEE8allocateEjPKv
FNDA:0,_ZN9__gnu_cxx13new_allocatorIiE8allocateEjPKv
FNDA:0,_ZN9__gnu_cxx13new_allocatorISt5tupleIJffEEE10deallocateEPS2_j
FNDA:0,_ZN9__gnu_cxx13new_allocatorIiE10deallocateEPij
FNDA:0,_ZNK9__gnu_cxx13new_allocatorISt5tupleIJffEEE8max_sizeEv
FNDA:0,_ZNK9__gnu_cxx13new_allocatorIiE8max_sizeEv
FNF:12
FNH:0
DA:79,0
DA:81,0
DA:86,0
DA:99,0
DA:101,0
DA:102,0
DA:104,0
DA:109,0
DA:110,0
DA:113,0
DA:114,0
LF:11
LH:0
end_of_record
SF:/c/mingw/lib/gcc/mingw32/6.3.0/include/c++/initializer_list
FN:71,_ZNKSt16initializer_listISt5tupleIJffEEE4sizeEv
FN:71,_ZNKSt16initializer_listIiE4sizeEv
FN:75,_ZNKSt16initializer_listISt5tupleIJffEEE5beginEv
FN:75,_ZNKSt16initializer_listIiE5beginEv
FN:79,_ZNKSt16initializer_listIiE3endEv
FN:79,_ZNKSt16initializer_listISt5tupleIJffEEE3endEv
FNDA:8,_ZNKSt16initializer_listISt5tupleIJffEEE4sizeEv
FNDA:0,_ZNKSt16initializer_listIiE4sizeEv
FNDA:16,_ZNKSt16initializer_listISt5tupleIJffEEE5beginEv
FNDA:0,_ZNKSt16initializer_listIiE5beginEv
FNDA:8,_ZNKSt16initializer_listISt5tupleIJffEEE3endEv
FNDA:0,_ZNKSt16initializer_listIiE3endEv
FNF:6
FNH:3
DA:71,8
DA:75,16
DA:79,8
LF:3
LH:3
end_of_record
SF:/c/mingw/lib/gcc/mingw32/6.3.0/include/c++/iostream
FN:74,__tcf_0
FNDA:6,__tcf_0
FNF:1
FNH:1
DA:74,12
LF:1
LH:1
end_of_record
SF:/c/mingw/lib/gcc/mingw32/6.3.0/include/c++/new
FN:146,_ZnwjPv
FNDA:0,_ZnwjPv
FNF:1
FNH:0
DA:146,0
DA:147,0
LF:2
LH:0
end_of_record
SF:/c/mingw/lib/gcc/mingw32/6.3.0/include/c++/tuple
FN:142,_ZNSt10_Head_baseILj1EfLb0EE7_M_headERS0_
FN:142,_ZNSt10_Head_baseILj0EfLb0EE7_M_headERS0_
FN:190,_ZNSt11_Tuple_implILj0EJffEE7_M_headERS0_
FN:346,_ZNSt11_Tuple_implILj1EJfEE7_M_headERS0_
FN:1243,_ZSt12__get_helperILj1EfJEERT0_RSt11_Tuple_implIXT_EJS0_DpT1_EE
FN:1243,_ZSt12__get_helperILj0EfJfEERT0_RSt11_Tuple_implIXT_EJS0_DpT1_EE
FN:1254,_ZSt3getILj1EJffEERNSt13tuple_elementIXT_ESt5tupleIJDpT0_EEE4typeERS4_
FN:1254,_ZSt3getILj0EJffEERNSt13tuple_elementIXT_ESt5tupleIJDpT0_EEE4typeERS4_
FNDA:0,_ZNSt10_Head_baseILj1EfLb0EE7_M_headERS0_
FNDA:0,_ZNSt10_Head_baseILj0EfLb0EE7_M_headERS0_
FNDA:0,_ZNSt11_Tuple_implILj0EJffEE7_M_headERS0_
FNDA:0,_ZNSt11_Tuple_implILj1EJfEE7_M_headERS0_
FNDA:0,_ZSt12__get_helperILj1EfJEERT0_RSt11_Tuple_implIXT_EJS0_DpT1_EE
FNDA:0,_ZSt12__get_helperILj0EfJfEERT0_RSt11_Tuple_implIXT_EJS0_DpT1_EE
FNDA:0,_ZSt3getILj1EJffEERNSt13tuple_elementIXT_ESt5tupleIJDpT0_EEE4typeERS4_
FNDA:0,_ZSt3getILj0EJffEERNSt13tuple_elementIXT_ESt5tupleIJDpT0_EEE4typeERS4_
FNF:8
FNH:0
DA:142,0
DA:190,0
DA:346,0
DA:1243,0
DA:1244,0
DA:1254,0
DA:1255,0
LF:7
LH:0
end_of_record
