TN:
SF:/c/Users/Usuario/Documents/programacion/final/Funciones_TPI.cpp
FN:14,_Z17grabarVectorAudioSt6vectorIiSaIiEENSt7__cxx1112basic_stringIcSt11char_traitsIcESaIcEEE
FN:29,_Z15leerVectorAudioNSt7__cxx1112basic_stringIcSt11char_traitsIcESaIcEEERiS5_S5_
FN:67,_Z15cargarSalaAudioSt6vectorINSt7__cxx1112basic_stringIcSt11char_traitsIcESaIcEEESaIS5_EERiS8_S8_
FN:77,_Z15cargarSalaAudioSt6vectorINSt7__cxx1112basic_stringIcSt11char_traitsIcESaIcEEESaIS5_EERiS8_S8_ii
FN:87,_Z20calcularEstadisticosSt6vectorIiSaIiEERfS2_
FN:106,_Z8subAudioSt6vectorIiSaIiEEii
FN:115,_Z11correlacionSt6vectorIiSaIiEES1_
FN:127,_GLOBAL__sub_I__Z17grabarVectorAudioSt6vectorIiSaIiEENSt7__cxx1112basic_stringIcSt11char_traitsIcESaIcEEE
FN:127,_Z41__static_initialization_and_destruction_0ii
FNDA:0,_Z17grabarVectorAudioSt6vectorIiSaIiEENSt7__cxx1112basic_stringIcSt11char_traitsIcESaIcEEE
FNDA:38,_Z15leerVectorAudioNSt7__cxx1112basic_stringIcSt11char_traitsIcESaIcEEERiS5_S5_
FNDA:3,_Z15cargarSalaAudioSt6vectorINSt7__cxx1112basic_stringIcSt11char_traitsIcESaIcEEESaIS5_EERiS8_S8_
FNDA:3,_Z15cargarSalaAudioSt6vectorINSt7__cxx1112basic_stringIcSt11char_traitsIcESaIcEEESaIS5_EERiS8_S8_ii
FNDA:1080060,_Z20calcularEstadisticosSt6vectorIiSaIiEERfS2_
FNDA:21,_Z8subAudioSt6vectorIiSaIiEEii
FNDA:540030,_Z11correlacionSt6vectorIiSaIiEES1_
FNDA:3,_GLOBAL__sub_I__Z17grabarVectorAudioSt6vectorIiSaIiEENSt7__cxx1112basic_stringIcSt11char_traitsIcESaIcEEE
FNDA:3,_Z41__static_initialization_and_destruction_0ii
FNF:9
FNH:8
DA:14,0
DA:15,0
DA:16,0
DA:17,0
DA:18,0
DA:19,0
DA:20,0
DA:24,0
DA:26,0
DA:27,0
DA:29,38
DA:30,76
DA:32,38
DA:33,38
DA:35,38
DA:36,38
DA:37,145920266
DA:38,72960114
DA:39,38
DA:41,72960076
DA:42,38
DA:45,72960038
DA:46,38
DA:49,72960000
DA:50,72960000
DA:54,72960114
DA:56,38
DA:57,0
DA:60,0
DA:62,38
DA:63,76
DA:67,3
DA:68,3
DA:70,17
DA:71,28
DA:72,14
DA:74,3
DA:77,3
DA:78,3
DA:80,15
DA:81,24
DA:82,12
DA:84,3
DA:87,1080060
DA:89,1080060
DA:91,1080060
DA:92,1080060
DA:94,15769080240
DA:95,15768000180
DA:96,1080060
DA:98,1080060
DA:99,15769080240
DA:100,15768000180
DA:101,15768000180
DA:103,1080060
DA:104,1080060
DA:106,21
DA:107,21
DA:108,21
DA:109,21
DA:111,0
DA:112,21
DA:115,540030
DA:116,540030
DA:118,540030
DA:120,540030
DA:121,540030
DA:122,7884540120
DA:123,7884000090
DA:125,540030
DA:126,540030
DA:127,9
LF:72
LH:59
end_of_record
SF:/c/mingw/lib/gcc/mingw32/6.3.0/include/c++/bits/alloc_traits.h
FN:415,_ZNSt16allocator_traitsISaISt6vectorIiSaIiEEEE8allocateERS3_j
FN:415,_ZNSt16allocator_traitsISaIiEE8allocateERS0_j
FN:441,_ZNSt16allocator_traitsISaIiEE10deallocateERS0_Pij
FN:441,_ZNSt16allocator_traitsISaISt6vectorIiSaIiEEEE10deallocateERS3_PS2_j
FN:454,_ZNSt16allocator_traitsISaIiEE9constructIiJRKiEEEvRS0_PT_DpOT0_
FN:454,_ZNSt16allocator_traitsISaISt6vectorIiSaIiEEEE9constructIS2_JS2_EEEvRS3_PT_DpOT0_
FN:454,_ZNSt16allocator_traitsISaISt6vectorIiSaIiEEEE9constructIS2_JRKS2_EEEvRS3_PT_DpOT0_
FN:466,_ZNSt16allocator_traitsISaISt6vectorIiSaIiEEEE7destroyIS2_EEvRS3_PT_
FN:466,_ZNSt16allocator_traitsISaIiEE7destroyIiEEvRS0_PT_
FN:475,_ZNSt16allocator_traitsISaIiEE8max_sizeERKS0_
FN:475,_ZNSt16allocator_traitsISaISt6vectorIiSaIiEEEE8max_sizeERKS3_
FN:484,_ZNSt16allocator_traitsISaIiEE37select_on_container_copy_constructionERKS0_
FN:515,_ZSt18__do_alloc_on_moveISaIiEEvRT_S2_St17integral_constantIbLb1EE
FN:523,_ZSt15__alloc_on_moveISaIiEEvRT_S2_
FNDA:0,_ZNSt16allocator_traitsISaISt6vectorIiSaIiEEEE8allocateERS3_j
FNDA:0,_ZNSt16allocator_traitsISaIiEE8allocateERS0_j
FNDA:0,_ZNSt16allocator_traitsISaISt6vectorIiSaIiEEEE10deallocateERS3_PS2_j
FNDA:0,_ZNSt16allocator_traitsISaIiEE10deallocateERS0_Pij
FNDA:12,_ZNSt16allocator_traitsISaISt6vectorIiSaIiEEEE9constructIS2_JS2_EEEvRS3_PT_DpOT0_
FNDA:0,_ZNSt16allocator_traitsISaISt6vectorIiSaIiEEEE9constructIS2_JRKS2_EEEvRS3_PT_DpOT0_
FNDA:0,_ZNSt16allocator_traitsISaIiEE9constructIiJRKiEEEvRS0_PT_DpOT0_
FNDA:0,_ZNSt16allocator_traitsISaISt6vectorIiSaIiEEEE7destroyIS2_EEvRS3_PT_
FNDA:0,_ZNSt16allocator_traitsISaIiEE7destroyIiEEvRS0_PT_
FNDA:0,_ZNSt16allocator_traitsISaISt6vectorIiSaIiEEEE8max_sizeERKS3_
FNDA:0,_ZNSt16allocator_traitsISaIiEE8max_sizeERKS0_
FNDA:0,_ZNSt16allocator_traitsISaIiEE37select_on_container_copy_constructionERKS0_
FNDA:21,_ZSt18__do_alloc_on_moveISaIiEEvRT_S2_St17integral_constantIbLb1EE
FNDA:21,_ZSt15__alloc_on_moveISaIiEEvRT_S2_
FNF:14
FNH:3
DA:415,0
DA:416,0
DA:441,0
DA:442,0
DA:454,12
DA:455,12
DA:466,0
DA:467,0
DA:475,0
DA:476,0
DA:484,0
DA:485,0
DA:515,21
DA:516,21
DA:523,21
DA:527,21
DA:528,21
LF:17
LH:7
end_of_record
SF:/c/mingw/lib/gcc/mingw32/6.3.0/include/c++/bits/allocator.h
FN:131,_ZNSaIiEC1Ev
FN:131,_ZNSaIiEC2Ev
FN:131,_ZNSaISt6vectorIiSaIiEEEC2Ev
FN:133,_ZNSaIiEC1ERKS_
FN:133,_ZNSaIiEC2ERKS_
FN:139,_ZNSaISt6vectorIiSaIiEEED2Ev
FN:139,_ZNSaIiED2Ev
FN:139,_ZNSaIiED1Ev
FNDA:0,_ZNSaISt6vectorIiSaIiEEEC2Ev
FNDA:0,_ZNSaIiEC1Ev
FNDA:0,_ZNSaIiEC2Ev
FNDA:0,_ZNSaIiEC1ERKS_
FNDA:0,_ZNSaIiEC2ERKS_
FNDA:0,_ZNSaISt6vectorIiSaIiEEED2Ev
FNDA:0,_ZNSaIiED1Ev
FNDA:0,_ZNSaIiED2Ev
FNF:8
FNH:0
DA:131,0
DA:133,0
DA:134,0
DA:139,0
LF:4
LH:0
end_of_record
SF:/c/mingw/lib/gcc/mingw32/6.3.0/include/c++/bits/cpp_type_traits.h
FN:408,_ZSt12__miter_baseIPiET_S1_
FN:408,_ZSt12__miter_baseIN9__gnu_cxx17__normal_iteratorIPiSt6vectorIiSaIiEEEEET_S7_
FN:408,_ZSt12__miter_baseIN9__gnu_cxx17__normal_iteratorIPKiSt6vectorIiSaIiEEEEET_S8_
FNDA:0,_ZSt12__miter_baseIPiET_S1_
FNDA:42,_ZSt12__miter_baseIN9__gnu_cxx17__normal_iteratorIPiSt6vectorIiSaIiEEEEET_S7_
FNDA:0,_ZSt12__miter_baseIN9__gnu_cxx17__normal_iteratorIPKiSt6vectorIiSaIiEEEEET_S8_
FNF:3
FNH:1
DA:408,42
DA:409,42
LF:2
LH:2
end_of_record
SF:/c/mingw/lib/gcc/mingw32/6.3.0/include/c++/bits/ios_base.h
FN:129,_ZStorSt13_Ios_OpenmodeS_
FNDA:329,_ZStorSt13_Ios_OpenmodeS_
FNF:1
FNH:1
DA:129,329
DA:130,329
LF:2
LH:2
end_of_record
SF:/c/mingw/lib/gcc/mingw32/6.3.0/include/c++/bits/move.h
FN:47,_ZSt11__addressofISt6vectorIiSaIiEEEPT_RS3_
FN:76,_ZSt7forwardIRKiEOT_RNSt16remove_referenceIS2_E4typeE
FN:76,_ZSt7forwardIRKSt6vectorIiSaIiEEEOT_RNSt16remove_referenceIS5_E4typeE
FN:76,_ZSt7forwardISt6vectorIiSaIiEEEOT_RNSt16remove_referenceIS3_E4typeE
FN:101,_ZSt4moveIRPiEONSt16remove_referenceIT_E4typeEOS3_
FN:101,_ZSt4moveIRSt6vectorIiSaIiEEEONSt16remove_referenceIT_E4typeEOS5_
FN:101,_ZSt4moveIRSaIiEEONSt16remove_referenceIT_E4typeEOS3_
FN:179,_ZSt4swapIPiENSt9enable_ifIXsrSt6__and_IJSt21is_move_constructibleIT_ESt18is_move_assignableIS4_EEE5valueEvE4typeERS4_SB_
FNDA:0,_ZSt11__addressofISt6vectorIiSaIiEEEPT_RS3_
FNDA:0,_ZSt7forwardISt6vectorIiSaIiEEEOT_RNSt16remove_referenceIS3_E4typeE
FNDA:0,_ZSt7forwardIRKSt6vectorIiSaIiEEEOT_RNSt16remove_referenceIS5_E4typeE
FNDA:0,_ZSt7forwardIRKiEOT_RNSt16remove_referenceIS2_E4typeE
FNDA:0,_ZSt4moveIRPiEONSt16remove_referenceIT_E4typeEOS3_
FNDA:0,_ZSt4moveIRSaIiEEONSt16remove_referenceIT_E4typeEOS3_
FNDA:0,_ZSt4moveIRSt6vectorIiSaIiEEEONSt16remove_referenceIT_E4typeEOS5_
FNDA:0,_ZSt4swapIPiENSt9enable_ifIXsrSt6__and_IJSt21is_move_constructibleIT_ESt18is_move_assignableIS4_EEE5valueEvE4typeERS4_SB_
FNF:8
FNH:0
DA:47,0
DA:50,0
DA:76,0
DA:77,0
DA:101,0
DA:102,0
DA:179,0
DA:190,0
DA:191,0
DA:192,0
DA:193,0
LF:11
LH:0
end_of_record
SF:/c/mingw/lib/gcc/mingw32/6.3.0/include/c++/bits/stl_algobase.h
FN:219,_ZSt3maxIjERKT_S2_S2_
FN:277,_ZSt12__niter_baseIPiET_S1_
FN:357,_ZNSt11__copy_moveILb0ELb1ESt26random_access_iterator_tagE8__copy_mIiEEPT_PKS3_S6_S4_
FN:357,_ZNSt11__copy_moveILb1ELb1ESt26random_access_iterator_tagE8__copy_mIiEEPT_PKS3_S6_S4_
FN:375,_ZSt13__copy_move_aILb0EPiS0_ET1_T0_S2_S1_
FN:375,_ZSt13__copy_move_aILb0EPKiPiET1_T0_S4_S3_
FN:375,_ZSt13__copy_move_aILb1EPiS0_ET1_T0_S2_S1_
FN:420,_ZSt14__copy_move_a2ILb0EN9__gnu_cxx17__normal_iteratorIPKiSt6vectorIiSaIiEEEEPiET1_T0_SA_S9_
FN:420,_ZSt14__copy_move_a2ILb0EN9__gnu_cxx17__normal_iteratorIPiSt6vectorIiSaIiEEEES2_ET1_T0_S8_S7_
FN:420,_ZSt14__copy_move_a2ILb1EPiS0_ET1_T0_S2_S1_
FN:446,_ZSt4copyIN9__gnu_cxx17__normal_iteratorIPKiSt6vectorIiSaIiEEEEPiET0_T_SA_S9_
FN:446,_ZSt4copyIN9__gnu_cxx17__normal_iteratorIPiSt6vectorIiSaIiEEEES2_ET0_T_S8_S7_
FN:446,_ZSt4copyISt13move_iteratorIPiES1_ET0_T_S4_S3_
FNDA:0,_ZSt3maxIjERKT_S2_S2_
FNDA:0,_ZSt12__niter_baseIPiET_S1_
FNDA:0,_ZNSt11__copy_moveILb1ELb1ESt26random_access_iterator_tagE8__copy_mIiEEPT_PKS3_S6_S4_
FNDA:0,_ZNSt11__copy_moveILb0ELb1ESt26random_access_iterator_tagE8__copy_mIiEEPT_PKS3_S6_S4_
FNDA:21,_ZSt13__copy_move_aILb0EPiS0_ET1_T0_S2_S1_
FNDA:0,_ZSt13__copy_move_aILb1EPiS0_ET1_T0_S2_S1_
FNDA:0,_ZSt13__copy_move_aILb0EPKiPiET1_T0_S4_S3_
FNDA:21,_ZSt14__copy_move_a2ILb0EN9__gnu_cxx17__normal_iteratorIPiSt6vectorIiSaIiEEEES2_ET1_T0_S8_S7_
FNDA:0,_ZSt14__copy_move_a2ILb1EPiS0_ET1_T0_S2_S1_
FNDA:0,_ZSt14__copy_move_a2ILb0EN9__gnu_cxx17__normal_iteratorIPKiSt6vectorIiSaIiEEEEPiET1_T0_SA_S9_
FNDA:21,_ZSt4copyIN9__gnu_cxx17__normal_iteratorIPiSt6vectorIiSaIiEEEES2_ET0_T_S8_S7_
FNDA:0,_ZSt4copyISt13move_iteratorIPiES1_ET0_T_S4_S3_
FNDA:0,_ZSt4copyIN9__gnu_cxx17__normal_iteratorIPKiSt6vectorIiSaIiEEEEPiET0_T_SA_S9_
FNF:13
FNH:3
DA:219,0
DA:224,0
DA:225,0
DA:226,0
DA:277,0
DA:278,0
DA:357,0
DA:366,0
DA:367,0
DA:368,0
DA:369,0
DA:375,21
DA:383,21
DA:386,21
DA:420,21
DA:422,21
DA:424,21
DA:446,21
DA:455,21
DA:456,21
LF:20
LH:9
end_of_record
SF:/c/mingw/lib/gcc/mingw32/6.3.0/include/c++/bits/stl_construct.h
FN:74,_ZSt10_ConstructISt6vectorIiSaIiEEJS2_EEvPT_DpOT0_
FN:92,_ZSt8_DestroyISt6vectorIiSaIiEEEvPT_
FN:100,_ZNSt12_Destroy_auxILb0EE9__destroyIPSt6vectorIiSaIiEEEEvT_S6_
FN:112,_ZNSt12_Destroy_auxILb1EE9__destroyIPiEEvT_S3_
FN:122,_ZSt8_DestroyIPiEvT_S1_
FN:122,_ZSt8_DestroyIPSt6vectorIiSaIiEEEvT_S4_
FN:148,_ZSt8_DestroyIPSt6vectorIiSaIiEES2_EvT_S4_RSaIT0_E
FN:148,_ZSt8_DestroyIPiiEvT_S1_RSaIT0_E
FNDA:0,_ZSt10_ConstructISt6vectorIiSaIiEEJS2_EEvPT_DpOT0_
FNDA:0,_ZSt8_DestroyISt6vectorIiSaIiEEEvPT_
FNDA:0,_ZNSt12_Destroy_auxILb0EE9__destroyIPSt6vectorIiSaIiEEEEvT_S6_
FNDA:0,_ZNSt12_Destroy_auxILb1EE9__destroyIPiEEvT_S3_
FNDA:0,_ZSt8_DestroyIPSt6vectorIiSaIiEEEvT_S4_
FNDA:0,_ZSt8_DestroyIPiEvT_S1_
FNDA:0,_ZSt8_DestroyIPSt6vectorIiSaIiEES2_EvT_S4_RSaIT0_E
FNDA:0,_ZSt8_DestroyIPiiEvT_S1_RSaIT0_E
FNF:8
FNH:0
DA:74,0
DA:75,0
DA:92,0
DA:93,0
DA:100,0
DA:102,0
DA:103,0
DA:104,0
DA:112,0
DA:122,0
DA:126,0
DA:128,0
DA:148,0
DA:151,0
DA:152,0
LF:15
LH:0
end_of_record
SF:/c/mingw/lib/gcc/mingw32/6.3.0/include/c++/bits/stl_iterator.h
FN:776,_ZN9__gnu_cxx17__normal_iteratorIPiSt6vectorIiSaIiEEEC1ERKS1_
FN:776,_ZN9__gnu_cxx17__normal_iteratorIPKiSt6vectorIiSaIiEEEC1ERKS2_
FN:829,_ZNK9__gnu_cxx17__normal_iteratorIPiSt6vectorIiSaIiEEEplEi
FN:841,_ZNK9__gnu_cxx17__normal_iteratorIPKiSt6vectorIiSaIiEEE4baseEv
FN:841,_ZNK9__gnu_cxx17__normal_iteratorIPiSt6vectorIiSaIiEEE4baseEv
FN:959,_ZN9__gnu_cxxmiIPiSt6vectorIiSaIiEEEENS_17__normal_iteratorIT_T0_E15difference_typeERKS8_SB_
FN:980,_ZSt12__niter_baseIPiSt6vectorIiSaIiEEET_N9__gnu_cxx17__normal_iteratorIS4_T0_EE
FN:980,_ZSt12__niter_baseIPKiSt6vectorIiSaIiEEET_N9__gnu_cxx17__normal_iteratorIS5_T0_EE
FN:1032,_ZNSt13move_iteratorIPiEC1ES0_
FN:1032,_ZNSt13move_iteratorIPSt6vectorIiSaIiEEEC1ES3_
FN:1040,_ZNKSt13move_iteratorIPSt6vectorIiSaIiEEE4baseEv
FN:1040,_ZNKSt13move_iteratorIPiE4baseEv
FN:1044,_ZNKSt13move_iteratorIPSt6vectorIiSaIiEEEdeEv
FN:1052,_ZNSt13move_iteratorIPSt6vectorIiSaIiEEEppEv
FN:1119,_ZSteqIPSt6vectorIiSaIiEEEbRKSt13move_iteratorIT_ES8_
FN:1131,_ZStneIPSt6vectorIiSaIiEEEbRKSt13move_iteratorIT_ES8_
FN:1223,_ZSt32__make_move_if_noexcept_iteratorISt6vectorIiSaIiEESt13move_iteratorIPS2_EET0_PT_
FN:1223,_ZSt32__make_move_if_noexcept_iteratorIiSt13move_iteratorIPiEET0_PT_
FN:1243,_ZSt12__miter_baseIPiEDTcl12__miter_basecldtfp_4baseEEESt13move_iteratorIT_E
FNDA:0,_ZN9__gnu_cxx17__normal_iteratorIPKiSt6vectorIiSaIiEEEC1ERKS2_
FNDA:105,_ZN9__gnu_cxx17__normal_iteratorIPiSt6vectorIiSaIiEEEC1ERKS1_
FNDA:63,_ZNK9__gnu_cxx17__normal_iteratorIPiSt6vectorIiSaIiEEEplEi
FNDA:0,_ZNK9__gnu_cxx17__normal_iteratorIPKiSt6vectorIiSaIiEEE4baseEv
FNDA:84,_ZNK9__gnu_cxx17__normal_iteratorIPiSt6vectorIiSaIiEEE4baseEv
FNDA:21,_ZN9__gnu_cxxmiIPiSt6vectorIiSaIiEEEENS_17__normal_iteratorIT_T0_E15difference_typeERKS8_SB_
FNDA:42,_ZSt12__niter_baseIPiSt6vectorIiSaIiEEET_N9__gnu_cxx17__normal_iteratorIS4_T0_EE
FNDA:0,_ZSt12__niter_baseIPKiSt6vectorIiSaIiEEET_N9__gnu_cxx17__normal_iteratorIS5_T0_EE
FNDA:0,_ZNSt13move_iteratorIPSt6vectorIiSaIiEEEC1ES3_
FNDA:0,_ZNSt13move_iteratorIPiEC1ES0_
FNDA:0,_ZNKSt13move_iteratorIPSt6vectorIiSaIiEEE4baseEv
FNDA:0,_ZNKSt13move_iteratorIPiE4baseEv
FNDA:0,_ZNKSt13move_iteratorIPSt6vectorIiSaIiEEEdeEv
FNDA:0,_ZNSt13move_iteratorIPSt6vectorIiSaIiEEEppEv
FNDA:0,_ZSteqIPSt6vectorIiSaIiEEEbRKSt13move_iteratorIT_ES8_
FNDA:0,_ZStneIPSt6vectorIiSaIiEEEbRKSt13move_iteratorIT_ES8_
FNDA:0,_ZSt32__make_move_if_noexcept_iteratorISt6vectorIiSaIiEESt13move_iteratorIPS2_EET0_PT_
FNDA:0,_ZSt32__make_move_if_noexcept_iteratorIiSt13move_iteratorIPiEET0_PT_
FNDA:0,_ZSt12__miter_baseIPiEDTcl12__miter_basecldtfp_4baseEEESt13move_iteratorIT_E
FNF:19
FNH:5
DA:776,105
DA:777,105
DA:829,63
DA:830,63
DA:841,84
DA:842,84
DA:959,21
DA:962,21
DA:980,42
DA:981,42
DA:1032,0
DA:1033,0
DA:1040,0
DA:1041,0
DA:1044,0
DA:1045,0
DA:1052,0
DA:1054,0
DA:1055,0
DA:1119,0
DA:1121,0
DA:1131,0
DA:1133,0
DA:1223,0
DA:1224,0
DA:1243,0
DA:1245,0
LF:27
LH:10
end_of_record
SF:/c/mingw/lib/gcc/mingw32/6.3.0/include/c++/bits/stl_iterator_base_funcs.h
FN:96,_ZSt10__distanceIN9__gnu_cxx17__normal_iteratorIPiSt6vectorIiSaIiEEEEENSt15iterator_traitsIT_E15difference_typeES8_S8_St26random_access_iterator_tag
FN:135,_ZSt8distanceIN9__gnu_cxx17__normal_iteratorIPiSt6vectorIiSaIiEEEEENSt15iterator_traitsIT_E15difference_typeES8_S8_
FNDA:21,_ZSt10__distanceIN9__gnu_cxx17__normal_iteratorIPiSt6vectorIiSaIiEEEEENSt15iterator_traitsIT_E15difference_typeES8_S8_St26random_access_iterator_tag
FNDA:21,_ZSt8distanceIN9__gnu_cxx17__normal_iteratorIPiSt6vectorIiSaIiEEEEENSt15iterator_traitsIT_E15difference_typeES8_S8_
FNF:2
FNH:2
DA:96,21
DA:102,21
DA:135,21
DA:139,21
LF:4
LH:4
end_of_record
SF:/c/mingw/lib/gcc/mingw32/6.3.0/include/c++/bits/stl_iterator_base_types.h
FN:204,_ZSt19__iterator_categoryIN9__gnu_cxx17__normal_iteratorIPiSt6vectorIiSaIiEEEEENSt15iterator_traitsIT_E17iterator_categoryERKS8_
FNDA:21,_ZSt19__iterator_categoryIN9__gnu_cxx17__normal_iteratorIPiSt6vectorIiSaIiEEEEENSt15iterator_traitsIT_E17iterator_categoryERKS8_
FNF:1
FNH:1
DA:204,21
DA:205,21
LF:2
LH:2
end_of_record
SF:/c/mingw/lib/gcc/mingw32/6.3.0/include/c++/bits/stl_uninitialized.h
FN:68,_ZNSt20__uninitialized_copyILb0EE13__uninit_copyISt13move_iteratorIPSt6vectorIiSaIiEEES6_EET0_T_S9_S8_
FN:91,_ZNSt20__uninitialized_copyILb1EE13__uninit_copyIN9__gnu_cxx17__normal_iteratorIPKiSt6vectorIiSaIiEEEEPiEET0_T_SC_SB_
FN:91,_ZNSt20__uninitialized_copyILb1EE13__uninit_copyISt13move_iteratorIPiES3_EET0_T_S6_S5_
FN:91,_ZNSt20__uninitialized_copyILb1EE13__uninit_copyIN9__gnu_cxx17__normal_iteratorIPiSt6vectorIiSaIiEEEES4_EET0_T_SA_S9_
FN:107,_ZSt18uninitialized_copyISt13move_iteratorIPSt6vectorIiSaIiEEES4_ET0_T_S7_S6_
FN:107,_ZSt18uninitialized_copyISt13move_iteratorIPiES1_ET0_T_S4_S3_
FN:107,_ZSt18uninitialized_copyIN9__gnu_cxx17__normal_iteratorIPiSt6vectorIiSaIiEEEES2_ET0_T_S8_S7_
FN:107,_ZSt18uninitialized_copyIN9__gnu_cxx17__normal_iteratorIPKiSt6vectorIiSaIiEEEEPiET0_T_SA_S9_
FN:279,_ZSt22__uninitialized_copy_aISt13move_iteratorIPiES1_iET0_T_S4_S3_RSaIT1_E
FN:279,_ZSt22__uninitialized_copy_aIN9__gnu_cxx17__normal_iteratorIPiSt6vectorIiSaIiEEEES2_iET0_T_S8_S7_RSaIT1_E
FN:279,_ZSt22__uninitialized_copy_aIN9__gnu_cxx17__normal_iteratorIPKiSt6vectorIiSaIiEEEEPiiET0_T_SA_S9_RSaIT1_E
FN:279,_ZSt22__uninitialized_copy_aISt13move_iteratorIPSt6vectorIiSaIiEEES4_S3_ET0_T_S7_S6_RSaIT1_E
FN:297,_ZSt34__uninitialized_move_if_noexcept_aIPSt6vectorIiSaIiEES3_SaIS2_EET0_T_S6_S5_RT1_
FN:297,_ZSt34__uninitialized_move_if_noexcept_aIPiS0_SaIiEET0_T_S3_S2_RT1_
FNDA:0,_ZNSt20__uninitialized_copyILb0EE13__uninit_copyISt13move_iteratorIPSt6vectorIiSaIiEEES6_EET0_T_S9_S8_
FNDA:21,_ZNSt20__uninitialized_copyILb1EE13__uninit_copyIN9__gnu_cxx17__normal_iteratorIPiSt6vectorIiSaIiEEEES4_EET0_T_SA_S9_
FNDA:0,_ZNSt20__uninitialized_copyILb1EE13__uninit_copyISt13move_iteratorIPiES3_EET0_T_S6_S5_
FNDA:0,_ZNSt20__uninitialized_copyILb1EE13__uninit_copyIN9__gnu_cxx17__normal_iteratorIPKiSt6vectorIiSaIiEEEEPiEET0_T_SC_SB_
FNDA:21,_ZSt18uninitialized_copyIN9__gnu_cxx17__normal_iteratorIPiSt6vectorIiSaIiEEEES2_ET0_T_S8_S7_
FNDA:0,_ZSt18uninitialized_copyISt13move_iteratorIPSt6vectorIiSaIiEEES4_ET0_T_S7_S6_
FNDA:0,_ZSt18uninitialized_copyISt13move_iteratorIPiES1_ET0_T_S4_S3_
FNDA:0,_ZSt18uninitialized_copyIN9__gnu_cxx17__normal_iteratorIPKiSt6vectorIiSaIiEEEEPiET0_T_SA_S9_
FNDA:21,_ZSt22__uninitialized_copy_aIN9__gnu_cxx17__normal_iteratorIPiSt6vectorIiSaIiEEEES2_iET0_T_S8_S7_RSaIT1_E
FNDA:0,_ZSt22__uninitialized_copy_aISt13move_iteratorIPSt6vectorIiSaIiEEES4_S3_ET0_T_S7_S6_RSaIT1_E
FNDA:0,_ZSt22__uninitialized_copy_aISt13move_iteratorIPiES1_iET0_T_S4_S3_RSaIT1_E
FNDA:0,_ZSt22__uninitialized_copy_aIN9__gnu_cxx17__normal_iteratorIPKiSt6vectorIiSaIiEEEEPiiET0_T_SA_S9_RSaIT1_E
FNDA:0,_ZSt34__uninitialized_move_if_noexcept_aIPSt6vectorIiSaIiEES3_SaIS2_EET0_T_S6_S5_RT1_
FNDA:0,_ZSt34__uninitialized_move_if_noexcept_aIPiS0_SaIiEET0_T_S3_S2_RT1_
FNF:14
FNH:3
DA:68,0
DA:71,0
DA:74,0
DA:75,0
DA:76,0
DA:78,0
DA:80,0
DA:81,0
DA:91,21
DA:93,21
DA:107,21
DA:120,21
DA:126,21
DA:279,21
DA:281,21
DA:297,0
DA:303,0
DA:304,0
LF:18
LH:7
end_of_record
SF:/c/mingw/lib/gcc/mingw32/6.3.0/include/c++/bits/stl_vector.h
FN:79,_ZNSt12_Vector_baseISt6vectorIiSaIiEESaIS2_EE12_Vector_implD1Ev
FN:79,_ZNSt12_Vector_baseIiSaIiEE12_Vector_implD1Ev
FN:86,_ZNSt12_Vector_baseIiSaIiEE12_Vector_implC1Ev
FN:86,_ZNSt12_Vector_baseISt6vectorIiSaIiEESaIS2_EE12_Vector_implC1Ev
FN:90,_ZNSt12_Vector_baseIiSaIiEE12_Vector_implC1ERKS0_
FN:95,_ZNSt12_Vector_baseIiSaIiEE12_Vector_implC1EOS0_
FN:101,_ZNSt12_Vector_baseIiSaIiEE12_Vector_impl12_M_swap_dataERS2_
FN:113,_ZNSt12_Vector_baseISt6vectorIiSaIiEESaIS2_EE19_M_get_Tp_allocatorEv
FN:113,_ZNSt12_Vector_baseIiSaIiEE19_M_get_Tp_allocatorEv
FN:117,_ZNKSt12_Vector_baseISt6vectorIiSaIiEESaIS2_EE19_M_get_Tp_allocatorEv
FN:117,_ZNKSt12_Vector_baseIiSaIiEE19_M_get_Tp_allocatorEv
FN:121,_ZNKSt12_Vector_baseIiSaIiEE13get_allocatorEv
FN:124,_ZNSt12_Vector_baseIiSaIiEEC2Ev
FN:124,_ZNSt12_Vector_baseISt6vectorIiSaIiEESaIS2_EEC2Ev
FN:127,_ZNSt12_Vector_baseIiSaIiEEC2ERKS0_
FN:134,_ZNSt12_Vector_baseIiSaIiEEC2EjRKS0_
FN:142,_ZNSt12_Vector_baseIiSaIiEEC2EOS1_
FN:159,_ZNSt12_Vector_baseISt6vectorIiSaIiEESaIS2_EED2Ev
FN:159,_ZNSt12_Vector_baseIiSaIiEED2Ev
FN:167,_ZNSt12_Vector_baseIiSaIiEE11_M_allocateEj
FN:167,_ZNSt12_Vector_baseISt6vectorIiSaIiEESaIS2_EE11_M_allocateEj
FN:174,_ZNSt12_Vector_baseIiSaIiEE13_M_deallocateEPij
FN:174,_ZNSt12_Vector_baseISt6vectorIiSaIiEESaIS2_EE13_M_deallocateEPS2_j
FN:183,_ZNSt12_Vector_baseIiSaIiEE17_M_create_storageEj
FN:255,_ZNSt6vectorIiSaIiEEC1Ev
FN:255,_ZNSt6vectorIS_IiSaIiEESaIS1_EEC1Ev
FN:266,_ZNSt6vectorIiSaIiEEC1ERKS0_
FN:320,_ZNSt6vectorIiSaIiEEC1ERKS1_
FN:337,_ZNSt6vectorIiSaIiEEC1EOS1_
FN:403,_ZNSt6vectorIiSaIiEEC1IN9__gnu_cxx17__normal_iteratorIPiS1_EEvEET_S7_RKS0_
FN:425,_ZNSt6vectorIiSaIiEED1Ev
FN:425,_ZNSt6vectorIS_IiSaIiEESaIS1_EED1Ev
FN:450,_ZNSt6vectorIiSaIiEEaSEOS1_
FN:548,_ZNSt6vectorIiSaIiEE5beginEv
FN:557,_ZNKSt6vectorIiSaIiEE5beginEv
FN:566,_ZNSt6vectorIiSaIiEE3endEv
FN:575,_ZNKSt6vectorIiSaIiEE3endEv
FN:655,_ZNKSt6vectorINSt7__cxx1112basic_stringIcSt11char_traitsIcESaIcEEESaIS5_EE4sizeEv
FN:655,_ZNKSt6vectorIS_IiSaIiEESaIS1_EE4sizeEv
FN:655,_ZNKSt6vectorIiSaIiEE4sizeEv
FN:660,_ZNKSt6vectorIS_IiSaIiEESaIS1_EE8max_sizeEv
FN:660,_ZNKSt6vectorIiSaIiEE8max_sizeEv
FN:780,_ZNSt6vectorINSt7__cxx1112basic_stringIcSt11char_traitsIcESaIcEEESaIS5_EEixEj
FN:780,_ZNSt6vectorIiSaIiEEixEj
FN:914,_ZNSt6vectorIS_IiSaIiEESaIS1_EE9push_backERKS1_
FN:914,_ZNSt6vectorIiSaIiEE9push_backERKi
FN:932,_ZNSt6vectorIS_IiSaIiEESaIS1_EE9push_backEOS1_
FN:1256,_ZNSt6vectorIiSaIiEE22_M_initialize_dispatchIN9__gnu_cxx17__normal_iteratorIPiS1_EEEEvT_S7_St12__false_type
FN:1281,_ZNSt6vectorIiSaIiEE19_M_range_initializeIN9__gnu_cxx17__normal_iteratorIPiS1_EEEEvT_S7_St20forward_iterator_tag
FN:1420,_ZNKSt6vectorIS_IiSaIiEESaIS1_EE12_M_check_lenEjPKc
FN:1420,_ZNKSt6vectorIiSaIiEE12_M_check_lenEjPKc
FN:1452,_ZNSt6vectorIiSaIiEE14_M_move_assignEOS1_St17integral_constantIbLb1EE
FNDA:0,_ZNSt12_Vector_baseISt6vectorIiSaIiEESaIS2_EE12_Vector_implD1Ev
FNDA:0,_ZNSt12_Vector_baseIiSaIiEE12_Vector_implD1Ev
FNDA:0,_ZNSt12_Vector_baseISt6vectorIiSaIiEESaIS2_EE12_Vector_implC1Ev
FNDA:0,_ZNSt12_Vector_baseIiSaIiEE12_Vector_implC1Ev
FNDA:0,_ZNSt12_Vector_baseIiSaIiEE12_Vector_implC1ERKS0_
FNDA:0,_ZNSt12_Vector_baseIiSaIiEE12_Vector_implC1EOS0_
FNDA:0,_ZNSt12_Vector_baseIiSaIiEE12_Vector_impl12_M_swap_dataERS2_
FNDA:0,_ZNSt12_Vector_baseISt6vectorIiSaIiEESaIS2_EE19_M_get_Tp_allocatorEv
FNDA:0,_ZNSt12_Vector_baseIiSaIiEE19_M_get_Tp_allocatorEv
FNDA:0,_ZNKSt12_Vector_baseISt6vectorIiSaIiEESaIS2_EE19_M_get_Tp_allocatorEv
FNDA:0,_ZNKSt12_Vector_baseIiSaIiEE19_M_get_Tp_allocatorEv
FNDA:21,_ZNKSt12_Vector_baseIiSaIiEE13get_allocatorEv
FNDA:0,_ZNSt12_Vector_baseISt6vectorIiSaIiEESaIS2_EEC2Ev
FNDA:0,_ZNSt12_Vector_baseIiSaIiEEC2Ev
FNDA:171,_ZNSt12_Vector_baseIiSaIiEEC2ERKS0_
FNDA:0,_ZNSt12_Vector_baseIiSaIiEEC2EjRKS0_
FNDA:0,_ZNSt12_Vector_baseIiSaIiEEC2EOS1_
FNDA:0,_ZNSt12_Vector_baseISt6vectorIiSaIiEESaIS2_EED2Ev
FNDA:0,_ZNSt12_Vector_baseIiSaIiEED2Ev
FNDA:0,_ZNSt12_Vector_baseISt6vectorIiSaIiEESaIS2_EE11_M_allocateEj
FNDA:0,_ZNSt12_Vector_baseIiSaIiEE11_M_allocateEj
FNDA:0,_ZNSt12_Vector_baseISt6vectorIiSaIiEESaIS2_EE13_M_deallocateEPS2_j
FNDA:0,_ZNSt12_Vector_baseIiSaIiEE13_M_deallocateEPij
FNDA:0,_ZNSt12_Vector_baseIiSaIiEE17_M_create_storageEj
FNDA:0,_ZNSt6vectorIS_IiSaIiEESaIS1_EEC1Ev
FNDA:0,_ZNSt6vectorIiSaIiEEC1Ev
FNDA:21,_ZNSt6vectorIiSaIiEEC1ERKS0_
FNDA:0,_ZNSt6vectorIiSaIiEEC1ERKS1_
FNDA:0,_ZNSt6vectorIiSaIiEEC1EOS1_
FNDA:21,_ZNSt6vectorIiSaIiEEC1IN9__gnu_cxx17__normal_iteratorIPiS1_EEvEET_S7_RKS0_
FNDA:0,_ZNSt6vectorIS_IiSaIiEESaIS1_EED1Ev
FNDA:0,_ZNSt6vectorIiSaIiEED1Ev
FNDA:21,_ZNSt6vectorIiSaIiEEaSEOS1_
FNDA:42,_ZNSt6vectorIiSaIiEE5beginEv
FNDA:0,_ZNKSt6vectorIiSaIiEE5beginEv
FNDA:0,_ZNSt6vectorIiSaIiEE3endEv
FNDA:0,_ZNKSt6vectorIiSaIiEE3endEv
FNDA:0,_ZNKSt6vectorIS_IiSaIiEESaIS1_EE4sizeEv
FNDA:83,_ZNKSt6vectorINSt7__cxx1112basic_stringIcSt11char_traitsIcESaIcEEESaIS5_EE4sizeEv
FNDA:0,_ZNKSt6vectorIiSaIiEE4sizeEv
FNDA:0,_ZNKSt6vectorIS_IiSaIiEESaIS1_EE8max_sizeEv
FNDA:0,_ZNKSt6vectorIiSaIiEE8max_sizeEv
FNDA:26,_ZNSt6vectorINSt7__cxx1112basic_stringIcSt11char_traitsIcESaIcEEESaIS5_EEixEj
FNDA:0,_ZNSt6vectorIiSaIiEEixEj
FNDA:0,_ZNSt6vectorIS_IiSaIiEESaIS1_EE9push_backERKS1_
FNDA:0,_ZNSt6vectorIiSaIiEE9push_backERKi
FNDA:12,_ZNSt6vectorIS_IiSaIiEESaIS1_EE9push_backEOS1_
FNDA:21,_ZNSt6vectorIiSaIiEE22_M_initialize_dispatchIN9__gnu_cxx17__normal_iteratorIPiS1_EEEEvT_S7_St12__false_type
FNDA:21,_ZNSt6vectorIiSaIiEE19_M_range_initializeIN9__gnu_cxx17__normal_iteratorIPiS1_EEEEvT_S7_St20forward_iterator_tag
FNDA:0,_ZNKSt6vectorIS_IiSaIiEESaIS1_EE12_M_check_lenEjPKc
FNDA:0,_ZNKSt6vectorIiSaIiEE12_M_check_lenEjPKc
FNDA:21,_ZNSt6vectorIiSaIiEE14_M_move_assignEOS1_St17integral_constantIbLb1EE
FNF:52
FNH:12
DA:79,0
DA:86,0
DA:87,0
DA:88,0
DA:90,0
DA:91,0
DA:92,0
DA:95,0
DA:96,0
DA:97,0
DA:98,0
DA:101,0
DA:103,0
DA:104,0
DA:105,0
DA:106,0
DA:113,0
DA:114,0
DA:117,0
DA:118,0
DA:121,21
DA:122,21
DA:124,0
DA:125,0
DA:127,171
DA:128,171
DA:134,0
DA:135,0
DA:136,0
DA:142,0
DA:143,0
DA:144,0
DA:159,0
DA:160,0
DA:161,0
DA:167,0
DA:170,0
DA:174,0
DA:177,0
DA:178,0
DA:179,0
DA:183,0
DA:185,0
DA:186,0
DA:187,0
DA:188,0
DA:255,0
DA:259,0
DA:266,21
DA:267,21
DA:320,0
DA:322,0
DA:323,0
DA:324,0
DA:326,0
DA:327,0
DA:337,0
DA:338,0
DA:403,21
DA:405,21
DA:406,21
DA:425,0
DA:426,0
DA:427,0
DA:450,21
DA:454,21
DA:455,21
DA:456,21
DA:548,42
DA:549,42
DA:557,0
DA:558,0
DA:566,0
DA:567,0
DA:575,0
DA:576,0
DA:655,83
DA:656,83
DA:660,0
DA:661,0
DA:780,26
DA:781,26
DA:914,0
DA:916,0
DA:918,0
DA:920,0
DA:924,0
DA:928,0
DA:932,12
DA:933,12
DA:1256,21
DA:1261,21
DA:1262,21
DA:1281,21
DA:1284,21
DA:1285,21
DA:1286,21
DA:1287,21
DA:1288,21
DA:1290,21
DA:1291,21
DA:1420,0
DA:1422,0
DA:1423,0
DA:1425,0
DA:1426,0
DA:1452,21
DA:1454,42
DA:1455,21
DA:1456,21
DA:1457,21
DA:1458,21
LF:112
LH:38
end_of_record
SF:/c/mingw/lib/gcc/mingw32/6.3.0/include/c++/bits/vector.tcc
FN:91,_ZNSt6vectorIS_IiSaIiEESaIS1_EE12emplace_backIJS1_EEEvDpOT_
FN:407,_ZNSt6vectorIiSaIiEE19_M_emplace_back_auxIJRKiEEEvDpOT_
FN:407,_ZNSt6vectorIS_IiSaIiEESaIS1_EE19_M_emplace_back_auxIJS1_EEEvDpOT_
FN:407,_ZNSt6vectorIS_IiSaIiEESaIS1_EE19_M_emplace_back_auxIJRKS1_EEEvDpOT_
FNDA:12,_ZNSt6vectorIS_IiSaIiEESaIS1_EE12emplace_backIJS1_EEEvDpOT_
FNDA:9,_ZNSt6vectorIS_IiSaIiEESaIS1_EE19_M_emplace_back_auxIJS1_EEEvDpOT_
FNDA:0,_ZNSt6vectorIS_IiSaIiEESaIS1_EE19_M_emplace_back_auxIJRKS1_EEEvDpOT_
FNDA:0,_ZNSt6vectorIiSaIiEE19_M_emplace_back_auxIJRKiEEEvDpOT_
FNF:4
FNH:2
DA:91,12
DA:94,12
DA:96,3
DA:98,3
DA:101,9
DA:102,12
DA:407,9
DA:411,9
DA:412,9
DA:413,9
DA:416,9
DA:418,9
DA:420,9
DA:422,9
DA:423,9
DA:425,9
DA:427,0
DA:429,0
DA:430,0
DA:432,0
DA:433,0
DA:434,0
DA:436,9
DA:437,9
DA:438,9
DA:439,9
DA:440,9
DA:441,9
DA:442,9
DA:443,9
DA:444,9
LF:31
LH:25
end_of_record
SF:/c/mingw/lib/gcc/mingw32/6.3.0/include/c++/cmath
FN:486,_ZSt4sqrtf
FNDA:1080060,_ZSt4sqrtf
FNF:1
FNH:1
DA:486,1080060
DA:487,1080060
LF:2
LH:2
end_of_record
SF:/c/mingw/lib/gcc/mingw32/6.3.0/include/c++/ext/alloc_traits.h
FN:94,_ZN9__gnu_cxx14__alloc_traitsISaIiEE17_S_select_on_copyERKS1_
FNDA:0,_ZN9__gnu_cxx14__alloc_traitsISaIiEE17_S_select_on_copyERKS1_
FNF:1
FNH:0
DA:94,0
DA:95,0
LF:2
LH:0
end_of_record
SF:/c/mingw/lib/gcc/mingw32/6.3.0/include/c++/ext/new_allocator.h
FN:79,_ZN9__gnu_cxx13new_allocatorIiEC2Ev
FN:79,_ZN9__gnu_cxx13new_allocatorISt6vectorIiSaIiEEEC2Ev
FN:81,_ZN9__gnu_cxx13new_allocatorIiEC2ERKS1_
FN:86,_ZN9__gnu_cxx13new_allocatorIiED2Ev
FN:86,_ZN9__gnu_cxx13new_allocatorISt6vectorIiSaIiEEED2Ev
FN:99,_ZN9__gnu_cxx13new_allocatorIiE8allocateEjPKv
FN:99,_ZN9__gnu_cxx13new_allocatorISt6vectorIiSaIiEEE8allocateEjPKv
FN:109,_ZN9__gnu_cxx13new_allocatorIiE10deallocateEPij
FN:109,_ZN9__gnu_cxx13new_allocatorISt6vectorIiSaIiEEE10deallocateEPS3_j
FN:113,_ZNK9__gnu_cxx13new_allocatorISt6vectorIiSaIiEEE8max_sizeEv
FN:113,_ZNK9__gnu_cxx13new_allocatorIiE8max_sizeEv
FN:119,_ZN9__gnu_cxx13new_allocatorIiE9constructIiJRKiEEEvPT_DpOT0_
FN:119,_ZN9__gnu_cxx13new_allocatorISt6vectorIiSaIiEEE9constructIS3_JRKS3_EEEvPT_DpOT0_
FN:119,_ZN9__gnu_cxx13new_allocatorISt6vectorIiSaIiEEE9constructIS3_JS3_EEEvPT_DpOT0_
FN:124,_ZN9__gnu_cxx13new_allocatorIiE7destroyIiEEvPT_
FN:124,_ZN9__gnu_cxx13new_allocatorISt6vectorIiSaIiEEE7destroyIS3_EEvPT_
FNDA:0,_ZN9__gnu_cxx13new_allocatorISt6vectorIiSaIiEEEC2Ev
FNDA:0,_ZN9__gnu_cxx13new_allocatorIiEC2Ev
FNDA:0,_ZN9__gnu_cxx13new_allocatorIiEC2ERKS1_
FNDA:0,_ZN9__gnu_cxx13new_allocatorISt6vectorIiSaIiEEED2Ev
FNDA:0,_ZN9__gnu_cxx13new_allocatorIiED2Ev
FNDA:0,_ZN9__gnu_cxx13new_allocatorISt6vectorIiSaIiEEE8allocateEjPKv
FNDA:0,_ZN9__gnu_cxx13new_allocatorIiE8allocateEjPKv
FNDA:0,_ZN9__gnu_cxx13new_allocatorISt6vectorIiSaIiEEE10deallocateEPS3_j
FNDA:0,_ZN9__gnu_cxx13new_allocatorIiE10deallocateEPij
FNDA:0,_ZNK9__gnu_cxx13new_allocatorISt6vectorIiSaIiEEE8max_sizeEv
FNDA:0,_ZNK9__gnu_cxx13new_allocatorIiE8max_sizeEv
FNDA:12,_ZN9__gnu_cxx13new_allocatorISt6vectorIiSaIiEEE9constructIS3_JS3_EEEvPT_DpOT0_
FNDA:0,_ZN9__gnu_cxx13new_allocatorISt6vectorIiSaIiEEE9constructIS3_JRKS3_EEEvPT_DpOT0_
FNDA:0,_ZN9__gnu_cxx13new_allocatorIiE9constructIiJRKiEEEvPT_DpOT0_
FNDA:0,_ZN9__gnu_cxx13new_allocatorISt6vectorIiSaIiEEE7destroyIS3_EEvPT_
FNDA:0,_ZN9__gnu_cxx13new_allocatorIiE7destroyIiEEvPT_
FNF:16
FNH:1
DA:79,0
DA:81,0
DA:86,0
DA:99,0
DA:101,0
DA:102,0
DA:104,0
DA:109,0
DA:110,0
DA:113,0
DA:114,0
DA:119,12
DA:120,12
DA:124,0
LF:14
LH:2
end_of_record
SF:/c/mingw/lib/gcc/mingw32/6.3.0/include/c++/iostream
FN:74,__tcf_0
FNDA:3,__tcf_0
FNF:1
FNH:1
DA:74,6
LF:1
LH:1
end_of_record
SF:/c/mingw/lib/gcc/mingw32/6.3.0/include/c++/new
FN:146,_ZnwjPv
FN:152,_ZdlPvS_
FNDA:0,_ZnwjPv
FNDA:0,_ZdlPvS_
FNF:2
FNH:0
DA:146,0
DA:147,0
DA:152,0
LF:3
LH:0
end_of_record
TN:
SF:/c/Users/Usuario/Documents/programacion/final/lib/googletest-master/googletest/include/gtest/gtest.h
FN:2236,_Z13RUN_ALL_TESTSv
FNDA:3,_Z13RUN_ALL_TESTSv
FNF:1
FNH:1
DA:2236,3
DA:2237,3
LF:2
LH:2
end_of_record
SF:/c/Users/Usuario/Documents/programacion/final/main.cpp
FN:7,main
FN:11,_GLOBAL__sub_I_main
FN:11,_Z41__static_initialization_and_destruction_0ii
FNDA:3,main
FNDA:3,_GLOBAL__sub_I_main
FNDA:3,_Z41__static_initialization_and_destruction_0ii
FNF:3
FNH:3
DA:7,3
DA:8,3
DA:9,3
DA:10,3
DA:11,9
LF:5
LH:5
end_of_record
SF:/c/mingw/lib/gcc/mingw32/6.3.0/include/c++/iostream
FN:74,__tcf_0
FNDA:3,__tcf_0
FNF:1
FNH:1
DA:74,6
LF:1
LH:1
end_of_record
TN:
SF:/c/Users/Usuario/Documents/programacion/final/solucion.cpp
FN:5,_Z15grabacionValidaSt6vectorIiSaIiEEii
FN:16,_Z7enRangoSt6vectorIiSaIiEEi
FN:29,_Z11micFuncionaSt6vectorIiSaIiEEi
FN:46,_Z6subseqSt6vectorIiSaIiEEii
FN:53,_Z13sonTodosCerosSt6vectorIiSaIiEE
FN:62,_Z12elAcaparadorSt6vectorIS_IiSaIiEESaIS1_EEii
FN:70,_Z7acaparaSt6vectorIS_IiSaIiEESaIS1_EEiii
FN:82,_Z15intensidadMediaSt6vectorIiSaIiEE
FN:93,_Z10ardillizarSt6vectorIS_IiSaIiEESaIS1_EEii
FN:104,_Z15ardillizarAudioSt6vectorIiSaIiEE
FN:116,_Z15flashElPerezosoSt6vectorIS_IiSaIiEESaIS1_EEii
FN:136,_Z14vecInterpoladoSt6vectorIiSaIiEE
FN:146,_Z9silenciosRSt6vectorIiSaIiEEiii
FN:174,_Z10esSilencioRSt6vectorIiSaIiEESt5tupleIJffEEiiii
FN:184,_Z14indiceEnTiempofi
FN:189,_Z14noSuperaUmbralRSt6vectorIiSaIiEEiii
FN:197,_Z18noHaySilencioMayorRSt6vectorIiSaIiEEiii
FN:214,_Z11hayQuilomboSt6vectorIS_IiSaIiEESaIS1_EEiii
FN:230,_Z10seRespetanSt6vectorIS_IiSaIiEESaIS1_EEiiiii
FN:243,_Z24haySilencioQueLoContieneSt6vectorIiSaIiEEiiii
FN:265,_Z22cargarIntervaloDeHablaNSt7__cxx1112basic_stringIcSt11char_traitsIcESaIcEEE
FN:282,_Z10enmascararfSt6vectorISt5tupleIJffEESaIS1_EE
FN:299,_Z16tiempoEnPosicioni
FN:303,_Z14negacionLogicaRSt6vectorIbSaIbEE
FN:310,_Z19enmascararSilenciosRSt6vectorIiSaIiEEiii
FN:317,_Z19verdaderosPositivosRSt6vectorIbSaIbEES2_
FN:328,_Z19verdaderosNegativosRSt6vectorIbSaIbEES2_
FN:339,_Z15falsosPositivosRSt6vectorIbSaIbEES2_
FN:350,_Z15falsosNegativosRSt6vectorIbSaIbEES2_
FN:362,_Z17compararSilenciosRSt6vectorIiSaIiEEiiii
FN:395,_Z14resultadoFinalRSt6vectorIS_IiSaIiEESaIS1_EEiii
FN:405,_Z11sacarPausasSt6vectorIiSaIiEEiii
FN:433,_Z18encontrarAparicionSt6vectorIiSaIiEES1_
FN:438,_Z19comienzoCorrelacionSt6vectorIiSaIiEES1_
FN:452,_Z16medirLaDistanciaSt6vectorIS_IiSaIiEESaIS1_EES1_ii
FN:475,_Z21intensidadCorrelacionSt6vectorIiSaIiEES1_
FN:491,_Z11distanciaAPSt6vectorIS_IiSaIiEESaIS1_EEiiiS1_
FN:496,_GLOBAL__sub_I__Z15grabacionValidaSt6vectorIiSaIiEEii
FN:496,_Z41__static_initialization_and_destruction_0ii
FNDA:12,_Z15grabacionValidaSt6vectorIiSaIiEEii
FNDA:12,_Z7enRangoSt6vectorIiSaIiEEi
FNDA:9,_Z11micFuncionaSt6vectorIiSaIiEEi
FNDA:541281,_Z6subseqSt6vectorIiSaIiEEii
FNDA:57,_Z13sonTodosCerosSt6vectorIiSaIiEE
FNDA:3,_Z12elAcaparadorSt6vectorIS_IiSaIiEESaIS1_EEii
FNDA:12,_Z7acaparaSt6vectorIS_IiSaIiEESaIS1_EEiii
FNDA:96,_Z15intensidadMediaSt6vectorIiSaIiEE
FNDA:6,_Z10ardillizarSt6vectorIS_IiSaIiEESaIS1_EEii
FNDA:12,_Z15ardillizarAudioSt6vectorIiSaIiEE
FNDA:3,_Z15flashElPerezosoSt6vectorIS_IiSaIiEESaIS1_EEii
FNDA:84,_Z14vecInterpoladoSt6vectorIiSaIiEE
FNDA:653,_Z9silenciosRSt6vectorIiSaIiEEiii
FNDA:66,_Z10esSilencioRSt6vectorIiSaIiEESt5tupleIJffEEiiii
FNDA:6954631,_Z14indiceEnTiempofi
FNDA:6954493,_Z14noSuperaUmbralRSt6vectorIiSaIiEEiii
FNDA:19849674,_Z18noHaySilencioMayorRSt6vectorIiSaIiEEiii
FNDA:18,_Z11hayQuilomboSt6vectorIS_IiSaIiEESaIS1_EEiii
FNDA:60,_Z10seRespetanSt6vectorIS_IiSaIiEESaIS1_EEiiiii
FNDA:633,_Z24haySilencioQueLoContieneSt6vectorIiSaIiEEiiii
FNDA:20,_Z22cargarIntervaloDeHablaNSt7__cxx1112basic_stringIcSt11char_traitsIcESaIcEEE
FNDA:36,_Z10enmascararfSt6vectorISt5tupleIJffEESaIS1_EE
FNDA:20248078,_Z16tiempoEnPosicioni
FNDA:20,_Z14negacionLogicaRSt6vectorIbSaIbEE
FNDA:17,_Z19enmascararSilenciosRSt6vectorIiSaIiEEiii
FNDA:17,_Z19verdaderosPositivosRSt6vectorIbSaIbEES2_
FNDA:17,_Z19verdaderosNegativosRSt6vectorIbSaIbEES2_
FNDA:17,_Z15falsosPositivosRSt6vectorIbSaIbEES2_
FNDA:17,_Z15falsosNegativosRSt6vectorIbSaIbEES2_
FNDA:17,_Z17compararSilenciosRSt6vectorIiSaIiEEiiii
FNDA:3,_Z14resultadoFinalRSt6vectorIS_IiSaIiEESaIS1_EEiii
FNDA:3,_Z11sacarPausasSt6vectorIiSaIiEEiii
FNDA:6,_Z18encontrarAparicionSt6vectorIiSaIiEES1_
FNDA:24,_Z19comienzoCorrelacionSt6vectorIiSaIiEES1_
FNDA:3,_Z16medirLaDistanciaSt6vectorIS_IiSaIiEESaIS1_EES1_ii
FNDA:24,_Z21intensidadCorrelacionSt6vectorIiSaIiEES1_
FNDA:9,_Z11distanciaAPSt6vectorIS_IiSaIiEESaIS1_EEiiiS1_
FNDA:3,_GLOBAL__sub_I__Z15grabacionValidaSt6vectorIiSaIiEEii
FNDA:3,_Z41__static_initialization_and_destruction_0ii
FNF:39
FNH:39
DA:5,12
DA:6,12
DA:7,12
DA:8,12
DA:9,12
DA:10,12
DA:11,12
DA:12,6
DA:13,12
DA:16,12
DA:17,12
DA:18,12
DA:19,12
DA:20,12
DA:21,234
DA:22,111
DA:23,3
DA:24,111
DA:26,12
DA:29,9
DA:30,9
DA:31,9
DA:32,195
DA:33,93
DA:34,2547
DA:35,2454
DA:36,1227
DA:37,1227
DA:38,9
DA:39,1227
DA:41,93
DA:43,9
DA:46,541281
DA:47,541281
DA:48,7884894951
DA:49,7884353670
DA:50,541281
DA:53,57
DA:54,57
DA:55,765
DA:56,708
DA:57,660
DA:58,57
DA:62,3
DA:63,3
DA:64,15
DA:65,12
DA:66,3
DA:67,3
DA:70,12
DA:71,12
DA:72,12
DA:73,108
DA:74,48
DA:75,18
DA:76,48
DA:78,12
DA:82,96
DA:83,96
DA:84,96
DA:85,701760
DA:86,350832
DA:87,350832
DA:89,96
DA:93,6
DA:94,6
DA:95,6
DA:96,30
DA:97,24
DA:98,12
DA:99,12
DA:101,6
DA:104,12
DA:105,12
DA:106,12
DA:107,312
DA:108,150
DA:109,78
DA:110,150
DA:112,12
DA:116,3
DA:117,3
DA:118,3
DA:119,3
DA:121,3
DA:122,27
DA:123,12
DA:124,12
DA:125,156
DA:126,72
DA:127,72
DA:128,72
DA:129,72
DA:131,12
DA:133,3
DA:136,84
DA:137,84
DA:138,504
DA:139,420
DA:140,420
DA:142,84
DA:146,653
DA:147,653
DA:148,653
DA:149,18913881
DA:150,9456614
DA:152,6954433
DA:153,6954433
DA:154,6954433
DA:155,39701921
DA:156,19849650
DA:157,1256
DA:158,1256
DA:159,1256
DA:160,1256
DA:161,1256
DA:162,1256
DA:164,19849650
DA:166,2621
DA:169,9456614
DA:171,653
DA:174,66
DA:175,66
DA:176,66
DA:177,66
DA:178,66
DA:179,66
DA:180,6
DA:181,66
DA:184,6954631
DA:185,6954631
DA:186,6954631
DA:189,6954493
DA:190,6954493
DA:191,11145677821
DA:192,11138723328
DA:193,1942707952
DA:194,6954493
DA:197,19849674
DA:198,19849674
DA:199,19849674
DA:200,19477360
DA:201,19477240
DA:203,120
DA:206,372314
DA:207,372206
DA:210,19849674
DA:214,18
DA:215,18
DA:216,18
DA:217,18
DA:218,102
DA:219,42
DA:220,246
DA:221,102
DA:222,30
DA:223,102
DA:225,42
DA:227,18
DA:230,60
DA:231,60
DA:232,120
DA:233,120
DA:234,60
DA:235,864
DA:236,402
DA:237,402
DA:238,402
DA:240,120
DA:243,633
DA:244,633
DA:245,633
DA:246,633
DA:247,1266
DA:248,633
DA:249,1689
DA:250,528
DA:251,528
DA:252,528
DA:253,528
DA:254,282
DA:255,528
DA:257,1266
DA:265,20
DA:266,20
DA:267,40
DA:268,20
DA:269,870
DA:272,425
DA:273,425
DA:274,425
DA:275,425
DA:276,425
DA:278,20
DA:279,40
DA:282,36
DA:283,36
DA:284,36
DA:285,816096
DA:286,408030
DA:287,27072210
DA:288,13332090
DA:289,13332090
DA:290,13332090
DA:291,120087
DA:292,13332090
DA:294,408030
DA:296,36
DA:299,20248078
DA:300,20248078
DA:303,20
DA:304,204065
DA:305,204045
DA:306,204045
DA:308,20
DA:310,17
DA:311,34
DA:312,17
DA:313,17
DA:314,34
DA:317,17
DA:320,17
DA:321,204017
DA:322,204000
DA:323,140042
DA:324,42431
DA:326,17
DA:328,17
DA:331,17
DA:332,204017
DA:333,204000
DA:334,63958
DA:335,50278
DA:337,17
DA:339,17
DA:342,17
DA:343,204017
DA:344,204000
DA:345,63958
DA:346,13680
DA:348,17
DA:350,17
DA:353,17
DA:354,204017
DA:355,204000
DA:356,140042
DA:357,97611
DA:359,17
DA:362,17
DA:364,34
DA:368,34
DA:369,17
DA:370,17
DA:371,17
DA:372,17
DA:373,17
DA:374,17
DA:375,17
DA:376,34
DA:377,17
DA:378,34
DA:380,17
DA:383,17
DA:384,17
DA:385,17
DA:386,17
DA:387,17
DA:388,17
DA:391,17
DA:392,34
DA:395,3
DA:396,3
DA:397,3
DA:398,17
DA:399,14
DA:401,3
DA:405,3
DA:406,3
DA:407,3
DA:408,6
DA:410,57
DA:411,27
DA:412,72
DA:413,66
DA:414,66
DA:415,66
DA:416,66
DA:417,6
DA:418,6
DA:422,21
DA:424,27
DA:430,6
DA:433,6
DA:434,6
DA:435,6
DA:438,24
DA:439,24
DA:440,24
DA:441,24
DA:442,126039
DA:443,126015
DA:444,2529
DA:448,24
DA:452,3
DA:453,3
DA:454,3
DA:455,15
DA:456,12
DA:457,3
DA:460,3
DA:462,3
DA:463,27
DA:464,12
DA:465,9
DA:467,3
DA:469,12
DA:472,3
DA:475,24
DA:476,24
DA:477,24
DA:478,24
DA:479,24
DA:480,144024
DA:481,144000
DA:482,2649
DA:485,24
DA:487,24
DA:491,9
DA:492,9
DA:493,9
DA:495,9
DA:496,9
LF:332
LH:332
end_of_record
SF:/c/mingw/lib/gcc/mingw32/6.3.0/include/c++/bits/alloc_traits.h
FN:415,_ZNSt16allocator_traitsISaImEE8allocateERS0_j
FN:415,_ZNSt16allocator_traitsISaIiEE8allocateERS0_j
FN:415,_ZNSt16allocator_traitsISaISt5tupleIJffEEEE8allocateERS2_j
FN:415,_ZNSt16allocator_traitsISaIfEE8allocateERS0_j
FN:415,_ZNSt16allocator_traitsISaISt6vectorIiSaIiEEEE8allocateERS3_j
FN:441,_ZNSt16allocator_traitsISaIiEE10deallocateERS0_Pij
FN:441,_ZNSt16allocator_traitsISaISt5tupleIJiiEEEE10deallocateERS2_PS1_j
FN:441,_ZNSt16allocator_traitsISaISt5tupleIJffEEEE10deallocateERS2_PS1_j
FN:441,_ZNSt16allocator_traitsISaImEE10deallocateERS0_Pmj
FN:441,_ZNSt16allocator_traitsISaIfEE10deallocateERS0_Pfj
FN:441,_ZNSt16allocator_traitsISaISt6vectorIiSaIiEEEE10deallocateERS3_PS2_j
FN:454,_ZNSt16allocator_traitsISaIiEE9constructIiJRKiEEEvRS0_PT_DpOT0_
FN:454,_ZNSt16allocator_traitsISaISt5tupleIJffEEEE9constructIS1_JRKS1_EEEvRS2_PT_DpOT0_
FN:454,_ZNSt16allocator_traitsISaIfEE9constructIfJfEEEvRS0_PT_DpOT0_
FN:454,_ZNSt16allocator_traitsISaISt6vectorIiSaIiEEEE9constructIS2_JRKS2_EEEvRS3_PT_DpOT0_
FN:466,_ZNSt16allocator_traitsISaIfEE7destroyIfEEvRS0_PT_
FN:466,_ZNSt16allocator_traitsISaISt5tupleIJffEEEE7destroyIS1_EEvRS2_PT_
FN:466,_ZNSt16allocator_traitsISaISt6vectorIiSaIiEEEE7destroyIS2_EEvRS3_PT_
FN:466,_ZNSt16allocator_traitsISaIiEE7destroyIiEEvRS0_PT_
FN:475,_ZNSt16allocator_traitsISaIfEE8max_sizeERKS0_
FN:475,_ZNSt16allocator_traitsISaISt6vectorIiSaIiEEEE8max_sizeERKS3_
FN:475,_ZNSt16allocator_traitsISaISt5tupleIJffEEEE8max_sizeERKS2_
FN:475,_ZNSt16allocator_traitsISaIiEE8max_sizeERKS0_
FN:484,_ZNSt16allocator_traitsISaISt5tupleIJffEEEE37select_on_container_copy_constructionERKS2_
FN:484,_ZNSt16allocator_traitsISaISt6vectorIiSaIiEEEE37select_on_container_copy_constructionERKS3_
FN:484,_ZNSt16allocator_traitsISaIiEE37select_on_container_copy_constructionERKS0_
FNDA:12,_ZNSt16allocator_traitsISaIfEE8allocateERS0_j
FNDA:44,_ZNSt16allocator_traitsISaImEE8allocateERS0_j
FNDA:802,_ZNSt16allocator_traitsISaISt5tupleIJffEEEE8allocateERS2_j
FNDA:187,_ZNSt16allocator_traitsISaISt6vectorIiSaIiEEEE8allocateERS3_j
FNDA:10266789,_ZNSt16allocator_traitsISaIiEE8allocateERS0_j
FNDA:12,_ZNSt16allocator_traitsISaIfEE10deallocateERS0_Pfj
FNDA:0,_ZNSt16allocator_traitsISaISt5tupleIJiiEEEE10deallocateERS2_PS1_j
FNDA:44,_ZNSt16allocator_traitsISaImEE10deallocateERS0_Pmj
FNDA:802,_ZNSt16allocator_traitsISaISt5tupleIJffEEEE10deallocateERS2_PS1_j
FNDA:187,_ZNSt16allocator_traitsISaISt6vectorIiSaIiEEEE10deallocateERS3_PS2_j
FNDA:10266789,_ZNSt16allocator_traitsISaIiEE10deallocateERS0_Pij
FNDA:12,_ZNSt16allocator_traitsISaIfEE9constructIfJfEEEvRS0_PT_DpOT0_
FNDA:1681,_ZNSt16allocator_traitsISaISt5tupleIJffEEEE9constructIS1_JRKS1_EEEvRS2_PT_DpOT0_
FNDA:26,_ZNSt16allocator_traitsISaISt6vectorIiSaIiEEEE9constructIS2_JRKS2_EEEvRS3_PT_DpOT0_
FNDA:7957314195,_ZNSt16allocator_traitsISaIiEE9constructIiJRKiEEEvRS0_PT_DpOT0_
FNDA:0,_ZNSt16allocator_traitsISaIfEE7destroyIfEEvRS0_PT_
FNDA:0,_ZNSt16allocator_traitsISaISt5tupleIJffEEEE7destroyIS1_EEvRS2_PT_
FNDA:0,_ZNSt16allocator_traitsISaISt6vectorIiSaIiEEEE7destroyIS2_EEvRS3_PT_
FNDA:0,_ZNSt16allocator_traitsISaIiEE7destroyIiEEvRS0_PT_
FNDA:18,_ZNSt16allocator_traitsISaIfEE8max_sizeERKS0_
FNDA:1522,_ZNSt16allocator_traitsISaISt5tupleIJffEEEE8max_sizeERKS2_
FNDA:62,_ZNSt16allocator_traitsISaISt6vectorIiSaIiEEEE8max_sizeERKS3_
FNDA:16207286,_ZNSt16allocator_traitsISaIiEE8max_sizeERKS0_
FNDA:36,_ZNSt16allocator_traitsISaISt5tupleIJffEEEE37select_on_container_copy_constructionERKS2_
FNDA:114,_ZNSt16allocator_traitsISaISt6vectorIiSaIiEEEE37select_on_container_copy_constructionERKS3_
FNDA:2162993,_ZNSt16allocator_traitsISaIiEE37select_on_container_copy_constructionERKS0_
FNF:26
FNH:21
DA:415,10267834
DA:416,10267834
DA:441,10267834
DA:442,10267834
DA:454,7957315914
DA:455,7957315914
DA:466,0
DA:467,0
DA:475,16208888
DA:476,16208888
DA:484,2163143
DA:485,2163143
LF:12
LH:10
end_of_record
SF:/c/mingw/lib/gcc/mingw32/6.3.0/include/c++/bits/allocator.h
FN:131,_ZNSaIiEC2Ev
FN:131,_ZNSaIfEC2Ev
FN:131,_ZNSaISt6vectorIiSaIiEEEC1Ev
FN:131,_ZNSaIbEC1Ev
FN:131,_ZNSaISt5tupleIJffEEEC2Ev
FN:131,_ZNSaISt6vectorIiSaIiEEEC2Ev
FN:131,_ZNSaIiEC1Ev
FN:131,_ZNSaISt5tupleIJiiEEEC2Ev
FN:133,_ZNSaIiEC1ERKS_
FN:133,_ZNSaISt5tupleIJffEEEC1ERKS1_
FN:133,_ZNSaIiEC2ERKS_
FN:133,_ZNSaISt6vectorIiSaIiEEEC1ERKS2_
FN:133,_ZNSaISt6vectorIiSaIiEEEC2ERKS2_
FN:133,_ZNSaImEC2ERKS_
FN:133,_ZNSaISt5tupleIJffEEEC2ERKS1_
FN:137,_ZNSaImEC1IbEERKSaIT_E
FN:139,_ZNSaISt5tupleIJiiEEED2Ev
FN:139,_ZNSaISt5tupleIJffEEED1Ev
FN:139,_ZNSaIbED1Ev
FN:139,_ZNSaISt6vectorIiSaIiEEED2Ev
FN:139,_ZNSaImED1Ev
FN:139,_ZNSaIiED1Ev
FN:139,_ZNSaIiED2Ev
FN:139,_ZNSaIfED2Ev
FN:139,_ZNSaISt6vectorIiSaIiEEED1Ev
FN:139,_ZNSaImED2Ev
FN:139,_ZNSaISt5tupleIJffEEED2Ev
FNDA:6,_ZNSaIfEC2Ev
FNDA:3,_ZNSaISt5tupleIJiiEEEC2Ev
FNDA:673,_ZNSaISt5tupleIJffEEEC2Ev
FNDA:44,_ZNSaIbEC1Ev
FNDA:42,_ZNSaISt6vectorIiSaIiEEEC1Ev
FNDA:12,_ZNSaISt6vectorIiSaIiEEEC2Ev
FNDA:153,_ZNSaIiEC1Ev
FNDA:541483,_ZNSaIiEC2Ev
FNDA:44,_ZNSaImEC2ERKS_
FNDA:36,_ZNSaISt5tupleIJffEEEC1ERKS1_
FNDA:41,_ZNSaISt5tupleIJffEEEC2ERKS1_
FNDA:114,_ZNSaISt6vectorIiSaIiEEEC1ERKS2_
FNDA:156,_ZNSaISt6vectorIiSaIiEEEC2ERKS2_
FNDA:2163014,_ZNSaIiEC1ERKS_
FNDA:2163209,_ZNSaIiEC2ERKS_
FNDA:44,_ZNSaImEC1IbEERKSaIT_E
FNDA:6,_ZNSaIfED2Ev
FNDA:3,_ZNSaISt5tupleIJiiEEED2Ev
FNDA:44,_ZNSaImED1Ev
FNDA:44,_ZNSaImED2Ev
FNDA:41,_ZNSaISt5tupleIJffEEED1Ev
FNDA:714,_ZNSaISt5tupleIJffEEED2Ev
FNDA:44,_ZNSaIbED1Ev
FNDA:156,_ZNSaISt6vectorIiSaIiEEED1Ev
FNDA:168,_ZNSaISt6vectorIiSaIiEEED2Ev
FNDA:2163167,_ZNSaIiED1Ev
FNDA:2704692,_ZNSaIiED2Ev
FNF:27
FNH:27
DA:131,542416
DA:133,4326614
DA:134,4326614
DA:137,44
DA:139,4869079
LF:5
LH:5
end_of_record
SF:/c/mingw/lib/gcc/mingw32/6.3.0/include/c++/bits/cpp_type_traits.h
FN:408,_ZSt12__miter_baseIPfET_S1_
FN:408,_ZSt12__miter_baseIN9__gnu_cxx17__normal_iteratorIPKiSt6vectorIiSaIiEEEEET_S8_
FN:408,_ZSt12__miter_baseIPiET_S1_
FNDA:18,_ZSt12__miter_baseIPfET_S1_
FNDA:16207286,_ZSt12__miter_baseIPiET_S1_
FNDA:4325986,_ZSt12__miter_baseIN9__gnu_cxx17__normal_iteratorIPKiSt6vectorIiSaIiEEEEET_S8_
FNF:3
FNH:3
DA:408,20533290
DA:409,20533290
LF:2
LH:2
end_of_record
SF:/c/mingw/lib/gcc/mingw32/6.3.0/include/c++/bits/move.h
FN:47,_ZSt11__addressofImEPT_RS0_
FN:47,_ZSt11__addressofISt6vectorIiSaIiEEEPT_RS3_
FN:47,_ZSt11__addressofISt5tupleIJffEEEPT_RS2_
FN:76,_ZSt7forwardISt5tupleIJffEEEOT_RNSt16remove_referenceIS2_E4typeE
FN:76,_ZSt7forwardISt6vectorIiSaIiEEEOT_RNSt16remove_referenceIS3_E4typeE
FN:76,_ZSt7forwardIRKSt6vectorIiSaIiEEEOT_RNSt16remove_referenceIS5_E4typeE
FN:76,_ZSt7forwardIRKSt5tupleIJffEEEOT_RNSt16remove_referenceIS4_E4typeE
FN:76,_ZSt7forwardIfEOT_RNSt16remove_referenceIS0_E4typeE
FN:76,_ZSt7forwardIRKiEOT_RNSt16remove_referenceIS2_E4typeE
FN:101,_ZSt4moveIRSt11_Tuple_implILj1EJfEEEONSt16remove_referenceIT_E4typeEOS4_
FN:101,_ZSt4moveIRSaIiEEONSt16remove_referenceIT_E4typeEOS3_
FN:101,_ZSt4moveIRfEONSt16remove_referenceIT_E4typeEOS2_
FN:101,_ZSt4moveIRSt6vectorIiSaIiEEEONSt16remove_referenceIT_E4typeEOS5_
FN:101,_ZSt4moveIRPiEONSt16remove_referenceIT_E4typeEOS3_
FN:101,_ZSt4moveIRSaImEEONSt16remove_referenceIT_E4typeEOS3_
FN:179,_ZSt4swapIPiENSt9enable_ifIXsrSt6__and_IJSt21is_move_constructibleIT_ESt18is_move_assignableIS4_EEE5valueEvE4typeERS4_SB_
FNDA:2822,_ZSt11__addressofISt5tupleIJffEEEPT_RS2_
FNDA:986,_ZSt11__addressofISt6vectorIiSaIiEEEPT_RS3_
FNDA:124,_ZSt11__addressofImEPT_RS0_
FNDA:1693,_ZSt7forwardISt5tupleIJffEEEOT_RNSt16remove_referenceIS2_E4typeE
FNDA:75,_ZSt7forwardISt6vectorIiSaIiEEEOT_RNSt16remove_referenceIS3_E4typeE
FNDA:6817,_ZSt7forwardIfEOT_RNSt16remove_referenceIS0_E4typeE
FNDA:5252,_ZSt7forwardIRKSt5tupleIJffEEEOT_RNSt16remove_referenceIS4_E4typeE
FNDA:518,_ZSt7forwardIRKSt6vectorIiSaIiEEEOT_RNSt16remove_referenceIS5_E4typeE
FNDA:15922731956,_ZSt7forwardIRKiEOT_RNSt16remove_referenceIS2_E4typeE
FNDA:1693,_ZSt4moveIRSt11_Tuple_implILj1EJfEEEONSt16remove_referenceIT_E4typeEOS4_
FNDA:756,_ZSt4moveIRPiEONSt16remove_referenceIT_E4typeEOS3_
FNDA:44,_ZSt4moveIRSaImEEONSt16remove_referenceIT_E4typeEOS3_
FNDA:105,_ZSt4moveIRSaIiEEONSt16remove_referenceIT_E4typeEOS3_
FNDA:12,_ZSt4moveIRfEONSt16remove_referenceIT_E4typeEOS2_
FNDA:75,_ZSt4moveIRSt6vectorIiSaIiEEEONSt16remove_referenceIT_E4typeEOS5_
FNDA:252,_ZSt4swapIPiENSt9enable_ifIXsrSt6__and_IJSt21is_move_constructibleIT_ESt18is_move_assignableIS4_EEE5valueEvE4typeERS4_SB_
FNF:16
FNH:16
DA:47,3932
DA:50,3932
DA:76,15922746311
DA:77,15922746311
DA:101,2685
DA:102,2685
DA:179,252
DA:190,252
DA:191,252
DA:192,252
DA:193,252
LF:11
LH:11
end_of_record
SF:/c/mingw/lib/gcc/mingw32/6.3.0/include/c++/bits/stl_algobase.h
FN:219,_ZSt3maxIjERKT_S2_S2_
FN:277,_ZSt12__niter_baseIPfET_S1_
FN:277,_ZSt12__niter_baseIPmET_S1_
FN:277,_ZSt12__niter_baseIPiET_S1_
FN:357,_ZNSt11__copy_moveILb0ELb1ESt26random_access_iterator_tagE8__copy_mIiEEPT_PKS3_S6_S4_
FN:357,_ZNSt11__copy_moveILb1ELb1ESt26random_access_iterator_tagE8__copy_mIfEEPT_PKS3_S6_S4_
FN:357,_ZNSt11__copy_moveILb1ELb1ESt26random_access_iterator_tagE8__copy_mIiEEPT_PKS3_S6_S4_
FN:375,_ZSt13__copy_move_aILb1EPfS0_ET1_T0_S2_S1_
FN:375,_ZSt13__copy_move_aILb1EPiS0_ET1_T0_S2_S1_
FN:375,_ZSt13__copy_move_aILb0EPKiPiET1_T0_S4_S3_
FN:420,_ZSt14__copy_move_a2ILb1EPiS0_ET1_T0_S2_S1_
FN:420,_ZSt14__copy_move_a2ILb1EPfS0_ET1_T0_S2_S1_
FN:420,_ZSt14__copy_move_a2ILb0EN9__gnu_cxx17__normal_iteratorIPKiSt6vectorIiSaIiEEEEPiET1_T0_SA_S9_
FN:446,_ZSt4copyISt13move_iteratorIPfES1_ET0_T_S4_S3_
FN:446,_ZSt4copyIN9__gnu_cxx17__normal_iteratorIPKiSt6vectorIiSaIiEEEEPiET0_T_SA_S9_
FN:446,_ZSt4copyISt13move_iteratorIPiES1_ET0_T_S4_S3_
FN:691,_ZSt8__fill_aIPmiEN9__gnu_cxx11__enable_ifIXsrSt11__is_scalarIT0_E7__valueEvE6__typeET_S8_RKS4_
FN:724,_ZSt4fillIPmiEvT_S1_RKT0_
FN:749,_ZSt10__fill_n_aIPijiEN9__gnu_cxx11__enable_ifIXsrSt11__is_scalarIT1_E7__valueET_E6__typeES6_T0_RKS4_
FN:784,_ZSt6fill_nIPijiET_S1_T0_RKT1_
FNDA:8104537,_ZSt3maxIjERKT_S2_S2_
FNDA:30,_ZSt12__niter_baseIPfET_S1_
FNDA:26474075,_ZSt12__niter_baseIPiET_S1_
FNDA:72,_ZSt12__niter_baseIPmET_S1_
FNDA:9,_ZNSt11__copy_moveILb1ELb1ESt26random_access_iterator_tagE8__copy_mIfEEPT_PKS3_S6_S4_
FNDA:8103643,_ZNSt11__copy_moveILb1ELb1ESt26random_access_iterator_tagE8__copy_mIiEEPT_PKS3_S6_S4_
FNDA:2163143,_ZNSt11__copy_moveILb0ELb1ESt26random_access_iterator_tagE8__copy_mIiEEPT_PKS3_S6_S4_
FNDA:9,_ZSt13__copy_move_aILb1EPfS0_ET1_T0_S2_S1_
FNDA:8103643,_ZSt13__copy_move_aILb1EPiS0_ET1_T0_S2_S1_
FNDA:2163122,_ZSt13__copy_move_aILb0EPKiPiET1_T0_S4_S3_
FNDA:9,_ZSt14__copy_move_a2ILb1EPfS0_ET1_T0_S2_S1_
FNDA:8103643,_ZSt14__copy_move_a2ILb1EPiS0_ET1_T0_S2_S1_
FNDA:2162993,_ZSt14__copy_move_a2ILb0EN9__gnu_cxx17__normal_iteratorIPKiSt6vectorIiSaIiEEEEPiET1_T0_SA_S9_
FNDA:9,_ZSt4copyISt13move_iteratorIPfES1_ET0_T_S4_S3_
FNDA:8103643,_ZSt4copyISt13move_iteratorIPiES1_ET0_T_S4_S3_
FNDA:2162993,_ZSt4copyIN9__gnu_cxx17__normal_iteratorIPKiSt6vectorIiSaIiEEEEPiET0_T_SA_S9_
FNDA:36,_ZSt8__fill_aIPmiEN9__gnu_cxx11__enable_ifIXsrSt11__is_scalarIT0_E7__valueEvE6__typeET_S8_RKS4_
FNDA:36,_ZSt4fillIPmiEvT_S1_RKT0_
FNDA:3,_ZSt10__fill_n_aIPijiEN9__gnu_cxx11__enable_ifIXsrSt11__is_scalarIT1_E7__valueET_E6__typeES6_T0_RKS4_
FNDA:3,_ZSt6fill_nIPijiET_S1_T0_RKT1_
FNF:20
FNH:20
DA:219,8104537
DA:224,8104537
DA:225,541292
DA:226,7563245
DA:277,26474177
DA:278,26474177
DA:357,10266795
DA:366,10266795
DA:367,10266795
DA:368,9725990
DA:369,10266795
DA:375,10266774
DA:383,10266774
DA:386,10266774
DA:420,10266645
DA:422,10266645
DA:424,10266645
DA:446,10266645
DA:455,10266645
DA:456,10266645
DA:691,36
DA:694,36
DA:695,25540
DA:696,12752
DA:697,36
DA:724,36
DA:731,36
DA:733,36
DA:749,3
DA:751,3
DA:752,36
DA:753,36
DA:754,33
DA:755,3
DA:784,3
DA:789,3
LF:36
LH:36
end_of_record
SF:/c/mingw/lib/gcc/mingw32/6.3.0/include/c++/bits/stl_bvector.h
FN:75,_ZNSt14_Bit_referenceC1EPmm
FN:80,_ZNKSt14_Bit_referencecvbEv
FN:84,_ZNSt14_Bit_referenceaSEb
FN:142,_ZNSt18_Bit_iterator_baseC2EPmj
FN:166,_ZNSt18_Bit_iterator_base7_M_incrEi
FN:208,_ZStmiRKSt18_Bit_iterator_baseS1_
FN:220,_ZNSt13_Bit_iteratorC1Ev
FN:222,_ZNSt13_Bit_iteratorC1EPmj
FN:230,_ZNKSt13_Bit_iteratordeEv
FN:264,_ZNSt13_Bit_iteratorpLEi
FN:278,_ZNKSt13_Bit_iteratorplEi
FN:312,_ZNSt19_Bit_const_iteratorC1ERKSt13_Bit_iterator
FN:419,_ZNSt13_Bvector_baseISaIbEE13_Bvector_implD1Ev
FN:435,_ZNSt13_Bvector_baseISaIbEE13_Bvector_implC1EOSaImE
FN:442,_ZNKSt13_Bvector_baseISaIbEE13_Bvector_impl11_M_end_addrEv
FN:468,_ZNSt13_Bvector_baseISaIbEEC2ERKS0_
FN:484,_ZNSt13_Bvector_baseISaIbEED2Ev
FN:491,_ZNSt13_Bvector_baseISaIbEE11_M_allocateEj
FN:495,_ZNSt13_Bvector_baseISaIbEE13_M_deallocateEv
FN:507,_ZNSt13_Bvector_baseISaIbEE8_S_nwordEj
FN:591,_ZNSt6vectorIbSaIbEEC1EjRKbRKS0_
FN:677,_ZNSt6vectorIbSaIbEED1Ev
FN:783,_ZNKSt6vectorIbSaIbEE5beginEv
FN:791,_ZNKSt6vectorIbSaIbEE3endEv
FN:829,_ZNKSt6vectorIbSaIbEE4sizeEv
FN:854,_ZNSt6vectorIbSaIbEEixEj
FN:1079,_ZNSt6vectorIbSaIbEE13_M_initializeEj
FNDA:1752479,_ZNSt14_Bit_referenceC1EPmm
FNDA:1428227,_ZNKSt14_Bit_referencecvbEv
FNDA:324252,_ZNSt14_Bit_referenceaSEb
FNDA:4608810,_ZNSt18_Bit_iterator_baseC2EPmj
FNDA:44,_ZNSt18_Bit_iterator_base7_M_incrEi
FNDA:1428209,_ZStmiRKSt18_Bit_iterator_baseS1_
FNDA:88,_ZNSt13_Bit_iteratorC1Ev
FNDA:1752221,_ZNSt13_Bit_iteratorC1EPmj
FNDA:1752297,_ZNKSt13_Bit_iteratordeEv
FNDA:44,_ZNSt13_Bit_iteratorpLEi
FNDA:44,_ZNKSt13_Bit_iteratorplEi
FNDA:2856501,_ZNSt19_Bit_const_iteratorC1ERKSt13_Bit_iterator
FNDA:44,_ZNSt13_Bvector_baseISaIbEE13_Bvector_implD1Ev
FNDA:44,_ZNSt13_Bvector_baseISaIbEE13_Bvector_implC1EOSaImE
FNDA:80,_ZNKSt13_Bvector_baseISaIbEE13_Bvector_impl11_M_end_addrEv
FNDA:44,_ZNSt13_Bvector_baseISaIbEEC2ERKS0_
FNDA:44,_ZNSt13_Bvector_baseISaIbEED2Ev
FNDA:44,_ZNSt13_Bvector_baseISaIbEE11_M_allocateEj
FNDA:44,_ZNSt13_Bvector_baseISaIbEE13_M_deallocateEv
FNDA:88,_ZNSt13_Bvector_baseISaIbEE8_S_nwordEj
FNDA:36,_ZNSt6vectorIbSaIbEEC1EjRKbRKS0_
FNDA:44,_ZNSt6vectorIbSaIbEED1Ev
FNDA:1428223,_ZNKSt6vectorIbSaIbEE5beginEv
FNDA:1428278,_ZNKSt6vectorIbSaIbEE3endEv
FNDA:1428209,_ZNKSt6vectorIbSaIbEE4sizeEv
FNDA:1752177,_ZNSt6vectorIbSaIbEEixEj
FNDA:44,_ZNSt6vectorIbSaIbEE13_M_initializeEj
FNF:27
FNH:27
DA:75,1752479
DA:76,1752479
DA:80,1428227
DA:81,1428227
DA:84,324252
DA:86,324252
DA:87,260212
DA:89,64040
DA:90,324252
DA:142,4608810
DA:143,4608810
DA:166,44
DA:168,44
DA:169,44
DA:170,44
DA:171,44
DA:173,0
DA:174,0
DA:176,44
DA:177,44
DA:208,1428209
DA:210,1428209
DA:211,1428209
DA:220,88
DA:222,1752221
DA:223,1752221
DA:230,1752297
DA:231,1752297
DA:264,44
DA:266,44
DA:267,44
DA:278,44
DA:280,44
DA:281,44
DA:312,2856501
DA:313,2856501
DA:419,44
DA:435,44
DA:436,44
DA:437,44
DA:438,44
DA:442,80
DA:444,80
DA:445,80
DA:446,0
DA:468,44
DA:469,44
DA:484,44
DA:485,44
DA:491,44
DA:492,44
DA:495,44
DA:497,44
DA:499,44
DA:500,44
DA:501,44
DA:504,44
DA:507,88
DA:508,88
DA:591,36
DA:593,36
DA:595,36
DA:596,36
DA:598,36
DA:677,44
DA:783,1428223
DA:784,1428223
DA:791,1428278
DA:792,1428278
DA:829,1428209
DA:830,1428209
DA:854,1752177
DA:856,5256531
DA:857,5256531
DA:1079,44
DA:1081,44
DA:1082,44
DA:1083,44
DA:1084,44
DA:1085,44
LF:80
LH:77
end_of_record
SF:/c/mingw/lib/gcc/mingw32/6.3.0/include/c++/bits/stl_construct.h
FN:74,_ZSt10_ConstructISt6vectorIiSaIiEEJRKS2_EEvPT_DpOT0_
FN:74,_ZSt10_ConstructISt5tupleIJffEEJRKS1_EEvPT_DpOT0_
FN:74,_ZSt10_ConstructISt5tupleIJffEEJS1_EEvPT_DpOT0_
FN:74,_ZSt10_ConstructISt6vectorIiSaIiEEJS2_EEvPT_DpOT0_
FN:92,_ZSt8_DestroyISt6vectorIiSaIiEEEvPT_
FN:100,_ZNSt12_Destroy_auxILb0EE9__destroyIPSt6vectorIiSaIiEEEEvT_S6_
FN:112,_ZNSt12_Destroy_auxILb1EE9__destroyIPfEEvT_S3_
FN:112,_ZNSt12_Destroy_auxILb1EE9__destroyIPiEEvT_S3_
FN:112,_ZNSt12_Destroy_auxILb1EE9__destroyIPSt5tupleIJiiEEEEvT_S5_
FN:112,_ZNSt12_Destroy_auxILb1EE9__destroyIPSt5tupleIJffEEEEvT_S5_
FN:122,_ZSt8_DestroyIPSt5tupleIJiiEEEvT_S3_
FN:122,_ZSt8_DestroyIPfEvT_S1_
FN:122,_ZSt8_DestroyIPSt6vectorIiSaIiEEEvT_S4_
FN:122,_ZSt8_DestroyIPSt5tupleIJffEEEvT_S3_
FN:122,_ZSt8_DestroyIPiEvT_S1_
FN:148,_ZSt8_DestroyIPSt5tupleIJiiEES1_EvT_S3_RSaIT0_E
FN:148,_ZSt8_DestroyIPiiEvT_S1_RSaIT0_E
FN:148,_ZSt8_DestroyIPSt5tupleIJffEES1_EvT_S3_RSaIT0_E
FN:148,_ZSt8_DestroyIPffEvT_S1_RSaIT0_E
FN:148,_ZSt8_DestroyIPSt6vectorIiSaIiEES2_EvT_S4_RSaIT0_E
FNDA:1693,_ZSt10_ConstructISt5tupleIJffEEJS1_EEvPT_DpOT0_
FNDA:30,_ZSt10_ConstructISt6vectorIiSaIiEEJS2_EEvPT_DpOT0_
FNDA:1129,_ZSt10_ConstructISt5tupleIJffEEJRKS1_EEvPT_DpOT0_
FNDA:444,_ZSt10_ConstructISt6vectorIiSaIiEEJRKS2_EEvPT_DpOT0_
FNDA:512,_ZSt8_DestroyISt6vectorIiSaIiEEEvPT_
FNDA:199,_ZNSt12_Destroy_auxILb0EE9__destroyIPSt6vectorIiSaIiEEEEvT_S6_
FNDA:18,_ZNSt12_Destroy_auxILb1EE9__destroyIPfEEvT_S3_
FNDA:3,_ZNSt12_Destroy_auxILb1EE9__destroyIPSt5tupleIJiiEEEEvT_S5_
FNDA:1475,_ZNSt12_Destroy_auxILb1EE9__destroyIPSt5tupleIJffEEEEvT_S5_
FNDA:10808335,_ZNSt12_Destroy_auxILb1EE9__destroyIPiEEvT_S3_
FNDA:18,_ZSt8_DestroyIPfEvT_S1_
FNDA:3,_ZSt8_DestroyIPSt5tupleIJiiEEEvT_S3_
FNDA:1475,_ZSt8_DestroyIPSt5tupleIJffEEEvT_S3_
FNDA:199,_ZSt8_DestroyIPSt6vectorIiSaIiEEEvT_S4_
FNDA:10808335,_ZSt8_DestroyIPiEvT_S1_
FNDA:18,_ZSt8_DestroyIPffEvT_S1_RSaIT0_E
FNDA:3,_ZSt8_DestroyIPSt5tupleIJiiEES1_EvT_S3_RSaIT0_E
FNDA:1475,_ZSt8_DestroyIPSt5tupleIJffEES1_EvT_S3_RSaIT0_E
FNDA:199,_ZSt8_DestroyIPSt6vectorIiSaIiEES2_EvT_S4_RSaIT0_E
FNDA:10808335,_ZSt8_DestroyIPiiEvT_S1_RSaIT0_E
FNF:20
FNH:20
DA:74,3296
DA:75,3296
DA:92,512
DA:93,512
DA:100,711
DA:102,1223
DA:103,512
DA:104,199
DA:112,10809831
DA:122,10810030
DA:126,10810030
DA:128,10810030
DA:148,10810030
DA:151,10810030
DA:152,10810030
LF:15
LH:15
end_of_record
SF:/c/mingw/lib/gcc/mingw32/6.3.0/include/c++/bits/stl_iterator.h
FN:776,_ZN9__gnu_cxx17__normal_iteratorIPKSt6vectorIiSaIiEES1_IS3_SaIS3_EEEC1ERKS5_
FN:776,_ZN9__gnu_cxx17__normal_iteratorIPKiSt6vectorIiSaIiEEEC1ERKS2_
FN:776,_ZN9__gnu_cxx17__normal_iteratorIPKSt5tupleIJffEESt6vectorIS2_SaIS2_EEEC1ERKS4_
FN:789,_ZNK9__gnu_cxx17__normal_iteratorIPKSt6vectorIiSaIiEES1_IS3_SaIS3_EEEdeEv
FN:789,_ZNK9__gnu_cxx17__normal_iteratorIPKSt5tupleIJffEESt6vectorIS2_SaIS2_EEEdeEv
FN:797,_ZN9__gnu_cxx17__normal_iteratorIPKSt6vectorIiSaIiEES1_IS3_SaIS3_EEEppEv
FN:797,_ZN9__gnu_cxx17__normal_iteratorIPKSt5tupleIJffEESt6vectorIS2_SaIS2_EEEppEv
FN:841,_ZNK9__gnu_cxx17__normal_iteratorIPKiSt6vectorIiSaIiEEE4baseEv
FN:841,_ZNK9__gnu_cxx17__normal_iteratorIPKSt6vectorIiSaIiEES1_IS3_SaIS3_EEE4baseEv
FN:841,_ZNK9__gnu_cxx17__normal_iteratorIPKSt5tupleIJffEESt6vectorIS2_SaIS2_EEE4baseEv
FN:877,_ZN9__gnu_cxxneIPKSt5tupleIJffEESt6vectorIS2_SaIS2_EEEEbRKNS_17__normal_iteratorIT_T0_EESD_
FN:877,_ZN9__gnu_cxxneIPKSt6vectorIiSaIiEES1_IS3_SaIS3_EEEEbRKNS_17__normal_iteratorIT_T0_EESD_
FN:980,_ZSt12__niter_baseIPKiSt6vectorIiSaIiEEET_N9__gnu_cxx17__normal_iteratorIS5_T0_EE
FN:1032,_ZNSt13move_iteratorIPSt5tupleIJffEEEC1ES2_
FN:1032,_ZNSt13move_iteratorIPfEC1ES0_
FN:1032,_ZNSt13move_iteratorIPiEC1ES0_
FN:1032,_ZNSt13move_iteratorIPSt6vectorIiSaIiEEEC1ES3_
FN:1040,_ZNKSt13move_iteratorIPiE4baseEv
FN:1040,_ZNKSt13move_iteratorIPfE4baseEv
FN:1040,_ZNKSt13move_iteratorIPSt5tupleIJffEEE4baseEv
FN:1040,_ZNKSt13move_iteratorIPSt6vectorIiSaIiEEE4baseEv
FN:1044,_ZNKSt13move_iteratorIPSt6vectorIiSaIiEEEdeEv
FN:1044,_ZNKSt13move_iteratorIPSt5tupleIJffEEEdeEv
FN:1052,_ZNSt13move_iteratorIPSt5tupleIJffEEEppEv
FN:1052,_ZNSt13move_iteratorIPSt6vectorIiSaIiEEEppEv
FN:1119,_ZSteqIPSt6vectorIiSaIiEEEbRKSt13move_iteratorIT_ES8_
FN:1119,_ZSteqIPSt5tupleIJffEEEbRKSt13move_iteratorIT_ES7_
FN:1131,_ZStneIPSt5tupleIJffEEEbRKSt13move_iteratorIT_ES7_
FN:1131,_ZStneIPSt6vectorIiSaIiEEEbRKSt13move_iteratorIT_ES8_
FN:1223,_ZSt32__make_move_if_noexcept_iteratorIfSt13move_iteratorIPfEET0_PT_
FN:1223,_ZSt32__make_move_if_noexcept_iteratorIiSt13move_iteratorIPiEET0_PT_
FN:1223,_ZSt32__make_move_if_noexcept_iteratorISt5tupleIJffEESt13move_iteratorIPS1_EET0_PT_
FN:1223,_ZSt32__make_move_if_noexcept_iteratorISt6vectorIiSaIiEESt13move_iteratorIPS2_EET0_PT_
FN:1243,_ZSt12__miter_baseIPfEDTcl12__miter_basecldtfp_4baseEEESt13move_iteratorIT_E
FN:1243,_ZSt12__miter_baseIPiEDTcl12__miter_basecldtfp_4baseEEESt13move_iteratorIT_E
FNDA:72,_ZN9__gnu_cxx17__normal_iteratorIPKSt5tupleIJffEESt6vectorIS2_SaIS2_EEEC1ERKS4_
FNDA:237,_ZN9__gnu_cxx17__normal_iteratorIPKSt6vectorIiSaIiEES1_IS3_SaIS3_EEEC1ERKS5_
FNDA:4326031,_ZN9__gnu_cxx17__normal_iteratorIPKiSt6vectorIiSaIiEEEC1ERKS2_
FNDA:1117,_ZNK9__gnu_cxx17__normal_iteratorIPKSt5tupleIJffEESt6vectorIS2_SaIS2_EEEdeEv
FNDA:330,_ZNK9__gnu_cxx17__normal_iteratorIPKSt6vectorIiSaIiEES1_IS3_SaIS3_EEEdeEv
FNDA:1117,_ZN9__gnu_cxx17__normal_iteratorIPKSt5tupleIJffEESt6vectorIS2_SaIS2_EEEppEv
FNDA:330,_ZN9__gnu_cxx17__normal_iteratorIPKSt6vectorIiSaIiEES1_IS3_SaIS3_EEEppEv
FNDA:4326031,_ZNK9__gnu_cxx17__normal_iteratorIPKiSt6vectorIiSaIiEEE4baseEv
FNDA:2306,_ZNK9__gnu_cxx17__normal_iteratorIPKSt5tupleIJffEESt6vectorIS2_SaIS2_EEE4baseEv
FNDA:897,_ZNK9__gnu_cxx17__normal_iteratorIPKSt6vectorIiSaIiEES1_IS3_SaIS3_EEE4baseEv
FNDA:1153,_ZN9__gnu_cxxneIPKSt5tupleIJffEESt6vectorIS2_SaIS2_EEEEbRKNS_17__normal_iteratorIT_T0_EESD_
FNDA:444,_ZN9__gnu_cxxneIPKSt6vectorIiSaIiEES1_IS3_SaIS3_EEEEbRKNS_17__normal_iteratorIT_T0_EESD_
FNDA:4326031,_ZSt12__niter_baseIPKiSt6vectorIiSaIiEEET_N9__gnu_cxx17__normal_iteratorIS5_T0_EE
FNDA:18,_ZNSt13move_iteratorIPfEC1ES0_
FNDA:1522,_ZNSt13move_iteratorIPSt5tupleIJffEEEC1ES2_
FNDA:62,_ZNSt13move_iteratorIPSt6vectorIiSaIiEEEC1ES3_
FNDA:16207286,_ZNSt13move_iteratorIPiEC1ES0_
FNDA:18,_ZNKSt13move_iteratorIPfE4baseEv
FNDA:4908,_ZNKSt13move_iteratorIPSt5tupleIJffEEE4baseEv
FNDA:122,_ZNKSt13move_iteratorIPSt6vectorIiSaIiEEE4baseEv
FNDA:16207286,_ZNKSt13move_iteratorIPiE4baseEv
FNDA:1693,_ZNKSt13move_iteratorIPSt5tupleIJffEEEdeEv
FNDA:30,_ZNKSt13move_iteratorIPSt6vectorIiSaIiEEEdeEv
FNDA:1693,_ZNSt13move_iteratorIPSt5tupleIJffEEEppEv
FNDA:30,_ZNSt13move_iteratorIPSt6vectorIiSaIiEEEppEv
FNDA:2454,_ZSteqIPSt5tupleIJffEEEbRKSt13move_iteratorIT_ES7_
FNDA:61,_ZSteqIPSt6vectorIiSaIiEEEbRKSt13move_iteratorIT_ES8_
FNDA:2454,_ZStneIPSt5tupleIJffEEEbRKSt13move_iteratorIT_ES7_
FNDA:61,_ZStneIPSt6vectorIiSaIiEEEbRKSt13move_iteratorIT_ES8_
FNDA:18,_ZSt32__make_move_if_noexcept_iteratorIfSt13move_iteratorIPfEET0_PT_
FNDA:1522,_ZSt32__make_move_if_noexcept_iteratorISt5tupleIJffEESt13move_iteratorIPS1_EET0_PT_
FNDA:62,_ZSt32__make_move_if_noexcept_iteratorISt6vectorIiSaIiEESt13move_iteratorIPS2_EET0_PT_
FNDA:16207286,_ZSt32__make_move_if_noexcept_iteratorIiSt13move_iteratorIPiEET0_PT_
FNDA:18,_ZSt12__miter_baseIPfEDTcl12__miter_basecldtfp_4baseEEESt13move_iteratorIT_E
FNDA:16207286,_ZSt12__miter_baseIPiEDTcl12__miter_basecldtfp_4baseEEESt13move_iteratorIT_E
FNF:35
FNH:35
DA:776,4326340
DA:777,4326340
DA:789,1447
DA:790,1447
DA:797,1447
DA:799,1447
DA:800,1447
DA:841,4329234
DA:842,4329234
DA:877,1597
DA:880,1597
DA:980,4326031
DA:981,4326031
DA:1032,16208888
DA:1033,16208888
DA:1040,16212334
DA:1041,16212334
DA:1044,1723
DA:1045,1723
DA:1052,1723
DA:1054,1723
DA:1055,1723
DA:1119,2515
DA:1121,2515
DA:1131,2515
DA:1133,2515
DA:1223,16208888
DA:1224,16208888
DA:1243,16207304
DA:1245,16207304
LF:30
LH:30
end_of_record
SF:/c/mingw/lib/gcc/mingw32/6.3.0/include/c++/bits/stl_iterator_base_types.h
FN:118,_ZNSt8iteratorISt26random_access_iterator_tagbiPbRbEC2Ev
FNDA:4608810,_ZNSt8iteratorISt26random_access_iterator_tagbiPbRbEC2Ev
FNF:1
FNH:1
DA:118,4608810
LF:1
LH:1
end_of_record
SF:/c/mingw/lib/gcc/mingw32/6.3.0/include/c++/bits/stl_uninitialized.h
FN:68,_ZNSt20__uninitialized_copyILb0EE13__uninit_copyIN9__gnu_cxx17__normal_iteratorIPKSt5tupleIJffEESt6vectorIS5_SaIS5_EEEEPS5_EET0_T_SE_SD_
FN:68,_ZNSt20__uninitialized_copyILb0EE13__uninit_copyISt13move_iteratorIPSt5tupleIJffEEES5_EET0_T_S8_S7_
FN:68,_ZNSt20__uninitialized_copyILb0EE13__uninit_copyISt13move_iteratorIPSt6vectorIiSaIiEEES6_EET0_T_S9_S8_
FN:68,_ZNSt20__uninitialized_copyILb0EE13__uninit_copyIN9__gnu_cxx17__normal_iteratorIPKSt6vectorIiSaIiEES4_IS6_SaIS6_EEEEPS6_EET0_T_SE_SD_
FN:91,_ZNSt20__uninitialized_copyILb1EE13__uninit_copyIN9__gnu_cxx17__normal_iteratorIPKiSt6vectorIiSaIiEEEEPiEET0_T_SC_SB_
FN:91,_ZNSt20__uninitialized_copyILb1EE13__uninit_copyISt13move_iteratorIPiES3_EET0_T_S6_S5_
FN:91,_ZNSt20__uninitialized_copyILb1EE13__uninit_copyISt13move_iteratorIPfES3_EET0_T_S6_S5_
FN:107,_ZSt18uninitialized_copyISt13move_iteratorIPfES1_ET0_T_S4_S3_
FN:107,_ZSt18uninitialized_copyISt13move_iteratorIPiES1_ET0_T_S4_S3_
FN:107,_ZSt18uninitialized_copyISt13move_iteratorIPSt5tupleIJffEEES3_ET0_T_S6_S5_
FN:107,_ZSt18uninitialized_copyIN9__gnu_cxx17__normal_iteratorIPKSt5tupleIJffEESt6vectorIS3_SaIS3_EEEEPS3_ET0_T_SC_SB_
FN:107,_ZSt18uninitialized_copyISt13move_iteratorIPSt6vectorIiSaIiEEES4_ET0_T_S7_S6_
FN:107,_ZSt18uninitialized_copyIN9__gnu_cxx17__normal_iteratorIPKiSt6vectorIiSaIiEEEEPiET0_T_SA_S9_
FN:107,_ZSt18uninitialized_copyIN9__gnu_cxx17__normal_iteratorIPKSt6vectorIiSaIiEES2_IS4_SaIS4_EEEEPS4_ET0_T_SC_SB_
FN:195,_ZNSt22__uninitialized_fill_nILb0EE15__uninit_fill_nIPSt6vectorIiSaIiEEjS4_EET_S6_T0_RKT1_
FN:236,_ZSt20uninitialized_fill_nIPSt6vectorIiSaIiEEjS2_ET_S4_T0_RKT1_
FN:279,_ZSt22__uninitialized_copy_aISt13move_iteratorIPSt5tupleIJffEEES3_S2_ET0_T_S6_S5_RSaIT1_E
FN:279,_ZSt22__uninitialized_copy_aIN9__gnu_cxx17__normal_iteratorIPKSt6vectorIiSaIiEES2_IS4_SaIS4_EEEEPS4_S4_ET0_T_SC_SB_RSaIT1_E
FN:279,_ZSt22__uninitialized_copy_aISt13move_iteratorIPiES1_iET0_T_S4_S3_RSaIT1_E
FN:279,_ZSt22__uninitialized_copy_aIN9__gnu_cxx17__normal_iteratorIPKSt5tupleIJffEESt6vectorIS3_SaIS3_EEEEPS3_S3_ET0_T_SC_SB_RSaIT1_E
FN:279,_ZSt22__uninitialized_copy_aISt13move_iteratorIPfES1_fET0_T_S4_S3_RSaIT1_E
FN:279,_ZSt22__uninitialized_copy_aIN9__gnu_cxx17__normal_iteratorIPKiSt6vectorIiSaIiEEEEPiiET0_T_SA_S9_RSaIT1_E
FN:279,_ZSt22__uninitialized_copy_aISt13move_iteratorIPSt6vectorIiSaIiEEES4_S3_ET0_T_S7_S6_RSaIT1_E
FN:297,_ZSt34__uninitialized_move_if_noexcept_aIPSt5tupleIJffEES2_SaIS1_EET0_T_S5_S4_RT1_
FN:297,_ZSt34__uninitialized_move_if_noexcept_aIPiS0_SaIiEET0_T_S3_S2_RT1_
FN:297,_ZSt34__uninitialized_move_if_noexcept_aIPSt6vectorIiSaIiEES3_SaIS2_EET0_T_S6_S5_RT1_
FN:297,_ZSt34__uninitialized_move_if_noexcept_aIPfS0_SaIfEET0_T_S3_S2_RT1_
FN:356,_ZSt24__uninitialized_fill_n_aIPSt6vectorIiSaIiEEjS2_S2_ET_S4_T0_RKT1_RSaIT2_E
FN:535,_ZNSt27__uninitialized_default_n_1ILb1EE18__uninit_default_nIPijEET_S3_T0_
FN:566,_ZSt25__uninitialized_default_nIPijET_S1_T0_
FN:635,_ZSt27__uninitialized_default_n_aIPijiET_S1_T0_RSaIT1_E
FNDA:761,_ZNSt20__uninitialized_copyILb0EE13__uninit_copyISt13move_iteratorIPSt5tupleIJffEEES5_EET0_T_S8_S7_
FNDA:31,_ZNSt20__uninitialized_copyILb0EE13__uninit_copyISt13move_iteratorIPSt6vectorIiSaIiEEES6_EET0_T_S9_S8_
FNDA:36,_ZNSt20__uninitialized_copyILb0EE13__uninit_copyIN9__gnu_cxx17__normal_iteratorIPKSt5tupleIJffEESt6vectorIS5_SaIS5_EEEEPS5_EET0_T_SE_SD_
FNDA:114,_ZNSt20__uninitialized_copyILb0EE13__uninit_copyIN9__gnu_cxx17__normal_iteratorIPKSt6vectorIiSaIiEES4_IS6_SaIS6_EEEEPS6_EET0_T_SE_SD_
FNDA:9,_ZNSt20__uninitialized_copyILb1EE13__uninit_copyISt13move_iteratorIPfES3_EET0_T_S6_S5_
FNDA:8103643,_ZNSt20__uninitialized_copyILb1EE13__uninit_copyISt13move_iteratorIPiES3_EET0_T_S6_S5_
FNDA:2162993,_ZNSt20__uninitialized_copyILb1EE13__uninit_copyIN9__gnu_cxx17__normal_iteratorIPKiSt6vectorIiSaIiEEEEPiEET0_T_SC_SB_
FNDA:9,_ZSt18uninitialized_copyISt13move_iteratorIPfES1_ET0_T_S4_S3_
FNDA:761,_ZSt18uninitialized_copyISt13move_iteratorIPSt5tupleIJffEEES3_ET0_T_S6_S5_
FNDA:31,_ZSt18uninitialized_copyISt13move_iteratorIPSt6vectorIiSaIiEEES4_ET0_T_S7_S6_
FNDA:8103643,_ZSt18uninitialized_copyISt13move_iteratorIPiES1_ET0_T_S4_S3_
FNDA:36,_ZSt18uninitialized_copyIN9__gnu_cxx17__normal_iteratorIPKSt5tupleIJffEESt6vectorIS3_SaIS3_EEEEPS3_ET0_T_SC_SB_
FNDA:114,_ZSt18uninitialized_copyIN9__gnu_cxx17__normal_iteratorIPKSt6vectorIiSaIiEES2_IS4_SaIS4_EEEEPS4_ET0_T_SC_SB_
FNDA:2162993,_ZSt18uninitialized_copyIN9__gnu_cxx17__normal_iteratorIPKiSt6vectorIiSaIiEEEEPiET0_T_SA_S9_
FNDA:3,_ZNSt22__uninitialized_fill_nILb0EE15__uninit_fill_nIPSt6vectorIiSaIiEEjS4_EET_S6_T0_RKT1_
FNDA:3,_ZSt20uninitialized_fill_nIPSt6vectorIiSaIiEEjS2_ET_S4_T0_RKT1_
FNDA:9,_ZSt22__uninitialized_copy_aISt13move_iteratorIPfES1_fET0_T_S4_S3_RSaIT1_E
FNDA:761,_ZSt22__uninitialized_copy_aISt13move_iteratorIPSt5tupleIJffEEES3_S2_ET0_T_S6_S5_RSaIT1_E
FNDA:31,_ZSt22__uninitialized_copy_aISt13move_iteratorIPSt6vectorIiSaIiEEES4_S3_ET0_T_S7_S6_RSaIT1_E
FNDA:8103643,_ZSt22__uninitialized_copy_aISt13move_iteratorIPiES1_iET0_T_S4_S3_RSaIT1_E
FNDA:36,_ZSt22__uninitialized_copy_aIN9__gnu_cxx17__normal_iteratorIPKSt5tupleIJffEESt6vectorIS3_SaIS3_EEEEPS3_S3_ET0_T_SC_SB_RSaIT1_E
FNDA:114,_ZSt22__uninitialized_copy_aIN9__gnu_cxx17__normal_iteratorIPKSt6vectorIiSaIiEES2_IS4_SaIS4_EEEEPS4_S4_ET0_T_SC_SB_RSaIT1_E
FNDA:2162993,_ZSt22__uninitialized_copy_aIN9__gnu_cxx17__normal_iteratorIPKiSt6vectorIiSaIiEEEEPiiET0_T_SA_S9_RSaIT1_E
FNDA:9,_ZSt34__uninitialized_move_if_noexcept_aIPfS0_SaIfEET0_T_S3_S2_RT1_
FNDA:761,_ZSt34__uninitialized_move_if_noexcept_aIPSt5tupleIJffEES2_SaIS1_EET0_T_S5_S4_RT1_
FNDA:31,_ZSt34__uninitialized_move_if_noexcept_aIPSt6vectorIiSaIiEES3_SaIS2_EET0_T_S6_S5_RT1_
FNDA:8103643,_ZSt34__uninitialized_move_if_noexcept_aIPiS0_SaIiEET0_T_S3_S2_RT1_
FNDA:3,_ZSt24__uninitialized_fill_n_aIPSt6vectorIiSaIiEEjS2_S2_ET_S4_T0_RKT1_RSaIT2_E
FNDA:3,_ZNSt27__uninitialized_default_n_1ILb1EE18__uninit_default_nIPijEET_S3_T0_
FNDA:3,_ZSt25__uninitialized_default_nIPijET_S1_T0_
FNDA:3,_ZSt27__uninitialized_default_n_aIPijiET_S1_T0_RSaIT1_E
FNF:31
FNH:31
DA:68,942
DA:71,942
DA:74,7282
DA:75,3170
DA:76,942
DA:78,0
DA:80,0
DA:81,0
DA:91,10266645
DA:93,10266645
DA:107,10267587
DA:120,10267587
DA:126,10267587
DA:195,3
DA:198,3
DA:201,27
DA:202,12
DA:203,3
DA:205,0
DA:207,0
DA:208,0
DA:236,3
DA:244,3
DA:247,3
DA:279,10267587
DA:281,10267587
DA:297,8104444
DA:303,8104444
DA:304,8104444
DA:356,3
DA:358,3
DA:535,3
DA:540,3
DA:566,3
DA:571,3
DA:575,3
DA:635,3
DA:637,3
LF:38
LH:32
end_of_record
SF:/c/mingw/lib/gcc/mingw32/6.3.0/include/c++/bits/stl_vector.h
FN:79,_ZNSt12_Vector_baseISt5tupleIJffEESaIS1_EE12_Vector_implD1Ev
FN:79,_ZNSt12_Vector_baseISt6vectorIiSaIiEESaIS2_EE12_Vector_implD1Ev
FN:79,_ZNSt12_Vector_baseIfSaIfEE12_Vector_implD1Ev
FN:79,_ZNSt12_Vector_baseIiSaIiEE12_Vector_implD1Ev
FN:79,_ZNSt12_Vector_baseISt5tupleIJiiEESaIS1_EE12_Vector_implD1Ev
FN:86,_ZNSt12_Vector_baseISt6vectorIiSaIiEESaIS2_EE12_Vector_implC1Ev
FN:86,_ZNSt12_Vector_baseISt5tupleIJiiEESaIS1_EE12_Vector_implC1Ev
FN:86,_ZNSt12_Vector_baseIfSaIfEE12_Vector_implC1Ev
FN:86,_ZNSt12_Vector_baseIiSaIiEE12_Vector_implC1Ev
FN:86,_ZNSt12_Vector_baseISt5tupleIJffEESaIS1_EE12_Vector_implC1Ev
FN:90,_ZNSt12_Vector_baseISt5tupleIJffEESaIS1_EE12_Vector_implC1ERKS2_
FN:90,_ZNSt12_Vector_baseIiSaIiEE12_Vector_implC1ERKS0_
FN:90,_ZNSt12_Vector_baseISt6vectorIiSaIiEESaIS2_EE12_Vector_implC1ERKS3_
FN:95,_ZNSt12_Vector_baseIiSaIiEE12_Vector_implC1EOS0_
FN:101,_ZNSt12_Vector_baseIiSaIiEE12_Vector_impl12_M_swap_dataERS2_
FN:113,_ZNSt12_Vector_baseISt5tupleIJiiEESaIS1_EE19_M_get_Tp_allocatorEv
FN:113,_ZNSt12_Vector_baseISt5tupleIJffEESaIS1_EE19_M_get_Tp_allocatorEv
FN:113,_ZNSt12_Vector_baseISt6vectorIiSaIiEESaIS2_EE19_M_get_Tp_allocatorEv
FN:113,_ZNSt12_Vector_baseIiSaIiEE19_M_get_Tp_allocatorEv
FN:113,_ZNSt12_Vector_baseIfSaIfEE19_M_get_Tp_allocatorEv
FN:117,_ZNKSt12_Vector_baseIiSaIiEE19_M_get_Tp_allocatorEv
FN:117,_ZNKSt12_Vector_baseISt6vectorIiSaIiEESaIS2_EE19_M_get_Tp_allocatorEv
FN:117,_ZNKSt12_Vector_baseISt5tupleIJffEESaIS1_EE19_M_get_Tp_allocatorEv
FN:117,_ZNKSt12_Vector_baseIfSaIfEE19_M_get_Tp_allocatorEv
FN:124,_ZNSt12_Vector_baseIfSaIfEEC2Ev
FN:124,_ZNSt12_Vector_baseISt6vectorIiSaIiEESaIS2_EEC2Ev
FN:124,_ZNSt12_Vector_baseIiSaIiEEC2Ev
FN:124,_ZNSt12_Vector_baseISt5tupleIJiiEESaIS1_EEC2Ev
FN:124,_ZNSt12_Vector_baseISt5tupleIJffEESaIS1_EEC2Ev
FN:134,_ZNSt12_Vector_baseISt6vectorIiSaIiEESaIS2_EEC2EjRKS3_
FN:134,_ZNSt12_Vector_baseISt5tupleIJffEESaIS1_EEC2EjRKS2_
FN:134,_ZNSt12_Vector_baseIiSaIiEEC2EjRKS0_
FN:142,_ZNSt12_Vector_baseIiSaIiEEC2EOS1_
FN:159,_ZNSt12_Vector_baseISt6vectorIiSaIiEESaIS2_EED2Ev
FN:159,_ZNSt12_Vector_baseISt5tupleIJiiEESaIS1_EED2Ev
FN:159,_ZNSt12_Vector_baseISt5tupleIJffEESaIS1_EED2Ev
FN:159,_ZNSt12_Vector_baseIfSaIfEED2Ev
FN:159,_ZNSt12_Vector_baseIiSaIiEED2Ev
FN:167,_ZNSt12_Vector_baseIiSaIiEE11_M_allocateEj
FN:167,_ZNSt12_Vector_baseISt6vectorIiSaIiEESaIS2_EE11_M_allocateEj
FN:167,_ZNSt12_Vector_baseIfSaIfEE11_M_allocateEj
FN:167,_ZNSt12_Vector_baseISt5tupleIJffEESaIS1_EE11_M_allocateEj
FN:174,_ZNSt12_Vector_baseISt6vectorIiSaIiEESaIS2_EE13_M_deallocateEPS2_j
FN:174,_ZNSt12_Vector_baseISt5tupleIJiiEESaIS1_EE13_M_deallocateEPS1_j
FN:174,_ZNSt12_Vector_baseIiSaIiEE13_M_deallocateEPij
FN:174,_ZNSt12_Vector_baseISt5tupleIJffEESaIS1_EE13_M_deallocateEPS1_j
FN:174,_ZNSt12_Vector_baseIfSaIfEE13_M_deallocateEPfj
FN:183,_ZNSt12_Vector_baseISt5tupleIJffEESaIS1_EE17_M_create_storageEj
FN:183,_ZNSt12_Vector_baseISt6vectorIiSaIiEESaIS2_EE17_M_create_storageEj
FN:183,_ZNSt12_Vector_baseIiSaIiEE17_M_create_storageEj
FN:255,_ZNSt6vectorISt5tupleIJiiEESaIS1_EEC1Ev
FN:255,_ZNSt6vectorIS_IiSaIiEESaIS1_EEC1Ev
FN:255,_ZNSt6vectorIiSaIiEEC1Ev
FN:255,_ZNSt6vectorIfSaIfEEC1Ev
FN:255,_ZNSt6vectorISt5tupleIJffEESaIS1_EEC1Ev
FN:279,_ZNSt6vectorIiSaIiEEC1EjRKS0_
FN:291,_ZNSt6vectorIS_IiSaIiEESaIS1_EEC1EjRKS1_RKS2_
FN:320,_ZNSt6vectorIS_IiSaIiEESaIS1_EEC1ERKS3_
FN:320,_ZNSt6vectorISt5tupleIJffEESaIS1_EEC1ERKS3_
FN:320,_ZNSt6vectorIiSaIiEEC1ERKS1_
FN:337,_ZNSt6vectorIiSaIiEEC1EOS1_
FN:425,_ZNSt6vectorISt5tupleIJffEESaIS1_EED1Ev
FN:425,_ZNSt6vectorIS_IiSaIiEESaIS1_EED1Ev
FN:425,_ZNSt6vectorISt5tupleIJiiEESaIS1_EED1Ev
FN:425,_ZNSt6vectorIfSaIfEED1Ev
FN:425,_ZNSt6vectorIiSaIiEED1Ev
FN:557,_ZNKSt6vectorISt5tupleIJffEESaIS1_EE5beginEv
FN:557,_ZNKSt6vectorIiSaIiEE5beginEv
FN:557,_ZNKSt6vectorIS_IiSaIiEESaIS1_EE5beginEv
FN:575,_ZNKSt6vectorIiSaIiEE3endEv
FN:575,_ZNKSt6vectorIS_IiSaIiEESaIS1_EE3endEv
FN:575,_ZNKSt6vectorISt5tupleIJffEESaIS1_EE3endEv
FN:655,_ZNKSt6vectorIS_IiSaIiEESaIS1_EE4sizeEv
FN:655,_ZNKSt6vectorISt5tupleIJffEESaIS1_EE4sizeEv
FN:655,_ZNKSt6vectorIfSaIfEE4sizeEv
FN:655,_ZNKSt6vectorIiSaIiEE4sizeEv
FN:660,_ZNKSt6vectorISt5tupleIJffEESaIS1_EE8max_sizeEv
FN:660,_ZNKSt6vectorIiSaIiEE8max_sizeEv
FN:660,_ZNKSt6vectorIS_IiSaIiEESaIS1_EE8max_sizeEv
FN:660,_ZNKSt6vectorIfSaIfEE8max_sizeEv
FN:780,_ZNSt6vectorIS_IiSaIiEESaIS1_EEixEj
FN:780,_ZNSt6vectorIiSaIiEEixEj
FN:780,_ZNSt6vectorISt5tupleIJffEESaIS1_EEixEj
FN:914,_ZNSt6vectorISt5tupleIJffEESaIS1_EE9push_backERKS1_
FN:914,_ZNSt6vectorIiSaIiEE9push_backERKi
FN:914,_ZNSt6vectorIS_IiSaIiEESaIS1_EE9push_backERKS1_
FN:932,_ZNSt6vectorIfSaIfEE9push_backEOf
FN:1296,_ZNSt6vectorIS_IiSaIiEESaIS1_EE18_M_fill_initializeEjRKS1_
FN:1306,_ZNSt6vectorIiSaIiEE21_M_default_initializeEj
FN:1420,_ZNKSt6vectorIS_IiSaIiEESaIS1_EE12_M_check_lenEjPKc
FN:1420,_ZNKSt6vectorIfSaIfEE12_M_check_lenEjPKc
FN:1420,_ZNKSt6vectorIiSaIiEE12_M_check_lenEjPKc
FN:1420,_ZNKSt6vectorISt5tupleIJffEESaIS1_EE12_M_check_lenEjPKc
FNDA:6,_ZNSt12_Vector_baseIfSaIfEE12_Vector_implD1Ev
FNDA:3,_ZNSt12_Vector_baseISt5tupleIJiiEESaIS1_EE12_Vector_implD1Ev
FNDA:714,_ZNSt12_Vector_baseISt5tupleIJffEESaIS1_EE12_Vector_implD1Ev
FNDA:168,_ZNSt12_Vector_baseISt6vectorIiSaIiEESaIS2_EE12_Vector_implD1Ev
FNDA:2704692,_ZNSt12_Vector_baseIiSaIiEE12_Vector_implD1Ev
FNDA:6,_ZNSt12_Vector_baseIfSaIfEE12_Vector_implC1Ev
FNDA:3,_ZNSt12_Vector_baseISt5tupleIJiiEESaIS1_EE12_Vector_implC1Ev
FNDA:673,_ZNSt12_Vector_baseISt5tupleIJffEESaIS1_EE12_Vector_implC1Ev
FNDA:12,_ZNSt12_Vector_baseISt6vectorIiSaIiEESaIS2_EE12_Vector_implC1Ev
FNDA:541483,_ZNSt12_Vector_baseIiSaIiEE12_Vector_implC1Ev
FNDA:41,_ZNSt12_Vector_baseISt5tupleIJffEESaIS1_EE12_Vector_implC1ERKS2_
FNDA:156,_ZNSt12_Vector_baseISt6vectorIiSaIiEESaIS2_EE12_Vector_implC1ERKS3_
FNDA:2163167,_ZNSt12_Vector_baseIiSaIiEE12_Vector_implC1ERKS0_
FNDA:42,_ZNSt12_Vector_baseIiSaIiEE12_Vector_implC1EOS0_
FNDA:84,_ZNSt12_Vector_baseIiSaIiEE12_Vector_impl12_M_swap_dataERS2_
FNDA:30,_ZNSt12_Vector_baseIfSaIfEE19_M_get_Tp_allocatorEv
FNDA:3,_ZNSt12_Vector_baseISt5tupleIJiiEESaIS1_EE19_M_get_Tp_allocatorEv
FNDA:2277,_ZNSt12_Vector_baseISt5tupleIJffEESaIS1_EE19_M_get_Tp_allocatorEv
FNDA:386,_ZNSt12_Vector_baseISt6vectorIiSaIiEESaIS2_EE19_M_get_Tp_allocatorEv
FNDA:21075208,_ZNSt12_Vector_baseIiSaIiEE19_M_get_Tp_allocatorEv
FNDA:18,_ZNKSt12_Vector_baseIfSaIfEE19_M_get_Tp_allocatorEv
FNDA:1558,_ZNKSt12_Vector_baseISt5tupleIJffEESaIS1_EE19_M_get_Tp_allocatorEv
FNDA:176,_ZNKSt12_Vector_baseISt6vectorIiSaIiEESaIS2_EE19_M_get_Tp_allocatorEv
FNDA:18370300,_ZNKSt12_Vector_baseIiSaIiEE19_M_get_Tp_allocatorEv
FNDA:6,_ZNSt12_Vector_baseIfSaIfEEC2Ev
FNDA:3,_ZNSt12_Vector_baseISt5tupleIJiiEESaIS1_EEC2Ev
FNDA:673,_ZNSt12_Vector_baseISt5tupleIJffEESaIS1_EEC2Ev
FNDA:12,_ZNSt12_Vector_baseISt6vectorIiSaIiEESaIS2_EEC2Ev
FNDA:541483,_ZNSt12_Vector_baseIiSaIiEEC2Ev
FNDA:36,_ZNSt12_Vector_baseISt5tupleIJffEESaIS1_EEC2EjRKS2_
FNDA:117,_ZNSt12_Vector_baseISt6vectorIiSaIiEESaIS2_EEC2EjRKS3_
FNDA:2162996,_ZNSt12_Vector_baseIiSaIiEEC2EjRKS0_
FNDA:42,_ZNSt12_Vector_baseIiSaIiEEC2EOS1_
FNDA:6,_ZNSt12_Vector_baseIfSaIfEED2Ev
FNDA:3,_ZNSt12_Vector_baseISt5tupleIJiiEESaIS1_EED2Ev
FNDA:714,_ZNSt12_Vector_baseISt5tupleIJffEESaIS1_EED2Ev
FNDA:168,_ZNSt12_Vector_baseISt6vectorIiSaIiEESaIS2_EED2Ev
FNDA:2704692,_ZNSt12_Vector_baseIiSaIiEED2Ev
FNDA:12,_ZNSt12_Vector_baseIfSaIfEE11_M_allocateEj
FNDA:802,_ZNSt12_Vector_baseISt5tupleIJffEESaIS1_EE11_M_allocateEj
FNDA:187,_ZNSt12_Vector_baseISt6vectorIiSaIiEESaIS2_EE11_M_allocateEj
FNDA:10266789,_ZNSt12_Vector_baseIiSaIiEE11_M_allocateEj
FNDA:18,_ZNSt12_Vector_baseIfSaIfEE13_M_deallocateEPfj
FNDA:3,_ZNSt12_Vector_baseISt5tupleIJiiEESaIS1_EE13_M_deallocateEPS1_j
FNDA:1475,_ZNSt12_Vector_baseISt5tupleIJffEESaIS1_EE13_M_deallocateEPS1_j
FNDA:199,_ZNSt12_Vector_baseISt6vectorIiSaIiEESaIS2_EE13_M_deallocateEPS2_j
FNDA:10808335,_ZNSt12_Vector_baseIiSaIiEE13_M_deallocateEPij
FNDA:36,_ZNSt12_Vector_baseISt5tupleIJffEESaIS1_EE17_M_create_storageEj
FNDA:117,_ZNSt12_Vector_baseISt6vectorIiSaIiEESaIS2_EE17_M_create_storageEj
FNDA:2162996,_ZNSt12_Vector_baseIiSaIiEE17_M_create_storageEj
FNDA:6,_ZNSt6vectorIfSaIfEEC1Ev
FNDA:3,_ZNSt6vectorISt5tupleIJiiEESaIS1_EEC1Ev
FNDA:673,_ZNSt6vectorISt5tupleIJffEESaIS1_EEC1Ev
FNDA:12,_ZNSt6vectorIS_IiSaIiEESaIS1_EEC1Ev
FNDA:541483,_ZNSt6vectorIiSaIiEEC1Ev
FNDA:3,_ZNSt6vectorIiSaIiEEC1EjRKS0_
FNDA:3,_ZNSt6vectorIS_IiSaIiEESaIS1_EEC1EjRKS1_RKS2_
FNDA:36,_ZNSt6vectorISt5tupleIJffEESaIS1_EEC1ERKS3_
FNDA:114,_ZNSt6vectorIS_IiSaIiEESaIS1_EEC1ERKS3_
FNDA:2162993,_ZNSt6vectorIiSaIiEEC1ERKS1_
FNDA:42,_ZNSt6vectorIiSaIiEEC1EOS1_
FNDA:6,_ZNSt6vectorIfSaIfEED1Ev
FNDA:3,_ZNSt6vectorISt5tupleIJiiEESaIS1_EED1Ev
FNDA:714,_ZNSt6vectorISt5tupleIJffEESaIS1_EED1Ev
FNDA:168,_ZNSt6vectorIS_IiSaIiEESaIS1_EED1Ev
FNDA:2704692,_ZNSt6vectorIiSaIiEED1Ev
FNDA:36,_ZNKSt6vectorISt5tupleIJffEESaIS1_EE5beginEv
FNDA:120,_ZNKSt6vectorIS_IiSaIiEESaIS1_EE5beginEv
FNDA:2163023,_ZNKSt6vectorIiSaIiEE5beginEv
FNDA:36,_ZNKSt6vectorISt5tupleIJffEESaIS1_EE3endEv
FNDA:117,_ZNKSt6vectorIS_IiSaIiEESaIS1_EE3endEv
FNDA:2163008,_ZNKSt6vectorIiSaIiEE3endEv
FNDA:48,_ZNKSt6vectorIfSaIfEE4sizeEv
FNDA:13745140,_ZNKSt6vectorISt5tupleIJffEESaIS1_EE4sizeEv
FNDA:455,_ZNKSt6vectorIS_IiSaIiEESaIS1_EE4sizeEv
FNDA:31633057589,_ZNKSt6vectorIiSaIiEE4sizeEv
FNDA:18,_ZNKSt6vectorIfSaIfEE8max_sizeEv
FNDA:1522,_ZNKSt6vectorISt5tupleIJffEESaIS1_EE8max_sizeEv
FNDA:62,_ZNKSt6vectorIS_IiSaIiEESaIS1_EE8max_sizeEv
FNDA:16207286,_ZNKSt6vectorIiSaIiEE8max_sizeEv
FNDA:26665320,_ZNSt6vectorISt5tupleIJffEESaIS1_EEixEj
FNDA:893,_ZNSt6vectorIS_IiSaIiEESaIS1_EEixEj
FNDA:66396066287,_ZNSt6vectorIiSaIiEEixEj
FNDA:1681,_ZNSt6vectorISt5tupleIJffEESaIS1_EE9push_backERKS1_
FNDA:26,_ZNSt6vectorIS_IiSaIiEESaIS1_EE9push_backERKS1_
FNDA:7957314195,_ZNSt6vectorIiSaIiEE9push_backERKi
FNDA:12,_ZNSt6vectorIfSaIfEE9push_backEOf
FNDA:3,_ZNSt6vectorIS_IiSaIiEESaIS1_EE18_M_fill_initializeEjRKS1_
FNDA:3,_ZNSt6vectorIiSaIiEE21_M_default_initializeEj
FNDA:9,_ZNKSt6vectorIfSaIfEE12_M_check_lenEjPKc
FNDA:761,_ZNKSt6vectorISt5tupleIJffEESaIS1_EE12_M_check_lenEjPKc
FNDA:31,_ZNKSt6vectorIS_IiSaIiEESaIS1_EE12_M_check_lenEjPKc
FNDA:8103643,_ZNKSt6vectorIiSaIiEE12_M_check_lenEjPKc
FNF:93
FNH:93
DA:79,2705583
DA:86,542177
DA:87,542177
DA:88,542177
DA:90,2163364
DA:91,2163364
DA:92,2163364
DA:95,42
DA:96,42
DA:97,42
DA:98,42
DA:101,84
DA:103,84
DA:104,84
DA:105,84
DA:106,84
DA:113,21077904
DA:114,21077904
DA:117,18372052
DA:118,18372052
DA:124,542177
DA:125,542177
DA:134,2163149
DA:135,2163149
DA:136,2163149
DA:142,42
DA:143,42
DA:144,42
DA:159,2705583
DA:160,5411166
DA:161,5411166
DA:167,10267790
DA:170,10267790
DA:174,10810030
DA:177,10810030
DA:178,10267790
DA:179,10810030
DA:183,2163149
DA:185,2163149
DA:186,2163149
DA:187,2163149
DA:188,2163149
DA:255,542177
DA:259,542177
DA:279,3
DA:280,3
DA:281,3
DA:291,3
DA:293,3
DA:294,3
DA:320,2163143
DA:322,2163143
DA:323,2163143
DA:324,2163143
DA:326,2163143
DA:327,2163143
DA:337,42
DA:338,42
DA:425,2705583
DA:426,2705583
DA:427,5411166
DA:557,2163179
DA:558,2163179
DA:575,2163161
DA:576,2163161
DA:655,31646803232
DA:656,31646803232
DA:660,16208888
DA:661,16208888
DA:780,66422732500
DA:781,66422732500
DA:914,7957315902
DA:916,7957315902
DA:918,7949211553
DA:920,7949211553
DA:924,8104349
DA:928,7957315902
DA:932,12
DA:933,12
DA:1296,3
DA:1298,3
DA:1299,3
DA:1300,3
DA:1301,3
DA:1306,3
DA:1308,3
DA:1309,3
DA:1310,3
DA:1311,3
DA:1420,8104444
DA:1422,8104444
DA:1423,0
DA:1425,8104444
DA:1426,8104444
LF:94
LH:93
end_of_record
SF:/c/mingw/lib/gcc/mingw32/6.3.0/include/c++/bits/vector.tcc
FN:91,_ZNSt6vectorIfSaIfEE12emplace_backIJfEEEvDpOT_
FN:407,_ZNSt6vectorISt5tupleIJffEESaIS1_EE19_M_emplace_back_auxIJRKS1_EEEvDpOT_
FN:407,_ZNSt6vectorIS_IiSaIiEESaIS1_EE19_M_emplace_back_auxIJRKS1_EEEvDpOT_
FN:407,_ZNSt6vectorIfSaIfEE19_M_emplace_back_auxIJfEEEvDpOT_
FN:407,_ZNSt6vectorIiSaIiEE19_M_emplace_back_auxIJRKiEEEvDpOT_
FNDA:12,_ZNSt6vectorIfSaIfEE12emplace_backIJfEEEvDpOT_
FNDA:9,_ZNSt6vectorIfSaIfEE19_M_emplace_back_auxIJfEEEvDpOT_
FNDA:761,_ZNSt6vectorISt5tupleIJffEESaIS1_EE19_M_emplace_back_auxIJRKS1_EEEvDpOT_
FNDA:22,_ZNSt6vectorIS_IiSaIiEESaIS1_EE19_M_emplace_back_auxIJRKS1_EEEvDpOT_
FNDA:8103566,_ZNSt6vectorIiSaIiEE19_M_emplace_back_auxIJRKiEEEvDpOT_
FNF:5
FNH:5
DA:91,12
DA:94,12
DA:96,3
DA:98,3
DA:101,9
DA:102,12
DA:407,8104358
DA:411,8104358
DA:412,8104358
DA:413,8104358
DA:416,8104358
DA:418,8104358
DA:420,8104358
DA:422,8104358
DA:423,8104358
DA:425,8104358
DA:427,0
DA:429,0
DA:430,0
DA:432,0
DA:433,0
DA:434,0
DA:436,8104358
DA:437,8104358
DA:438,8104358
DA:439,8104358
DA:440,8104358
DA:441,8104358
DA:442,8104358
DA:443,8104358
DA:444,8104358
LF:31
LH:25
end_of_record
SF:/c/mingw/lib/gcc/mingw32/6.3.0/include/c++/cmath
FN:103,_ZSt3absIbEN9__gnu_cxx11__enable_ifIXsrSt12__is_integerIT_E7__valueEdE6__typeES3_
FN:283,_ZSt5floorf
FN:295,_ZSt5floorIiEN9__gnu_cxx11__enable_ifIXsrSt12__is_integerIT_E7__valueEdE6__typeES3_
FN:438,_ZSt3powIiiEN9__gnu_cxx11__promote_2IT_T0_NS0_9__promoteIS2_XsrSt12__is_integerIS2_E7__valueEE6__typeENS4_IS3_XsrS5_IS3_E7__valueEE6__typeEE6__typeES2_S3_
FNDA:19477240,_ZSt3absIbEN9__gnu_cxx11__enable_ifIXsrSt12__is_integerIT_E7__valueEdE6__typeES3_
FNDA:6954655,_ZSt5floorf
FNDA:492,_ZSt5floorIiEN9__gnu_cxx11__enable_ifIXsrSt12__is_integerIT_E7__valueEdE6__typeES3_
FNDA:24,_ZSt3powIiiEN9__gnu_cxx11__promote_2IT_T0_NS0_9__promoteIS2_XsrSt12__is_integerIS2_E7__valueEE6__typeENS4_IS3_XsrS5_IS3_E7__valueEE6__typeEE6__typeES2_S3_
FNF:4
FNH:4
DA:103,19477240
DA:104,19477240
DA:283,6954655
DA:284,6954655
DA:295,492
DA:296,492
DA:438,24
DA:441,24
LF:8
LH:8
end_of_record
SF:/c/mingw/lib/gcc/mingw32/6.3.0/include/c++/ext/alloc_traits.h
FN:94,_ZN9__gnu_cxx14__alloc_traitsISaIiEE17_S_select_on_copyERKS1_
FN:94,_ZN9__gnu_cxx14__alloc_traitsISaISt6vectorIiSaIiEEEE17_S_select_on_copyERKS4_
FN:94,_ZN9__gnu_cxx14__alloc_traitsISaISt5tupleIJffEEEE17_S_select_on_copyERKS3_
[...]
FNDA:0,_ZN7testing8internal33FormatForComparisonFailureMessageIjjEENSt7__cxx1112basic_stringIcSt11char_traitsIcESaIcEEERKT_RKT0_
FNDA:0,_ZN7testing8internal14DefaultPrintToIiEEvNS0_15WrapPrinterTypeILNS0_18DefaultPrinterTypeE3EEERKT_PSo
FNDA:0,_ZN7testing8internal14DefaultPrintToIjEEvNS0_15WrapPrinterTypeILNS0_18DefaultPrinterTypeE3EEERKT_PSo
FNDA:0,_ZN7testing8internal7PrintToIiEEvRKT_PSo
FNDA:0,_ZN7testing8internal7PrintToIjEEvRKT_PSo
FNDA:0,_ZN7testing8internal16UniversalPrinterIiE5PrintERKiPSo
FNDA:0,_ZN7testing8internal16UniversalPrinterIjE5PrintERKjPSo
FNDA:0,_ZN7testing8internal21UniversalTersePrinterIiE5PrintERKiPSo
FNDA:0,_ZN7testing8internal21UniversalTersePrinterIjE5PrintERKjPSo
FNDA:0,_ZN7testing8internal14UniversalPrintIiEEvRKT_PSo
FNDA:0,_ZN7testing8internal14UniversalPrintIjEEvRKT_PSo
FNDA:0,_ZN7testing13PrintToStringIiEENSt7__cxx1112basic_stringIcSt11char_traitsIcESaIcEEERKT_
FNDA:0,_ZN7testing13PrintToStringIjEENSt7__cxx1112basic_stringIcSt11char_traitsIcESaIcEEERKT_
FNF:18
FNH:0
DA:223,0
DA:250,0
DA:251,0
DA:276,0
DA:277,0
DA:350,0
DA:352,0
DA:443,0
DA:445,0
DA:446,0
DA:460,0
DA:482,0
DA:495,0
DA:715,0
DA:724,0
DA:725,0
DA:800,0
DA:801,0
DA:802,0
DA:869,0
DA:873,0
DA:874,0
DA:997,0
DA:998,0
DA:999,0
DA:1000,0
LF:26
LH:0
end_of_record
SF:/c/Users/Usuario/Documents/programacion/final/lib/googletest-master/googletest/include/gtest/gtest.h
FN:256,_ZN7testing15AssertionResultD1Ev
FN:288,_ZNK7testing15AssertionResultcvbEv
FN:297,_ZNK7testing15AssertionResult7messageEv
FN:302,_ZNK7testing15AssertionResult15failure_messageEv
FN:389,_ZN7testing4Test13SetUpTestCaseEv
FN:397,_ZN7testing4Test16TearDownTestCaseEv
FN:474,_ZN7testing4Test5SetupEv
FN:1375,_ZN7testing8internal18CmpHelperEQFailureIjjEENS_15AssertionResultEPKcS4_RKT_RKT0_
FN:1375,_ZN7testing8internal18CmpHelperEQFailureIiiEENS_15AssertionResultEPKcS4_RKT_RKT0_
FN:1387,_ZN7testing8internal11CmpHelperEQIjjEENS_15AssertionResultEPKcS4_RKT_RKT0_
FN:1387,_ZN7testing8internal11CmpHelperEQIiiEENS_15AssertionResultEPKcS4_RKT_RKT0_
FN:1417,_ZN7testing8internal8EqHelperILb0EE7CompareIiiEENS_15AssertionResultEPKcS6_RKT_RKT0_
FN:1417,_ZN7testing8internal8EqHelperILb0EE7CompareIjjEENS_15AssertionResultEPKcS6_RKT_RKT0_
FNDA:0,_ZN7testing15AssertionResultD1Ev
FNDA:0,_ZNK7testing15AssertionResultcvbEv
FNDA:0,_ZNK7testing15AssertionResult7messageEv
FNDA:0,_ZNK7testing15AssertionResult15failure_messageEv
FNDA:0,_ZN7testing4Test13SetUpTestCaseEv
FNDA:0,_ZN7testing4Test16TearDownTestCaseEv
FNDA:0,_ZN7testing4Test5SetupEv
FNDA:0,_ZN7testing8internal18CmpHelperEQFailureIiiEENS_15AssertionResultEPKcS4_RKT_RKT0_
FNDA:0,_ZN7testing8internal18CmpHelperEQFailureIjjEENS_15AssertionResultEPKcS4_RKT_RKT0_
FNDA:0,_ZN7testing8internal11CmpHelperEQIiiEENS_15AssertionResultEPKcS4_RKT_RKT0_
FNDA:3,_ZN7testing8internal11CmpHelperEQIjjEENS_15AssertionResultEPKcS4_RKT_RKT0_
FNDA:0,_ZN7testing8internal8EqHelperILb0EE7CompareIiiEENS_15AssertionResultEPKcS6_RKT_RKT0_
FNDA:3,_ZN7testing8internal8EqHelperILb0EE7CompareIjjEENS_15AssertionResultEPKcS6_RKT_RKT0_
FNF:13
FNH:2
DA:256,0
DA:288,0
DA:297,0
DA:298,0
DA:302,0
DA:389,0
DA:397,0
DA:474,0
DA:1375,0
DA:1382,0
DA:1387,3
DA:1392,3
DA:1393,3
DA:1397,0
DA:1417,3
DA:1421,3
LF:16
LH:5
end_of_record
SF:/c/Users/Usuario/Documents/programacion/final/lib/googletest-master/googletest/include/gtest/internal/gtest-internal.h
FN:466,_ZN7testing8internal15TestFactoryBaseD2Ev
FN:473,_ZN7testing8internal15TestFactoryBaseC2Ev
FN:482,_ZN7testing8internal15TestFactoryImplI26silenciosTEST_unAudio_TestED0Ev
FN:482,_ZN7testing8internal15TestFactoryImplI26silenciosTEST_unAudio_TestEC1Ev
FN:482,_ZN7testing8internal15TestFactoryImplI26silenciosTEST_unAudio_TestED1Ev
FN:484,_ZN7testing8internal15TestFactoryImplI26silenciosTEST_unAudio_TestE10CreateTestEv
FN:504,_ZN7testing8internal12CodeLocationD1Ev
FN:505,_ZN7testing8internal12CodeLocationC1ERKNSt7__cxx1112basic_stringIcSt11char_traitsIcESaIcEEEi
FNDA:0,_ZN7testing8internal15TestFactoryBaseD2Ev
FNDA:0,_ZN7testing8internal15TestFactoryBaseC2Ev
FNDA:3,_ZN7testing8internal15TestFactoryImplI26silenciosTEST_unAudio_TestED0Ev
FNDA:3,_ZN7testing8internal15TestFactoryImplI26silenciosTEST_unAudio_TestED1Ev
FNDA:3,_ZN7testing8internal15TestFactoryImplI26silenciosTEST_unAudio_TestEC1Ev
FNDA:3,_ZN7testing8internal15TestFactoryImplI26silenciosTEST_unAudio_TestE10CreateTestEv
FNDA:0,_ZN7testing8internal12CodeLocationD1Ev
FNDA:0,_ZN7testing8internal12CodeLocationC1ERKNSt7__cxx1112basic_stringIcSt11char_traitsIcESaIcEEEi
FNF:8
FNH:4
DA:466,0
DA:473,0
DA:482,9
DA:484,3
DA:504,0
DA:505,0
DA:506,0
LF:7
LH:2
end_of_record
SF:/c/Users/Usuario/Documents/programacion/final/lib/googletest-master/googletest/include/gtest/internal/gtest-port.h
FN:1162,_ZN7testing8internal10scoped_ptrINSt7__cxx1112basic_stringIcSt11char_traitsIcESaIcEEEED1Ev
FN:1162,_ZN7testing8internal10scoped_ptrINSt7__cxx1118basic_stringstreamIcSt11char_traitsIcESaIcEEEED1Ev
FN:1165,_ZNK7testing8internal10scoped_ptrINSt7__cxx1112basic_stringIcSt11char_traitsIcESaIcEEEEptEv
FN:1166,_ZNK7testing8internal10scoped_ptrINSt7__cxx1112basic_stringIcSt11char_traitsIcESaIcEEEE3getEv
FN:1174,_ZN7testing8internal10scoped_ptrINSt7__cxx1118basic_stringstreamIcSt11char_traitsIcESaIcEEEE5resetEPS7_
FN:1174,_ZN7testing8internal10scoped_ptrINSt7__cxx1112basic_stringIcSt11char_traitsIcESaIcEEEE5resetEPS7_
FNDA:0,_ZN7testing8internal10scoped_ptrINSt7__cxx1112basic_stringIcSt11char_traitsIcESaIcEEEED1Ev
FNDA:0,_ZN7testing8internal10scoped_ptrINSt7__cxx1118basic_stringstreamIcSt11char_traitsIcESaIcEEEED1Ev
FNDA:0,_ZNK7testing8internal10scoped_ptrINSt7__cxx1112basic_stringIcSt11char_traitsIcESaIcEEEEptEv
FNDA:0,_ZNK7testing8internal10scoped_ptrINSt7__cxx1112basic_stringIcSt11char_traitsIcESaIcEEEE3getEv
FNDA:0,_ZN7testing8internal10scoped_ptrINSt7__cxx1118basic_stringstreamIcSt11char_traitsIcESaIcEEEE5resetEPS7_
FNDA:0,_ZN7testing8internal10scoped_ptrINSt7__cxx1112basic_stringIcSt11char_traitsIcESaIcEEEE5resetEPS7_
FNF:6
FNH:0
DA:1162,0
DA:1165,0
DA:1166,0
DA:1174,0
DA:1175,0
DA:1176,0
DA:1177,0
DA:1179,0
DA:1181,0
LF:9
LH:0
end_of_record
SF:/c/Users/Usuario/Documents/programacion/final/tests/silenciosTEST.cpp
FN:10,_ZN26silenciosTEST_unAudio_TestD1Ev
FN:10,_ZN26silenciosTEST_unAudio_TestD0Ev
FN:10,_ZN26silenciosTEST_unAudio_Test8TestBodyEv
FN:10,_ZN26silenciosTEST_unAudio_TestC1Ev
FN:38,_Z41__static_initialization_and_destruction_0ii
FN:38,_GLOBAL__sub_I__ZN26silenciosTEST_unAudio_Test10test_info_E
FNDA:3,_ZN26silenciosTEST_unAudio_TestD0Ev
FNDA:3,_ZN26silenciosTEST_unAudio_TestD1Ev
FNDA:3,_ZN26silenciosTEST_unAudio_Test8TestBodyEv
FNDA:3,_ZN26silenciosTEST_unAudio_TestC1Ev
FNDA:3,_GLOBAL__sub_I__ZN26silenciosTEST_unAudio_Test10test_info_E
FNDA:3,_Z41__static_initialization_and_destruction_0ii
FNF:6
FNH:6
DA:10,15
DA:11,3
DA:12,3
DA:13,6
DA:17,6
DA:19,6
DA:20,3
DA:21,3
DA:22,9
DA:23,6
DA:24,6
DA:27,6
DA:28,6
DA:30,6
DA:32,6
DA:33,6
DA:35,6
DA:38,9
LF:18
LH:18
end_of_record
SF:/c/mingw/lib/gcc/mingw32/6.3.0/include/c++/bits/alloc_traits.h
FN:415,_ZNSt16allocator_traitsISaISt5tupleIJffEEEE8allocateERS2_j
FN:415,_ZNSt16allocator_traitsISaIiEE8allocateERS0_j
FN:441,_ZNSt16allocator_traitsISaIiEE10deallocateERS0_Pij
FN:441,_ZNSt16allocator_traitsISaISt5tupleIJffEEEE10deallocateERS2_PS1_j
FNDA:0,_ZNSt16allocator_traitsISaISt5tupleIJffEEEE8allocateERS2_j
FNDA:0,_ZNSt16allocator_traitsISaIiEE8allocateERS0_j
FNDA:0,_ZNSt16allocator_traitsISaISt5tupleIJffEEEE10deallocateERS2_PS1_j
FNDA:0,_ZNSt16allocator_traitsISaIiEE10deallocateERS0_Pij
FNF:4
FNH:0
DA:415,0
DA:416,0
DA:441,0
DA:442,0
LF:4
LH:0
end_of_record
SF:/c/mingw/lib/gcc/mingw32/6.3.0/include/c++/bits/allocator.h
FN:131,_ZNSaIiEC1Ev
FN:131,_ZNSaISt5tupleIJffEEEC1Ev
FN:133,_ZNSaISt5tupleIJffEEEC2ERKS1_
FN:133,_ZNSaIiEC2ERKS_
FN:139,_ZNSaIiED1Ev
FN:139,_ZNSaISt5tupleIJffEEED2Ev
FN:139,_ZNSaIiED2Ev
FN:139,_ZNSaISt5tupleIJffEEED1Ev
FNDA:5,_ZNSaISt5tupleIJffEEEC1Ev
FNDA:0,_ZNSaIiEC1Ev
FNDA:0,_ZNSaISt5tupleIJffEEEC2ERKS1_
FNDA:0,_ZNSaIiEC2ERKS_
FNDA:0,_ZNSaISt5tupleIJffEEED1Ev
FNDA:0,_ZNSaISt5tupleIJffEEED2Ev
FNDA:0,_ZNSaIiED1Ev
FNDA:0,_ZNSaIiED2Ev
FNF:8
FNH:1
DA:131,5
DA:133,0
DA:134,0
DA:139,0
LF:4
LH:1
end_of_record
SF:/c/mingw/lib/gcc/mingw32/6.3.0/include/c++/bits/cpp_type_traits.h
FN:408,_ZSt12__miter_baseIPKiET_S2_
FNDA:0,_ZSt12__miter_baseIPKiET_S2_
FNF:1
FNH:0
DA:408,0
DA:409,0
LF:2
LH:0
end_of_record
SF:/c/mingw/lib/gcc/mingw32/6.3.0/include/c++/bits/ios_base.h
FN:129,_ZStorSt13_Ios_OpenmodeS_
FNDA:0,_ZStorSt13_Ios_OpenmodeS_
FNF:1
FNH:0
DA:129,0
DA:130,0
LF:2
LH:0
end_of_record
SF:/c/mingw/lib/gcc/mingw32/6.3.0/include/c++/bits/move.h
FN:47,_ZSt11__addressofISt5tupleIJffEEEPT_RS2_
FN:76,_ZSt7forwardIRKSt5tupleIJffEEEOT_RNSt16remove_referenceIS4_E4typeE
FNDA:0,_ZSt11__addressofISt5tupleIJffEEEPT_RS2_
FNDA:0,_ZSt7forwardIRKSt5tupleIJffEEEOT_RNSt16remove_referenceIS4_E4typeE
FNF:2
FNH:0
DA:47,0
DA:50,0
DA:76,0
DA:77,0
LF:4
LH:0
end_of_record
SF:/c/mingw/lib/gcc/mingw32/6.3.0/include/c++/bits/stl_algobase.h
FN:277,_ZSt12__niter_baseIPKiET_S2_
FN:277,_ZSt12__niter_baseIPiET_S1_
FN:357,_ZNSt11__copy_moveILb0ELb1ESt26random_access_iterator_tagE8__copy_mIiEEPT_PKS3_S6_S4_
FN:375,_ZSt13__copy_move_aILb0EPKiPiET1_T0_S4_S3_
FN:420,_ZSt14__copy_move_a2ILb0EPKiPiET1_T0_S4_S3_
FN:446,_ZSt4copyIPKiPiET0_T_S4_S3_
FNDA:0,_ZSt12__niter_baseIPiET_S1_
FNDA:0,_ZSt12__niter_baseIPKiET_S2_
FNDA:0,_ZNSt11__copy_moveILb0ELb1ESt26random_access_iterator_tagE8__copy_mIiEEPT_PKS3_S6_S4_
FNDA:0,_ZSt13__copy_move_aILb0EPKiPiET1_T0_S4_S3_
FNDA:0,_ZSt14__copy_move_a2ILb0EPKiPiET1_T0_S4_S3_
FNDA:0,_ZSt4copyIPKiPiET0_T_S4_S3_
FNF:6
FNH:0
DA:277,0
DA:278,0
DA:357,0
DA:366,0
DA:367,0
DA:368,0
DA:369,0
DA:375,0
DA:383,0
DA:386,0
DA:420,0
DA:422,0
DA:424,0
DA:446,0
DA:455,0
DA:456,0
LF:16
LH:0
end_of_record
SF:/c/mingw/lib/gcc/mingw32/6.3.0/include/c++/bits/stl_construct.h
FN:74,_ZSt10_ConstructISt5tupleIJffEEJRKS1_EEvPT_DpOT0_
FN:112,_ZNSt12_Destroy_auxILb1EE9__destroyIPSt5tupleIJffEEEEvT_S5_
FN:112,_ZNSt12_Destroy_auxILb1EE9__destroyIPiEEvT_S3_
FN:122,_ZSt8_DestroyIPSt5tupleIJffEEEvT_S3_
FN:122,_ZSt8_DestroyIPiEvT_S1_
FN:148,_ZSt8_DestroyIPSt5tupleIJffEES1_EvT_S3_RSaIT0_E
FN:148,_ZSt8_DestroyIPiiEvT_S1_RSaIT0_E
FNDA:0,_ZSt10_ConstructISt5tupleIJffEEJRKS1_EEvPT_DpOT0_
FNDA:0,_ZNSt12_Destroy_auxILb1EE9__destroyIPSt5tupleIJffEEEEvT_S5_
FNDA:0,_ZNSt12_Destroy_auxILb1EE9__destroyIPiEEvT_S3_
FNDA:0,_ZSt8_DestroyIPSt5tupleIJffEEEvT_S3_
FNDA:0,_ZSt8_DestroyIPiEvT_S1_
FNDA:0,_ZSt8_DestroyIPSt5tupleIJffEES1_EvT_S3_RSaIT0_E
FNDA:0,_ZSt8_DestroyIPiiEvT_S1_RSaIT0_E
FNF:7
FNH:0
DA:74,0
DA:75,0
DA:112,0
DA:122,0
DA:126,0
DA:128,0
DA:148,0
DA:151,0
DA:152,0
LF:9
LH:0
end_of_record
SF:/c/mingw/lib/gcc/mingw32/6.3.0/include/c++/bits/stl_iterator_base_funcs.h
FN:96,_ZSt10__distanceIPKSt5tupleIJffEEENSt15iterator_traitsIT_E15difference_typeES5_S5_St26random_access_iterator_tag
FN:96,_ZSt10__distanceIPKiENSt15iterator_traitsIT_E15difference_typeES3_S3_St26random_access_iterator_tag
FN:135,_ZSt8distanceIPKSt5tupleIJffEEENSt15iterator_traitsIT_E15difference_typeES5_S5_
FN:135,_ZSt8distanceIPKiENSt15iterator_traitsIT_E15difference_typeES3_S3_
FNDA:5,_ZSt10__distanceIPKSt5tupleIJffEEENSt15iterator_traitsIT_E15difference_typeES5_S5_St26random_access_iterator_tag
FNDA:0,_ZSt10__distanceIPKiENSt15iterator_traitsIT_E15difference_typeES3_S3_St26random_access_iterator_tag
FNDA:5,_ZSt8distanceIPKSt5tupleIJffEEENSt15iterator_traitsIT_E15difference_typeES5_S5_
FNDA:0,_ZSt8distanceIPKiENSt15iterator_traitsIT_E15difference_typeES3_S3_
FNF:4
FNH:2
DA:96,5
DA:102,5
DA:135,5
DA:138,5
DA:139,10
LF:5
LH:5
end_of_record
SF:/c/mingw/lib/gcc/mingw32/6.3.0/include/c++/bits/stl_iterator_base_types.h
FN:204,_ZSt19__iterator_categoryIPKiENSt15iterator_traitsIT_E17iterator_categoryERKS3_
FN:204,_ZSt19__iterator_categoryIPKSt5tupleIJffEEENSt15iterator_traitsIT_E17iterator_categoryERKS5_
FNDA:5,_ZSt19__iterator_categoryIPKSt5tupleIJffEEENSt15iterator_traitsIT_E17iterator_categoryERKS5_
FNDA:0,_ZSt19__iterator_categoryIPKiENSt15iterator_traitsIT_E17iterator_categoryERKS3_
FNF:2
FNH:1
DA:204,5
DA:205,5
LF:2
LH:2
end_of_record
SF:/c/mingw/lib/gcc/mingw32/6.3.0/include/c++/bits/stl_uninitialized.h
FN:68,_ZNSt20__uninitialized_copyILb0EE13__uninit_copyIPKSt5tupleIJffEEPS3_EET0_T_S8_S7_
FN:91,_ZNSt20__uninitialized_copyILb1EE13__uninit_copyIPKiPiEET0_T_S6_S5_
FN:107,_ZSt18uninitialized_copyIPKSt5tupleIJffEEPS1_ET0_T_S6_S5_
FN:107,_ZSt18uninitialized_copyIPKiPiET0_T_S4_S3_
FN:279,_ZSt22__uninitialized_copy_aIPKSt5tupleIJffEEPS1_S1_ET0_T_S6_S5_RSaIT1_E
FN:279,_ZSt22__uninitialized_copy_aIPKiPiiET0_T_S4_S3_RSaIT1_E
FNDA:5,_ZNSt20__uninitialized_copyILb0EE13__uninit_copyIPKSt5tupleIJffEEPS3_EET0_T_S8_S7_
FNDA:0,_ZNSt20__uninitialized_copyILb1EE13__uninit_copyIPKiPiEET0_T_S6_S5_
FNDA:5,_ZSt18uninitialized_copyIPKSt5tupleIJffEEPS1_ET0_T_S6_S5_
FNDA:0,_ZSt18uninitialized_copyIPKiPiET0_T_S4_S3_
FNDA:5,_ZSt22__uninitialized_copy_aIPKSt5tupleIJffEEPS1_S1_ET0_T_S6_S5_RSaIT1_E
FNDA:0,_ZSt22__uninitialized_copy_aIPKiPiiET0_T_S4_S3_RSaIT1_E
FNF:6
FNH:3
DA:68,5
DA:71,5
DA:74,29
DA:75,12
DA:76,5
DA:91,0
DA:93,0
DA:107,5
DA:120,5
DA:126,5
DA:279,5
DA:281,5
LF:12
LH:10
end_of_record
SF:/c/mingw/lib/gcc/mingw32/6.3.0/include/c++/bits/stl_vector.h
FN:79,_ZNSt12_Vector_baseISt5tupleIJffEESaIS1_EE12_Vector_implD1Ev
FN:79,_ZNSt12_Vector_baseIiSaIiEE12_Vector_implD1Ev
FN:90,_ZNSt12_Vector_baseIiSaIiEE12_Vector_implC1ERKS0_
FN:90,_ZNSt12_Vector_baseISt5tupleIJffEESaIS1_EE12_Vector_implC1ERKS2_
FN:113,_ZNSt12_Vector_baseISt5tupleIJffEESaIS1_EE19_M_get_Tp_allocatorEv
FN:113,_ZNSt12_Vector_baseIiSaIiEE19_M_get_Tp_allocatorEv
FN:127,_ZNSt12_Vector_baseIiSaIiEEC2ERKS0_
FN:127,_ZNSt12_Vector_baseISt5tupleIJffEESaIS1_EEC2ERKS2_
FN:159,_ZNSt12_Vector_baseISt5tupleIJffEESaIS1_EED2Ev
FN:159,_ZNSt12_Vector_baseIiSaIiEED2Ev
FN:167,_ZNSt12_Vector_baseIiSaIiEE11_M_allocateEj
FN:167,_ZNSt12_Vector_baseISt5tupleIJffEESaIS1_EE11_M_allocateEj
FN:174,_ZNSt12_Vector_baseISt5tupleIJffEESaIS1_EE13_M_deallocateEPS1_j
FN:174,_ZNSt12_Vector_baseIiSaIiEE13_M_deallocateEPij
FN:375,_ZNSt6vectorISt5tupleIJffEESaIS1_EEC1ESt16initializer_listIS1_ERKS2_
FN:375,_ZNSt6vectorIiSaIiEEC1ESt16initializer_listIiERKS0_
FN:425,_ZNSt6vectorISt5tupleIJffEESaIS1_EED1Ev
FN:425,_ZNSt6vectorIiSaIiEED1Ev
FN:655,_ZNKSt6vectorISt5tupleIJffEESaIS1_EE4sizeEv
FN:780,_ZNSt6vectorISt5tupleIJffEESaIS1_EEixEj
FN:1281,_ZNSt6vectorISt5tupleIJffEESaIS1_EE19_M_range_initializeIPKS1_EEvT_S7_St20forward_iterator_tag
FN:1281,_ZNSt6vectorIiSaIiEE19_M_range_initializeIPKiEEvT_S5_St20forward_iterator_tag
FNDA:0,_ZNSt12_Vector_baseISt5tupleIJffEESaIS1_EE12_Vector_implD1Ev
FNDA:0,_ZNSt12_Vector_baseIiSaIiEE12_Vector_implD1Ev
FNDA:0,_ZNSt12_Vector_baseISt5tupleIJffEESaIS1_EE12_Vector_implC1ERKS2_
FNDA:0,_ZNSt12_Vector_baseIiSaIiEE12_Vector_implC1ERKS0_
FNDA:0,_ZNSt12_Vector_baseISt5tupleIJffEESaIS1_EE19_M_get_Tp_allocatorEv
FNDA:0,_ZNSt12_Vector_baseIiSaIiEE19_M_get_Tp_allocatorEv
FNDA:5,_ZNSt12_Vector_baseISt5tupleIJffEESaIS1_EEC2ERKS2_
FNDA:0,_ZNSt12_Vector_baseIiSaIiEEC2ERKS0_
FNDA:0,_ZNSt12_Vector_baseISt5tupleIJffEESaIS1_EED2Ev
FNDA:0,_ZNSt12_Vector_baseIiSaIiEED2Ev
FNDA:0,_ZNSt12_Vector_baseISt5tupleIJffEESaIS1_EE11_M_allocateEj
FNDA:0,_ZNSt12_Vector_baseIiSaIiEE11_M_allocateEj
FNDA:0,_ZNSt12_Vector_baseISt5tupleIJffEESaIS1_EE13_M_deallocateEPS1_j
FNDA:0,_ZNSt12_Vector_baseIiSaIiEE13_M_deallocateEPij
FNDA:5,_ZNSt6vectorISt5tupleIJffEESaIS1_EEC1ESt16initializer_listIS1_ERKS2_
FNDA:0,_ZNSt6vectorIiSaIiEEC1ESt16initializer_listIiERKS0_
FNDA:0,_ZNSt6vectorISt5tupleIJffEESaIS1_EED1Ev
FNDA:0,_ZNSt6vectorIiSaIiEED1Ev
FNDA:0,_ZNKSt6vectorISt5tupleIJffEESaIS1_EE4sizeEv
FNDA:0,_ZNSt6vectorISt5tupleIJffEESaIS1_EEixEj
FNDA:5,_ZNSt6vectorISt5tupleIJffEESaIS1_EE19_M_range_initializeIPKS1_EEvT_S7_St20forward_iterator_tag
FNDA:0,_ZNSt6vectorIiSaIiEE19_M_range_initializeIPKiEEvT_S5_St20forward_iterator_tag
FNF:22
FNH:3
DA:79,0
DA:90,0
DA:91,0
DA:92,0
DA:113,0
DA:114,0
DA:127,5
DA:128,5
DA:159,0
DA:160,0
DA:161,0
DA:167,0
DA:170,0
DA:174,0
DA:177,0
DA:178,0
DA:179,0
DA:375,5
DA:377,5
DA:379,5
DA:381,5
DA:425,0
DA:426,0
DA:427,0
DA:655,0
DA:656,0
DA:780,0
DA:781,0
DA:1281,5
DA:1284,5
DA:1285,5
DA:1286,5
DA:1287,5
DA:1288,5
DA:1290,5
DA:1291,5
LF:36
LH:14
end_of_record
SF:/c/mingw/lib/gcc/mingw32/6.3.0/include/c++/cmath
FN:283,_ZSt5floorf
FNDA:0,_ZSt5floorf
FNF:1
FNH:0
DA:283,0
DA:284,0
LF:2
LH:0
end_of_record
SF:/c/mingw/lib/gcc/mingw32/6.3.0/include/c++/ext/new_allocator.h
FN:79,_ZN9__gnu_cxx13new_allocatorIiEC2Ev
FN:79,_ZN9__gnu_cxx13new_allocatorISt5tupleIJffEEEC2Ev
FN:81,_ZN9__gnu_cxx13new_allocatorIiEC2ERKS1_
FN:81,_ZN9__gnu_cxx13new_allocatorISt5tupleIJffEEEC2ERKS3_
FN:86,_ZN9__gnu_cxx13new_allocatorIiED2Ev
FN:86,_ZN9__gnu_cxx13new_allocatorISt5tupleIJffEEED2Ev
FN:99,_ZN9__gnu_cxx13new_allocatorISt5tupleIJffEEE8allocateEjPKv
FN:99,_ZN9__gnu_cxx13new_allocatorIiE8allocateEjPKv
FN:109,_ZN9__gnu_cxx13new_allocatorIiE10deallocateEPij
FN:109,_ZN9__gnu_cxx13new_allocatorISt5tupleIJffEEE10deallocateEPS2_j
FN:113,_ZNK9__gnu_cxx13new_allocatorISt5tupleIJffEEE8max_sizeEv
FN:113,_ZNK9__gnu_cxx13new_allocatorIiE8max_sizeEv
FNDA:0,_ZN9__gnu_cxx13new_allocatorISt5tupleIJffEEEC2Ev
FNDA:0,_ZN9__gnu_cxx13new_allocatorIiEC2Ev
FNDA:0,_ZN9__gnu_cxx13new_allocatorISt5tupleIJffEEEC2ERKS3_
FNDA:0,_ZN9__gnu_cxx13new_allocatorIiEC2ERKS1_
FNDA:0,_ZN9__gnu_cxx13new_allocatorISt5tupleIJffEEED2Ev
FNDA:0,_ZN9__gnu_cxx13new_allocatorIiED2Ev
FNDA:0,_ZN9__gnu_cxx13new_allocatorISt5tupleIJffEEE8allocateEjPKv
FNDA:0,_ZN9__gnu_cxx13new_allocatorIiE8allocateEjPKv
FNDA:0,_ZN9__gnu_cxx13new_allocatorISt5tupleIJffEEE10deallocateEPS2_j
FNDA:0,_ZN9__gnu_cxx13new_allocatorIiE10deallocateEPij
FNDA:0,_ZNK9__gnu_cxx13new_allocatorISt5tupleIJffEEE8max_sizeEv
FNDA:0,_ZNK9__gnu_cxx13new_allocatorIiE8max_sizeEv
FNF:12
FNH:0
DA:79,0
DA:81,0
DA:86,0
DA:99,0
DA:101,0
DA:102,0
DA:104,0
DA:109,0
DA:110,0
DA:113,0
DA:114,0
LF:11
LH:0
end_of_record
SF:/c/mingw/lib/gcc/mingw32/6.3.0/include/c++/initializer_list
FN:71,_ZNKSt16initializer_listIiE4sizeEv
FN:71,_ZNKSt16initializer_listISt5tupleIJffEEE4sizeEv
FN:75,_ZNKSt16initializer_listIiE5beginEv
FN:75,_ZNKSt16initializer_listISt5tupleIJffEEE5beginEv
FN:79,_ZNKSt16initializer_listIiE3endEv
FN:79,_ZNKSt16initializer_listISt5tupleIJffEEE3endEv
FNDA:5,_ZNKSt16initializer_listISt5tupleIJffEEE4sizeEv
FNDA:0,_ZNKSt16initializer_listIiE4sizeEv
FNDA:10,_ZNKSt16initializer_listISt5tupleIJffEEE5beginEv
FNDA:0,_ZNKSt16initializer_listIiE5beginEv
FNDA:5,_ZNKSt16initializer_listISt5tupleIJffEEE3endEv
FNDA:0,_ZNKSt16initializer_listIiE3endEv
FNF:6
FNH:3
DA:71,5
DA:75,10
DA:79,5
LF:3
LH:3
end_of_record
SF:/c/mingw/lib/gcc/mingw32/6.3.0/include/c++/iostream
FN:74,__tcf_0
FNDA:3,__tcf_0
FNF:1
FNH:1
DA:74,6
LF:1
LH:1
end_of_record
SF:/c/mingw/lib/gcc/mingw32/6.3.0/include/c++/new
FN:146,_ZnwjPv
FNDA:0,_ZnwjPv
FNF:1
FNH:0
DA:146,0
DA:147,0
LF:2
LH:0
end_of_record
SF:/c/mingw/lib/gcc/mingw32/6.3.0/include/c++/tuple
FN:142,_ZNSt10_Head_baseILj1EfLb0EE7_M_headERS0_
FN:142,_ZNSt10_Head_baseILj0EfLb0EE7_M_headERS0_
FN:190,_ZNSt11_Tuple_implILj0EJffEE7_M_headERS0_
FN:346,_ZNSt11_Tuple_implILj1EJfEE7_M_headERS0_
FN:1243,_ZSt12__get_helperILj1EfJEERT0_RSt11_Tuple_implIXT_EJS0_DpT1_EE
FN:1243,_ZSt12__get_helperILj0EfJfEERT0_RSt11_Tuple_implIXT_EJS0_DpT1_EE
FN:1254,_ZSt3getILj0EJffEERNSt13tuple_elementIXT_ESt5tupleIJDpT0_EEE4typeERS4_
FN:1254,_ZSt3getILj1EJffEERNSt13tuple_elementIXT_ESt5tupleIJDpT0_EEE4typeERS4_
FNDA:0,_ZNSt10_Head_baseILj1EfLb0EE7_M_headERS0_
FNDA:0,_ZNSt10_Head_baseILj0EfLb0EE7_M_headERS0_
FNDA:0,_ZNSt11_Tuple_implILj0EJffEE7_M_headERS0_
FNDA:0,_ZNSt11_Tuple_implILj1EJfEE7_M_headERS0_
FNDA:0,_ZSt12__get_helperILj1EfJEERT0_RSt11_Tuple_implIXT_EJS0_DpT1_EE
FNDA:0,_ZSt12__get_helperILj0EfJfEERT0_RSt11_Tuple_implIXT_EJS0_DpT1_EE
FNDA:0,_ZSt3getILj1EJffEERNSt13tuple_elementIXT_ESt5tupleIJDpT0_EEE4typeERS4_
FNDA:0,_ZSt3getILj0EJffEERNSt13tuple_elementIXT_ESt5tupleIJDpT0_EEE4typeERS4_
FNF:8
FNH:0
DA:142,0
DA:190,0
DA:346,0
DA:1243,0
DA:1244,0
DA:1254,0
DA:1255,0
LF:7
LH:0
end_of_record
