TN:
SF:/c/Users/Usuario/Documents/programacion/final/Funciones_TPI.cpp
FN:14,_Z17grabarVectorAudioSt6vectorIiSaIiEENSt7__cxx1112basic_stringIcSt11char_traitsIcESaIcEEE
FN:29,_Z15leerVectorAudioNSt7__cxx1112basic_stringIcSt11char_traitsIcESaIcEEERiS5_S5_
FN:67,_Z15cargarSalaAudioSt6vectorINSt7__cxx1112basic_stringIcSt11char_traitsIcESaIcEEESaIS5_EERiS8_S8_
FN:77,_Z15cargarSalaAudioSt6vectorINSt7__cxx1112basic_stringIcSt11char_traitsIcESaIcEEESaIS5_EERiS8_S8_ii
FN:87,_Z20calcularEstadisticosSt6vectorIiSaIiEERfS2_
FN:106,_Z8subAudioSt6vectorIiSaIiEEii
FN:115,_Z11correlacionSt6vectorIiSaIiEES1_
FN:127,_GLOBAL__sub_I__Z17grabarVectorAudioSt6vectorIiSaIiEENSt7__cxx1112basic_stringIcSt11char_traitsIcESaIcEEE
FN:127,_Z41__static_initialization_and_destruction_0ii
FNDA:0,_Z17grabarVectorAudioSt6vectorIiSaIiEENSt7__cxx1112basic_stringIcSt11char_traitsIcESaIcEEE
FNDA:24,_Z15leerVectorAudioNSt7__cxx1112basic_stringIcSt11char_traitsIcESaIcEEERiS5_S5_
FNDA:2,_Z15cargarSalaAudioSt6vectorINSt7__cxx1112basic_stringIcSt11char_traitsIcESaIcEEESaIS5_EERiS8_S8_
FNDA:2,_Z15cargarSalaAudioSt6vectorINSt7__cxx1112basic_stringIcSt11char_traitsIcESaIcEEESaIS5_EERiS8_S8_ii
FNDA:720040,_Z20calcularEstadisticosSt6vectorIiSaIiEERfS2_
FNDA:14,_Z8subAudioSt6vectorIiSaIiEEii
FNDA:360020,_Z11correlacionSt6vectorIiSaIiEES1_
FNDA:2,_GLOBAL__sub_I__Z17grabarVectorAudioSt6vectorIiSaIiEENSt7__cxx1112basic_stringIcSt11char_traitsIcESaIcEEE
FNDA:2,_Z41__static_initialization_and_destruction_0ii
FNF:9
FNH:8
DA:14,0
DA:15,0
DA:16,0
DA:17,0
DA:18,0
DA:19,0
DA:20,0
DA:24,0
DA:26,0
DA:27,0
DA:29,24
DA:30,48
DA:32,24
DA:33,24
DA:35,24
DA:36,24
DA:37,92160168
DA:38,46080072
DA:39,24
DA:41,46080048
DA:42,24
DA:45,46080024
DA:46,24
DA:49,46080000
DA:50,46080000
DA:54,46080072
DA:56,24
DA:57,0
DA:60,0
DA:62,24
DA:63,48
DA:67,2
DA:68,2
DA:70,10
DA:71,16
DA:72,8
DA:74,2
DA:77,2
DA:78,2
DA:80,10
DA:81,16
DA:82,8
DA:84,2
DA:87,720040
DA:89,720040
DA:91,720040
DA:92,720040
DA:94,10512720160
DA:95,10512000120
DA:96,720040
DA:98,720040
DA:99,10512720160
DA:100,10512000120
DA:101,10512000120
DA:103,720040
DA:104,720040
DA:106,14
DA:107,14
DA:108,14
DA:109,14
DA:111,0
DA:112,14
DA:115,360020
DA:116,360020
DA:118,360020
DA:120,360020
DA:121,360020
DA:122,5256360080
DA:123,5256000060
DA:125,360020
DA:126,360020
DA:127,6
LF:72
LH:59
end_of_record
SF:/c/mingw/lib/gcc/mingw32/6.3.0/include/c++/bits/alloc_traits.h
FN:415,_ZNSt16allocator_traitsISaIiEE8allocateERS0_j
FN:415,_ZNSt16allocator_traitsISaISt6vectorIiSaIiEEEE8allocateERS3_j
FN:441,_ZNSt16allocator_traitsISaIiEE10deallocateERS0_Pij
FN:441,_ZNSt16allocator_traitsISaISt6vectorIiSaIiEEEE10deallocateERS3_PS2_j
FN:454,_ZNSt16allocator_traitsISaISt6vectorIiSaIiEEEE9constructIS2_JS2_EEEvRS3_PT_DpOT0_
FN:454,_ZNSt16allocator_traitsISaISt6vectorIiSaIiEEEE9constructIS2_JRKS2_EEEvRS3_PT_DpOT0_
FN:454,_ZNSt16allocator_traitsISaIiEE9constructIiJRKiEEEvRS0_PT_DpOT0_
FN:466,_ZNSt16allocator_traitsISaIiEE7destroyIiEEvRS0_PT_
FN:466,_ZNSt16allocator_traitsISaISt6vectorIiSaIiEEEE7destroyIS2_EEvRS3_PT_
FN:475,_ZNSt16allocator_traitsISaIiEE8max_sizeERKS0_
FN:475,_ZNSt16allocator_traitsISaISt6vectorIiSaIiEEEE8max_sizeERKS3_
FN:484,_ZNSt16allocator_traitsISaIiEE37select_on_container_copy_constructionERKS0_
FN:515,_ZSt18__do_alloc_on_moveISaIiEEvRT_S2_St17integral_constantIbLb1EE
FN:523,_ZSt15__alloc_on_moveISaIiEEvRT_S2_
FNDA:0,_ZNSt16allocator_traitsISaISt6vectorIiSaIiEEEE8allocateERS3_j
FNDA:0,_ZNSt16allocator_traitsISaIiEE8allocateERS0_j
FNDA:0,_ZNSt16allocator_traitsISaISt6vectorIiSaIiEEEE10deallocateERS3_PS2_j
FNDA:0,_ZNSt16allocator_traitsISaIiEE10deallocateERS0_Pij
FNDA:8,_ZNSt16allocator_traitsISaISt6vectorIiSaIiEEEE9constructIS2_JS2_EEEvRS3_PT_DpOT0_
FNDA:0,_ZNSt16allocator_traitsISaISt6vectorIiSaIiEEEE9constructIS2_JRKS2_EEEvRS3_PT_DpOT0_
FNDA:0,_ZNSt16allocator_traitsISaIiEE9constructIiJRKiEEEvRS0_PT_DpOT0_
FNDA:0,_ZNSt16allocator_traitsISaISt6vectorIiSaIiEEEE7destroyIS2_EEvRS3_PT_
FNDA:0,_ZNSt16allocator_traitsISaIiEE7destroyIiEEvRS0_PT_
FNDA:0,_ZNSt16allocator_traitsISaISt6vectorIiSaIiEEEE8max_sizeERKS3_
FNDA:0,_ZNSt16allocator_traitsISaIiEE8max_sizeERKS0_
FNDA:0,_ZNSt16allocator_traitsISaIiEE37select_on_container_copy_constructionERKS0_
FNDA:14,_ZSt18__do_alloc_on_moveISaIiEEvRT_S2_St17integral_constantIbLb1EE
FNDA:14,_ZSt15__alloc_on_moveISaIiEEvRT_S2_
FNF:14
FNH:3
DA:415,0
DA:416,0
DA:441,0
DA:442,0
DA:454,8
DA:455,8
DA:466,0
DA:467,0
DA:475,0
DA:476,0
DA:484,0
DA:485,0
DA:515,14
DA:516,14
DA:523,14
DA:527,14
DA:528,14
LF:17
LH:7
end_of_record
SF:/c/mingw/lib/gcc/mingw32/6.3.0/include/c++/bits/allocator.h
FN:131,_ZNSaIiEC2Ev
FN:131,_ZNSaIiEC1Ev
FN:131,_ZNSaISt6vectorIiSaIiEEEC2Ev
FN:133,_ZNSaIiEC1ERKS_
FN:133,_ZNSaIiEC2ERKS_
FN:139,_ZNSaIiED1Ev
FN:139,_ZNSaIiED2Ev
FN:139,_ZNSaISt6vectorIiSaIiEEED2Ev
FNDA:0,_ZNSaISt6vectorIiSaIiEEEC2Ev
FNDA:0,_ZNSaIiEC1Ev
FNDA:0,_ZNSaIiEC2Ev
FNDA:0,_ZNSaIiEC1ERKS_
FNDA:0,_ZNSaIiEC2ERKS_
FNDA:0,_ZNSaISt6vectorIiSaIiEEED2Ev
FNDA:0,_ZNSaIiED1Ev
FNDA:0,_ZNSaIiED2Ev
FNF:8
FNH:0
DA:131,0
DA:133,0
DA:134,0
DA:139,0
LF:4
LH:0
end_of_record
SF:/c/mingw/lib/gcc/mingw32/6.3.0/include/c++/bits/cpp_type_traits.h
FN:408,_ZSt12__miter_baseIPiET_S1_
FN:408,_ZSt12__miter_baseIN9__gnu_cxx17__normal_iteratorIPKiSt6vectorIiSaIiEEEEET_S8_
FN:408,_ZSt12__miter_baseIN9__gnu_cxx17__normal_iteratorIPiSt6vectorIiSaIiEEEEET_S7_
FNDA:0,_ZSt12__miter_baseIPiET_S1_
FNDA:28,_ZSt12__miter_baseIN9__gnu_cxx17__normal_iteratorIPiSt6vectorIiSaIiEEEEET_S7_
FNDA:0,_ZSt12__miter_baseIN9__gnu_cxx17__normal_iteratorIPKiSt6vectorIiSaIiEEEEET_S8_
FNF:3
FNH:1
DA:408,28
DA:409,28
LF:2
LH:2
end_of_record
SF:/c/mingw/lib/gcc/mingw32/6.3.0/include/c++/bits/ios_base.h
FN:129,_ZStorSt13_Ios_OpenmodeS_
FNDA:228,_ZStorSt13_Ios_OpenmodeS_
FNF:1
FNH:1
DA:129,228
DA:130,228
LF:2
LH:2
end_of_record
SF:/c/mingw/lib/gcc/mingw32/6.3.0/include/c++/bits/move.h
FN:47,_ZSt11__addressofISt6vectorIiSaIiEEEPT_RS3_
FN:76,_ZSt7forwardISt6vectorIiSaIiEEEOT_RNSt16remove_referenceIS3_E4typeE
FN:76,_ZSt7forwardIRKiEOT_RNSt16remove_referenceIS2_E4typeE
FN:76,_ZSt7forwardIRKSt6vectorIiSaIiEEEOT_RNSt16remove_referenceIS5_E4typeE
FN:101,_ZSt4moveIRSt6vectorIiSaIiEEEONSt16remove_referenceIT_E4typeEOS5_
FN:101,_ZSt4moveIRPiEONSt16remove_referenceIT_E4typeEOS3_
FN:101,_ZSt4moveIRSaIiEEONSt16remove_referenceIT_E4typeEOS3_
FN:179,_ZSt4swapIPiENSt9enable_ifIXsrSt6__and_IJSt21is_move_constructibleIT_ESt18is_move_assignableIS4_EEE5valueEvE4typeERS4_SB_
FNDA:0,_ZSt11__addressofISt6vectorIiSaIiEEEPT_RS3_
FNDA:0,_ZSt7forwardISt6vectorIiSaIiEEEOT_RNSt16remove_referenceIS3_E4typeE
FNDA:0,_ZSt7forwardIRKSt6vectorIiSaIiEEEOT_RNSt16remove_referenceIS5_E4typeE
FNDA:0,_ZSt7forwardIRKiEOT_RNSt16remove_referenceIS2_E4typeE
FNDA:0,_ZSt4moveIRPiEONSt16remove_referenceIT_E4typeEOS3_
FNDA:0,_ZSt4moveIRSaIiEEONSt16remove_referenceIT_E4typeEOS3_
FNDA:0,_ZSt4moveIRSt6vectorIiSaIiEEEONSt16remove_referenceIT_E4typeEOS5_
FNDA:0,_ZSt4swapIPiENSt9enable_ifIXsrSt6__and_IJSt21is_move_constructibleIT_ESt18is_move_assignableIS4_EEE5valueEvE4typeERS4_SB_
FNF:8
FNH:0
DA:47,0
DA:50,0
DA:76,0
DA:77,0
DA:101,0
DA:102,0
DA:179,0
DA:190,0
DA:191,0
DA:192,0
DA:193,0
LF:11
LH:0
end_of_record
SF:/c/mingw/lib/gcc/mingw32/6.3.0/include/c++/bits/stl_algobase.h
FN:219,_ZSt3maxIjERKT_S2_S2_
FN:277,_ZSt12__niter_baseIPiET_S1_
FN:357,_ZNSt11__copy_moveILb1ELb1ESt26random_access_iterator_tagE8__copy_mIiEEPT_PKS3_S6_S4_
FN:357,_ZNSt11__copy_moveILb0ELb1ESt26random_access_iterator_tagE8__copy_mIiEEPT_PKS3_S6_S4_
FN:375,_ZSt13__copy_move_aILb0EPiS0_ET1_T0_S2_S1_
FN:375,_ZSt13__copy_move_aILb1EPiS0_ET1_T0_S2_S1_
FN:375,_ZSt13__copy_move_aILb0EPKiPiET1_T0_S4_S3_
FN:420,_ZSt14__copy_move_a2ILb0EN9__gnu_cxx17__normal_iteratorIPiSt6vectorIiSaIiEEEES2_ET1_T0_S8_S7_
FN:420,_ZSt14__copy_move_a2ILb1EPiS0_ET1_T0_S2_S1_
FN:420,_ZSt14__copy_move_a2ILb0EN9__gnu_cxx17__normal_iteratorIPKiSt6vectorIiSaIiEEEEPiET1_T0_SA_S9_
FN:446,_ZSt4copyISt13move_iteratorIPiES1_ET0_T_S4_S3_
FN:446,_ZSt4copyIN9__gnu_cxx17__normal_iteratorIPiSt6vectorIiSaIiEEEES2_ET0_T_S8_S7_
FN:446,_ZSt4copyIN9__gnu_cxx17__normal_iteratorIPKiSt6vectorIiSaIiEEEEPiET0_T_SA_S9_
FNDA:0,_ZSt3maxIjERKT_S2_S2_
FNDA:0,_ZSt12__niter_baseIPiET_S1_
FNDA:0,_ZNSt11__copy_moveILb1ELb1ESt26random_access_iterator_tagE8__copy_mIiEEPT_PKS3_S6_S4_
FNDA:0,_ZNSt11__copy_moveILb0ELb1ESt26random_access_iterator_tagE8__copy_mIiEEPT_PKS3_S6_S4_
FNDA:14,_ZSt13__copy_move_aILb0EPiS0_ET1_T0_S2_S1_
FNDA:0,_ZSt13__copy_move_aILb1EPiS0_ET1_T0_S2_S1_
FNDA:0,_ZSt13__copy_move_aILb0EPKiPiET1_T0_S4_S3_
FNDA:14,_ZSt14__copy_move_a2ILb0EN9__gnu_cxx17__normal_iteratorIPiSt6vectorIiSaIiEEEES2_ET1_T0_S8_S7_
FNDA:0,_ZSt14__copy_move_a2ILb1EPiS0_ET1_T0_S2_S1_
FNDA:0,_ZSt14__copy_move_a2ILb0EN9__gnu_cxx17__normal_iteratorIPKiSt6vectorIiSaIiEEEEPiET1_T0_SA_S9_
FNDA:14,_ZSt4copyIN9__gnu_cxx17__normal_iteratorIPiSt6vectorIiSaIiEEEES2_ET0_T_S8_S7_
FNDA:0,_ZSt4copyISt13move_iteratorIPiES1_ET0_T_S4_S3_
FNDA:0,_ZSt4copyIN9__gnu_cxx17__normal_iteratorIPKiSt6vectorIiSaIiEEEEPiET0_T_SA_S9_
FNF:13
FNH:3
DA:219,0
DA:224,0
DA:225,0
DA:226,0
DA:277,0
DA:278,0
DA:357,0
DA:366,0
DA:367,0
DA:368,0
DA:369,0
DA:375,14
DA:383,14
DA:386,14
DA:420,14
DA:422,14
DA:424,14
DA:446,14
DA:455,14
DA:456,14
LF:20
LH:9
end_of_record
SF:/c/mingw/lib/gcc/mingw32/6.3.0/include/c++/bits/stl_construct.h
FN:74,_ZSt10_ConstructISt6vectorIiSaIiEEJS2_EEvPT_DpOT0_
FN:92,_ZSt8_DestroyISt6vectorIiSaIiEEEvPT_
FN:100,_ZNSt12_Destroy_auxILb0EE9__destroyIPSt6vectorIiSaIiEEEEvT_S6_
FN:112,_ZNSt12_Destroy_auxILb1EE9__destroyIPiEEvT_S3_
FN:122,_ZSt8_DestroyIPiEvT_S1_
FN:122,_ZSt8_DestroyIPSt6vectorIiSaIiEEEvT_S4_
FN:148,_ZSt8_DestroyIPiiEvT_S1_RSaIT0_E
FN:148,_ZSt8_DestroyIPSt6vectorIiSaIiEES2_EvT_S4_RSaIT0_E
FNDA:0,_ZSt10_ConstructISt6vectorIiSaIiEEJS2_EEvPT_DpOT0_
FNDA:0,_ZSt8_DestroyISt6vectorIiSaIiEEEvPT_
FNDA:0,_ZNSt12_Destroy_auxILb0EE9__destroyIPSt6vectorIiSaIiEEEEvT_S6_
FNDA:0,_ZNSt12_Destroy_auxILb1EE9__destroyIPiEEvT_S3_
FNDA:0,_ZSt8_DestroyIPSt6vectorIiSaIiEEEvT_S4_
FNDA:0,_ZSt8_DestroyIPiEvT_S1_
FNDA:0,_ZSt8_DestroyIPSt6vectorIiSaIiEES2_EvT_S4_RSaIT0_E
FNDA:0,_ZSt8_DestroyIPiiEvT_S1_RSaIT0_E
FNF:8
FNH:0
DA:74,0
DA:75,0
DA:92,0
DA:93,0
DA:100,0
DA:102,0
DA:103,0
DA:104,0
DA:112,0
DA:122,0
DA:126,0
DA:128,0
DA:148,0
DA:151,0
DA:152,0
LF:15
LH:0
end_of_record
SF:/c/mingw/lib/gcc/mingw32/6.3.0/include/c++/bits/stl_iterator.h
FN:776,_ZN9__gnu_cxx17__normal_iteratorIPiSt6vectorIiSaIiEEEC1ERKS1_
FN:776,_ZN9__gnu_cxx17__normal_iteratorIPKiSt6vectorIiSaIiEEEC1ERKS2_
FN:829,_ZNK9__gnu_cxx17__normal_iteratorIPiSt6vectorIiSaIiEEEplEi
FN:841,_ZNK9__gnu_cxx17__normal_iteratorIPiSt6vectorIiSaIiEEE4baseEv
FN:841,_ZNK9__gnu_cxx17__normal_iteratorIPKiSt6vectorIiSaIiEEE4baseEv
FN:959,_ZN9__gnu_cxxmiIPiSt6vectorIiSaIiEEEENS_17__normal_iteratorIT_T0_E15difference_typeERKS8_SB_
FN:980,_ZSt12__niter_baseIPiSt6vectorIiSaIiEEET_N9__gnu_cxx17__normal_iteratorIS4_T0_EE
FN:980,_ZSt12__niter_baseIPKiSt6vectorIiSaIiEEET_N9__gnu_cxx17__normal_iteratorIS5_T0_EE
FN:1032,_ZNSt13move_iteratorIPiEC1ES0_
FN:1032,_ZNSt13move_iteratorIPSt6vectorIiSaIiEEEC1ES3_
FN:1040,_ZNKSt13move_iteratorIPiE4baseEv
FN:1040,_ZNKSt13move_iteratorIPSt6vectorIiSaIiEEE4baseEv
FN:1044,_ZNKSt13move_iteratorIPSt6vectorIiSaIiEEEdeEv
FN:1052,_ZNSt13move_iteratorIPSt6vectorIiSaIiEEEppEv
FN:1119,_ZSteqIPSt6vectorIiSaIiEEEbRKSt13move_iteratorIT_ES8_
FN:1131,_ZStneIPSt6vectorIiSaIiEEEbRKSt13move_iteratorIT_ES8_
FN:1223,_ZSt32__make_move_if_noexcept_iteratorIiSt13move_iteratorIPiEET0_PT_
FN:1223,_ZSt32__make_move_if_noexcept_iteratorISt6vectorIiSaIiEESt13move_iteratorIPS2_EET0_PT_
FN:1243,_ZSt12__miter_baseIPiEDTcl12__miter_basecldtfp_4baseEEESt13move_iteratorIT_E
FNDA:0,_ZN9__gnu_cxx17__normal_iteratorIPKiSt6vectorIiSaIiEEEC1ERKS2_
FNDA:70,_ZN9__gnu_cxx17__normal_iteratorIPiSt6vectorIiSaIiEEEC1ERKS1_
FNDA:42,_ZNK9__gnu_cxx17__normal_iteratorIPiSt6vectorIiSaIiEEEplEi
FNDA:0,_ZNK9__gnu_cxx17__normal_iteratorIPKiSt6vectorIiSaIiEEE4baseEv
FNDA:56,_ZNK9__gnu_cxx17__normal_iteratorIPiSt6vectorIiSaIiEEE4baseEv
FNDA:14,_ZN9__gnu_cxxmiIPiSt6vectorIiSaIiEEEENS_17__normal_iteratorIT_T0_E15difference_typeERKS8_SB_
FNDA:28,_ZSt12__niter_baseIPiSt6vectorIiSaIiEEET_N9__gnu_cxx17__normal_iteratorIS4_T0_EE
FNDA:0,_ZSt12__niter_baseIPKiSt6vectorIiSaIiEEET_N9__gnu_cxx17__normal_iteratorIS5_T0_EE
FNDA:0,_ZNSt13move_iteratorIPSt6vectorIiSaIiEEEC1ES3_
FNDA:0,_ZNSt13move_iteratorIPiEC1ES0_
FNDA:0,_ZNKSt13move_iteratorIPSt6vectorIiSaIiEEE4baseEv
FNDA:0,_ZNKSt13move_iteratorIPiE4baseEv
FNDA:0,_ZNKSt13move_iteratorIPSt6vectorIiSaIiEEEdeEv
FNDA:0,_ZNSt13move_iteratorIPSt6vectorIiSaIiEEEppEv
FNDA:0,_ZSteqIPSt6vectorIiSaIiEEEbRKSt13move_iteratorIT_ES8_
FNDA:0,_ZStneIPSt6vectorIiSaIiEEEbRKSt13move_iteratorIT_ES8_
FNDA:0,_ZSt32__make_move_if_noexcept_iteratorISt6vectorIiSaIiEESt13move_iteratorIPS2_EET0_PT_
FNDA:0,_ZSt32__make_move_if_noexcept_iteratorIiSt13move_iteratorIPiEET0_PT_
FNDA:0,_ZSt12__miter_baseIPiEDTcl12__miter_basecldtfp_4baseEEESt13move_iteratorIT_E
FNF:19
FNH:5
DA:776,70
DA:777,70
DA:829,42
DA:830,42
DA:841,56
DA:842,56
DA:959,14
DA:962,14
DA:980,28
DA:981,28
DA:1032,0
DA:1033,0
DA:1040,0
DA:1041,0
DA:1044,0
DA:1045,0
DA:1052,0
DA:1054,0
DA:1055,0
DA:1119,0
DA:1121,0
DA:1131,0
DA:1133,0
DA:1223,0
DA:1224,0
DA:1243,0
DA:1245,0
LF:27
LH:10
end_of_record
SF:/c/mingw/lib/gcc/mingw32/6.3.0/include/c++/bits/stl_iterator_base_funcs.h
FN:96,_ZSt10__distanceIN9__gnu_cxx17__normal_iteratorIPiSt6vectorIiSaIiEEEEENSt15iterator_traitsIT_E15difference_typeES8_S8_St26random_access_iterator_tag
FN:135,_ZSt8distanceIN9__gnu_cxx17__normal_iteratorIPiSt6vectorIiSaIiEEEEENSt15iterator_traitsIT_E15difference_typeES8_S8_
FNDA:14,_ZSt10__distanceIN9__gnu_cxx17__normal_iteratorIPiSt6vectorIiSaIiEEEEENSt15iterator_traitsIT_E15difference_typeES8_S8_St26random_access_iterator_tag
FNDA:14,_ZSt8distanceIN9__gnu_cxx17__normal_iteratorIPiSt6vectorIiSaIiEEEEENSt15iterator_traitsIT_E15difference_typeES8_S8_
FNF:2
FNH:2
DA:96,14
DA:102,14
DA:135,14
DA:139,14
LF:4
LH:4
end_of_record
SF:/c/mingw/lib/gcc/mingw32/6.3.0/include/c++/bits/stl_iterator_base_types.h
FN:204,_ZSt19__iterator_categoryIN9__gnu_cxx17__normal_iteratorIPiSt6vectorIiSaIiEEEEENSt15iterator_traitsIT_E17iterator_categoryERKS8_
FNDA:14,_ZSt19__iterator_categoryIN9__gnu_cxx17__normal_iteratorIPiSt6vectorIiSaIiEEEEENSt15iterator_traitsIT_E17iterator_categoryERKS8_
FNF:1
FNH:1
DA:204,14
DA:205,14
LF:2
LH:2
end_of_record
SF:/c/mingw/lib/gcc/mingw32/6.3.0/include/c++/bits/stl_uninitialized.h
FN:68,_ZNSt20__uninitialized_copyILb0EE13__uninit_copyISt13move_iteratorIPSt6vectorIiSaIiEEES6_EET0_T_S9_S8_
FN:91,_ZNSt20__uninitialized_copyILb1EE13__uninit_copyIN9__gnu_cxx17__normal_iteratorIPiSt6vectorIiSaIiEEEES4_EET0_T_SA_S9_
FN:91,_ZNSt20__uninitialized_copyILb1EE13__uninit_copyISt13move_iteratorIPiES3_EET0_T_S6_S5_
FN:91,_ZNSt20__uninitialized_copyILb1EE13__uninit_copyIN9__gnu_cxx17__normal_iteratorIPKiSt6vectorIiSaIiEEEEPiEET0_T_SC_SB_
FN:107,_ZSt18uninitialized_copyIN9__gnu_cxx17__normal_iteratorIPKiSt6vectorIiSaIiEEEEPiET0_T_SA_S9_
FN:107,_ZSt18uninitialized_copyISt13move_iteratorIPiES1_ET0_T_S4_S3_
FN:107,_ZSt18uninitialized_copyISt13move_iteratorIPSt6vectorIiSaIiEEES4_ET0_T_S7_S6_
FN:107,_ZSt18uninitialized_copyIN9__gnu_cxx17__normal_iteratorIPiSt6vectorIiSaIiEEEES2_ET0_T_S8_S7_
FN:279,_ZSt22__uninitialized_copy_aIN9__gnu_cxx17__normal_iteratorIPiSt6vectorIiSaIiEEEES2_iET0_T_S8_S7_RSaIT1_E
FN:279,_ZSt22__uninitialized_copy_aISt13move_iteratorIPSt6vectorIiSaIiEEES4_S3_ET0_T_S7_S6_RSaIT1_E
FN:279,_ZSt22__uninitialized_copy_aISt13move_iteratorIPiES1_iET0_T_S4_S3_RSaIT1_E
FN:279,_ZSt22__uninitialized_copy_aIN9__gnu_cxx17__normal_iteratorIPKiSt6vectorIiSaIiEEEEPiiET0_T_SA_S9_RSaIT1_E
FN:297,_ZSt34__uninitialized_move_if_noexcept_aIPSt6vectorIiSaIiEES3_SaIS2_EET0_T_S6_S5_RT1_
FN:297,_ZSt34__uninitialized_move_if_noexcept_aIPiS0_SaIiEET0_T_S3_S2_RT1_
FNDA:0,_ZNSt20__uninitialized_copyILb0EE13__uninit_copyISt13move_iteratorIPSt6vectorIiSaIiEEES6_EET0_T_S9_S8_
FNDA:14,_ZNSt20__uninitialized_copyILb1EE13__uninit_copyIN9__gnu_cxx17__normal_iteratorIPiSt6vectorIiSaIiEEEES4_EET0_T_SA_S9_
FNDA:0,_ZNSt20__uninitialized_copyILb1EE13__uninit_copyISt13move_iteratorIPiES3_EET0_T_S6_S5_
FNDA:0,_ZNSt20__uninitialized_copyILb1EE13__uninit_copyIN9__gnu_cxx17__normal_iteratorIPKiSt6vectorIiSaIiEEEEPiEET0_T_SC_SB_
FNDA:14,_ZSt18uninitialized_copyIN9__gnu_cxx17__normal_iteratorIPiSt6vectorIiSaIiEEEES2_ET0_T_S8_S7_
FNDA:0,_ZSt18uninitialized_copyISt13move_iteratorIPSt6vectorIiSaIiEEES4_ET0_T_S7_S6_
FNDA:0,_ZSt18uninitialized_copyISt13move_iteratorIPiES1_ET0_T_S4_S3_
FNDA:0,_ZSt18uninitialized_copyIN9__gnu_cxx17__normal_iteratorIPKiSt6vectorIiSaIiEEEEPiET0_T_SA_S9_
FNDA:14,_ZSt22__uninitialized_copy_aIN9__gnu_cxx17__normal_iteratorIPiSt6vectorIiSaIiEEEES2_iET0_T_S8_S7_RSaIT1_E
FNDA:0,_ZSt22__uninitialized_copy_aISt13move_iteratorIPSt6vectorIiSaIiEEES4_S3_ET0_T_S7_S6_RSaIT1_E
FNDA:0,_ZSt22__uninitialized_copy_aISt13move_iteratorIPiES1_iET0_T_S4_S3_RSaIT1_E
FNDA:0,_ZSt22__uninitialized_copy_aIN9__gnu_cxx17__normal_iteratorIPKiSt6vectorIiSaIiEEEEPiiET0_T_SA_S9_RSaIT1_E
FNDA:0,_ZSt34__uninitialized_move_if_noexcept_aIPSt6vectorIiSaIiEES3_SaIS2_EET0_T_S6_S5_RT1_
FNDA:0,_ZSt34__uninitialized_move_if_noexcept_aIPiS0_SaIiEET0_T_S3_S2_RT1_
FNF:14
FNH:3
DA:68,0
DA:71,0
DA:74,0
DA:75,0
DA:76,0
DA:78,0
DA:80,0
DA:81,0
DA:91,14
DA:93,14
DA:107,14
DA:120,14
DA:126,14
DA:279,14
DA:281,14
DA:297,0
DA:303,0
DA:304,0
LF:18
LH:7
end_of_record
SF:/c/mingw/lib/gcc/mingw32/6.3.0/include/c++/bits/stl_vector.h
FN:79,_ZNSt12_Vector_baseIiSaIiEE12_Vector_implD1Ev
FN:79,_ZNSt12_Vector_baseISt6vectorIiSaIiEESaIS2_EE12_Vector_implD1Ev
FN:86,_ZNSt12_Vector_baseIiSaIiEE12_Vector_implC1Ev
FN:86,_ZNSt12_Vector_baseISt6vectorIiSaIiEESaIS2_EE12_Vector_implC1Ev
FN:90,_ZNSt12_Vector_baseIiSaIiEE12_Vector_implC1ERKS0_
FN:95,_ZNSt12_Vector_baseIiSaIiEE12_Vector_implC1EOS0_
FN:101,_ZNSt12_Vector_baseIiSaIiEE12_Vector_impl12_M_swap_dataERS2_
FN:113,_ZNSt12_Vector_baseISt6vectorIiSaIiEESaIS2_EE19_M_get_Tp_allocatorEv
FN:113,_ZNSt12_Vector_baseIiSaIiEE19_M_get_Tp_allocatorEv
FN:117,_ZNKSt12_Vector_baseIiSaIiEE19_M_get_Tp_allocatorEv
FN:117,_ZNKSt12_Vector_baseISt6vectorIiSaIiEESaIS2_EE19_M_get_Tp_allocatorEv
FN:121,_ZNKSt12_Vector_baseIiSaIiEE13get_allocatorEv
FN:124,_ZNSt12_Vector_baseIiSaIiEEC2Ev
FN:124,_ZNSt12_Vector_baseISt6vectorIiSaIiEESaIS2_EEC2Ev
FN:127,_ZNSt12_Vector_baseIiSaIiEEC2ERKS0_
FN:134,_ZNSt12_Vector_baseIiSaIiEEC2EjRKS0_
FN:142,_ZNSt12_Vector_baseIiSaIiEEC2EOS1_
FN:159,_ZNSt12_Vector_baseIiSaIiEED2Ev
FN:159,_ZNSt12_Vector_baseISt6vectorIiSaIiEESaIS2_EED2Ev
FN:167,_ZNSt12_Vector_baseIiSaIiEE11_M_allocateEj
FN:167,_ZNSt12_Vector_baseISt6vectorIiSaIiEESaIS2_EE11_M_allocateEj
FN:174,_ZNSt12_Vector_baseIiSaIiEE13_M_deallocateEPij
FN:174,_ZNSt12_Vector_baseISt6vectorIiSaIiEESaIS2_EE13_M_deallocateEPS2_j
FN:183,_ZNSt12_Vector_baseIiSaIiEE17_M_create_storageEj
FN:255,_ZNSt6vectorIS_IiSaIiEESaIS1_EEC1Ev
FN:255,_ZNSt6vectorIiSaIiEEC1Ev
FN:266,_ZNSt6vectorIiSaIiEEC1ERKS0_
FN:320,_ZNSt6vectorIiSaIiEEC1ERKS1_
FN:337,_ZNSt6vectorIiSaIiEEC1EOS1_
FN:403,_ZNSt6vectorIiSaIiEEC1IN9__gnu_cxx17__normal_iteratorIPiS1_EEvEET_S7_RKS0_
FN:425,_ZNSt6vectorIiSaIiEED1Ev
FN:425,_ZNSt6vectorIS_IiSaIiEESaIS1_EED1Ev
FN:450,_ZNSt6vectorIiSaIiEEaSEOS1_
FN:548,_ZNSt6vectorIiSaIiEE5beginEv
FN:557,_ZNKSt6vectorIiSaIiEE5beginEv
FN:566,_ZNSt6vectorIiSaIiEE3endEv
FN:575,_ZNKSt6vectorIiSaIiEE3endEv
FN:655,_ZNKSt6vectorINSt7__cxx1112basic_stringIcSt11char_traitsIcESaIcEEESaIS5_EE4sizeEv
FN:655,_ZNKSt6vectorIiSaIiEE4sizeEv
FN:655,_ZNKSt6vectorIS_IiSaIiEESaIS1_EE4sizeEv
FN:660,_ZNKSt6vectorIS_IiSaIiEESaIS1_EE8max_sizeEv
FN:660,_ZNKSt6vectorIiSaIiEE8max_sizeEv
FN:780,_ZNSt6vectorINSt7__cxx1112basic_stringIcSt11char_traitsIcESaIcEEESaIS5_EEixEj
FN:780,_ZNSt6vectorIiSaIiEEixEj
FN:914,_ZNSt6vectorIiSaIiEE9push_backERKi
FN:914,_ZNSt6vectorIS_IiSaIiEESaIS1_EE9push_backERKS1_
FN:932,_ZNSt6vectorIS_IiSaIiEESaIS1_EE9push_backEOS1_
FN:1256,_ZNSt6vectorIiSaIiEE22_M_initialize_dispatchIN9__gnu_cxx17__normal_iteratorIPiS1_EEEEvT_S7_St12__false_type
FN:1281,_ZNSt6vectorIiSaIiEE19_M_range_initializeIN9__gnu_cxx17__normal_iteratorIPiS1_EEEEvT_S7_St20forward_iterator_tag
FN:1420,_ZNKSt6vectorIS_IiSaIiEESaIS1_EE12_M_check_lenEjPKc
FN:1420,_ZNKSt6vectorIiSaIiEE12_M_check_lenEjPKc
FN:1452,_ZNSt6vectorIiSaIiEE14_M_move_assignEOS1_St17integral_constantIbLb1EE
FNDA:0,_ZNSt12_Vector_baseISt6vectorIiSaIiEESaIS2_EE12_Vector_implD1Ev
FNDA:0,_ZNSt12_Vector_baseIiSaIiEE12_Vector_implD1Ev
FNDA:0,_ZNSt12_Vector_baseISt6vectorIiSaIiEESaIS2_EE12_Vector_implC1Ev
FNDA:0,_ZNSt12_Vector_baseIiSaIiEE12_Vector_implC1Ev
FNDA:0,_ZNSt12_Vector_baseIiSaIiEE12_Vector_implC1ERKS0_
FNDA:0,_ZNSt12_Vector_baseIiSaIiEE12_Vector_implC1EOS0_
FNDA:0,_ZNSt12_Vector_baseIiSaIiEE12_Vector_impl12_M_swap_dataERS2_
FNDA:0,_ZNSt12_Vector_baseISt6vectorIiSaIiEESaIS2_EE19_M_get_Tp_allocatorEv
FNDA:0,_ZNSt12_Vector_baseIiSaIiEE19_M_get_Tp_allocatorEv
FNDA:0,_ZNKSt12_Vector_baseISt6vectorIiSaIiEESaIS2_EE19_M_get_Tp_allocatorEv
FNDA:0,_ZNKSt12_Vector_baseIiSaIiEE19_M_get_Tp_allocatorEv
FNDA:14,_ZNKSt12_Vector_baseIiSaIiEE13get_allocatorEv
FNDA:0,_ZNSt12_Vector_baseISt6vectorIiSaIiEESaIS2_EEC2Ev
FNDA:0,_ZNSt12_Vector_baseIiSaIiEEC2Ev
FNDA:114,_ZNSt12_Vector_baseIiSaIiEEC2ERKS0_
FNDA:0,_ZNSt12_Vector_baseIiSaIiEEC2EjRKS0_
FNDA:0,_ZNSt12_Vector_baseIiSaIiEEC2EOS1_
FNDA:0,_ZNSt12_Vector_baseISt6vectorIiSaIiEESaIS2_EED2Ev
FNDA:0,_ZNSt12_Vector_baseIiSaIiEED2Ev
FNDA:0,_ZNSt12_Vector_baseISt6vectorIiSaIiEESaIS2_EE11_M_allocateEj
FNDA:0,_ZNSt12_Vector_baseIiSaIiEE11_M_allocateEj
FNDA:0,_ZNSt12_Vector_baseISt6vectorIiSaIiEESaIS2_EE13_M_deallocateEPS2_j
FNDA:0,_ZNSt12_Vector_baseIiSaIiEE13_M_deallocateEPij
FNDA:0,_ZNSt12_Vector_baseIiSaIiEE17_M_create_storageEj
FNDA:0,_ZNSt6vectorIS_IiSaIiEESaIS1_EEC1Ev
FNDA:0,_ZNSt6vectorIiSaIiEEC1Ev
FNDA:14,_ZNSt6vectorIiSaIiEEC1ERKS0_
FNDA:0,_ZNSt6vectorIiSaIiEEC1ERKS1_
FNDA:0,_ZNSt6vectorIiSaIiEEC1EOS1_
FNDA:14,_ZNSt6vectorIiSaIiEEC1IN9__gnu_cxx17__normal_iteratorIPiS1_EEvEET_S7_RKS0_
FNDA:0,_ZNSt6vectorIS_IiSaIiEESaIS1_EED1Ev
FNDA:0,_ZNSt6vectorIiSaIiEED1Ev
FNDA:14,_ZNSt6vectorIiSaIiEEaSEOS1_
FNDA:28,_ZNSt6vectorIiSaIiEE5beginEv
FNDA:0,_ZNKSt6vectorIiSaIiEE5beginEv
FNDA:0,_ZNSt6vectorIiSaIiEE3endEv
FNDA:0,_ZNKSt6vectorIiSaIiEE3endEv
FNDA:0,_ZNKSt6vectorIS_IiSaIiEESaIS1_EE4sizeEv
FNDA:62,_ZNKSt6vectorINSt7__cxx1112basic_stringIcSt11char_traitsIcESaIcEEESaIS5_EE4sizeEv
FNDA:0,_ZNKSt6vectorIiSaIiEE4sizeEv
FNDA:0,_ZNKSt6vectorIS_IiSaIiEESaIS1_EE8max_sizeEv
FNDA:0,_ZNKSt6vectorIiSaIiEE8max_sizeEv
FNDA:16,_ZNSt6vectorINSt7__cxx1112basic_stringIcSt11char_traitsIcESaIcEEESaIS5_EEixEj
FNDA:0,_ZNSt6vectorIiSaIiEEixEj
FNDA:0,_ZNSt6vectorIS_IiSaIiEESaIS1_EE9push_backERKS1_
FNDA:0,_ZNSt6vectorIiSaIiEE9push_backERKi
FNDA:8,_ZNSt6vectorIS_IiSaIiEESaIS1_EE9push_backEOS1_
FNDA:14,_ZNSt6vectorIiSaIiEE22_M_initialize_dispatchIN9__gnu_cxx17__normal_iteratorIPiS1_EEEEvT_S7_St12__false_type
FNDA:14,_ZNSt6vectorIiSaIiEE19_M_range_initializeIN9__gnu_cxx17__normal_iteratorIPiS1_EEEEvT_S7_St20forward_iterator_tag
FNDA:0,_ZNKSt6vectorIS_IiSaIiEESaIS1_EE12_M_check_lenEjPKc
FNDA:0,_ZNKSt6vectorIiSaIiEE12_M_check_lenEjPKc
FNDA:14,_ZNSt6vectorIiSaIiEE14_M_move_assignEOS1_St17integral_constantIbLb1EE
FNF:52
FNH:12
DA:79,0
DA:86,0
DA:87,0
DA:88,0
DA:90,0
DA:91,0
DA:92,0
DA:95,0
DA:96,0
DA:97,0
DA:98,0
DA:101,0
DA:103,0
DA:104,0
DA:105,0
DA:106,0
DA:113,0
DA:114,0
DA:117,0
DA:118,0
DA:121,14
DA:122,14
DA:124,0
DA:125,0
DA:127,114
DA:128,114
DA:134,0
DA:135,0
DA:136,0
DA:142,0
DA:143,0
DA:144,0
DA:159,0
DA:160,0
DA:161,0
DA:167,0
DA:170,0
DA:174,0
DA:177,0
DA:178,0
DA:179,0
DA:183,0
DA:185,0
DA:186,0
DA:187,0
DA:188,0
DA:255,0
DA:259,0
DA:266,14
DA:267,14
DA:320,0
DA:322,0
DA:323,0
DA:324,0
DA:326,0
DA:327,0
DA:337,0
DA:338,0
DA:403,14
DA:405,14
DA:406,14
DA:425,0
DA:426,0
DA:427,0
DA:450,14
DA:454,14
DA:455,14
DA:456,14
DA:548,28
DA:549,28
DA:557,0
DA:558,0
DA:566,0
DA:567,0
DA:575,0
DA:576,0
DA:655,62
DA:656,62
DA:660,0
DA:661,0
DA:780,16
DA:781,16
DA:914,0
DA:916,0
DA:918,0
DA:920,0
DA:924,0
DA:928,0
DA:932,8
DA:933,8
DA:1256,14
DA:1261,14
DA:1262,14
DA:1281,14
DA:1284,14
DA:1285,14
DA:1286,14
DA:1287,14
DA:1288,14
DA:1290,14
DA:1291,14
DA:1420,0
DA:1422,0
DA:1423,0
DA:1425,0
DA:1426,0
DA:1452,14
DA:1454,28
DA:1455,14
DA:1456,14
DA:1457,14
DA:1458,14
LF:112
LH:38
end_of_record
SF:/c/mingw/lib/gcc/mingw32/6.3.0/include/c++/bits/vector.tcc
FN:91,_ZNSt6vectorIS_IiSaIiEESaIS1_EE12emplace_backIJS1_EEEvDpOT_
FN:407,_ZNSt6vectorIS_IiSaIiEESaIS1_EE19_M_emplace_back_auxIJS1_EEEvDpOT_
FN:407,_ZNSt6vectorIS_IiSaIiEESaIS1_EE19_M_emplace_back_auxIJRKS1_EEEvDpOT_
FN:407,_ZNSt6vectorIiSaIiEE19_M_emplace_back_auxIJRKiEEEvDpOT_
FNDA:8,_ZNSt6vectorIS_IiSaIiEESaIS1_EE12emplace_backIJS1_EEEvDpOT_
FNDA:6,_ZNSt6vectorIS_IiSaIiEESaIS1_EE19_M_emplace_back_auxIJS1_EEEvDpOT_
FNDA:0,_ZNSt6vectorIS_IiSaIiEESaIS1_EE19_M_emplace_back_auxIJRKS1_EEEvDpOT_
FNDA:0,_ZNSt6vectorIiSaIiEE19_M_emplace_back_auxIJRKiEEEvDpOT_
FNF:4
FNH:2
DA:91,8
DA:94,8
DA:96,2
DA:98,2
DA:101,6
DA:102,8
DA:407,6
DA:411,6
DA:412,6
DA:413,6
DA:416,6
DA:418,6
DA:420,6
DA:422,6
DA:423,6
DA:425,6
DA:427,0
DA:429,0
DA:430,0
DA:432,0
DA:433,0
DA:434,0
DA:436,6
DA:437,6
DA:438,6
DA:439,6
DA:440,6
DA:441,6
DA:442,6
DA:443,6
DA:444,6
LF:31
LH:25
end_of_record
SF:/c/mingw/lib/gcc/mingw32/6.3.0/include/c++/cmath
FN:486,_ZSt4sqrtf
FNDA:720040,_ZSt4sqrtf
FNF:1
FNH:1
DA:486,720040
DA:487,720040
LF:2
LH:2
end_of_record
SF:/c/mingw/lib/gcc/mingw32/6.3.0/include/c++/ext/alloc_traits.h
FN:94,_ZN9__gnu_cxx14__alloc_traitsISaIiEE17_S_select_on_copyERKS1_
FNDA:0,_ZN9__gnu_cxx14__alloc_traitsISaIiEE17_S_select_on_copyERKS1_
FNF:1
FNH:0
DA:94,0
DA:95,0
LF:2
LH:0
end_of_record
SF:/c/mingw/lib/gcc/mingw32/6.3.0/include/c++/ext/new_allocator.h
FN:79,_ZN9__gnu_cxx13new_allocatorIiEC2Ev
FN:79,_ZN9__gnu_cxx13new_allocatorISt6vectorIiSaIiEEEC2Ev
FN:81,_ZN9__gnu_cxx13new_allocatorIiEC2ERKS1_
FN:86,_ZN9__gnu_cxx13new_allocatorIiED2Ev
FN:86,_ZN9__gnu_cxx13new_allocatorISt6vectorIiSaIiEEED2Ev
FN:99,_ZN9__gnu_cxx13new_allocatorIiE8allocateEjPKv
FN:99,_ZN9__gnu_cxx13new_allocatorISt6vectorIiSaIiEEE8allocateEjPKv
FN:109,_ZN9__gnu_cxx13new_allocatorIiE10deallocateEPij
FN:109,_ZN9__gnu_cxx13new_allocatorISt6vectorIiSaIiEEE10deallocateEPS3_j
FN:113,_ZNK9__gnu_cxx13new_allocatorISt6vectorIiSaIiEEE8max_sizeEv
FN:113,_ZNK9__gnu_cxx13new_allocatorIiE8max_sizeEv
FN:119,_ZN9__gnu_cxx13new_allocatorISt6vectorIiSaIiEEE9constructIS3_JS3_EEEvPT_DpOT0_
FN:119,_ZN9__gnu_cxx13new_allocatorIiE9constructIiJRKiEEEvPT_DpOT0_
FN:119,_ZN9__gnu_cxx13new_allocatorISt6vectorIiSaIiEEE9constructIS3_JRKS3_EEEvPT_DpOT0_
FN:124,_ZN9__gnu_cxx13new_allocatorISt6vectorIiSaIiEEE7destroyIS3_EEvPT_
FN:124,_ZN9__gnu_cxx13new_allocatorIiE7destroyIiEEvPT_
FNDA:0,_ZN9__gnu_cxx13new_allocatorISt6vectorIiSaIiEEEC2Ev
FNDA:0,_ZN9__gnu_cxx13new_allocatorIiEC2Ev
FNDA:0,_ZN9__gnu_cxx13new_allocatorIiEC2ERKS1_
FNDA:0,_ZN9__gnu_cxx13new_allocatorISt6vectorIiSaIiEEED2Ev
FNDA:0,_ZN9__gnu_cxx13new_allocatorIiED2Ev
FNDA:0,_ZN9__gnu_cxx13new_allocatorISt6vectorIiSaIiEEE8allocateEjPKv
FNDA:0,_ZN9__gnu_cxx13new_allocatorIiE8allocateEjPKv
FNDA:0,_ZN9__gnu_cxx13new_allocatorISt6vectorIiSaIiEEE10deallocateEPS3_j
FNDA:0,_ZN9__gnu_cxx13new_allocatorIiE10deallocateEPij
FNDA:0,_ZNK9__gnu_cxx13new_allocatorISt6vectorIiSaIiEEE8max_sizeEv
FNDA:0,_ZNK9__gnu_cxx13new_allocatorIiE8max_sizeEv
FNDA:8,_ZN9__gnu_cxx13new_allocatorISt6vectorIiSaIiEEE9constructIS3_JS3_EEEvPT_DpOT0_
FNDA:0,_ZN9__gnu_cxx13new_allocatorISt6vectorIiSaIiEEE9constructIS3_JRKS3_EEEvPT_DpOT0_
FNDA:0,_ZN9__gnu_cxx13new_allocatorIiE9constructIiJRKiEEEvPT_DpOT0_
FNDA:0,_ZN9__gnu_cxx13new_allocatorISt6vectorIiSaIiEEE7destroyIS3_EEvPT_
FNDA:0,_ZN9__gnu_cxx13new_allocatorIiE7destroyIiEEvPT_
FNF:16
FNH:1
DA:79,0
DA:81,0
DA:86,0
DA:99,0
DA:101,0
DA:102,0
DA:104,0
DA:109,0
DA:110,0
DA:113,0
DA:114,0
DA:119,8
DA:120,8
DA:124,0
LF:14
LH:2
end_of_record
SF:/c/mingw/lib/gcc/mingw32/6.3.0/include/c++/iostream
FN:74,__tcf_0
FNDA:2,__tcf_0
FNF:1
FNH:1
DA:74,4
LF:1
LH:1
end_of_record
SF:/c/mingw/lib/gcc/mingw32/6.3.0/include/c++/new
FN:146,_ZnwjPv
FN:152,_ZdlPvS_
FNDA:0,_ZnwjPv
FNDA:0,_ZdlPvS_
FNF:2
FNH:0
DA:146,0
DA:147,0
DA:152,0
LF:3
LH:0
end_of_record
TN:
SF:/c/Users/Usuario/Documents/programacion/final/lib/googletest-master/googletest/include/gtest/gtest.h
FN:2236,_Z13RUN_ALL_TESTSv
FNDA:2,_Z13RUN_ALL_TESTSv
FNF:1
FNH:1
DA:2236,2
DA:2237,2
LF:2
LH:2
end_of_record
SF:/c/Users/Usuario/Documents/programacion/final/main.cpp
FN:7,main
FN:11,_GLOBAL__sub_I_main
FN:11,_Z41__static_initialization_and_destruction_0ii
FNDA:2,main
FNDA:2,_GLOBAL__sub_I_main
FNDA:2,_Z41__static_initialization_and_destruction_0ii
FNF:3
FNH:3
DA:7,2
DA:8,2
DA:9,2
DA:10,2
DA:11,6
LF:5
LH:5
end_of_record
SF:/c/mingw/lib/gcc/mingw32/6.3.0/include/c++/iostream
FN:74,__tcf_0
FNDA:2,__tcf_0
FNF:1
FNH:1
DA:74,4
LF:1
LH:1
end_of_record
TN:
SF:/c/Users/Usuario/Documents/programacion/final/solucion.cpp
FN:5,_Z15grabacionValidaSt6vectorIiSaIiEEii
FN:16,_Z7enRangoSt6vectorIiSaIiEEi
FN:29,_Z11micFuncionaSt6vectorIiSaIiEEi
FN:46,_Z6subseqSt6vectorIiSaIiEEii
FN:53,_Z13sonTodosCerosSt6vectorIiSaIiEE
FN:62,_Z12elAcaparadorSt6vectorIS_IiSaIiEESaIS1_EEii
FN:70,_Z7acaparaSt6vectorIS_IiSaIiEESaIS1_EEiii
FN:82,_Z15intensidadMediaSt6vectorIiSaIiEE
FN:93,_Z10ardillizarSt6vectorIS_IiSaIiEESaIS1_EEii
FN:104,_Z15ardillizarAudioSt6vectorIiSaIiEE
FN:116,_Z15flashElPerezosoSt6vectorIS_IiSaIiEESaIS1_EEii
FN:136,_Z14vecInterpoladoSt6vectorIiSaIiEE
FN:146,_Z9silenciosRSt6vectorIiSaIiEEiii
FN:174,_Z10esSilencioRSt6vectorIiSaIiEESt5tupleIJffEEiiii
FN:184,_Z14indiceEnTiempofi
FN:189,_Z14noSuperaUmbralRSt6vectorIiSaIiEEiii
FN:197,_Z18noHaySilencioMayorRSt6vectorIiSaIiEEiii
FN:214,_Z11hayQuilomboSt6vectorIS_IiSaIiEESaIS1_EEiii
FN:230,_Z10seRespetanSt6vectorIS_IiSaIiEESaIS1_EEiiiii
FN:243,_Z24haySilencioQueLoContieneSt6vectorIiSaIiEEiiii
FN:265,_Z22cargarIntervaloDeHablaNSt7__cxx1112basic_stringIcSt11char_traitsIcESaIcEEE
FN:282,_Z10enmascararfSt6vectorISt5tupleIJffEESaIS1_EE
FN:299,_Z16tiempoEnPosicioni
FN:303,_Z14negacionLogicaRSt6vectorIbSaIbEE
FN:310,_Z19enmascararSilenciosRSt6vectorIiSaIiEEiii
FN:317,_Z19verdaderosPositivosRSt6vectorIbSaIbEES2_
FN:328,_Z19verdaderosNegativosRSt6vectorIbSaIbEES2_
FN:339,_Z15falsosPositivosRSt6vectorIbSaIbEES2_
FN:350,_Z15falsosNegativosRSt6vectorIbSaIbEES2_
FN:362,_Z17compararSilenciosRSt6vectorIiSaIiEEiiii
FN:395,_Z14resultadoFinalRSt6vectorIS_IiSaIiEESaIS1_EEiii
FN:405,_Z11sacarPausasSt6vectorIiSaIiEEiii
FN:433,_Z18encontrarAparicionSt6vectorIiSaIiEES1_
FN:438,_Z19comienzoCorrelacionSt6vectorIiSaIiEES1_
FN:452,_Z16medirLaDistanciaSt6vectorIS_IiSaIiEESaIS1_EES1_ii
FN:475,_Z21intensidadCorrelacionSt6vectorIiSaIiEES1_
FN:491,_Z11distanciaAPSt6vectorIS_IiSaIiEESaIS1_EEiiiS1_
FN:496,_Z41__static_initialization_and_destruction_0ii
FN:496,_GLOBAL__sub_I__Z15grabacionValidaSt6vectorIiSaIiEEii
FNDA:8,_Z15grabacionValidaSt6vectorIiSaIiEEii
FNDA:8,_Z7enRangoSt6vectorIiSaIiEEi
FNDA:6,_Z11micFuncionaSt6vectorIiSaIiEEi
FNDA:360854,_Z6subseqSt6vectorIiSaIiEEii
FNDA:38,_Z13sonTodosCerosSt6vectorIiSaIiEE
FNDA:2,_Z12elAcaparadorSt6vectorIS_IiSaIiEESaIS1_EEii
FNDA:8,_Z7acaparaSt6vectorIS_IiSaIiEESaIS1_EEiii
FNDA:64,_Z15intensidadMediaSt6vectorIiSaIiEE
FNDA:4,_Z10ardillizarSt6vectorIS_IiSaIiEESaIS1_EEii
FNDA:8,_Z15ardillizarAudioSt6vectorIiSaIiEE
FNDA:2,_Z15flashElPerezosoSt6vectorIS_IiSaIiEESaIS1_EEii
FNDA:56,_Z14vecInterpoladoSt6vectorIiSaIiEE
FNDA:434,_Z9silenciosRSt6vectorIiSaIiEEiii
FNDA:44,_Z10esSilencioRSt6vectorIiSaIiEESt5tupleIJffEEiiii
FNDA:4275759,_Z14indiceEnTiempofi
FNDA:4275667,_Z14noSuperaUmbralRSt6vectorIiSaIiEEiii
FNDA:11399650,_Z18noHaySilencioMayorRSt6vectorIiSaIiEEiii
FNDA:12,_Z11hayQuilomboSt6vectorIS_IiSaIiEESaIS1_EEiii
FNDA:40,_Z10seRespetanSt6vectorIS_IiSaIiEESaIS1_EEiiiii
FNDA:422,_Z24haySilencioQueLoContieneSt6vectorIiSaIiEEiiii
FNDA:12,_Z22cargarIntervaloDeHablaNSt7__cxx1112basic_stringIcSt11char_traitsIcESaIcEEE
FNDA:22,_Z10enmascararfSt6vectorISt5tupleIJffEESaIS1_EE
FNDA:11719108,_Z16tiempoEnPosicioni
FNDA:12,_Z14negacionLogicaRSt6vectorIbSaIbEE
FNDA:10,_Z19enmascararSilenciosRSt6vectorIiSaIiEEiii
FNDA:10,_Z19verdaderosPositivosRSt6vectorIbSaIbEES2_
FNDA:10,_Z19verdaderosNegativosRSt6vectorIbSaIbEES2_
FNDA:10,_Z15falsosPositivosRSt6vectorIbSaIbEES2_
FNDA:10,_Z15falsosNegativosRSt6vectorIbSaIbEES2_
FNDA:10,_Z17compararSilenciosRSt6vectorIiSaIiEEiiii
FNDA:2,_Z14resultadoFinalRSt6vectorIS_IiSaIiEESaIS1_EEiii
FNDA:2,_Z11sacarPausasSt6vectorIiSaIiEEiii
FNDA:4,_Z18encontrarAparicionSt6vectorIiSaIiEES1_
FNDA:16,_Z19comienzoCorrelacionSt6vectorIiSaIiEES1_
FNDA:2,_Z16medirLaDistanciaSt6vectorIS_IiSaIiEESaIS1_EES1_ii
FNDA:16,_Z21intensidadCorrelacionSt6vectorIiSaIiEES1_
FNDA:6,_Z11distanciaAPSt6vectorIS_IiSaIiEESaIS1_EEiiiS1_
FNDA:2,_GLOBAL__sub_I__Z15grabacionValidaSt6vectorIiSaIiEEii
FNDA:2,_Z41__static_initialization_and_destruction_0ii
FNF:39
FNH:39
DA:5,8
DA:6,8
DA:7,8
DA:8,8
DA:9,8
DA:10,8
DA:11,8
DA:12,4
DA:13,8
DA:16,8
DA:17,8
DA:18,8
DA:19,8
DA:20,8
DA:21,156
DA:22,74
DA:23,2
DA:24,74
DA:26,8
DA:29,6
DA:30,6
DA:31,6
DA:32,130
DA:33,62
DA:34,1698
DA:35,1636
DA:36,818
DA:37,818
DA:38,6
DA:39,818
DA:41,62
DA:43,6
DA:46,360854
DA:47,360854
DA:48,5256596634
DA:49,5256235780
DA:50,360854
DA:53,38
DA:54,38
DA:55,510
DA:56,472
DA:57,440
DA:58,38
DA:62,2
DA:63,2
DA:64,10
DA:65,8
DA:66,2
DA:67,2
DA:70,8
DA:71,8
DA:72,8
DA:73,72
DA:74,32
DA:75,12
DA:76,32
DA:78,8
DA:82,64
DA:83,64
DA:84,64
DA:85,467840
DA:86,233888
DA:87,233888
DA:89,64
DA:93,4
DA:94,4
DA:95,4
DA:96,20
DA:97,16
DA:98,8
DA:99,8
DA:101,4
DA:104,8
DA:105,8
DA:106,8
DA:107,208
DA:108,100
DA:109,52
DA:110,100
DA:112,8
DA:116,2
DA:117,2
DA:118,2
DA:119,2
DA:121,2
DA:122,18
DA:123,8
DA:124,8
DA:125,104
DA:126,48
DA:127,48
DA:128,48
DA:129,48
DA:131,8
DA:133,2
DA:136,56
DA:137,56
DA:138,336
DA:139,280
DA:140,280
DA:142,56
DA:146,434
DA:147,434
DA:148,434
DA:149,11485864
DA:150,5742715
DA:152,4275627
DA:153,4275627
DA:154,4275627
DA:155,22800913
DA:156,11399634
DA:157,777
DA:158,777
DA:159,777
DA:160,777
DA:161,777
DA:162,777
DA:164,11399634
DA:166,1645
DA:169,5742715
DA:171,434
DA:174,44
DA:175,44
DA:176,44
DA:177,44
DA:178,44
DA:179,44
DA:180,4
DA:181,44
DA:184,4275759
DA:185,4275759
DA:186,4275759
DA:189,4275667
DA:190,4275667
DA:191,6852311229
DA:192,6848035562
DA:193,1155021641
DA:194,4275667
DA:197,11399650
DA:198,11399650
DA:199,11399650
DA:200,11213377
DA:201,11213298
DA:203,79
DA:206,186273
DA:207,186201
DA:210,11399650
DA:214,12
DA:215,12
DA:216,12
DA:217,12
DA:218,68
DA:219,28
DA:220,164
DA:221,68
DA:222,20
DA:223,68
DA:225,28
DA:227,12
DA:230,40
DA:231,40
DA:232,80
DA:233,80
DA:234,40
DA:235,576
DA:236,268
DA:237,268
DA:238,268
DA:240,80
DA:243,422
DA:244,422
DA:245,422
DA:246,422
DA:247,844
DA:248,422
DA:249,1126
DA:250,352
DA:251,352
DA:252,352
DA:253,352
DA:254,188
DA:255,352
DA:257,844
DA:265,12
DA:266,12
DA:267,24
DA:268,12
DA:269,502
DA:272,245
DA:273,245
DA:274,245
DA:275,245
DA:276,245
DA:278,12
DA:279,24
DA:282,22
DA:283,22
DA:284,22
DA:285,480082
DA:286,240030
DA:287,15648210
DA:288,7704090
DA:289,7704090
DA:290,7704090
DA:291,66771
DA:292,7704090
DA:294,240030
DA:296,22
DA:299,11719108
DA:300,11719108
DA:303,12
DA:304,120042
DA:305,120030
DA:306,120030
DA:308,12
DA:310,10
DA:311,20
DA:312,10
DA:313,10
DA:314,20
DA:317,10
DA:320,10
DA:321,120010
DA:322,120000
DA:323,83566
DA:324,22903
DA:326,10
DA:328,10
DA:331,10
DA:332,120010
DA:333,120000
DA:334,36434
DA:335,29015
DA:337,10
DA:339,10
DA:342,10
DA:343,120010
DA:344,120000
DA:345,36434
DA:346,7419
DA:348,10
DA:350,10
DA:353,10
DA:354,120010
DA:355,120000
DA:356,83566
DA:357,60663
DA:359,10
DA:362,10
DA:364,20
DA:368,20
DA:369,10
DA:370,10
DA:371,10
DA:372,10
DA:373,10
DA:374,10
DA:375,10
DA:376,20
DA:377,10
DA:378,20
DA:380,10
DA:383,10
DA:384,10
DA:385,10
DA:386,10
DA:387,10
DA:388,10
DA:391,10
DA:392,20
DA:395,2
DA:396,2
DA:397,2
DA:398,10
DA:399,8
DA:401,2
DA:405,2
DA:406,2
DA:407,2
DA:408,4
DA:410,38
DA:411,18
DA:412,48
DA:413,44
DA:414,44
DA:415,44
DA:416,44
DA:417,4
DA:418,4
DA:422,14
DA:424,18
DA:430,4
DA:433,4
DA:434,4
DA:435,4
DA:438,16
DA:439,16
DA:440,16
DA:441,16
DA:442,84026
DA:443,84010
DA:444,1686
DA:448,16
DA:452,2
DA:453,2
DA:454,2
DA:455,10
DA:456,8
DA:457,2
DA:460,2
DA:462,2
DA:463,18
DA:464,8
DA:465,6
DA:467,2
DA:469,8
DA:472,2
DA:475,16
DA:476,16
DA:477,16
DA:478,16
DA:479,16
DA:480,96016
DA:481,96000
DA:482,1766
DA:485,16
DA:487,16
DA:491,6
DA:492,6
DA:493,6
DA:495,6
DA:496,6
LF:332
LH:332
end_of_record
SF:/c/mingw/lib/gcc/mingw32/6.3.0/include/c++/bits/alloc_traits.h
FN:415,_ZNSt16allocator_traitsISaIfEE8allocateERS0_j
FN:415,_ZNSt16allocator_traitsISaISt5tupleIJffEEEE8allocateERS2_j
FN:415,_ZNSt16allocator_traitsISaISt6vectorIiSaIiEEEE8allocateERS3_j
FN:415,_ZNSt16allocator_traitsISaIiEE8allocateERS0_j
FN:415,_ZNSt16allocator_traitsISaImEE8allocateERS0_j
FN:441,_ZNSt16allocator_traitsISaIfEE10deallocateERS0_Pfj
FN:441,_ZNSt16allocator_traitsISaISt5tupleIJiiEEEE10deallocateERS2_PS1_j
FN:441,_ZNSt16allocator_traitsISaImEE10deallocateERS0_Pmj
FN:441,_ZNSt16allocator_traitsISaISt6vectorIiSaIiEEEE10deallocateERS3_PS2_j
FN:441,_ZNSt16allocator_traitsISaISt5tupleIJffEEEE10deallocateERS2_PS1_j
FN:441,_ZNSt16allocator_traitsISaIiEE10deallocateERS0_Pij
FN:454,_ZNSt16allocator_traitsISaIfEE9constructIfJfEEEvRS0_PT_DpOT0_
FN:454,_ZNSt16allocator_traitsISaISt6vectorIiSaIiEEEE9constructIS2_JRKS2_EEEvRS3_PT_DpOT0_
FN:454,_ZNSt16allocator_traitsISaISt5tupleIJffEEEE9constructIS1_JRKS1_EEEvRS2_PT_DpOT0_
FN:454,_ZNSt16allocator_traitsISaIiEE9constructIiJRKiEEEvRS0_PT_DpOT0_
FN:466,_ZNSt16allocator_traitsISaISt6vectorIiSaIiEEEE7destroyIS2_EEvRS3_PT_
FN:466,_ZNSt16allocator_traitsISaIiEE7destroyIiEEvRS0_PT_
FN:466,_ZNSt16allocator_traitsISaIfEE7destroyIfEEvRS0_PT_
FN:466,_ZNSt16allocator_traitsISaISt5tupleIJffEEEE7destroyIS1_EEvRS2_PT_
FN:475,_ZNSt16allocator_traitsISaISt6vectorIiSaIiEEEE8max_sizeERKS3_
FN:475,_ZNSt16allocator_traitsISaIfEE8max_sizeERKS0_
FN:475,_ZNSt16allocator_traitsISaIiEE8max_sizeERKS0_
FN:475,_ZNSt16allocator_traitsISaISt5tupleIJffEEEE8max_sizeERKS2_
FN:484,_ZNSt16allocator_traitsISaISt6vectorIiSaIiEEEE37select_on_container_copy_constructionERKS3_
FN:484,_ZNSt16allocator_traitsISaISt5tupleIJffEEEE37select_on_container_copy_constructionERKS2_
FN:484,_ZNSt16allocator_traitsISaIiEE37select_on_container_copy_constructionERKS0_
FNDA:8,_ZNSt16allocator_traitsISaIfEE8allocateERS0_j
FNDA:28,_ZNSt16allocator_traitsISaImEE8allocateERS0_j
FNDA:516,_ZNSt16allocator_traitsISaISt5tupleIJffEEEE8allocateERS2_j
FNDA:124,_ZNSt16allocator_traitsISaISt6vectorIiSaIiEEEE8allocateERS3_j
FNDA:6844496,_ZNSt16allocator_traitsISaIiEE8allocateERS0_j
FNDA:8,_ZNSt16allocator_traitsISaIfEE10deallocateERS0_Pfj
FNDA:0,_ZNSt16allocator_traitsISaISt5tupleIJiiEEEE10deallocateERS2_PS1_j
FNDA:28,_ZNSt16allocator_traitsISaImEE10deallocateERS0_Pmj
FNDA:516,_ZNSt16allocator_traitsISaISt5tupleIJffEEEE10deallocateERS2_PS1_j
FNDA:124,_ZNSt16allocator_traitsISaISt6vectorIiSaIiEEEE10deallocateERS3_PS2_j
FNDA:6844496,_ZNSt16allocator_traitsISaIiEE10deallocateERS0_Pij
FNDA:8,_ZNSt16allocator_traitsISaIfEE9constructIfJfEEEvRS0_PT_DpOT0_
FNDA:1022,_ZNSt16allocator_traitsISaISt5tupleIJffEEEE9constructIS1_JRKS1_EEEvRS2_PT_DpOT0_
FNDA:16,_ZNSt16allocator_traitsISaISt6vectorIiSaIiEEEE9constructIS2_JRKS2_EEEvRS3_PT_DpOT0_
FNDA:5302316130,_ZNSt16allocator_traitsISaIiEE9constructIiJRKiEEEvRS0_PT_DpOT0_
FNDA:0,_ZNSt16allocator_traitsISaIfEE7destroyIfEEvRS0_PT_
FNDA:0,_ZNSt16allocator_traitsISaISt5tupleIJffEEEE7destroyIS1_EEvRS2_PT_
FNDA:0,_ZNSt16allocator_traitsISaISt6vectorIiSaIiEEEE7destroyIS2_EEvRS3_PT_
FNDA:0,_ZNSt16allocator_traitsISaIiEE7destroyIiEEvRS0_PT_
FNDA:12,_ZNSt16allocator_traitsISaIfEE8max_sizeERKS0_
FNDA:980,_ZNSt16allocator_traitsISaISt5tupleIJffEEEE8max_sizeERKS2_
FNDA:40,_ZNSt16allocator_traitsISaISt6vectorIiSaIiEEEE8max_sizeERKS3_
FNDA:10804800,_ZNSt16allocator_traitsISaIiEE8max_sizeERKS0_
FNDA:22,_ZNSt16allocator_traitsISaISt5tupleIJffEEEE37select_on_container_copy_constructionERKS2_
FNDA:76,_ZNSt16allocator_traitsISaISt6vectorIiSaIiEEEE37select_on_container_copy_constructionERKS3_
FNDA:1441994,_ZNSt16allocator_traitsISaIiEE37select_on_container_copy_constructionERKS0_
FNF:26
FNH:21
DA:415,6845172
DA:416,6845172
DA:441,6845172
DA:442,6845172
DA:454,5302317176
DA:455,5302317176
DA:466,0
DA:467,0
DA:475,10805832
DA:476,10805832
DA:484,1442092
DA:485,1442092
LF:12
LH:10
end_of_record
SF:/c/mingw/lib/gcc/mingw32/6.3.0/include/c++/bits/allocator.h
FN:131,_ZNSaIiEC1Ev
FN:131,_ZNSaIfEC2Ev
FN:131,_ZNSaIbEC1Ev
FN:131,_ZNSaISt5tupleIJiiEEEC2Ev
FN:131,_ZNSaIiEC2Ev
FN:131,_ZNSaISt6vectorIiSaIiEEEC2Ev
FN:131,_ZNSaISt5tupleIJffEEEC2Ev
FN:131,_ZNSaISt6vectorIiSaIiEEEC1Ev
FN:133,_ZNSaIiEC1ERKS_
FN:133,_ZNSaImEC2ERKS_
FN:133,_ZNSaISt6vectorIiSaIiEEEC2ERKS2_
FN:133,_ZNSaISt6vectorIiSaIiEEEC1ERKS2_
FN:133,_ZNSaISt5tupleIJffEEEC2ERKS1_
FN:133,_ZNSaIiEC2ERKS_
FN:133,_ZNSaISt5tupleIJffEEEC1ERKS1_
FN:137,_ZNSaImEC1IbEERKSaIT_E
FN:139,_ZNSaIiED1Ev
FN:139,_ZNSaISt6vectorIiSaIiEEED1Ev
FN:139,_ZNSaIfED2Ev
FN:139,_ZNSaISt5tupleIJffEEED2Ev
FN:139,_ZNSaIbED1Ev
FN:139,_ZNSaIiED2Ev
FN:139,_ZNSaISt5tupleIJffEEED1Ev
FN:139,_ZNSaImED2Ev
FN:139,_ZNSaISt5tupleIJiiEEED2Ev
FN:139,_ZNSaImED1Ev
FN:139,_ZNSaISt6vectorIiSaIiEEED2Ev
FNDA:4,_ZNSaIfEC2Ev
FNDA:2,_ZNSaISt5tupleIJiiEEEC2Ev
FNDA:446,_ZNSaISt5tupleIJffEEEC2Ev
FNDA:28,_ZNSaIbEC1Ev
FNDA:28,_ZNSaISt6vectorIiSaIiEEEC1Ev
FNDA:8,_ZNSaISt6vectorIiSaIiEEEC2Ev
FNDA:102,_ZNSaIiEC1Ev
FNDA:360988,_ZNSaIiEC2Ev
FNDA:28,_ZNSaImEC2ERKS_
FNDA:22,_ZNSaISt5tupleIJffEEEC1ERKS1_
FNDA:26,_ZNSaISt5tupleIJffEEEC2ERKS1_
FNDA:76,_ZNSaISt6vectorIiSaIiEEEC1ERKS2_
FNDA:104,_ZNSaISt6vectorIiSaIiEEEC2ERKS2_
FNDA:1442008,_ZNSaIiEC1ERKS_
FNDA:1442136,_ZNSaIiEC2ERKS_
FNDA:28,_ZNSaImEC1IbEERKSaIT_E
FNDA:4,_ZNSaIfED2Ev
FNDA:2,_ZNSaISt5tupleIJiiEEED2Ev
FNDA:28,_ZNSaImED1Ev
FNDA:28,_ZNSaImED2Ev
FNDA:26,_ZNSaISt5tupleIJffEEED1Ev
FNDA:472,_ZNSaISt5tupleIJffEEED2Ev
FNDA:28,_ZNSaIbED1Ev
FNDA:104,_ZNSaISt6vectorIiSaIiEEED1Ev
FNDA:112,_ZNSaISt6vectorIiSaIiEEED2Ev
FNDA:1442110,_ZNSaIiED1Ev
FNDA:1803124,_ZNSaIiED2Ev
FNF:27
FNH:27
DA:131,361606
DA:133,2884400
DA:134,2884400
DA:137,28
DA:139,3246038
LF:5
LH:5
end_of_record
SF:/c/mingw/lib/gcc/mingw32/6.3.0/include/c++/bits/cpp_type_traits.h
FN:408,_ZSt12__miter_baseIN9__gnu_cxx17__normal_iteratorIPKiSt6vectorIiSaIiEEEEET_S8_
FN:408,_ZSt12__miter_baseIPfET_S1_
FN:408,_ZSt12__miter_baseIPiET_S1_
FNDA:12,_ZSt12__miter_baseIPfET_S1_
FNDA:10804800,_ZSt12__miter_baseIPiET_S1_
FNDA:2883988,_ZSt12__miter_baseIN9__gnu_cxx17__normal_iteratorIPKiSt6vectorIiSaIiEEEEET_S8_
FNF:3
FNH:3
DA:408,13688800
DA:409,13688800
LF:2
LH:2
end_of_record
SF:/c/mingw/lib/gcc/mingw32/6.3.0/include/c++/bits/move.h
FN:47,_ZSt11__addressofISt6vectorIiSaIiEEEPT_RS3_
FN:47,_ZSt11__addressofImEPT_RS0_
FN:47,_ZSt11__addressofISt5tupleIJffEEEPT_RS2_
FN:76,_ZSt7forwardISt6vectorIiSaIiEEEOT_RNSt16remove_referenceIS3_E4typeE
FN:76,_ZSt7forwardIfEOT_RNSt16remove_referenceIS0_E4typeE
FN:76,_ZSt7forwardIRKiEOT_RNSt16remove_referenceIS2_E4typeE
FN:76,_ZSt7forwardISt5tupleIJffEEEOT_RNSt16remove_referenceIS2_E4typeE
FN:76,_ZSt7forwardIRKSt6vectorIiSaIiEEEOT_RNSt16remove_referenceIS5_E4typeE
FN:76,_ZSt7forwardIRKSt5tupleIJffEEEOT_RNSt16remove_referenceIS4_E4typeE
FN:101,_ZSt4moveIRPiEONSt16remove_referenceIT_E4typeEOS3_
FN:101,_ZSt4moveIRSt6vectorIiSaIiEEEONSt16remove_referenceIT_E4typeEOS5_
FN:101,_ZSt4moveIRSaIiEEONSt16remove_referenceIT_E4typeEOS3_
FN:101,_ZSt4moveIRSaImEEONSt16remove_referenceIT_E4typeEOS3_
FN:101,_ZSt4moveIRSt11_Tuple_implILj1EJfEEEONSt16remove_referenceIT_E4typeEOS4_
FN:101,_ZSt4moveIRfEONSt16remove_referenceIT_E4typeEOS2_
FN:179,_ZSt4swapIPiENSt9enable_ifIXsrSt6__and_IJSt21is_move_constructibleIT_ESt18is_move_assignableIS4_EEE5valueEvE4typeERS4_SB_
FNDA:1656,_ZSt11__addressofISt5tupleIJffEEEPT_RS2_
FNDA:652,_ZSt11__addressofISt6vectorIiSaIiEEEPT_RS3_
FNDA:78,_ZSt11__addressofImEPT_RS0_
FNDA:998,_ZSt7forwardISt5tupleIJffEEEOT_RNSt16remove_referenceIS2_E4typeE
FNDA:48,_ZSt7forwardISt6vectorIiSaIiEEEOT_RNSt16remove_referenceIS3_E4typeE
FNDA:4022,_ZSt7forwardIfEOT_RNSt16remove_referenceIS0_E4typeE
FNDA:3192,_ZSt7forwardIRKSt5tupleIJffEEEOT_RNSt16remove_referenceIS4_E4typeE
FNDA:342,_ZSt7forwardIRKSt6vectorIiSaIiEEEOT_RNSt16remove_referenceIS5_E4typeE
FNDA:10610034608,_ZSt7forwardIRKiEOT_RNSt16remove_referenceIS2_E4typeE
FNDA:998,_ZSt4moveIRSt11_Tuple_implILj1EJfEEEONSt16remove_referenceIT_E4typeEOS4_
FNDA:486,_ZSt4moveIRPiEONSt16remove_referenceIT_E4typeEOS3_
FNDA:28,_ZSt4moveIRSaImEEONSt16remove_referenceIT_E4typeEOS3_
FNDA:66,_ZSt4moveIRSaIiEEONSt16remove_referenceIT_E4typeEOS3_
FNDA:8,_ZSt4moveIRfEONSt16remove_referenceIT_E4typeEOS2_
FNDA:48,_ZSt4moveIRSt6vectorIiSaIiEEEONSt16remove_referenceIT_E4typeEOS5_
FNDA:162,_ZSt4swapIPiENSt9enable_ifIXsrSt6__and_IJSt21is_move_constructibleIT_ESt18is_move_assignableIS4_EEE5valueEvE4typeERS4_SB_
FNF:16
FNH:16
DA:47,2386
DA:50,2386
DA:76,10610043210
DA:77,10610043210
DA:101,1634
DA:102,1634
DA:179,162
DA:190,162
DA:191,162
DA:192,162
DA:193,162
LF:11
LH:11
end_of_record
SF:/c/mingw/lib/gcc/mingw32/6.3.0/include/c++/bits/stl_algobase.h
FN:219,_ZSt3maxIjERKT_S2_S2_
FN:277,_ZSt12__niter_baseIPfET_S1_
FN:277,_ZSt12__niter_baseIPiET_S1_
FN:277,_ZSt12__niter_baseIPmET_S1_
FN:357,_ZNSt11__copy_moveILb1ELb1ESt26random_access_iterator_tagE8__copy_mIfEEPT_PKS3_S6_S4_
FN:357,_ZNSt11__copy_moveILb1ELb1ESt26random_access_iterator_tagE8__copy_mIiEEPT_PKS3_S6_S4_
FN:357,_ZNSt11__copy_moveILb0ELb1ESt26random_access_iterator_tagE8__copy_mIiEEPT_PKS3_S6_S4_
FN:375,_ZSt13__copy_move_aILb1EPfS0_ET1_T0_S2_S1_
FN:375,_ZSt13__copy_move_aILb0EPKiPiET1_T0_S4_S3_
FN:375,_ZSt13__copy_move_aILb1EPiS0_ET1_T0_S2_S1_
FN:420,_ZSt14__copy_move_a2ILb1EPfS0_ET1_T0_S2_S1_
FN:420,_ZSt14__copy_move_a2ILb0EN9__gnu_cxx17__normal_iteratorIPKiSt6vectorIiSaIiEEEEPiET1_T0_SA_S9_
FN:420,_ZSt14__copy_move_a2ILb1EPiS0_ET1_T0_S2_S1_
FN:446,_ZSt4copyIN9__gnu_cxx17__normal_iteratorIPKiSt6vectorIiSaIiEEEEPiET0_T_SA_S9_
FN:446,_ZSt4copyISt13move_iteratorIPiES1_ET0_T_S4_S3_
FN:446,_ZSt4copyISt13move_iteratorIPfES1_ET0_T_S4_S3_
FN:691,_ZSt8__fill_aIPmiEN9__gnu_cxx11__enable_ifIXsrSt11__is_scalarIT0_E7__valueEvE6__typeET_S8_RKS4_
FN:724,_ZSt4fillIPmiEvT_S1_RKT0_
FN:749,_ZSt10__fill_n_aIPijiEN9__gnu_cxx11__enable_ifIXsrSt11__is_scalarIT1_E7__valueET_E6__typeES6_T0_RKS4_
FN:784,_ZSt6fill_nIPijiET_S1_T0_RKT1_
FNDA:5402982,_ZSt3maxIjERKT_S2_S2_
FNDA:20,_ZSt12__niter_baseIPfET_S1_
FNDA:17649296,_ZSt12__niter_baseIPiET_S1_
FNDA:44,_ZSt12__niter_baseIPmET_S1_
FNDA:6,_ZNSt11__copy_moveILb1ELb1ESt26random_access_iterator_tagE8__copy_mIfEEPT_PKS3_S6_S4_
FNDA:5402400,_ZNSt11__copy_moveILb1ELb1ESt26random_access_iterator_tagE8__copy_mIiEEPT_PKS3_S6_S4_
FNDA:1442094,_ZNSt11__copy_moveILb0ELb1ESt26random_access_iterator_tagE8__copy_mIiEEPT_PKS3_S6_S4_
FNDA:6,_ZSt13__copy_move_aILb1EPfS0_ET1_T0_S2_S1_
FNDA:5402400,_ZSt13__copy_move_aILb1EPiS0_ET1_T0_S2_S1_
FNDA:1442080,_ZSt13__copy_move_aILb0EPKiPiET1_T0_S4_S3_
FNDA:6,_ZSt14__copy_move_a2ILb1EPfS0_ET1_T0_S2_S1_
FNDA:5402400,_ZSt14__copy_move_a2ILb1EPiS0_ET1_T0_S2_S1_
FNDA:1441994,_ZSt14__copy_move_a2ILb0EN9__gnu_cxx17__normal_iteratorIPKiSt6vectorIiSaIiEEEEPiET1_T0_SA_S9_
FNDA:6,_ZSt4copyISt13move_iteratorIPfES1_ET0_T_S4_S3_
FNDA:5402400,_ZSt4copyISt13move_iteratorIPiES1_ET0_T_S4_S3_
FNDA:1441994,_ZSt4copyIN9__gnu_cxx17__normal_iteratorIPKiSt6vectorIiSaIiEEEEPiET0_T_SA_S9_
FNDA:22,_ZSt8__fill_aIPmiEN9__gnu_cxx11__enable_ifIXsrSt11__is_scalarIT0_E7__valueEvE6__typeET_S8_RKS4_
FNDA:22,_ZSt4fillIPmiEvT_S1_RKT0_
FNDA:2,_ZSt10__fill_n_aIPijiEN9__gnu_cxx11__enable_ifIXsrSt11__is_scalarIT1_E7__valueET_E6__typeES6_T0_RKS4_
FNDA:2,_ZSt6fill_nIPijiET_S1_T0_RKT1_
FNF:20
FNH:20
DA:219,5402982
DA:224,5402982
DA:225,360862
DA:226,5042120
DA:277,17649360
DA:278,17649360
DA:357,6844500
DA:366,6844500
DA:367,6844500
DA:368,6483964
DA:369,6844500
DA:375,6844486
DA:383,6844486
DA:386,6844486
DA:420,6844400
DA:422,6844400
DA:424,6844400
DA:446,6844400
DA:455,6844400
DA:456,6844400
DA:691,22
DA:694,22
DA:695,15026
DA:696,7502
DA:697,22
DA:724,22
DA:731,22
DA:733,22
DA:749,2
DA:751,2
DA:752,24
DA:753,24
DA:754,22
DA:755,2
DA:784,2
DA:789,2
LF:36
LH:36
end_of_record
SF:/c/mingw/lib/gcc/mingw32/6.3.0/include/c++/bits/stl_bvector.h
FN:75,_ZNSt14_Bit_referenceC1EPmm
FN:80,_ZNKSt14_Bit_referencecvbEv
FN:84,_ZNSt14_Bit_referenceaSEb
FN:142,_ZNSt18_Bit_iterator_baseC2EPmj
FN:166,_ZNSt18_Bit_iterator_base7_M_incrEi
FN:208,_ZStmiRKSt18_Bit_iterator_baseS1_
FN:220,_ZNSt13_Bit_iteratorC1Ev
FN:222,_ZNSt13_Bit_iteratorC1EPmj
FN:230,_ZNKSt13_Bit_iteratordeEv
FN:264,_ZNSt13_Bit_iteratorpLEi
FN:278,_ZNKSt13_Bit_iteratorplEi
FN:312,_ZNSt19_Bit_const_iteratorC1ERKSt13_Bit_iterator
FN:419,_ZNSt13_Bvector_baseISaIbEE13_Bvector_implD1Ev
FN:435,_ZNSt13_Bvector_baseISaIbEE13_Bvector_implC1EOSaImE
FN:442,_ZNKSt13_Bvector_baseISaIbEE13_Bvector_impl11_M_end_addrEv
FN:468,_ZNSt13_Bvector_baseISaIbEEC2ERKS0_
FN:484,_ZNSt13_Bvector_baseISaIbEED2Ev
FN:491,_ZNSt13_Bvector_baseISaIbEE11_M_allocateEj
FN:495,_ZNSt13_Bvector_baseISaIbEE13_M_deallocateEv
FN:507,_ZNSt13_Bvector_baseISaIbEE8_S_nwordEj
FN:591,_ZNSt6vectorIbSaIbEEC1EjRKbRKS0_
FN:677,_ZNSt6vectorIbSaIbEED1Ev
FN:783,_ZNKSt6vectorIbSaIbEE5beginEv
FN:791,_ZNKSt6vectorIbSaIbEE3endEv
FN:829,_ZNKSt6vectorIbSaIbEE4sizeEv
FN:854,_ZNSt6vectorIbSaIbEEixEj
FN:1079,_ZNSt6vectorIbSaIbEE13_M_initializeEj
FNDA:1027073,_ZNSt14_Bit_referenceC1EPmm
FNDA:840182,_ZNKSt14_Bit_referencecvbEv
FNDA:186891,_ZNSt14_Bit_referenceaSEb
FNDA:2707279,_ZNSt18_Bit_iterator_baseC2EPmj
FNDA:28,_ZNSt18_Bit_iterator_base7_M_incrEi
FNDA:840142,_ZStmiRKSt18_Bit_iterator_baseS1_
FNDA:56,_ZNSt13_Bit_iteratorC1Ev
FNDA:1026859,_ZNSt13_Bit_iteratorC1EPmj
FNDA:1026921,_ZNKSt13_Bit_iteratordeEv
FNDA:28,_ZNSt13_Bit_iteratorpLEi
FNDA:28,_ZNKSt13_Bit_iteratorplEi
FNDA:1680364,_ZNSt19_Bit_const_iteratorC1ERKSt13_Bit_iterator
FNDA:28,_ZNSt13_Bvector_baseISaIbEE13_Bvector_implD1Ev
FNDA:28,_ZNSt13_Bvector_baseISaIbEE13_Bvector_implC1EOSaImE
FNDA:50,_ZNKSt13_Bvector_baseISaIbEE13_Bvector_impl11_M_end_addrEv
FNDA:28,_ZNSt13_Bvector_baseISaIbEEC2ERKS0_
FNDA:28,_ZNSt13_Bvector_baseISaIbEED2Ev
FNDA:28,_ZNSt13_Bvector_baseISaIbEE11_M_allocateEj
FNDA:28,_ZNSt13_Bvector_baseISaIbEE13_M_deallocateEv
FNDA:56,_ZNSt13_Bvector_baseISaIbEE8_S_nwordEj
FNDA:22,_ZNSt6vectorIbSaIbEEC1EjRKbRKS0_
FNDA:28,_ZNSt6vectorIbSaIbEED1Ev
FNDA:840154,_ZNKSt6vectorIbSaIbEE5beginEv
FNDA:840210,_ZNKSt6vectorIbSaIbEE3endEv
FNDA:840142,_ZNKSt6vectorIbSaIbEE4sizeEv
FNDA:1026831,_ZNSt6vectorIbSaIbEEixEj
FNDA:28,_ZNSt6vectorIbSaIbEE13_M_initializeEj
FNF:27
FNH:27
DA:75,1027073
DA:76,1027073
DA:80,840182
DA:81,840182
DA:84,186891
DA:86,186891
DA:87,150397
DA:89,36494
DA:90,186891
DA:142,2707279
DA:143,2707279
DA:166,28
DA:168,28
DA:169,28
DA:170,28
DA:171,28
DA:173,0
DA:174,0
DA:176,28
DA:177,28
DA:208,840142
DA:210,840142
DA:211,840142
DA:220,56
DA:222,1026859
DA:223,1026859
DA:230,1026921
DA:231,1026921
DA:264,28
DA:266,28
DA:267,28
DA:278,28
DA:280,28
DA:281,28
DA:312,1680364
DA:313,1680364
DA:419,28
DA:435,28
DA:436,28
DA:437,28
DA:438,28
DA:442,50
DA:444,50
DA:445,50
DA:446,0
DA:468,28
DA:469,28
DA:484,28
DA:485,28
DA:491,28
DA:492,28
DA:495,28
DA:497,28
DA:499,28
DA:500,28
DA:501,28
DA:504,28
DA:507,56
DA:508,56
DA:591,22
DA:593,22
DA:595,22
DA:596,22
DA:598,22
DA:677,28
DA:783,840154
DA:784,840154
DA:791,840210
DA:792,840210
DA:829,840142
DA:830,840142
DA:854,1026831
DA:856,3080493
DA:857,3080493
DA:1079,28
DA:1081,28
DA:1082,28
DA:1083,28
DA:1084,28
DA:1085,28
LF:80
LH:77
end_of_record
SF:/c/mingw/lib/gcc/mingw32/6.3.0/include/c++/bits/stl_construct.h
FN:74,_ZSt10_ConstructISt5tupleIJffEEJRKS1_EEvPT_DpOT0_
FN:74,_ZSt10_ConstructISt5tupleIJffEEJS1_EEvPT_DpOT0_
FN:74,_ZSt10_ConstructISt6vectorIiSaIiEEJS2_EEvPT_DpOT0_
FN:74,_ZSt10_ConstructISt6vectorIiSaIiEEJRKS2_EEvPT_DpOT0_
FN:92,_ZSt8_DestroyISt6vectorIiSaIiEEEvPT_
FN:100,_ZNSt12_Destroy_auxILb0EE9__destroyIPSt6vectorIiSaIiEEEEvT_S6_
FN:112,_ZNSt12_Destroy_auxILb1EE9__destroyIPfEEvT_S3_
FN:112,_ZNSt12_Destroy_auxILb1EE9__destroyIPSt5tupleIJffEEEEvT_S5_
FN:112,_ZNSt12_Destroy_auxILb1EE9__destroyIPiEEvT_S3_
FN:112,_ZNSt12_Destroy_auxILb1EE9__destroyIPSt5tupleIJiiEEEEvT_S5_
FN:122,_ZSt8_DestroyIPfEvT_S1_
FN:122,_ZSt8_DestroyIPSt6vectorIiSaIiEEEvT_S4_
FN:122,_ZSt8_DestroyIPSt5tupleIJffEEEvT_S3_
FN:122,_ZSt8_DestroyIPSt5tupleIJiiEEEvT_S3_
FN:122,_ZSt8_DestroyIPiEvT_S1_
FN:148,_ZSt8_DestroyIPffEvT_S1_RSaIT0_E
FN:148,_ZSt8_DestroyIPiiEvT_S1_RSaIT0_E
FN:148,_ZSt8_DestroyIPSt6vectorIiSaIiEES2_EvT_S4_RSaIT0_E
FN:148,_ZSt8_DestroyIPSt5tupleIJffEES1_EvT_S3_RSaIT0_E
FN:148,_ZSt8_DestroyIPSt5tupleIJiiEES1_EvT_S3_RSaIT0_E
FNDA:998,_ZSt10_ConstructISt5tupleIJffEEJS1_EEvPT_DpOT0_
FNDA:18,_ZSt10_ConstructISt6vectorIiSaIiEEJS2_EEvPT_DpOT0_
FNDA:658,_ZSt10_ConstructISt5tupleIJffEEJRKS1_EEvPT_DpOT0_
FNDA:296,_ZSt10_ConstructISt6vectorIiSaIiEEJRKS2_EEvPT_DpOT0_
FNDA:338,_ZSt8_DestroyISt6vectorIiSaIiEEEvPT_
FNDA:132,_ZNSt12_Destroy_auxILb0EE9__destroyIPSt6vectorIiSaIiEEEEvT_S6_
FNDA:12,_ZNSt12_Destroy_auxILb1EE9__destroyIPfEEvT_S3_
FNDA:2,_ZNSt12_Destroy_auxILb1EE9__destroyIPSt5tupleIJiiEEEEvT_S5_
FNDA:962,_ZNSt12_Destroy_auxILb1EE9__destroyIPSt5tupleIJffEEEEvT_S5_
FNDA:7205524,_ZNSt12_Destroy_auxILb1EE9__destroyIPiEEvT_S3_
FNDA:12,_ZSt8_DestroyIPfEvT_S1_
FNDA:2,_ZSt8_DestroyIPSt5tupleIJiiEEEvT_S3_
FNDA:962,_ZSt8_DestroyIPSt5tupleIJffEEEvT_S3_
FNDA:132,_ZSt8_DestroyIPSt6vectorIiSaIiEEEvT_S4_
FNDA:7205524,_ZSt8_DestroyIPiEvT_S1_
FNDA:12,_ZSt8_DestroyIPffEvT_S1_RSaIT0_E
FNDA:2,_ZSt8_DestroyIPSt5tupleIJiiEES1_EvT_S3_RSaIT0_E
FNDA:962,_ZSt8_DestroyIPSt5tupleIJffEES1_EvT_S3_RSaIT0_E
FNDA:132,_ZSt8_DestroyIPSt6vectorIiSaIiEES2_EvT_S4_RSaIT0_E
FNDA:7205524,_ZSt8_DestroyIPiiEvT_S1_RSaIT0_E
FNF:20
FNH:20
DA:74,1970
DA:75,1970
DA:92,338
DA:93,338
DA:100,470
DA:102,808
DA:103,338
DA:104,132
DA:112,7206500
DA:122,7206632
DA:126,7206632
DA:128,7206632
DA:148,7206632
DA:151,7206632
DA:152,7206632
LF:15
LH:15
end_of_record
SF:/c/mingw/lib/gcc/mingw32/6.3.0/include/c++/bits/stl_iterator.h
FN:776,_ZN9__gnu_cxx17__normal_iteratorIPKiSt6vectorIiSaIiEEEC1ERKS2_
FN:776,_ZN9__gnu_cxx17__normal_iteratorIPKSt6vectorIiSaIiEES1_IS3_SaIS3_EEEC1ERKS5_
FN:776,_ZN9__gnu_cxx17__normal_iteratorIPKSt5tupleIJffEESt6vectorIS2_SaIS2_EEEC1ERKS4_
FN:789,_ZNK9__gnu_cxx17__normal_iteratorIPKSt6vectorIiSaIiEES1_IS3_SaIS3_EEEdeEv
FN:789,_ZNK9__gnu_cxx17__normal_iteratorIPKSt5tupleIJffEESt6vectorIS2_SaIS2_EEEdeEv
FN:797,_ZN9__gnu_cxx17__normal_iteratorIPKSt5tupleIJffEESt6vectorIS2_SaIS2_EEEppEv
FN:797,_ZN9__gnu_cxx17__normal_iteratorIPKSt6vectorIiSaIiEES1_IS3_SaIS3_EEEppEv
FN:841,_ZNK9__gnu_cxx17__normal_iteratorIPKSt6vectorIiSaIiEES1_IS3_SaIS3_EEE4baseEv
FN:841,_ZNK9__gnu_cxx17__normal_iteratorIPKSt5tupleIJffEESt6vectorIS2_SaIS2_EEE4baseEv
FN:841,_ZNK9__gnu_cxx17__normal_iteratorIPKiSt6vectorIiSaIiEEE4baseEv
FN:877,_ZN9__gnu_cxxneIPKSt6vectorIiSaIiEES1_IS3_SaIS3_EEEEbRKNS_17__normal_iteratorIT_T0_EESD_
FN:877,_ZN9__gnu_cxxneIPKSt5tupleIJffEESt6vectorIS2_SaIS2_EEEEbRKNS_17__normal_iteratorIT_T0_EESD_
FN:980,_ZSt12__niter_baseIPKiSt6vectorIiSaIiEEET_N9__gnu_cxx17__normal_iteratorIS5_T0_EE
FN:1032,_ZNSt13move_iteratorIPfEC1ES0_
FN:1032,_ZNSt13move_iteratorIPSt6vectorIiSaIiEEEC1ES3_
FN:1032,_ZNSt13move_iteratorIPSt5tupleIJffEEEC1ES2_
FN:1032,_ZNSt13move_iteratorIPiEC1ES0_
FN:1040,_ZNKSt13move_iteratorIPfE4baseEv
FN:1040,_ZNKSt13move_iteratorIPiE4baseEv
FN:1040,_ZNKSt13move_iteratorIPSt6vectorIiSaIiEEE4baseEv
FN:1040,_ZNKSt13move_iteratorIPSt5tupleIJffEEE4baseEv
FN:1044,_ZNKSt13move_iteratorIPSt5tupleIJffEEEdeEv
FN:1044,_ZNKSt13move_iteratorIPSt6vectorIiSaIiEEEdeEv
FN:1052,_ZNSt13move_iteratorIPSt5tupleIJffEEEppEv
FN:1052,_ZNSt13move_iteratorIPSt6vectorIiSaIiEEEppEv
FN:1119,_ZSteqIPSt5tupleIJffEEEbRKSt13move_iteratorIT_ES7_
FN:1119,_ZSteqIPSt6vectorIiSaIiEEEbRKSt13move_iteratorIT_ES8_
FN:1131,_ZStneIPSt6vectorIiSaIiEEEbRKSt13move_iteratorIT_ES8_
FN:1131,_ZStneIPSt5tupleIJffEEEbRKSt13move_iteratorIT_ES7_
FN:1223,_ZSt32__make_move_if_noexcept_iteratorIfSt13move_iteratorIPfEET0_PT_
FN:1223,_ZSt32__make_move_if_noexcept_iteratorISt6vectorIiSaIiEESt13move_iteratorIPS2_EET0_PT_
FN:1223,_ZSt32__make_move_if_noexcept_iteratorIiSt13move_iteratorIPiEET0_PT_
FN:1223,_ZSt32__make_move_if_noexcept_iteratorISt5tupleIJffEESt13move_iteratorIPS1_EET0_PT_
FN:1243,_ZSt12__miter_baseIPfEDTcl12__miter_basecldtfp_4baseEEESt13move_iteratorIT_E
FN:1243,_ZSt12__miter_baseIPiEDTcl12__miter_basecldtfp_4baseEEESt13move_iteratorIT_E
FNDA:44,_ZN9__gnu_cxx17__normal_iteratorIPKSt5tupleIJffEESt6vectorIS2_SaIS2_EEEC1ERKS4_
FNDA:158,_ZN9__gnu_cxx17__normal_iteratorIPKSt6vectorIiSaIiEES1_IS3_SaIS3_EEEC1ERKS5_
FNDA:2884018,_ZN9__gnu_cxx17__normal_iteratorIPKiSt6vectorIiSaIiEEEC1ERKS2_
FNDA:648,_ZNK9__gnu_cxx17__normal_iteratorIPKSt5tupleIJffEESt6vectorIS2_SaIS2_EEEdeEv
FNDA:220,_ZNK9__gnu_cxx17__normal_iteratorIPKSt6vectorIiSaIiEES1_IS3_SaIS3_EEEdeEv
FNDA:648,_ZN9__gnu_cxx17__normal_iteratorIPKSt5tupleIJffEESt6vectorIS2_SaIS2_EEEppEv
FNDA:220,_ZN9__gnu_cxx17__normal_iteratorIPKSt6vectorIiSaIiEES1_IS3_SaIS3_EEEppEv
FNDA:2884018,_ZNK9__gnu_cxx17__normal_iteratorIPKiSt6vectorIiSaIiEEE4baseEv
FNDA:1340,_ZNK9__gnu_cxx17__normal_iteratorIPKSt5tupleIJffEESt6vectorIS2_SaIS2_EEE4baseEv
FNDA:598,_ZNK9__gnu_cxx17__normal_iteratorIPKSt6vectorIiSaIiEES1_IS3_SaIS3_EEE4baseEv
FNDA:670,_ZN9__gnu_cxxneIPKSt5tupleIJffEESt6vectorIS2_SaIS2_EEEEbRKNS_17__normal_iteratorIT_T0_EESD_
FNDA:296,_ZN9__gnu_cxxneIPKSt6vectorIiSaIiEES1_IS3_SaIS3_EEEEbRKNS_17__normal_iteratorIT_T0_EESD_
FNDA:2884018,_ZSt12__niter_baseIPKiSt6vectorIiSaIiEEET_N9__gnu_cxx17__normal_iteratorIS5_T0_EE
FNDA:12,_ZNSt13move_iteratorIPfEC1ES0_
FNDA:980,_ZNSt13move_iteratorIPSt5tupleIJffEEEC1ES2_
FNDA:40,_ZNSt13move_iteratorIPSt6vectorIiSaIiEEEC1ES3_
FNDA:10804800,_ZNSt13move_iteratorIPiEC1ES0_
FNDA:12,_ZNKSt13move_iteratorIPfE4baseEv
FNDA:2976,_ZNKSt13move_iteratorIPSt5tupleIJffEEE4baseEv
FNDA:76,_ZNKSt13move_iteratorIPSt6vectorIiSaIiEEE4baseEv
FNDA:10804800,_ZNKSt13move_iteratorIPiE4baseEv
FNDA:998,_ZNKSt13move_iteratorIPSt5tupleIJffEEEdeEv
FNDA:18,_ZNKSt13move_iteratorIPSt6vectorIiSaIiEEEdeEv
FNDA:998,_ZNSt13move_iteratorIPSt5tupleIJffEEEppEv
FNDA:18,_ZNSt13move_iteratorIPSt6vectorIiSaIiEEEppEv
FNDA:1488,_ZSteqIPSt5tupleIJffEEEbRKSt13move_iteratorIT_ES7_
FNDA:38,_ZSteqIPSt6vectorIiSaIiEEEbRKSt13move_iteratorIT_ES8_
FNDA:1488,_ZStneIPSt5tupleIJffEEEbRKSt13move_iteratorIT_ES7_
FNDA:38,_ZStneIPSt6vectorIiSaIiEEEbRKSt13move_iteratorIT_ES8_
FNDA:12,_ZSt32__make_move_if_noexcept_iteratorIfSt13move_iteratorIPfEET0_PT_
FNDA:980,_ZSt32__make_move_if_noexcept_iteratorISt5tupleIJffEESt13move_iteratorIPS1_EET0_PT_
FNDA:40,_ZSt32__make_move_if_noexcept_iteratorISt6vectorIiSaIiEESt13move_iteratorIPS2_EET0_PT_
FNDA:10804800,_ZSt32__make_move_if_noexcept_iteratorIiSt13move_iteratorIPiEET0_PT_
FNDA:12,_ZSt12__miter_baseIPfEDTcl12__miter_basecldtfp_4baseEEESt13move_iteratorIT_E
FNDA:10804800,_ZSt12__miter_baseIPiEDTcl12__miter_basecldtfp_4baseEEESt13move_iteratorIT_E
FNF:35
FNH:35
DA:776,2884220
DA:777,2884220
DA:789,868
DA:790,868
DA:797,868
DA:799,868
DA:800,868
DA:841,2885956
DA:842,2885956
DA:877,966
DA:880,966
DA:980,2884018
DA:981,2884018
DA:1032,10805832
DA:1033,10805832
DA:1040,10807864
DA:1041,10807864
DA:1044,1016
DA:1045,1016
DA:1052,1016
DA:1054,1016
DA:1055,1016
DA:1119,1526
DA:1121,1526
DA:1131,1526
DA:1133,1526
DA:1223,10805832
DA:1224,10805832
DA:1243,10804812
DA:1245,10804812
LF:30
LH:30
end_of_record
SF:/c/mingw/lib/gcc/mingw32/6.3.0/include/c++/bits/stl_iterator_base_types.h
FN:118,_ZNSt8iteratorISt26random_access_iterator_tagbiPbRbEC2Ev
FNDA:2707279,_ZNSt8iteratorISt26random_access_iterator_tagbiPbRbEC2Ev
FNF:1
FNH:1
DA:118,2707279
LF:1
LH:1
end_of_record
SF:/c/mingw/lib/gcc/mingw32/6.3.0/include/c++/bits/stl_uninitialized.h
FN:68,_ZNSt20__uninitialized_copyILb0EE13__uninit_copyIN9__gnu_cxx17__normal_iteratorIPKSt5tupleIJffEESt6vectorIS5_SaIS5_EEEEPS5_EET0_T_SE_SD_
FN:68,_ZNSt20__uninitialized_copyILb0EE13__uninit_copyISt13move_iteratorIPSt5tupleIJffEEES5_EET0_T_S8_S7_
FN:68,_ZNSt20__uninitialized_copyILb0EE13__uninit_copyIN9__gnu_cxx17__normal_iteratorIPKSt6vectorIiSaIiEES4_IS6_SaIS6_EEEEPS6_EET0_T_SE_SD_
FN:68,_ZNSt20__uninitialized_copyILb0EE13__uninit_copyISt13move_iteratorIPSt6vectorIiSaIiEEES6_EET0_T_S9_S8_
FN:91,_ZNSt20__uninitialized_copyILb1EE13__uninit_copyISt13move_iteratorIPiES3_EET0_T_S6_S5_
FN:91,_ZNSt20__uninitialized_copyILb1EE13__uninit_copyIN9__gnu_cxx17__normal_iteratorIPKiSt6vectorIiSaIiEEEEPiEET0_T_SC_SB_
FN:91,_ZNSt20__uninitialized_copyILb1EE13__uninit_copyISt13move_iteratorIPfES3_EET0_T_S6_S5_
FN:107,_ZSt18uninitialized_copyISt13move_iteratorIPfES1_ET0_T_S4_S3_
FN:107,_ZSt18uninitialized_copyIN9__gnu_cxx17__normal_iteratorIPKSt6vectorIiSaIiEES2_IS4_SaIS4_EEEEPS4_ET0_T_SC_SB_
FN:107,_ZSt18uninitialized_copyIN9__gnu_cxx17__normal_iteratorIPKiSt6vectorIiSaIiEEEEPiET0_T_SA_S9_
FN:107,_ZSt18uninitialized_copyISt13move_iteratorIPSt5tupleIJffEEES3_ET0_T_S6_S5_
FN:107,_ZSt18uninitialized_copyISt13move_iteratorIPiES1_ET0_T_S4_S3_
FN:107,_ZSt18uninitialized_copyISt13move_iteratorIPSt6vectorIiSaIiEEES4_ET0_T_S7_S6_
FN:107,_ZSt18uninitialized_copyIN9__gnu_cxx17__normal_iteratorIPKSt5tupleIJffEESt6vectorIS3_SaIS3_EEEEPS3_ET0_T_SC_SB_
FN:195,_ZNSt22__uninitialized_fill_nILb0EE15__uninit_fill_nIPSt6vectorIiSaIiEEjS4_EET_S6_T0_RKT1_
FN:236,_ZSt20uninitialized_fill_nIPSt6vectorIiSaIiEEjS2_ET_S4_T0_RKT1_
FN:279,_ZSt22__uninitialized_copy_aIN9__gnu_cxx17__normal_iteratorIPKiSt6vectorIiSaIiEEEEPiiET0_T_SA_S9_RSaIT1_E
FN:279,_ZSt22__uninitialized_copy_aISt13move_iteratorIPSt6vectorIiSaIiEEES4_S3_ET0_T_S7_S6_RSaIT1_E
FN:279,_ZSt22__uninitialized_copy_aISt13move_iteratorIPiES1_iET0_T_S4_S3_RSaIT1_E
FN:279,_ZSt22__uninitialized_copy_aISt13move_iteratorIPfES1_fET0_T_S4_S3_RSaIT1_E
FN:279,_ZSt22__uninitialized_copy_aISt13move_iteratorIPSt5tupleIJffEEES3_S2_ET0_T_S6_S5_RSaIT1_E
FN:279,_ZSt22__uninitialized_copy_aIN9__gnu_cxx17__normal_iteratorIPKSt6vectorIiSaIiEES2_IS4_SaIS4_EEEEPS4_S4_ET0_T_SC_SB_RSaIT1_E
FN:279,_ZSt22__uninitialized_copy_aIN9__gnu_cxx17__normal_iteratorIPKSt5tupleIJffEESt6vectorIS3_SaIS3_EEEEPS3_S3_ET0_T_SC_SB_RSaIT1_E
FN:297,_ZSt34__uninitialized_move_if_noexcept_aIPfS0_SaIfEET0_T_S3_S2_RT1_
FN:297,_ZSt34__uninitialized_move_if_noexcept_aIPSt6vectorIiSaIiEES3_SaIS2_EET0_T_S6_S5_RT1_
FN:297,_ZSt34__uninitialized_move_if_noexcept_aIPiS0_SaIiEET0_T_S3_S2_RT1_
FN:297,_ZSt34__uninitialized_move_if_noexcept_aIPSt5tupleIJffEES2_SaIS1_EET0_T_S5_S4_RT1_
FN:356,_ZSt24__uninitialized_fill_n_aIPSt6vectorIiSaIiEEjS2_S2_ET_S4_T0_RKT1_RSaIT2_E
FN:535,_ZNSt27__uninitialized_default_n_1ILb1EE18__uninit_default_nIPijEET_S3_T0_
FN:566,_ZSt25__uninitialized_default_nIPijET_S1_T0_
FN:635,_ZSt27__uninitialized_default_n_aIPijiET_S1_T0_RSaIT1_E
FNDA:490,_ZNSt20__uninitialized_copyILb0EE13__uninit_copyISt13move_iteratorIPSt5tupleIJffEEES5_EET0_T_S8_S7_
FNDA:20,_ZNSt20__uninitialized_copyILb0EE13__uninit_copyISt13move_iteratorIPSt6vectorIiSaIiEEES6_EET0_T_S9_S8_
FNDA:22,_ZNSt20__uninitialized_copyILb0EE13__uninit_copyIN9__gnu_cxx17__normal_iteratorIPKSt5tupleIJffEESt6vectorIS5_SaIS5_EEEEPS5_EET0_T_SE_SD_
FNDA:76,_ZNSt20__uninitialized_copyILb0EE13__uninit_copyIN9__gnu_cxx17__normal_iteratorIPKSt6vectorIiSaIiEES4_IS6_SaIS6_EEEEPS6_EET0_T_SE_SD_
FNDA:6,_ZNSt20__uninitialized_copyILb1EE13__uninit_copyISt13move_iteratorIPfES3_EET0_T_S6_S5_
FNDA:5402400,_ZNSt20__uninitialized_copyILb1EE13__uninit_copyISt13move_iteratorIPiES3_EET0_T_S6_S5_
FNDA:1441994,_ZNSt20__uninitialized_copyILb1EE13__uninit_copyIN9__gnu_cxx17__normal_iteratorIPKiSt6vectorIiSaIiEEEEPiEET0_T_SC_SB_
FNDA:6,_ZSt18uninitialized_copyISt13move_iteratorIPfES1_ET0_T_S4_S3_
FNDA:490,_ZSt18uninitialized_copyISt13move_iteratorIPSt5tupleIJffEEES3_ET0_T_S6_S5_
FNDA:20,_ZSt18uninitialized_copyISt13move_iteratorIPSt6vectorIiSaIiEEES4_ET0_T_S7_S6_
FNDA:5402400,_ZSt18uninitialized_copyISt13move_iteratorIPiES1_ET0_T_S4_S3_
FNDA:22,_ZSt18uninitialized_copyIN9__gnu_cxx17__normal_iteratorIPKSt5tupleIJffEESt6vectorIS3_SaIS3_EEEEPS3_ET0_T_SC_SB_
FNDA:76,_ZSt18uninitialized_copyIN9__gnu_cxx17__normal_iteratorIPKSt6vectorIiSaIiEES2_IS4_SaIS4_EEEEPS4_ET0_T_SC_SB_
FNDA:1441994,_ZSt18uninitialized_copyIN9__gnu_cxx17__normal_iteratorIPKiSt6vectorIiSaIiEEEEPiET0_T_SA_S9_
FNDA:2,_ZNSt22__uninitialized_fill_nILb0EE15__uninit_fill_nIPSt6vectorIiSaIiEEjS4_EET_S6_T0_RKT1_
FNDA:2,_ZSt20uninitialized_fill_nIPSt6vectorIiSaIiEEjS2_ET_S4_T0_RKT1_
FNDA:6,_ZSt22__uninitialized_copy_aISt13move_iteratorIPfES1_fET0_T_S4_S3_RSaIT1_E
FNDA:490,_ZSt22__uninitialized_copy_aISt13move_iteratorIPSt5tupleIJffEEES3_S2_ET0_T_S6_S5_RSaIT1_E
FNDA:20,_ZSt22__uninitialized_copy_aISt13move_iteratorIPSt6vectorIiSaIiEEES4_S3_ET0_T_S7_S6_RSaIT1_E
FNDA:5402400,_ZSt22__uninitialized_copy_aISt13move_iteratorIPiES1_iET0_T_S4_S3_RSaIT1_E
FNDA:22,_ZSt22__uninitialized_copy_aIN9__gnu_cxx17__normal_iteratorIPKSt5tupleIJffEESt6vectorIS3_SaIS3_EEEEPS3_S3_ET0_T_SC_SB_RSaIT1_E
FNDA:76,_ZSt22__uninitialized_copy_aIN9__gnu_cxx17__normal_iteratorIPKSt6vectorIiSaIiEES2_IS4_SaIS4_EEEEPS4_S4_ET0_T_SC_SB_RSaIT1_E
FNDA:1441994,_ZSt22__uninitialized_copy_aIN9__gnu_cxx17__normal_iteratorIPKiSt6vectorIiSaIiEEEEPiiET0_T_SA_S9_RSaIT1_E
FNDA:6,_ZSt34__uninitialized_move_if_noexcept_aIPfS0_SaIfEET0_T_S3_S2_RT1_
FNDA:490,_ZSt34__uninitialized_move_if_noexcept_aIPSt5tupleIJffEES2_SaIS1_EET0_T_S5_S4_RT1_
FNDA:20,_ZSt34__uninitialized_move_if_noexcept_aIPSt6vectorIiSaIiEES3_SaIS2_EET0_T_S6_S5_RT1_
FNDA:5402400,_ZSt34__uninitialized_move_if_noexcept_aIPiS0_SaIiEET0_T_S3_S2_RT1_
FNDA:2,_ZSt24__uninitialized_fill_n_aIPSt6vectorIiSaIiEEjS2_S2_ET_S4_T0_RKT1_RSaIT2_E
FNDA:2,_ZNSt27__uninitialized_default_n_1ILb1EE18__uninit_default_nIPijEET_S3_T0_
FNDA:2,_ZSt25__uninitialized_default_nIPijET_S1_T0_
FNDA:2,_ZSt27__uninitialized_default_n_aIPijiET_S1_T0_RSaIT1_E
FNF:31
FNH:31
DA:68,608
DA:71,608
DA:74,4376
DA:75,1884
DA:76,608
DA:78,0
DA:80,0
DA:81,0
DA:91,6844400
DA:93,6844400
DA:107,6845008
DA:120,6845008
DA:126,6845008
DA:195,2
DA:198,2
DA:201,18
DA:202,8
DA:203,2
DA:205,0
DA:207,0
DA:208,0
DA:236,2
DA:244,2
DA:247,2
DA:279,6845008
DA:281,6845008
DA:297,5402916
DA:303,5402916
DA:304,5402916
DA:356,2
DA:358,2
DA:535,2
DA:540,2
DA:566,2
DA:571,2
DA:575,2
DA:635,2
DA:637,2
LF:38
LH:32
end_of_record
SF:/c/mingw/lib/gcc/mingw32/6.3.0/include/c++/bits/stl_vector.h
FN:79,_ZNSt12_Vector_baseIfSaIfEE12_Vector_implD1Ev
FN:79,_ZNSt12_Vector_baseISt5tupleIJiiEESaIS1_EE12_Vector_implD1Ev
FN:79,_ZNSt12_Vector_baseISt6vectorIiSaIiEESaIS2_EE12_Vector_implD1Ev
FN:79,_ZNSt12_Vector_baseISt5tupleIJffEESaIS1_EE12_Vector_implD1Ev
FN:79,_ZNSt12_Vector_baseIiSaIiEE12_Vector_implD1Ev
FN:86,_ZNSt12_Vector_baseIiSaIiEE12_Vector_implC1Ev
FN:86,_ZNSt12_Vector_baseISt5tupleIJffEESaIS1_EE12_Vector_implC1Ev
FN:86,_ZNSt12_Vector_baseIfSaIfEE12_Vector_implC1Ev
FN:86,_ZNSt12_Vector_baseISt5tupleIJiiEESaIS1_EE12_Vector_implC1Ev
FN:86,_ZNSt12_Vector_baseISt6vectorIiSaIiEESaIS2_EE12_Vector_implC1Ev
FN:90,_ZNSt12_Vector_baseISt5tupleIJffEESaIS1_EE12_Vector_implC1ERKS2_
FN:90,_ZNSt12_Vector_baseISt6vectorIiSaIiEESaIS2_EE12_Vector_implC1ERKS3_
FN:90,_ZNSt12_Vector_baseIiSaIiEE12_Vector_implC1ERKS0_
FN:95,_ZNSt12_Vector_baseIiSaIiEE12_Vector_implC1EOS0_
FN:101,_ZNSt12_Vector_baseIiSaIiEE12_Vector_impl12_M_swap_dataERS2_
FN:113,_ZNSt12_Vector_baseISt6vectorIiSaIiEESaIS2_EE19_M_get_Tp_allocatorEv
FN:113,_ZNSt12_Vector_baseISt5tupleIJffEESaIS1_EE19_M_get_Tp_allocatorEv
FN:113,_ZNSt12_Vector_baseISt5tupleIJiiEESaIS1_EE19_M_get_Tp_allocatorEv
FN:113,_ZNSt12_Vector_baseIiSaIiEE19_M_get_Tp_allocatorEv
FN:113,_ZNSt12_Vector_baseIfSaIfEE19_M_get_Tp_allocatorEv
FN:117,_ZNKSt12_Vector_baseIfSaIfEE19_M_get_Tp_allocatorEv
FN:117,_ZNKSt12_Vector_baseIiSaIiEE19_M_get_Tp_allocatorEv
FN:117,_ZNKSt12_Vector_baseISt5tupleIJffEESaIS1_EE19_M_get_Tp_allocatorEv
FN:117,_ZNKSt12_Vector_baseISt6vectorIiSaIiEESaIS2_EE19_M_get_Tp_allocatorEv
FN:124,_ZNSt12_Vector_baseISt5tupleIJiiEESaIS1_EEC2Ev
FN:124,_ZNSt12_Vector_baseISt6vectorIiSaIiEESaIS2_EEC2Ev
FN:124,_ZNSt12_Vector_baseIiSaIiEEC2Ev
FN:124,_ZNSt12_Vector_baseISt5tupleIJffEESaIS1_EEC2Ev
FN:124,_ZNSt12_Vector_baseIfSaIfEEC2Ev
FN:134,_ZNSt12_Vector_baseISt5tupleIJffEESaIS1_EEC2EjRKS2_
FN:134,_ZNSt12_Vector_baseISt6vectorIiSaIiEESaIS2_EEC2EjRKS3_
FN:134,_ZNSt12_Vector_baseIiSaIiEEC2EjRKS0_
FN:142,_ZNSt12_Vector_baseIiSaIiEEC2EOS1_
FN:159,_ZNSt12_Vector_baseISt6vectorIiSaIiEESaIS2_EED2Ev
FN:159,_ZNSt12_Vector_baseIiSaIiEED2Ev
FN:159,_ZNSt12_Vector_baseISt5tupleIJffEESaIS1_EED2Ev
FN:159,_ZNSt12_Vector_baseISt5tupleIJiiEESaIS1_EED2Ev
FN:159,_ZNSt12_Vector_baseIfSaIfEED2Ev
FN:167,_ZNSt12_Vector_baseIiSaIiEE11_M_allocateEj
FN:167,_ZNSt12_Vector_baseISt6vectorIiSaIiEESaIS2_EE11_M_allocateEj
FN:167,_ZNSt12_Vector_baseIfSaIfEE11_M_allocateEj
FN:167,_ZNSt12_Vector_baseISt5tupleIJffEESaIS1_EE11_M_allocateEj
FN:174,_ZNSt12_Vector_baseISt5tupleIJiiEESaIS1_EE13_M_deallocateEPS1_j
FN:174,_ZNSt12_Vector_baseIiSaIiEE13_M_deallocateEPij
FN:174,_ZNSt12_Vector_baseISt6vectorIiSaIiEESaIS2_EE13_M_deallocateEPS2_j
FN:174,_ZNSt12_Vector_baseISt5tupleIJffEESaIS1_EE13_M_deallocateEPS1_j
FN:174,_ZNSt12_Vector_baseIfSaIfEE13_M_deallocateEPfj
FN:183,_ZNSt12_Vector_baseIiSaIiEE17_M_create_storageEj
FN:183,_ZNSt12_Vector_baseISt6vectorIiSaIiEESaIS2_EE17_M_create_storageEj
FN:183,_ZNSt12_Vector_baseISt5tupleIJffEESaIS1_EE17_M_create_storageEj
FN:255,_ZNSt6vectorIfSaIfEEC1Ev
FN:255,_ZNSt6vectorIiSaIiEEC1Ev
FN:255,_ZNSt6vectorISt5tupleIJiiEESaIS1_EEC1Ev
FN:255,_ZNSt6vectorIS_IiSaIiEESaIS1_EEC1Ev
FN:255,_ZNSt6vectorISt5tupleIJffEESaIS1_EEC1Ev
FN:279,_ZNSt6vectorIiSaIiEEC1EjRKS0_
FN:291,_ZNSt6vectorIS_IiSaIiEESaIS1_EEC1EjRKS1_RKS2_
FN:320,_ZNSt6vectorIS_IiSaIiEESaIS1_EEC1ERKS3_
FN:320,_ZNSt6vectorIiSaIiEEC1ERKS1_
FN:320,_ZNSt6vectorISt5tupleIJffEESaIS1_EEC1ERKS3_
FN:337,_ZNSt6vectorIiSaIiEEC1EOS1_
FN:425,_ZNSt6vectorISt5tupleIJffEESaIS1_EED1Ev
FN:425,_ZNSt6vectorIiSaIiEED1Ev
FN:425,_ZNSt6vectorIfSaIfEED1Ev
FN:425,_ZNSt6vectorIS_IiSaIiEESaIS1_EED1Ev
FN:425,_ZNSt6vectorISt5tupleIJiiEESaIS1_EED1Ev
FN:557,_ZNKSt6vectorIS_IiSaIiEESaIS1_EE5beginEv
FN:557,_ZNKSt6vectorISt5tupleIJffEESaIS1_EE5beginEv
FN:557,_ZNKSt6vectorIiSaIiEE5beginEv
FN:575,_ZNKSt6vectorISt5tupleIJffEESaIS1_EE3endEv
FN:575,_ZNKSt6vectorIS_IiSaIiEESaIS1_EE3endEv
FN:575,_ZNKSt6vectorIiSaIiEE3endEv
FN:655,_ZNKSt6vectorIfSaIfEE4sizeEv
FN:655,_ZNKSt6vectorIiSaIiEE4sizeEv
FN:655,_ZNKSt6vectorISt5tupleIJffEESaIS1_EE4sizeEv
FN:655,_ZNKSt6vectorIS_IiSaIiEESaIS1_EE4sizeEv
FN:660,_ZNKSt6vectorISt5tupleIJffEESaIS1_EE8max_sizeEv
FN:660,_ZNKSt6vectorIiSaIiEE8max_sizeEv
FN:660,_ZNKSt6vectorIS_IiSaIiEESaIS1_EE8max_sizeEv
FN:660,_ZNKSt6vectorIfSaIfEE8max_sizeEv
FN:780,_ZNSt6vectorIiSaIiEEixEj
FN:780,_ZNSt6vectorISt5tupleIJffEESaIS1_EEixEj
FN:780,_ZNSt6vectorIS_IiSaIiEESaIS1_EEixEj
FN:914,_ZNSt6vectorIS_IiSaIiEESaIS1_EE9push_backERKS1_
FN:914,_ZNSt6vectorISt5tupleIJffEESaIS1_EE9push_backERKS1_
FN:914,_ZNSt6vectorIiSaIiEE9push_backERKi
FN:932,_ZNSt6vectorIfSaIfEE9push_backEOf
FN:1296,_ZNSt6vectorIS_IiSaIiEESaIS1_EE18_M_fill_initializeEjRKS1_
FN:1306,_ZNSt6vectorIiSaIiEE21_M_default_initializeEj
FN:1420,_ZNKSt6vectorIiSaIiEE12_M_check_lenEjPKc
FN:1420,_ZNKSt6vectorIfSaIfEE12_M_check_lenEjPKc
FN:1420,_ZNKSt6vectorIS_IiSaIiEESaIS1_EE12_M_check_lenEjPKc
FN:1420,_ZNKSt6vectorISt5tupleIJffEESaIS1_EE12_M_check_lenEjPKc
FNDA:4,_ZNSt12_Vector_baseIfSaIfEE12_Vector_implD1Ev
FNDA:2,_ZNSt12_Vector_baseISt5tupleIJiiEESaIS1_EE12_Vector_implD1Ev
FNDA:472,_ZNSt12_Vector_baseISt5tupleIJffEESaIS1_EE12_Vector_implD1Ev
FNDA:112,_ZNSt12_Vector_baseISt6vectorIiSaIiEESaIS2_EE12_Vector_implD1Ev
FNDA:1803124,_ZNSt12_Vector_baseIiSaIiEE12_Vector_implD1Ev
FNDA:4,_ZNSt12_Vector_baseIfSaIfEE12_Vector_implC1Ev
FNDA:2,_ZNSt12_Vector_baseISt5tupleIJiiEESaIS1_EE12_Vector_implC1Ev
FNDA:446,_ZNSt12_Vector_baseISt5tupleIJffEESaIS1_EE12_Vector_implC1Ev
FNDA:8,_ZNSt12_Vector_baseISt6vectorIiSaIiEESaIS2_EE12_Vector_implC1Ev
FNDA:360988,_ZNSt12_Vector_baseIiSaIiEE12_Vector_implC1Ev
FNDA:26,_ZNSt12_Vector_baseISt5tupleIJffEESaIS1_EE12_Vector_implC1ERKS2_
FNDA:104,_ZNSt12_Vector_baseISt6vectorIiSaIiEESaIS2_EE12_Vector_implC1ERKS3_
FNDA:1442110,_ZNSt12_Vector_baseIiSaIiEE12_Vector_implC1ERKS0_
FNDA:26,_ZNSt12_Vector_baseIiSaIiEE12_Vector_implC1EOS0_
FNDA:54,_ZNSt12_Vector_baseIiSaIiEE12_Vector_impl12_M_swap_dataERS2_
FNDA:20,_ZNSt12_Vector_baseIfSaIfEE19_M_get_Tp_allocatorEv
FNDA:2,_ZNSt12_Vector_baseISt5tupleIJiiEESaIS1_EE19_M_get_Tp_allocatorEv
FNDA:1478,_ZNSt12_Vector_baseISt5tupleIJffEESaIS1_EE19_M_get_Tp_allocatorEv
FNDA:256,_ZNSt12_Vector_baseISt6vectorIiSaIiEESaIS2_EE19_M_get_Tp_allocatorEv
FNDA:14050074,_ZNSt12_Vector_baseIiSaIiEE19_M_get_Tp_allocatorEv
FNDA:12,_ZNKSt12_Vector_baseIfSaIfEE19_M_get_Tp_allocatorEv
FNDA:1002,_ZNKSt12_Vector_baseISt5tupleIJffEESaIS1_EE19_M_get_Tp_allocatorEv
FNDA:116,_ZNKSt12_Vector_baseISt6vectorIiSaIiEESaIS2_EE19_M_get_Tp_allocatorEv
FNDA:12246808,_ZNKSt12_Vector_baseIiSaIiEE19_M_get_Tp_allocatorEv
FNDA:4,_ZNSt12_Vector_baseIfSaIfEEC2Ev
FNDA:2,_ZNSt12_Vector_baseISt5tupleIJiiEESaIS1_EEC2Ev
FNDA:446,_ZNSt12_Vector_baseISt5tupleIJffEESaIS1_EEC2Ev
FNDA:8,_ZNSt12_Vector_baseISt6vectorIiSaIiEESaIS2_EEC2Ev
FNDA:360988,_ZNSt12_Vector_baseIiSaIiEEC2Ev
FNDA:22,_ZNSt12_Vector_baseISt5tupleIJffEESaIS1_EEC2EjRKS2_
FNDA:78,_ZNSt12_Vector_baseISt6vectorIiSaIiEESaIS2_EEC2EjRKS3_
FNDA:1441996,_ZNSt12_Vector_baseIiSaIiEEC2EjRKS0_
FNDA:26,_ZNSt12_Vector_baseIiSaIiEEC2EOS1_
FNDA:4,_ZNSt12_Vector_baseIfSaIfEED2Ev
FNDA:2,_ZNSt12_Vector_baseISt5tupleIJiiEESaIS1_EED2Ev
FNDA:472,_ZNSt12_Vector_baseISt5tupleIJffEESaIS1_EED2Ev
FNDA:112,_ZNSt12_Vector_baseISt6vectorIiSaIiEESaIS2_EED2Ev
FNDA:1803124,_ZNSt12_Vector_baseIiSaIiEED2Ev
FNDA:8,_ZNSt12_Vector_baseIfSaIfEE11_M_allocateEj
FNDA:516,_ZNSt12_Vector_baseISt5tupleIJffEESaIS1_EE11_M_allocateEj
FNDA:124,_ZNSt12_Vector_baseISt6vectorIiSaIiEESaIS2_EE11_M_allocateEj
FNDA:6844496,_ZNSt12_Vector_baseIiSaIiEE11_M_allocateEj
FNDA:12,_ZNSt12_Vector_baseIfSaIfEE13_M_deallocateEPfj
FNDA:2,_ZNSt12_Vector_baseISt5tupleIJiiEESaIS1_EE13_M_deallocateEPS1_j
FNDA:962,_ZNSt12_Vector_baseISt5tupleIJffEESaIS1_EE13_M_deallocateEPS1_j
FNDA:132,_ZNSt12_Vector_baseISt6vectorIiSaIiEESaIS2_EE13_M_deallocateEPS2_j
FNDA:7205524,_ZNSt12_Vector_baseIiSaIiEE13_M_deallocateEPij
FNDA:22,_ZNSt12_Vector_baseISt5tupleIJffEESaIS1_EE17_M_create_storageEj
FNDA:78,_ZNSt12_Vector_baseISt6vectorIiSaIiEESaIS2_EE17_M_create_storageEj
FNDA:1441996,_ZNSt12_Vector_baseIiSaIiEE17_M_create_storageEj
FNDA:4,_ZNSt6vectorIfSaIfEEC1Ev
FNDA:2,_ZNSt6vectorISt5tupleIJiiEESaIS1_EEC1Ev
FNDA:446,_ZNSt6vectorISt5tupleIJffEESaIS1_EEC1Ev
FNDA:8,_ZNSt6vectorIS_IiSaIiEESaIS1_EEC1Ev
FNDA:360988,_ZNSt6vectorIiSaIiEEC1Ev
FNDA:2,_ZNSt6vectorIiSaIiEEC1EjRKS0_
FNDA:2,_ZNSt6vectorIS_IiSaIiEESaIS1_EEC1EjRKS1_RKS2_
FNDA:22,_ZNSt6vectorISt5tupleIJffEESaIS1_EEC1ERKS3_
FNDA:76,_ZNSt6vectorIS_IiSaIiEESaIS1_EEC1ERKS3_
FNDA:1441994,_ZNSt6vectorIiSaIiEEC1ERKS1_
FNDA:26,_ZNSt6vectorIiSaIiEEC1EOS1_
FNDA:4,_ZNSt6vectorIfSaIfEED1Ev
FNDA:2,_ZNSt6vectorISt5tupleIJiiEESaIS1_EED1Ev
FNDA:472,_ZNSt6vectorISt5tupleIJffEESaIS1_EED1Ev
FNDA:112,_ZNSt6vectorIS_IiSaIiEESaIS1_EED1Ev
FNDA:1803124,_ZNSt6vectorIiSaIiEED1Ev
FNDA:22,_ZNKSt6vectorISt5tupleIJffEESaIS1_EE5beginEv
FNDA:80,_ZNKSt6vectorIS_IiSaIiEESaIS1_EE5beginEv
FNDA:1442014,_ZNKSt6vectorIiSaIiEE5beginEv
FNDA:22,_ZNKSt6vectorISt5tupleIJffEESaIS1_EE3endEv
FNDA:78,_ZNKSt6vectorIS_IiSaIiEESaIS1_EE3endEv
FNDA:1442004,_ZNKSt6vectorIiSaIiEE3endEv
FNDA:32,_ZNKSt6vectorIfSaIfEE4sizeEv
FNDA:7947378,_ZNKSt6vectorISt5tupleIJffEESaIS1_EE4sizeEv
FNDA:300,_ZNKSt6vectorIS_IiSaIiEESaIS1_EE4sizeEv
FNDA:21084476196,_ZNKSt6vectorIiSaIiEE4sizeEv
FNDA:12,_ZNKSt6vectorIfSaIfEE8max_sizeEv
FNDA:980,_ZNKSt6vectorISt5tupleIJffEESaIS1_EE8max_sizeEv
FNDA:40,_ZNKSt6vectorIS_IiSaIiEESaIS1_EE8max_sizeEv
FNDA:10804800,_ZNKSt6vectorIiSaIiEE8max_sizeEv
FNDA:15408940,_ZNSt6vectorISt5tupleIJffEESaIS1_EEixEj
FNDA:594,_ZNSt6vectorIS_IiSaIiEESaIS1_EEixEj
FNDA:43680263946,_ZNSt6vectorIiSaIiEEixEj
FNDA:1022,_ZNSt6vectorISt5tupleIJffEESaIS1_EE9push_backERKS1_
FNDA:16,_ZNSt6vectorIS_IiSaIiEESaIS1_EE9push_backERKS1_
FNDA:5302316130,_ZNSt6vectorIiSaIiEE9push_backERKi
FNDA:8,_ZNSt6vectorIfSaIfEE9push_backEOf
FNDA:2,_ZNSt6vectorIS_IiSaIiEESaIS1_EE18_M_fill_initializeEjRKS1_
FNDA:2,_ZNSt6vectorIiSaIiEE21_M_default_initializeEj
FNDA:6,_ZNKSt6vectorIfSaIfEE12_M_check_lenEjPKc
FNDA:490,_ZNKSt6vectorISt5tupleIJffEESaIS1_EE12_M_check_lenEjPKc
FNDA:20,_ZNKSt6vectorIS_IiSaIiEESaIS1_EE12_M_check_lenEjPKc
FNDA:5402400,_ZNKSt6vectorIiSaIiEE12_M_check_lenEjPKc
FNF:93
FNH:93
DA:79,1803714
DA:86,361448
DA:87,361448
DA:88,361448
DA:90,1442240
DA:91,1442240
DA:92,1442240
DA:95,26
DA:96,26
DA:97,26
DA:98,26
DA:101,54
DA:103,54
DA:104,54
DA:105,54
DA:106,54
DA:113,14051830
DA:114,14051830
DA:117,12247938
DA:118,12247938
DA:124,361448
DA:125,361448
DA:134,1442096
DA:135,1442096
DA:136,1442096
DA:142,26
DA:143,26
DA:144,26
DA:159,1803714
DA:160,3607428
DA:161,3607428
DA:167,6845144
DA:170,6845144
DA:174,7206632
DA:177,7206632
DA:178,6845144
DA:179,7206632
DA:183,1442096
DA:185,1442096
DA:186,1442096
DA:187,1442096
DA:188,1442096
DA:255,361448
DA:259,361448
DA:279,2
DA:280,2
DA:281,2
DA:291,2
DA:293,2
DA:294,2
DA:320,1442092
DA:322,1442092
DA:323,1442092
DA:324,1442092
DA:326,1442092
DA:327,1442092
DA:337,26
DA:338,26
DA:425,1803714
DA:426,1803714
DA:427,3607428
DA:557,1442116
DA:558,1442116
DA:575,1442104
DA:576,1442104
DA:655,21092423906
DA:656,21092423906
DA:660,10805832
DA:661,10805832
DA:780,43695673480
DA:781,43695673480
DA:914,5302317168
DA:916,5302317168
DA:918,5296914316
DA:920,5296914316
DA:924,5402852
DA:928,5302317168
DA:932,8
DA:933,8
DA:1296,2
DA:1298,2
DA:1299,2
DA:1300,2
DA:1301,2
DA:1306,2
DA:1308,2
DA:1309,2
DA:1310,2
DA:1311,2
DA:1420,5402916
DA:1422,5402916
DA:1423,0
DA:1425,5402916
DA:1426,5402916
LF:94
LH:93
end_of_record
SF:/c/mingw/lib/gcc/mingw32/6.3.0/include/c++/bits/vector.tcc
FN:91,_ZNSt6vectorIfSaIfEE12emplace_backIJfEEEvDpOT_
FN:407,_ZNSt6vectorISt5tupleIJffEESaIS1_EE19_M_emplace_back_auxIJRKS1_EEEvDpOT_
FN:407,_ZNSt6vectorIS_IiSaIiEESaIS1_EE19_M_emplace_back_auxIJRKS1_EEEvDpOT_
FN:407,_ZNSt6vectorIiSaIiEE19_M_emplace_back_auxIJRKiEEEvDpOT_
FN:407,_ZNSt6vectorIfSaIfEE19_M_emplace_back_auxIJfEEEvDpOT_
FNDA:8,_ZNSt6vectorIfSaIfEE12emplace_backIJfEEEvDpOT_
FNDA:6,_ZNSt6vectorIfSaIfEE19_M_emplace_back_auxIJfEEEvDpOT_
FNDA:490,_ZNSt6vectorISt5tupleIJffEESaIS1_EE19_M_emplace_back_auxIJRKS1_EEEvDpOT_
FNDA:14,_ZNSt6vectorIS_IiSaIiEESaIS1_EE19_M_emplace_back_auxIJRKS1_EEEvDpOT_
FNDA:5402348,_ZNSt6vectorIiSaIiEE19_M_emplace_back_auxIJRKiEEEvDpOT_
FNF:5
FNH:5
DA:91,8
DA:94,8
DA:96,2
DA:98,2
DA:101,6
DA:102,8
DA:407,5402858
DA:411,5402858
DA:412,5402858
DA:413,5402858
DA:416,5402858
DA:418,5402858
DA:420,5402858
DA:422,5402858
DA:423,5402858
DA:425,5402858
DA:427,0
DA:429,0
DA:430,0
DA:432,0
DA:433,0
DA:434,0
DA:436,5402858
DA:437,5402858
DA:438,5402858
DA:439,5402858
DA:440,5402858
DA:441,5402858
DA:442,5402858
DA:443,5402858
DA:444,5402858
LF:31
LH:25
end_of_record
SF:/c/mingw/lib/gcc/mingw32/6.3.0/include/c++/cmath
FN:103,_ZSt3absIbEN9__gnu_cxx11__enable_ifIXsrSt12__is_integerIT_E7__valueEdE6__typeES3_
FN:283,_ZSt5floorf
FN:295,_ZSt5floorIiEN9__gnu_cxx11__enable_ifIXsrSt12__is_integerIT_E7__valueEdE6__typeES3_
FN:438,_ZSt3powIiiEN9__gnu_cxx11__promote_2IT_T0_NS0_9__promoteIS2_XsrSt12__is_integerIS2_E7__valueEE6__typeENS4_IS3_XsrS5_IS3_E7__valueEE6__typeEE6__typeES2_S3_
FNDA:11213298,_ZSt3absIbEN9__gnu_cxx11__enable_ifIXsrSt12__is_integerIT_E7__valueEdE6__typeES3_
FNDA:4275775,_ZSt5floorf
FNDA:328,_ZSt5floorIiEN9__gnu_cxx11__enable_ifIXsrSt12__is_integerIT_E7__valueEdE6__typeES3_
FNDA:16,_ZSt3powIiiEN9__gnu_cxx11__promote_2IT_T0_NS0_9__promoteIS2_XsrSt12__is_integerIS2_E7__valueEE6__typeENS4_IS3_XsrS5_IS3_E7__valueEE6__typeEE6__typeES2_S3_
FNF:4
FNH:4
DA:103,11213298
DA:104,11213298
DA:283,4275775
DA:284,4275775
DA:295,328
DA:296,328
DA:438,16
DA:441,16
LF:8
LH:8
end_of_record
SF:/c/mingw/lib/gcc/mingw32/6.3.0/include/c++/ext/alloc_traits.h
FN:94,_ZN9__gnu_cxx14__alloc_traitsISaIiEE17_S_select_on_copyERKS1_
FN:94,_ZN9__gnu_cxx14__alloc_traitsISaISt5tupleIJffEEEE17_S_select_on_copyERKS3_
FN:94,_ZN9__gnu_cxx14__alloc_traitsISaISt6vectorIiSaIiEEEE17_S_select_on_copyERKS4_
FNDA:22,_ZN9__gnu_cxx14__alloc_traitsISaISt5tupleIJffEEEE17_S_select_on_copyERKS3_
FNDA:76,_ZN9__gnu_cxx14__alloc_traitsISaISt6vectorIiSaIiEEEE17_S_select_on_copyERKS4_
[...]
FNDA:0,_ZN7testing8internal33FormatForComparisonFailureMessageIjjEENSt7__cxx1112basic_stringIcSt11char_traitsIcESaIcEEERKT_RKT0_
FNDA:0,_ZN7testing8internal14DefaultPrintToIiEEvNS0_15WrapPrinterTypeILNS0_18DefaultPrinterTypeE3EEERKT_PSo
FNDA:0,_ZN7testing8internal14DefaultPrintToIjEEvNS0_15WrapPrinterTypeILNS0_18DefaultPrinterTypeE3EEERKT_PSo
FNDA:0,_ZN7testing8internal7PrintToIiEEvRKT_PSo
FNDA:0,_ZN7testing8internal7PrintToIjEEvRKT_PSo
FNDA:0,_ZN7testing8internal16UniversalPrinterIiE5PrintERKiPSo
FNDA:0,_ZN7testing8internal16UniversalPrinterIjE5PrintERKjPSo
FNDA:0,_ZN7testing8internal21UniversalTersePrinterIiE5PrintERKiPSo
FNDA:0,_ZN7testing8internal21UniversalTersePrinterIjE5PrintERKjPSo
FNDA:0,_ZN7testing8internal14UniversalPrintIiEEvRKT_PSo
FNDA:0,_ZN7testing8internal14UniversalPrintIjEEvRKT_PSo
FNDA:0,_ZN7testing13PrintToStringIiEENSt7__cxx1112basic_stringIcSt11char_traitsIcESaIcEEERKT_
FNDA:0,_ZN7testing13PrintToStringIjEENSt7__cxx1112basic_stringIcSt11char_traitsIcESaIcEEERKT_
FNF:18
FNH:0
DA:223,0
DA:250,0
DA:251,0
DA:276,0
DA:277,0
DA:350,0
DA:352,0
DA:443,0
DA:445,0
DA:446,0
DA:460,0
DA:482,0
DA:495,0
DA:715,0
DA:724,0
DA:725,0
DA:800,0
DA:801,0
DA:802,0
DA:869,0
DA:873,0
DA:874,0
DA:997,0
DA:998,0
DA:999,0
DA:1000,0
LF:26
LH:0
end_of_record
SF:/c/Users/Usuario/Documents/programacion/final/lib/googletest-master/googletest/include/gtest/gtest.h
FN:256,_ZN7testing15AssertionResultD1Ev
FN:288,_ZNK7testing15AssertionResultcvbEv
FN:297,_ZNK7testing15AssertionResult7messageEv
FN:302,_ZNK7testing15AssertionResult15failure_messageEv
FN:389,_ZN7testing4Test13SetUpTestCaseEv
FN:397,_ZN7testing4Test16TearDownTestCaseEv
FN:474,_ZN7testing4Test5SetupEv
FN:1375,_ZN7testing8internal18CmpHelperEQFailureIjjEENS_15AssertionResultEPKcS4_RKT_RKT0_
FN:1375,_ZN7testing8internal18CmpHelperEQFailureIiiEENS_15AssertionResultEPKcS4_RKT_RKT0_
FN:1387,_ZN7testing8internal11CmpHelperEQIiiEENS_15AssertionResultEPKcS4_RKT_RKT0_
FN:1387,_ZN7testing8internal11CmpHelperEQIjjEENS_15AssertionResultEPKcS4_RKT_RKT0_
FN:1417,_ZN7testing8internal8EqHelperILb0EE7CompareIiiEENS_15AssertionResultEPKcS6_RKT_RKT0_
FN:1417,_ZN7testing8internal8EqHelperILb0EE7CompareIjjEENS_15AssertionResultEPKcS6_RKT_RKT0_
FNDA:0,_ZN7testing15AssertionResultD1Ev
FNDA:0,_ZNK7testing15AssertionResultcvbEv
FNDA:0,_ZNK7testing15AssertionResult7messageEv
FNDA:0,_ZNK7testing15AssertionResult15failure_messageEv
FNDA:0,_ZN7testing4Test13SetUpTestCaseEv
FNDA:0,_ZN7testing4Test16TearDownTestCaseEv
FNDA:0,_ZN7testing4Test5SetupEv
FNDA:0,_ZN7testing8internal18CmpHelperEQFailureIiiEENS_15AssertionResultEPKcS4_RKT_RKT0_
FNDA:0,_ZN7testing8internal18CmpHelperEQFailureIjjEENS_15AssertionResultEPKcS4_RKT_RKT0_
FNDA:0,_ZN7testing8internal11CmpHelperEQIiiEENS_15AssertionResultEPKcS4_RKT_RKT0_
FNDA:2,_ZN7testing8internal11CmpHelperEQIjjEENS_15AssertionResultEPKcS4_RKT_RKT0_
FNDA:0,_ZN7testing8internal8EqHelperILb0EE7CompareIiiEENS_15AssertionResultEPKcS6_RKT_RKT0_
FNDA:2,_ZN7testing8internal8EqHelperILb0EE7CompareIjjEENS_15AssertionResultEPKcS6_RKT_RKT0_
FNF:13
FNH:2
DA:256,0
DA:288,0
DA:297,0
DA:298,0
DA:302,0
DA:389,0
DA:397,0
DA:474,0
DA:1375,0
DA:1382,0
DA:1387,2
DA:1392,2
DA:1393,2
DA:1397,0
DA:1417,2
DA:1421,2
LF:16
LH:5
end_of_record
SF:/c/Users/Usuario/Documents/programacion/final/lib/googletest-master/googletest/include/gtest/internal/gtest-internal.h
FN:466,_ZN7testing8internal15TestFactoryBaseD2Ev
FN:473,_ZN7testing8internal15TestFactoryBaseC2Ev
FN:482,_ZN7testing8internal15TestFactoryImplI26silenciosTEST_unAudio_TestED0Ev
FN:482,_ZN7testing8internal15TestFactoryImplI26silenciosTEST_unAudio_TestEC1Ev
FN:482,_ZN7testing8internal15TestFactoryImplI26silenciosTEST_unAudio_TestED1Ev
FN:484,_ZN7testing8internal15TestFactoryImplI26silenciosTEST_unAudio_TestE10CreateTestEv
FN:504,_ZN7testing8internal12CodeLocationD1Ev
FN:505,_ZN7testing8internal12CodeLocationC1ERKNSt7__cxx1112basic_stringIcSt11char_traitsIcESaIcEEEi
FNDA:0,_ZN7testing8internal15TestFactoryBaseD2Ev
FNDA:0,_ZN7testing8internal15TestFactoryBaseC2Ev
FNDA:2,_ZN7testing8internal15TestFactoryImplI26silenciosTEST_unAudio_TestED0Ev
FNDA:2,_ZN7testing8internal15TestFactoryImplI26silenciosTEST_unAudio_TestED1Ev
FNDA:2,_ZN7testing8internal15TestFactoryImplI26silenciosTEST_unAudio_TestEC1Ev
FNDA:2,_ZN7testing8internal15TestFactoryImplI26silenciosTEST_unAudio_TestE10CreateTestEv
FNDA:0,_ZN7testing8internal12CodeLocationD1Ev
FNDA:0,_ZN7testing8internal12CodeLocationC1ERKNSt7__cxx1112basic_stringIcSt11char_traitsIcESaIcEEEi
FNF:8
FNH:4
DA:466,0
DA:473,0
DA:482,6
DA:484,2
DA:504,0
DA:505,0
DA:506,0
LF:7
LH:2
end_of_record
SF:/c/Users/Usuario/Documents/programacion/final/lib/googletest-master/googletest/include/gtest/internal/gtest-port.h
FN:1162,_ZN7testing8internal10scoped_ptrINSt7__cxx1112basic_stringIcSt11char_traitsIcESaIcEEEED1Ev
FN:1162,_ZN7testing8internal10scoped_ptrINSt7__cxx1118basic_stringstreamIcSt11char_traitsIcESaIcEEEED1Ev
FN:1165,_ZNK7testing8internal10scoped_ptrINSt7__cxx1112basic_stringIcSt11char_traitsIcESaIcEEEEptEv
FN:1166,_ZNK7testing8internal10scoped_ptrINSt7__cxx1112basic_stringIcSt11char_traitsIcESaIcEEEE3getEv
FN:1174,_ZN7testing8internal10scoped_ptrINSt7__cxx1118basic_stringstreamIcSt11char_traitsIcESaIcEEEE5resetEPS7_
FN:1174,_ZN7testing8internal10scoped_ptrINSt7__cxx1112basic_stringIcSt11char_traitsIcESaIcEEEE5resetEPS7_
FNDA:0,_ZN7testing8internal10scoped_ptrINSt7__cxx1112basic_stringIcSt11char_traitsIcESaIcEEEED1Ev
FNDA:0,_ZN7testing8internal10scoped_ptrINSt7__cxx1118basic_stringstreamIcSt11char_traitsIcESaIcEEEED1Ev
FNDA:0,_ZNK7testing8internal10scoped_ptrINSt7__cxx1112basic_stringIcSt11char_traitsIcESaIcEEEEptEv
FNDA:0,_ZNK7testing8internal10scoped_ptrINSt7__cxx1112basic_stringIcSt11char_traitsIcESaIcEEEE3getEv
FNDA:0,_ZN7testing8internal10scoped_ptrINSt7__cxx1118basic_stringstreamIcSt11char_traitsIcESaIcEEEE5resetEPS7_
FNDA:0,_ZN7testing8internal10scoped_ptrINSt7__cxx1112basic_stringIcSt11char_traitsIcESaIcEEEE5resetEPS7_
FNF:6
FNH:0
DA:1162,0
DA:1165,0
DA:1166,0
DA:1174,0
DA:1175,0
DA:1176,0
DA:1177,0
DA:1179,0
DA:1181,0
LF:9
LH:0
end_of_record
SF:/c/Users/Usuario/Documents/programacion/final/tests/silenciosTEST.cpp
FN:10,_ZN26silenciosTEST_unAudio_TestC1Ev
FN:10,_ZN26silenciosTEST_unAudio_TestD1Ev
FN:10,_ZN26silenciosTEST_unAudio_Test8TestBodyEv
FN:10,_ZN26silenciosTEST_unAudio_TestD0Ev
FN:38,_GLOBAL__sub_I__ZN26silenciosTEST_unAudio_Test10test_info_E
FN:38,_Z41__static_initialization_and_destruction_0ii
FNDA:2,_ZN26silenciosTEST_unAudio_TestD0Ev
FNDA:2,_ZN26silenciosTEST_unAudio_TestD1Ev
FNDA:2,_ZN26silenciosTEST_unAudio_Test8TestBodyEv
FNDA:2,_ZN26silenciosTEST_unAudio_TestC1Ev
FNDA:2,_GLOBAL__sub_I__ZN26silenciosTEST_unAudio_Test10test_info_E
FNDA:2,_Z41__static_initialization_and_destruction_0ii
FNF:6
FNH:6
DA:10,10
DA:11,2
DA:12,2
DA:13,4
DA:17,4
DA:19,4
DA:20,2
DA:21,2
DA:22,6
DA:23,4
DA:24,4
DA:27,4
DA:28,4
DA:30,4
DA:32,4
DA:33,4
DA:35,4
DA:38,6
LF:18
LH:18
end_of_record
SF:/c/mingw/lib/gcc/mingw32/6.3.0/include/c++/bits/alloc_traits.h
FN:415,_ZNSt16allocator_traitsISaISt5tupleIJffEEEE8allocateERS2_j
FN:415,_ZNSt16allocator_traitsISaIiEE8allocateERS0_j
FN:441,_ZNSt16allocator_traitsISaISt5tupleIJffEEEE10deallocateERS2_PS1_j
FN:441,_ZNSt16allocator_traitsISaIiEE10deallocateERS0_Pij
FNDA:0,_ZNSt16allocator_traitsISaISt5tupleIJffEEEE8allocateERS2_j
FNDA:0,_ZNSt16allocator_traitsISaIiEE8allocateERS0_j
FNDA:0,_ZNSt16allocator_traitsISaISt5tupleIJffEEEE10deallocateERS2_PS1_j
FNDA:0,_ZNSt16allocator_traitsISaIiEE10deallocateERS0_Pij
FNF:4
FNH:0
DA:415,0
DA:416,0
DA:441,0
DA:442,0
LF:4
LH:0
end_of_record
SF:/c/mingw/lib/gcc/mingw32/6.3.0/include/c++/bits/allocator.h
FN:131,_ZNSaISt5tupleIJffEEEC1Ev
FN:131,_ZNSaIiEC1Ev
FN:133,_ZNSaIiEC2ERKS_
FN:133,_ZNSaISt5tupleIJffEEEC2ERKS1_
FN:139,_ZNSaIiED2Ev
FN:139,_ZNSaISt5tupleIJffEEED1Ev
FN:139,_ZNSaIiED1Ev
FN:139,_ZNSaISt5tupleIJffEEED2Ev
FNDA:4,_ZNSaISt5tupleIJffEEEC1Ev
FNDA:0,_ZNSaIiEC1Ev
FNDA:0,_ZNSaISt5tupleIJffEEEC2ERKS1_
FNDA:0,_ZNSaIiEC2ERKS_
FNDA:0,_ZNSaISt5tupleIJffEEED1Ev
FNDA:0,_ZNSaISt5tupleIJffEEED2Ev
FNDA:0,_ZNSaIiED1Ev
FNDA:0,_ZNSaIiED2Ev
FNF:8
FNH:1
DA:131,4
DA:133,0
DA:134,0
DA:139,0
LF:4
LH:1
end_of_record
SF:/c/mingw/lib/gcc/mingw32/6.3.0/include/c++/bits/cpp_type_traits.h
FN:408,_ZSt12__miter_baseIPKiET_S2_
FNDA:0,_ZSt12__miter_baseIPKiET_S2_
FNF:1
FNH:0
DA:408,0
DA:409,0
LF:2
LH:0
end_of_record
SF:/c/mingw/lib/gcc/mingw32/6.3.0/include/c++/bits/ios_base.h
FN:129,_ZStorSt13_Ios_OpenmodeS_
FNDA:0,_ZStorSt13_Ios_OpenmodeS_
FNF:1
FNH:0
DA:129,0
DA:130,0
LF:2
LH:0
end_of_record
SF:/c/mingw/lib/gcc/mingw32/6.3.0/include/c++/bits/move.h
FN:47,_ZSt11__addressofISt5tupleIJffEEEPT_RS2_
FN:76,_ZSt7forwardIRKSt5tupleIJffEEEOT_RNSt16remove_referenceIS4_E4typeE
FNDA:0,_ZSt11__addressofISt5tupleIJffEEEPT_RS2_
FNDA:0,_ZSt7forwardIRKSt5tupleIJffEEEOT_RNSt16remove_referenceIS4_E4typeE
FNF:2
FNH:0
DA:47,0
DA:50,0
DA:76,0
DA:77,0
LF:4
LH:0
end_of_record
SF:/c/mingw/lib/gcc/mingw32/6.3.0/include/c++/bits/stl_algobase.h
FN:277,_ZSt12__niter_baseIPKiET_S2_
FN:277,_ZSt12__niter_baseIPiET_S1_
FN:357,_ZNSt11__copy_moveILb0ELb1ESt26random_access_iterator_tagE8__copy_mIiEEPT_PKS3_S6_S4_
FN:375,_ZSt13__copy_move_aILb0EPKiPiET1_T0_S4_S3_
FN:420,_ZSt14__copy_move_a2ILb0EPKiPiET1_T0_S4_S3_
FN:446,_ZSt4copyIPKiPiET0_T_S4_S3_
FNDA:0,_ZSt12__niter_baseIPiET_S1_
FNDA:0,_ZSt12__niter_baseIPKiET_S2_
FNDA:0,_ZNSt11__copy_moveILb0ELb1ESt26random_access_iterator_tagE8__copy_mIiEEPT_PKS3_S6_S4_
FNDA:0,_ZSt13__copy_move_aILb0EPKiPiET1_T0_S4_S3_
FNDA:0,_ZSt14__copy_move_a2ILb0EPKiPiET1_T0_S4_S3_
FNDA:0,_ZSt4copyIPKiPiET0_T_S4_S3_
FNF:6
FNH:0
DA:277,0
DA:278,0
DA:357,0
DA:366,0
DA:367,0
DA:368,0
DA:369,0
DA:375,0
DA:383,0
DA:386,0
DA:420,0
DA:422,0
DA:424,0
DA:446,0
DA:455,0
DA:456,0
LF:16
LH:0
end_of_record
SF:/c/mingw/lib/gcc/mingw32/6.3.0/include/c++/bits/stl_construct.h
FN:74,_ZSt10_ConstructISt5tupleIJffEEJRKS1_EEvPT_DpOT0_
FN:112,_ZNSt12_Destroy_auxILb1EE9__destroyIPiEEvT_S3_
FN:112,_ZNSt12_Destroy_auxILb1EE9__destroyIPSt5tupleIJffEEEEvT_S5_
FN:122,_ZSt8_DestroyIPSt5tupleIJffEEEvT_S3_
FN:122,_ZSt8_DestroyIPiEvT_S1_
FN:148,_ZSt8_DestroyIPiiEvT_S1_RSaIT0_E
FN:148,_ZSt8_DestroyIPSt5tupleIJffEES1_EvT_S3_RSaIT0_E
FNDA:0,_ZSt10_ConstructISt5tupleIJffEEJRKS1_EEvPT_DpOT0_
FNDA:0,_ZNSt12_Destroy_auxILb1EE9__destroyIPSt5tupleIJffEEEEvT_S5_
FNDA:0,_ZNSt12_Destroy_auxILb1EE9__destroyIPiEEvT_S3_
FNDA:0,_ZSt8_DestroyIPSt5tupleIJffEEEvT_S3_
FNDA:0,_ZSt8_DestroyIPiEvT_S1_
FNDA:0,_ZSt8_DestroyIPSt5tupleIJffEES1_EvT_S3_RSaIT0_E
FNDA:0,_ZSt8_DestroyIPiiEvT_S1_RSaIT0_E
FNF:7
FNH:0
DA:74,0
DA:75,0
DA:112,0
DA:122,0
DA:126,0
DA:128,0
DA:148,0
DA:151,0
DA:152,0
LF:9
LH:0
end_of_record
SF:/c/mingw/lib/gcc/mingw32/6.3.0/include/c++/bits/stl_iterator_base_funcs.h
FN:96,_ZSt10__distanceIPKSt5tupleIJffEEENSt15iterator_traitsIT_E15difference_typeES5_S5_St26random_access_iterator_tag
FN:96,_ZSt10__distanceIPKiENSt15iterator_traitsIT_E15difference_typeES3_S3_St26random_access_iterator_tag
FN:135,_ZSt8distanceIPKSt5tupleIJffEEENSt15iterator_traitsIT_E15difference_typeES5_S5_
FN:135,_ZSt8distanceIPKiENSt15iterator_traitsIT_E15difference_typeES3_S3_
FNDA:4,_ZSt10__distanceIPKSt5tupleIJffEEENSt15iterator_traitsIT_E15difference_typeES5_S5_St26random_access_iterator_tag
FNDA:0,_ZSt10__distanceIPKiENSt15iterator_traitsIT_E15difference_typeES3_S3_St26random_access_iterator_tag
FNDA:4,_ZSt8distanceIPKSt5tupleIJffEEENSt15iterator_traitsIT_E15difference_typeES5_S5_
FNDA:0,_ZSt8distanceIPKiENSt15iterator_traitsIT_E15difference_typeES3_S3_
FNF:4
FNH:2
DA:96,4
DA:102,4
DA:135,4
DA:138,4
DA:139,8
LF:5
LH:5
end_of_record
SF:/c/mingw/lib/gcc/mingw32/6.3.0/include/c++/bits/stl_iterator_base_types.h
FN:204,_ZSt19__iterator_categoryIPKSt5tupleIJffEEENSt15iterator_traitsIT_E17iterator_categoryERKS5_
FN:204,_ZSt19__iterator_categoryIPKiENSt15iterator_traitsIT_E17iterator_categoryERKS3_
FNDA:4,_ZSt19__iterator_categoryIPKSt5tupleIJffEEENSt15iterator_traitsIT_E17iterator_categoryERKS5_
FNDA:0,_ZSt19__iterator_categoryIPKiENSt15iterator_traitsIT_E17iterator_categoryERKS3_
FNF:2
FNH:1
DA:204,4
DA:205,4
LF:2
LH:2
end_of_record
SF:/c/mingw/lib/gcc/mingw32/6.3.0/include/c++/bits/stl_uninitialized.h
FN:68,_ZNSt20__uninitialized_copyILb0EE13__uninit_copyIPKSt5tupleIJffEEPS3_EET0_T_S8_S7_
FN:91,_ZNSt20__uninitialized_copyILb1EE13__uninit_copyIPKiPiEET0_T_S6_S5_
FN:107,_ZSt18uninitialized_copyIPKSt5tupleIJffEEPS1_ET0_T_S6_S5_
FN:107,_ZSt18uninitialized_copyIPKiPiET0_T_S4_S3_
FN:279,_ZSt22__uninitialized_copy_aIPKSt5tupleIJffEEPS1_S1_ET0_T_S6_S5_RSaIT1_E
FN:279,_ZSt22__uninitialized_copy_aIPKiPiiET0_T_S4_S3_RSaIT1_E
FNDA:4,_ZNSt20__uninitialized_copyILb0EE13__uninit_copyIPKSt5tupleIJffEEPS3_EET0_T_S8_S7_
FNDA:0,_ZNSt20__uninitialized_copyILb1EE13__uninit_copyIPKiPiEET0_T_S6_S5_
FNDA:4,_ZSt18uninitialized_copyIPKSt5tupleIJffEEPS1_ET0_T_S6_S5_
FNDA:0,_ZSt18uninitialized_copyIPKiPiET0_T_S4_S3_
FNDA:4,_ZSt22__uninitialized_copy_aIPKSt5tupleIJffEEPS1_S1_ET0_T_S6_S5_RSaIT1_E
FNDA:0,_ZSt22__uninitialized_copy_aIPKiPiiET0_T_S4_S3_RSaIT1_E
FNF:6
FNH:3
DA:68,4
DA:71,4
DA:74,24
DA:75,10
DA:76,4
DA:91,0
DA:93,0
DA:107,4
DA:120,4
DA:126,4
DA:279,4
DA:281,4
LF:12
LH:10
end_of_record
SF:/c/mingw/lib/gcc/mingw32/6.3.0/include/c++/bits/stl_vector.h
FN:79,_ZNSt12_Vector_baseISt5tupleIJffEESaIS1_EE12_Vector_implD1Ev
FN:79,_ZNSt12_Vector_baseIiSaIiEE12_Vector_implD1Ev
FN:90,_ZNSt12_Vector_baseIiSaIiEE12_Vector_implC1ERKS0_
FN:90,_ZNSt12_Vector_baseISt5tupleIJffEESaIS1_EE12_Vector_implC1ERKS2_
FN:113,_ZNSt12_Vector_baseIiSaIiEE19_M_get_Tp_allocatorEv
FN:113,_ZNSt12_Vector_baseISt5tupleIJffEESaIS1_EE19_M_get_Tp_allocatorEv
FN:127,_ZNSt12_Vector_baseISt5tupleIJffEESaIS1_EEC2ERKS2_
FN:127,_ZNSt12_Vector_baseIiSaIiEEC2ERKS0_
FN:159,_ZNSt12_Vector_baseIiSaIiEED2Ev
FN:159,_ZNSt12_Vector_baseISt5tupleIJffEESaIS1_EED2Ev
FN:167,_ZNSt12_Vector_baseISt5tupleIJffEESaIS1_EE11_M_allocateEj
FN:167,_ZNSt12_Vector_baseIiSaIiEE11_M_allocateEj
FN:174,_ZNSt12_Vector_baseISt5tupleIJffEESaIS1_EE13_M_deallocateEPS1_j
FN:174,_ZNSt12_Vector_baseIiSaIiEE13_M_deallocateEPij
FN:375,_ZNSt6vectorISt5tupleIJffEESaIS1_EEC1ESt16initializer_listIS1_ERKS2_
FN:375,_ZNSt6vectorIiSaIiEEC1ESt16initializer_listIiERKS0_
FN:425,_ZNSt6vectorIiSaIiEED1Ev
FN:425,_ZNSt6vectorISt5tupleIJffEESaIS1_EED1Ev
FN:655,_ZNKSt6vectorISt5tupleIJffEESaIS1_EE4sizeEv
FN:780,_ZNSt6vectorISt5tupleIJffEESaIS1_EEixEj
FN:1281,_ZNSt6vectorISt5tupleIJffEESaIS1_EE19_M_range_initializeIPKS1_EEvT_S7_St20forward_iterator_tag
FN:1281,_ZNSt6vectorIiSaIiEE19_M_range_initializeIPKiEEvT_S5_St20forward_iterator_tag
FNDA:0,_ZNSt12_Vector_baseISt5tupleIJffEESaIS1_EE12_Vector_implD1Ev
FNDA:0,_ZNSt12_Vector_baseIiSaIiEE12_Vector_implD1Ev
FNDA:0,_ZNSt12_Vector_baseISt5tupleIJffEESaIS1_EE12_Vector_implC1ERKS2_
FNDA:0,_ZNSt12_Vector_baseIiSaIiEE12_Vector_implC1ERKS0_
FNDA:0,_ZNSt12_Vector_baseISt5tupleIJffEESaIS1_EE19_M_get_Tp_allocatorEv
FNDA:0,_ZNSt12_Vector_baseIiSaIiEE19_M_get_Tp_allocatorEv
FNDA:4,_ZNSt12_Vector_baseISt5tupleIJffEESaIS1_EEC2ERKS2_
FNDA:0,_ZNSt12_Vector_baseIiSaIiEEC2ERKS0_
FNDA:0,_ZNSt12_Vector_baseISt5tupleIJffEESaIS1_EED2Ev
FNDA:0,_ZNSt12_Vector_baseIiSaIiEED2Ev
FNDA:0,_ZNSt12_Vector_baseISt5tupleIJffEESaIS1_EE11_M_allocateEj
FNDA:0,_ZNSt12_Vector_baseIiSaIiEE11_M_allocateEj
FNDA:0,_ZNSt12_Vector_baseISt5tupleIJffEESaIS1_EE13_M_deallocateEPS1_j
FNDA:0,_ZNSt12_Vector_baseIiSaIiEE13_M_deallocateEPij
FNDA:4,_ZNSt6vectorISt5tupleIJffEESaIS1_EEC1ESt16initializer_listIS1_ERKS2_
FNDA:0,_ZNSt6vectorIiSaIiEEC1ESt16initializer_listIiERKS0_
FNDA:0,_ZNSt6vectorISt5tupleIJffEESaIS1_EED1Ev
FNDA:0,_ZNSt6vectorIiSaIiEED1Ev
FNDA:0,_ZNKSt6vectorISt5tupleIJffEESaIS1_EE4sizeEv
FNDA:0,_ZNSt6vectorISt5tupleIJffEESaIS1_EEixEj
FNDA:4,_ZNSt6vectorISt5tupleIJffEESaIS1_EE19_M_range_initializeIPKS1_EEvT_S7_St20forward_iterator_tag
FNDA:0,_ZNSt6vectorIiSaIiEE19_M_range_initializeIPKiEEvT_S5_St20forward_iterator_tag
FNF:22
FNH:3
DA:79,0
DA:90,0
DA:91,0
DA:92,0
DA:113,0
DA:114,0
DA:127,4
DA:128,4
DA:159,0
DA:160,0
DA:161,0
DA:167,0
DA:170,0
DA:174,0
DA:177,0
DA:178,0
DA:179,0
DA:375,4
DA:377,4
DA:379,4
DA:381,4
DA:425,0
DA:426,0
DA:427,0
DA:655,0
DA:656,0
DA:780,0
DA:781,0
DA:1281,4
DA:1284,4
DA:1285,4
DA:1286,4
DA:1287,4
DA:1288,4
DA:1290,4
DA:1291,4
LF:36
LH:14
end_of_record
SF:/c/mingw/lib/gcc/mingw32/6.3.0/include/c++/cmath
FN:283,_ZSt5floorf
FNDA:0,_ZSt5floorf
FNF:1
FNH:0
DA:283,0
DA:284,0
LF:2
LH:0
end_of_record
SF:/c/mingw/lib/gcc/mingw32/6.3.0/include/c++/ext/new_allocator.h
FN:79,_ZN9__gnu_cxx13new_allocatorIiEC2Ev
FN:79,_ZN9__gnu_cxx13new_allocatorISt5tupleIJffEEEC2Ev
FN:81,_ZN9__gnu_cxx13new_allocatorISt5tupleIJffEEEC2ERKS3_
FN:81,_ZN9__gnu_cxx13new_allocatorIiEC2ERKS1_
FN:86,_ZN9__gnu_cxx13new_allocatorISt5tupleIJffEEED2Ev
FN:86,_ZN9__gnu_cxx13new_allocatorIiED2Ev
FN:99,_ZN9__gnu_cxx13new_allocatorIiE8allocateEjPKv
FN:99,_ZN9__gnu_cxx13new_allocatorISt5tupleIJffEEE8allocateEjPKv
FN:109,_ZN9__gnu_cxx13new_allocatorIiE10deallocateEPij
FN:109,_ZN9__gnu_cxx13new_allocatorISt5tupleIJffEEE10deallocateEPS2_j
FN:113,_ZNK9__gnu_cxx13new_allocatorIiE8max_sizeEv
FN:113,_ZNK9__gnu_cxx13new_allocatorISt5tupleIJffEEE8max_sizeEv
FNDA:0,_ZN9__gnu_cxx13new_allocatorISt5tupleIJffEEEC2Ev
FNDA:0,_ZN9__gnu_cxx13new_allocatorIiEC2Ev
FNDA:0,_ZN9__gnu_cxx13new_allocatorISt5tupleIJffEEEC2ERKS3_
FNDA:0,_ZN9__gnu_cxx13new_allocatorIiEC2ERKS1_
FNDA:0,_ZN9__gnu_cxx13new_allocatorISt5tupleIJffEEED2Ev
FNDA:0,_ZN9__gnu_cxx13new_allocatorIiED2Ev
FNDA:0,_ZN9__gnu_cxx13new_allocatorISt5tupleIJffEEE8allocateEjPKv
FNDA:0,_ZN9__gnu_cxx13new_allocatorIiE8allocateEjPKv
FNDA:0,_ZN9__gnu_cxx13new_allocatorISt5tupleIJffEEE10deallocateEPS2_j
FNDA:0,_ZN9__gnu_cxx13new_allocatorIiE10deallocateEPij
FNDA:0,_ZNK9__gnu_cxx13new_allocatorISt5tupleIJffEEE8max_sizeEv
FNDA:0,_ZNK9__gnu_cxx13new_allocatorIiE8max_sizeEv
FNF:12
FNH:0
DA:79,0
DA:81,0
DA:86,0
DA:99,0
DA:101,0
DA:102,0
DA:104,0
DA:109,0
DA:110,0
DA:113,0
DA:114,0
LF:11
LH:0
end_of_record
SF:/c/mingw/lib/gcc/mingw32/6.3.0/include/c++/initializer_list
FN:71,_ZNKSt16initializer_listIiE4sizeEv
FN:71,_ZNKSt16initializer_listISt5tupleIJffEEE4sizeEv
FN:75,_ZNKSt16initializer_listIiE5beginEv
FN:75,_ZNKSt16initializer_listISt5tupleIJffEEE5beginEv
FN:79,_ZNKSt16initializer_listISt5tupleIJffEEE3endEv
FN:79,_ZNKSt16initializer_listIiE3endEv
FNDA:4,_ZNKSt16initializer_listISt5tupleIJffEEE4sizeEv
FNDA:0,_ZNKSt16initializer_listIiE4sizeEv
FNDA:8,_ZNKSt16initializer_listISt5tupleIJffEEE5beginEv
FNDA:0,_ZNKSt16initializer_listIiE5beginEv
FNDA:4,_ZNKSt16initializer_listISt5tupleIJffEEE3endEv
FNDA:0,_ZNKSt16initializer_listIiE3endEv
FNF:6
FNH:3
DA:71,4
DA:75,8
DA:79,4
LF:3
LH:3
end_of_record
SF:/c/mingw/lib/gcc/mingw32/6.3.0/include/c++/iostream
FN:74,__tcf_0
FNDA:2,__tcf_0
FNF:1
FNH:1
DA:74,4
LF:1
LH:1
end_of_record
SF:/c/mingw/lib/gcc/mingw32/6.3.0/include/c++/new
FN:146,_ZnwjPv
FNDA:0,_ZnwjPv
FNF:1
FNH:0
DA:146,0
DA:147,0
LF:2
LH:0
end_of_record
SF:/c/mingw/lib/gcc/mingw32/6.3.0/include/c++/tuple
FN:142,_ZNSt10_Head_baseILj1EfLb0EE7_M_headERS0_
FN:142,_ZNSt10_Head_baseILj0EfLb0EE7_M_headERS0_
FN:190,_ZNSt11_Tuple_implILj0EJffEE7_M_headERS0_
FN:346,_ZNSt11_Tuple_implILj1EJfEE7_M_headERS0_
FN:1243,_ZSt12__get_helperILj1EfJEERT0_RSt11_Tuple_implIXT_EJS0_DpT1_EE
FN:1243,_ZSt12__get_helperILj0EfJfEERT0_RSt11_Tuple_implIXT_EJS0_DpT1_EE
FN:1254,_ZSt3getILj1EJffEERNSt13tuple_elementIXT_ESt5tupleIJDpT0_EEE4typeERS4_
FN:1254,_ZSt3getILj0EJffEERNSt13tuple_elementIXT_ESt5tupleIJDpT0_EEE4typeERS4_
FNDA:0,_ZNSt10_Head_baseILj1EfLb0EE7_M_headERS0_
FNDA:0,_ZNSt10_Head_baseILj0EfLb0EE7_M_headERS0_
FNDA:0,_ZNSt11_Tuple_implILj0EJffEE7_M_headERS0_
FNDA:0,_ZNSt11_Tuple_implILj1EJfEE7_M_headERS0_
FNDA:0,_ZSt12__get_helperILj1EfJEERT0_RSt11_Tuple_implIXT_EJS0_DpT1_EE
FNDA:0,_ZSt12__get_helperILj0EfJfEERT0_RSt11_Tuple_implIXT_EJS0_DpT1_EE
FNDA:0,_ZSt3getILj1EJffEERNSt13tuple_elementIXT_ESt5tupleIJDpT0_EEE4typeERS4_
FNDA:0,_ZSt3getILj0EJffEERNSt13tuple_elementIXT_ESt5tupleIJDpT0_EEE4typeERS4_
FNF:8
FNH:0
DA:142,0
DA:190,0
DA:346,0
DA:1243,0
DA:1244,0
DA:1254,0
DA:1255,0
LF:7
LH:0
end_of_record
