TN:
SF:/home/enzo/Documentos/Facultad/Algo I/TP/Implementacion/src/Funciones_TPI.cpp
FN:14,_Z17grabarVectorAudioSt6vectorIiSaIiEENSt7__cxx1112basic_stringIcSt11char_traitsIcESaIcEEE
FN:29,_Z15leerVectorAudioNSt7__cxx1112basic_stringIcSt11char_traitsIcESaIcEEERiS5_S5_
FN:67,_Z15cargarSalaAudioSt6vectorINSt7__cxx1112basic_stringIcSt11char_traitsIcESaIcEEESaIS5_EERiS8_S8_
FN:77,_Z15cargarSalaAudioSt6vectorINSt7__cxx1112basic_stringIcSt11char_traitsIcESaIcEEESaIS5_EERiS8_S8_ii
FN:87,_Z20calcularEstadisticosSt6vectorIiSaIiEERfS2_
FN:106,_Z8subAudioSt6vectorIiSaIiEEii
FN:115,_Z11correlacionSt6vectorIiSaIiEES1_
FN:127,_Z41__static_initialization_and_destruction_0ii
FN:127,_GLOBAL__sub_I__Z17grabarVectorAudioSt6vectorIiSaIiEENSt7__cxx1112basic_stringIcSt11char_traitsIcESaIcEEE
FNDA:0,_Z17grabarVectorAudioSt6vectorIiSaIiEENSt7__cxx1112basic_stringIcSt11char_traitsIcESaIcEEE
FNDA:14,_Z15leerVectorAudioNSt7__cxx1112basic_stringIcSt11char_traitsIcESaIcEEERiS5_S5_
FNDA:1,_Z15cargarSalaAudioSt6vectorINSt7__cxx1112basic_stringIcSt11char_traitsIcESaIcEEESaIS5_EERiS8_S8_
FNDA:1,_Z15cargarSalaAudioSt6vectorINSt7__cxx1112basic_stringIcSt11char_traitsIcESaIcEEESaIS5_EERiS8_S8_ii
FNDA:360020,_Z20calcularEstadisticosSt6vectorIiSaIiEERfS2_
FNDA:7,_Z8subAudioSt6vectorIiSaIiEEii
FNDA:180010,_Z11correlacionSt6vectorIiSaIiEES1_
FNDA:2,_GLOBAL__sub_I__Z17grabarVectorAudioSt6vectorIiSaIiEENSt7__cxx1112basic_stringIcSt11char_traitsIcESaIcEEE
FNDA:2,_Z41__static_initialization_and_destruction_0ii
FNF:9
FNH:8
DA:14,0
DA:15,0
DA:16,0
DA:17,0
DA:18,0
DA:19,0
DA:20,0
DA:24,0
DA:26,0
DA:27,0
DA:29,14
DA:30,28
DA:32,14
DA:33,14
DA:35,14
DA:36,14
DA:37,53760098
DA:38,26880042
DA:39,14
DA:41,26880028
DA:42,14
DA:45,26880014
DA:46,14
DA:49,26880000
DA:50,26880000
DA:54,26880042
DA:56,14
DA:57,0
DA:60,0
DA:62,14
DA:63,28
DA:67,1
DA:68,1
DA:70,7
DA:71,12
DA:72,6
DA:74,1
DA:77,1
DA:78,1
DA:80,5
DA:81,8
DA:82,4
DA:84,1
DA:87,360020
DA:89,360020
DA:91,360020
DA:92,360020
DA:94,5256360080
DA:95,5256000060
DA:96,360020
DA:98,360020
DA:99,5256360080
DA:100,5256000060
DA:101,5256000060
DA:103,360020
DA:104,360020
DA:106,7
DA:107,7
DA:108,7
DA:109,7
DA:111,0
DA:112,7
DA:115,180010
DA:116,180010
DA:118,180010
DA:120,180010
DA:121,180010
DA:122,2628180040
DA:123,2628000030
DA:125,180010
DA:126,180010
DA:127,6
LF:72
LH:59
end_of_record
SF:/usr/include/c++/7/bits/alloc_traits.h
FN:435,_ZNSt16allocator_traitsISaISt6vectorIiSaIiEEEE8allocateERS3_m
FN:435,_ZNSt16allocator_traitsISaIiEE8allocateERS0_m
FN:461,_ZNSt16allocator_traitsISaIiEE10deallocateERS0_Pim
FN:461,_ZNSt16allocator_traitsISaISt6vectorIiSaIiEEEE10deallocateERS3_PS2_m
FN:474,_ZNSt16allocator_traitsISaISt6vectorIiSaIiEEEE9constructIS2_JRKS2_EEEvRS3_PT_DpOT0_
FN:474,_ZNSt16allocator_traitsISaISt6vectorIiSaIiEEEE9constructIS2_JS2_EEEvRS3_PT_DpOT0_
FN:474,_ZNSt16allocator_traitsISaIiEE9constructIiJRKiEEEvRS0_PT_DpOT0_
FN:486,_ZNSt16allocator_traitsISaISt6vectorIiSaIiEEEE7destroyIS2_EEvRS3_PT_
FN:486,_ZNSt16allocator_traitsISaIiEE7destroyIiEEvRS0_PT_
FN:495,_ZNSt16allocator_traitsISaIiEE8max_sizeERKS0_
FN:495,_ZNSt16allocator_traitsISaISt6vectorIiSaIiEEEE8max_sizeERKS3_
FN:504,_ZNSt16allocator_traitsISaIiEE37select_on_container_copy_constructionERKS0_
FN:535,_ZSt18__do_alloc_on_moveISaIiEEvRT_S2_St17integral_constantIbLb1EE
FN:543,_ZSt15__alloc_on_moveISaIiEEvRT_S2_
FNDA:0,_ZNSt16allocator_traitsISaISt6vectorIiSaIiEEEE8allocateERS3_m
FNDA:0,_ZNSt16allocator_traitsISaIiEE8allocateERS0_m
FNDA:0,_ZNSt16allocator_traitsISaISt6vectorIiSaIiEEEE10deallocateERS3_PS2_m
FNDA:0,_ZNSt16allocator_traitsISaIiEE10deallocateERS0_Pim
FNDA:4,_ZNSt16allocator_traitsISaISt6vectorIiSaIiEEEE9constructIS2_JS2_EEEvRS3_PT_DpOT0_
FNDA:0,_ZNSt16allocator_traitsISaISt6vectorIiSaIiEEEE9constructIS2_JRKS2_EEEvRS3_PT_DpOT0_
FNDA:0,_ZNSt16allocator_traitsISaIiEE9constructIiJRKiEEEvRS0_PT_DpOT0_
FNDA:0,_ZNSt16allocator_traitsISaISt6vectorIiSaIiEEEE7destroyIS2_EEvRS3_PT_
FNDA:0,_ZNSt16allocator_traitsISaIiEE7destroyIiEEvRS0_PT_
FNDA:0,_ZNSt16allocator_traitsISaISt6vectorIiSaIiEEEE8max_sizeERKS3_
FNDA:0,_ZNSt16allocator_traitsISaIiEE8max_sizeERKS0_
FNDA:0,_ZNSt16allocator_traitsISaIiEE37select_on_container_copy_constructionERKS0_
FNDA:7,_ZSt18__do_alloc_on_moveISaIiEEvRT_S2_St17integral_constantIbLb1EE
FNDA:7,_ZSt15__alloc_on_moveISaIiEEvRT_S2_
FNF:14
FNH:3
DA:435,0
DA:436,0
DA:461,0
DA:462,0
DA:474,4
DA:475,4
DA:486,0
DA:487,0
DA:495,0
DA:496,0
DA:504,0
DA:505,0
DA:535,7
DA:536,7
DA:543,7
DA:547,7
DA:548,7
LF:17
LH:7
end_of_record
SF:/usr/include/c++/7/bits/allocator.h
FN:131,_ZNSaIiEC2Ev
FN:131,_ZNSaISt6vectorIiSaIiEEEC2Ev
FN:133,_ZNSaIiEC2ERKS_
FN:139,_ZNSaIiED2Ev
FN:139,_ZNSaISt6vectorIiSaIiEEED2Ev
FNDA:0,_ZNSaISt6vectorIiSaIiEEEC2Ev
FNDA:0,_ZNSaIiEC2Ev
FNDA:0,_ZNSaIiEC2ERKS_
FNDA:0,_ZNSaISt6vectorIiSaIiEEED2Ev
FNDA:0,_ZNSaIiED2Ev
FNF:5
FNH:0
DA:131,0
DA:133,0
DA:134,0
DA:139,0
LF:4
LH:0
end_of_record
SF:/usr/include/c++/7/bits/cpp_type_traits.h
FN:408,_ZSt12__miter_baseIPiET_S1_
FN:408,_ZSt12__miter_baseIN9__gnu_cxx17__normal_iteratorIPiSt6vectorIiSaIiEEEEET_S7_
FN:408,_ZSt12__miter_baseIN9__gnu_cxx17__normal_iteratorIPKiSt6vectorIiSaIiEEEEET_S8_
FNDA:0,_ZSt12__miter_baseIPiET_S1_
FNDA:14,_ZSt12__miter_baseIN9__gnu_cxx17__normal_iteratorIPiSt6vectorIiSaIiEEEEET_S7_
FNDA:0,_ZSt12__miter_baseIN9__gnu_cxx17__normal_iteratorIPKiSt6vectorIiSaIiEEEEET_S8_
FNF:3
FNH:1
DA:408,14
DA:409,14
LF:2
LH:2
end_of_record
SF:/usr/include/c++/7/bits/ios_base.h
FN:129,_ZStorSt13_Ios_OpenmodeS_
FNDA:157,_ZStorSt13_Ios_OpenmodeS_
FNF:1
FNH:1
DA:129,157
DA:130,157
LF:2
LH:2
end_of_record
SF:/usr/include/c++/7/bits/move.h
FN:47,_ZSt11__addressofISt6vectorIiSaIiEEEPT_RS3_
FN:73,_ZSt7forwardIRKiEOT_RNSt16remove_referenceIS2_E4typeE
FN:73,_ZSt7forwardISt6vectorIiSaIiEEEOT_RNSt16remove_referenceIS3_E4typeE
FN:73,_ZSt7forwardIRKSt6vectorIiSaIiEEEOT_RNSt16remove_referenceIS5_E4typeE
FN:98,_ZSt4moveIRPiEONSt16remove_referenceIT_E4typeEOS3_
FN:98,_ZSt4moveIRSaIiEEONSt16remove_referenceIT_E4typeEOS3_
FN:98,_ZSt4moveIRSt6vectorIiSaIiEEEONSt16remove_referenceIT_E4typeEOS5_
FN:187,_ZSt4swapIPiENSt9enable_ifIXsrSt6__and_IJSt6__not_ISt15__is_tuple_likeIT_EESt21is_move_constructibleIS5_ESt18is_move_assignableIS5_EEE5valueEvE4typeERS5_SF_
FNDA:0,_ZSt11__addressofISt6vectorIiSaIiEEEPT_RS3_
FNDA:0,_ZSt7forwardISt6vectorIiSaIiEEEOT_RNSt16remove_referenceIS3_E4typeE
FNDA:0,_ZSt7forwardIRKSt6vectorIiSaIiEEEOT_RNSt16remove_referenceIS5_E4typeE
FNDA:0,_ZSt7forwardIRKiEOT_RNSt16remove_referenceIS2_E4typeE
FNDA:0,_ZSt4moveIRPiEONSt16remove_referenceIT_E4typeEOS3_
FNDA:0,_ZSt4moveIRSaIiEEONSt16remove_referenceIT_E4typeEOS3_
FNDA:0,_ZSt4moveIRSt6vectorIiSaIiEEEONSt16remove_referenceIT_E4typeEOS5_
FNDA:0,_ZSt4swapIPiENSt9enable_ifIXsrSt6__and_IJSt6__not_ISt15__is_tuple_likeIT_EESt21is_move_constructibleIS5_ESt18is_move_assignableIS5_EEE5valueEvE4typeERS5_SF_
FNF:8
FNH:0
DA:47,0
DA:48,0
DA:73,0
DA:74,0
DA:98,0
DA:99,0
DA:187,0
DA:198,0
DA:199,0
DA:200,0
DA:201,0
LF:11
LH:0
end_of_record
SF:/usr/include/c++/7/bits/stl_algobase.h
FN:219,_ZSt3maxImERKT_S2_S2_
FN:277,_ZSt12__niter_baseIPiET_S1_
FN:357,_ZNSt11__copy_moveILb1ELb1ESt26random_access_iterator_tagE8__copy_mIiEEPT_PKS3_S6_S4_
FN:357,_ZNSt11__copy_moveILb0ELb1ESt26random_access_iterator_tagE8__copy_mIiEEPT_PKS3_S6_S4_
FN:375,_ZSt13__copy_move_aILb0EPiS0_ET1_T0_S2_S1_
FN:375,_ZSt13__copy_move_aILb0EPKiPiET1_T0_S4_S3_
FN:375,_ZSt13__copy_move_aILb1EPiS0_ET1_T0_S2_S1_
FN:420,_ZSt14__copy_move_a2ILb1EPiS0_ET1_T0_S2_S1_
FN:420,_ZSt14__copy_move_a2ILb0EN9__gnu_cxx17__normal_iteratorIPKiSt6vectorIiSaIiEEEEPiET1_T0_SA_S9_
FN:420,_ZSt14__copy_move_a2ILb0EN9__gnu_cxx17__normal_iteratorIPiSt6vectorIiSaIiEEEES2_ET1_T0_S8_S7_
FN:446,_ZSt4copyIN9__gnu_cxx17__normal_iteratorIPiSt6vectorIiSaIiEEEES2_ET0_T_S8_S7_
FN:446,_ZSt4copyISt13move_iteratorIPiES1_ET0_T_S4_S3_
FN:446,_ZSt4copyIN9__gnu_cxx17__normal_iteratorIPKiSt6vectorIiSaIiEEEEPiET0_T_SA_S9_
FNDA:0,_ZSt3maxImERKT_S2_S2_
FNDA:0,_ZSt12__niter_baseIPiET_S1_
FNDA:0,_ZNSt11__copy_moveILb1ELb1ESt26random_access_iterator_tagE8__copy_mIiEEPT_PKS3_S6_S4_
FNDA:0,_ZNSt11__copy_moveILb0ELb1ESt26random_access_iterator_tagE8__copy_mIiEEPT_PKS3_S6_S4_
FNDA:7,_ZSt13__copy_move_aILb0EPiS0_ET1_T0_S2_S1_
FNDA:0,_ZSt13__copy_move_aILb1EPiS0_ET1_T0_S2_S1_
FNDA:0,_ZSt13__copy_move_aILb0EPKiPiET1_T0_S4_S3_
FNDA:7,_ZSt14__copy_move_a2ILb0EN9__gnu_cxx17__normal_iteratorIPiSt6vectorIiSaIiEEEES2_ET1_T0_S8_S7_
FNDA:0,_ZSt14__copy_move_a2ILb1EPiS0_ET1_T0_S2_S1_
FNDA:0,_ZSt14__copy_move_a2ILb0EN9__gnu_cxx17__normal_iteratorIPKiSt6vectorIiSaIiEEEEPiET1_T0_SA_S9_
FNDA:7,_ZSt4copyIN9__gnu_cxx17__normal_iteratorIPiSt6vectorIiSaIiEEEES2_ET0_T_S8_S7_
FNDA:0,_ZSt4copyISt13move_iteratorIPiES1_ET0_T_S4_S3_
FNDA:0,_ZSt4copyIN9__gnu_cxx17__normal_iteratorIPKiSt6vectorIiSaIiEEEEPiET0_T_SA_S9_
FNF:13
FNH:3
DA:219,0
DA:224,0
DA:225,0
DA:226,0
DA:277,0
DA:278,0
DA:357,0
DA:366,0
DA:367,0
DA:368,0
DA:369,0
DA:375,7
DA:380,7
DA:386,7
DA:420,7
DA:422,7
DA:424,7
DA:446,7
DA:455,7
DA:456,7
LF:20
LH:9
end_of_record
SF:/usr/include/c++/7/bits/stl_construct.h
FN:74,_ZSt10_ConstructISt6vectorIiSaIiEEJS2_EEvPT_DpOT0_
FN:97,_ZSt8_DestroyISt6vectorIiSaIiEEEvPT_
FN:105,_ZNSt12_Destroy_auxILb0EE9__destroyIPSt6vectorIiSaIiEEEEvT_S6_
FN:117,_ZNSt12_Destroy_auxILb1EE9__destroyIPiEEvT_S3_
FN:127,_ZSt8_DestroyIPiEvT_S1_
FN:127,_ZSt8_DestroyIPSt6vectorIiSaIiEEEvT_S4_
FN:203,_ZSt8_DestroyIPiiEvT_S1_RSaIT0_E
FN:203,_ZSt8_DestroyIPSt6vectorIiSaIiEES2_EvT_S4_RSaIT0_E
FNDA:0,_ZSt10_ConstructISt6vectorIiSaIiEEJS2_EEvPT_DpOT0_
FNDA:0,_ZSt8_DestroyISt6vectorIiSaIiEEEvPT_
FNDA:0,_ZNSt12_Destroy_auxILb0EE9__destroyIPSt6vectorIiSaIiEEEEvT_S6_
FNDA:0,_ZNSt12_Destroy_auxILb1EE9__destroyIPiEEvT_S3_
FNDA:0,_ZSt8_DestroyIPSt6vectorIiSaIiEEEvT_S4_
FNDA:0,_ZSt8_DestroyIPiEvT_S1_
FNDA:0,_ZSt8_DestroyIPSt6vectorIiSaIiEES2_EvT_S4_RSaIT0_E
FNDA:0,_ZSt8_DestroyIPiiEvT_S1_RSaIT0_E
FNF:8
FNH:0
DA:74,0
DA:75,0
DA:97,0
DA:98,0
DA:105,0
DA:107,0
DA:108,0
DA:109,0
DA:117,0
DA:127,0
DA:137,0
DA:138,0
DA:203,0
DA:206,0
DA:207,0
LF:15
LH:0
end_of_record
SF:/usr/include/c++/7/bits/stl_iterator.h
FN:779,_ZN9__gnu_cxx17__normal_iteratorIPKiSt6vectorIiSaIiEEEC2ERKS2_
FN:779,_ZN9__gnu_cxx17__normal_iteratorIPSt6vectorIiSaIiEES1_IS3_SaIS3_EEEC2ERKS4_
FN:779,_ZN9__gnu_cxx17__normal_iteratorIPiSt6vectorIiSaIiEEEC2ERKS1_
FN:832,_ZNK9__gnu_cxx17__normal_iteratorIPiSt6vectorIiSaIiEEEplEl
FN:844,_ZNK9__gnu_cxx17__normal_iteratorIPKiSt6vectorIiSaIiEEE4baseEv
FN:844,_ZNK9__gnu_cxx17__normal_iteratorIPiSt6vectorIiSaIiEEE4baseEv
FN:844,_ZNK9__gnu_cxx17__normal_iteratorIPSt6vectorIiSaIiEES1_IS3_SaIS3_EEE4baseEv
FN:962,_ZN9__gnu_cxxmiIPSt6vectorIiSaIiEES1_IS3_SaIS3_EEEENS_17__normal_iteratorIT_T0_E15difference_typeERKSA_SD_
FN:962,_ZN9__gnu_cxxmiIPiSt6vectorIiSaIiEEEENS_17__normal_iteratorIT_T0_E15difference_typeERKS8_SB_
FN:983,_ZSt12__niter_baseIPiSt6vectorIiSaIiEEET_N9__gnu_cxx17__normal_iteratorIS4_T0_EE
FN:983,_ZSt12__niter_baseIPKiSt6vectorIiSaIiEEET_N9__gnu_cxx17__normal_iteratorIS5_T0_EE
FN:1036,_ZNSt13move_iteratorIPSt6vectorIiSaIiEEEC2ES3_
FN:1036,_ZNSt13move_iteratorIPiEC2ES0_
FN:1045,_ZNKSt13move_iteratorIPiE4baseEv
FN:1045,_ZNKSt13move_iteratorIPSt6vectorIiSaIiEEE4baseEv
FN:1049,_ZNKSt13move_iteratorIPSt6vectorIiSaIiEEEdeEv
FN:1057,_ZNSt13move_iteratorIPSt6vectorIiSaIiEEEppEv
FN:1124,_ZSteqIPSt6vectorIiSaIiEEEbRKSt13move_iteratorIT_ES8_
FN:1136,_ZStneIPSt6vectorIiSaIiEEEbRKSt13move_iteratorIT_ES8_
FN:1221,_ZSt32__make_move_if_noexcept_iteratorISt6vectorIiSaIiEESt13move_iteratorIPS2_EET0_PT_
FN:1221,_ZSt32__make_move_if_noexcept_iteratorIiSt13move_iteratorIPiEET0_PT_
FN:1241,_ZSt12__miter_baseIPiEDTcl12__miter_basecldtfp_4baseEEESt13move_iteratorIT_E
FNDA:0,_ZN9__gnu_cxx17__normal_iteratorIPKiSt6vectorIiSaIiEEEC2ERKS2_
FNDA:0,_ZN9__gnu_cxx17__normal_iteratorIPSt6vectorIiSaIiEES1_IS3_SaIS3_EEEC2ERKS4_
FNDA:0,_ZN9__gnu_cxx17__normal_iteratorIPiSt6vectorIiSaIiEEEC2ERKS1_
FNDA:21,_ZNK9__gnu_cxx17__normal_iteratorIPiSt6vectorIiSaIiEEEplEl
FNDA:0,_ZNK9__gnu_cxx17__normal_iteratorIPKiSt6vectorIiSaIiEEE4baseEv
FNDA:0,_ZNK9__gnu_cxx17__normal_iteratorIPSt6vectorIiSaIiEES1_IS3_SaIS3_EEE4baseEv
FNDA:0,_ZNK9__gnu_cxx17__normal_iteratorIPiSt6vectorIiSaIiEEE4baseEv
FNDA:0,_ZN9__gnu_cxxmiIPSt6vectorIiSaIiEES1_IS3_SaIS3_EEEENS_17__normal_iteratorIT_T0_E15difference_typeERKSA_SD_
FNDA:0,_ZN9__gnu_cxxmiIPiSt6vectorIiSaIiEEEENS_17__normal_iteratorIT_T0_E15difference_typeERKS8_SB_
FNDA:14,_ZSt12__niter_baseIPiSt6vectorIiSaIiEEET_N9__gnu_cxx17__normal_iteratorIS4_T0_EE
FNDA:0,_ZSt12__niter_baseIPKiSt6vectorIiSaIiEEET_N9__gnu_cxx17__normal_iteratorIS5_T0_EE
FNDA:0,_ZNSt13move_iteratorIPSt6vectorIiSaIiEEEC2ES3_
FNDA:0,_ZNSt13move_iteratorIPiEC2ES0_
FNDA:0,_ZNKSt13move_iteratorIPSt6vectorIiSaIiEEE4baseEv
FNDA:0,_ZNKSt13move_iteratorIPiE4baseEv
FNDA:0,_ZNKSt13move_iteratorIPSt6vectorIiSaIiEEEdeEv
FNDA:0,_ZNSt13move_iteratorIPSt6vectorIiSaIiEEEppEv
FNDA:0,_ZSteqIPSt6vectorIiSaIiEEEbRKSt13move_iteratorIT_ES8_
FNDA:0,_ZStneIPSt6vectorIiSaIiEEEbRKSt13move_iteratorIT_ES8_
FNDA:0,_ZSt32__make_move_if_noexcept_iteratorISt6vectorIiSaIiEESt13move_iteratorIPS2_EET0_PT_
FNDA:0,_ZSt32__make_move_if_noexcept_iteratorIiSt13move_iteratorIPiEET0_PT_
FNDA:0,_ZSt12__miter_baseIPiEDTcl12__miter_basecldtfp_4baseEEESt13move_iteratorIT_E
FNF:22
FNH:2
DA:779,0
DA:780,0
DA:832,21
DA:833,21
DA:844,0
DA:845,0
DA:962,0
DA:965,0
DA:983,14
DA:984,14
DA:1036,0
DA:1037,0
DA:1045,0
DA:1046,0
DA:1049,0
DA:1050,0
DA:1057,0
DA:1059,0
DA:1060,0
DA:1124,0
DA:1126,0
DA:1136,0
DA:1138,0
DA:1221,0
DA:1222,0
DA:1241,0
DA:1243,0
LF:27
LH:4
end_of_record
SF:/usr/include/c++/7/bits/stl_iterator_base_funcs.h
FN:98,_ZSt10__distanceIN9__gnu_cxx17__normal_iteratorIPiSt6vectorIiSaIiEEEEENSt15iterator_traitsIT_E15difference_typeES8_S8_St26random_access_iterator_tag
FN:138,_ZSt8distanceIN9__gnu_cxx17__normal_iteratorIPiSt6vectorIiSaIiEEEEENSt15iterator_traitsIT_E15difference_typeES8_S8_
FNDA:7,_ZSt10__distanceIN9__gnu_cxx17__normal_iteratorIPiSt6vectorIiSaIiEEEEENSt15iterator_traitsIT_E15difference_typeES8_S8_St26random_access_iterator_tag
FNDA:7,_ZSt8distanceIN9__gnu_cxx17__normal_iteratorIPiSt6vectorIiSaIiEEEEENSt15iterator_traitsIT_E15difference_typeES8_S8_
FNF:2
FNH:2
DA:98,7
DA:104,7
DA:138,7
DA:142,7
LF:4
LH:4
end_of_record
SF:/usr/include/c++/7/bits/stl_iterator_base_types.h
FN:205,_ZSt19__iterator_categoryIN9__gnu_cxx17__normal_iteratorIPiSt6vectorIiSaIiEEEEENSt15iterator_traitsIT_E17iterator_categoryERKS8_
FNDA:7,_ZSt19__iterator_categoryIN9__gnu_cxx17__normal_iteratorIPiSt6vectorIiSaIiEEEEENSt15iterator_traitsIT_E17iterator_categoryERKS8_
FNF:1
FNH:1
DA:205,7
DA:206,7
LF:2
LH:2
end_of_record
SF:/usr/include/c++/7/bits/stl_uninitialized.h
FN:76,_ZNSt20__uninitialized_copyILb0EE13__uninit_copyISt13move_iteratorIPSt6vectorIiSaIiEEES6_EET0_T_S9_S8_
FN:99,_ZNSt20__uninitialized_copyILb1EE13__uninit_copyIN9__gnu_cxx17__normal_iteratorIPiSt6vectorIiSaIiEEEES4_EET0_T_SA_S9_
FN:99,_ZNSt20__uninitialized_copyILb1EE13__uninit_copyISt13move_iteratorIPiES3_EET0_T_S6_S5_
FN:99,_ZNSt20__uninitialized_copyILb1EE13__uninit_copyIN9__gnu_cxx17__normal_iteratorIPKiSt6vectorIiSaIiEEEEPiEET0_T_SC_SB_
FN:115,_ZSt18uninitialized_copyISt13move_iteratorIPiES1_ET0_T_S4_S3_
FN:115,_ZSt18uninitialized_copyISt13move_iteratorIPSt6vectorIiSaIiEEES4_ET0_T_S7_S6_
FN:115,_ZSt18uninitialized_copyIN9__gnu_cxx17__normal_iteratorIPiSt6vectorIiSaIiEEEES2_ET0_T_S8_S7_
FN:115,_ZSt18uninitialized_copyIN9__gnu_cxx17__normal_iteratorIPKiSt6vectorIiSaIiEEEEPiET0_T_SA_S9_
FN:287,_ZSt22__uninitialized_copy_aISt13move_iteratorIPiES1_iET0_T_S4_S3_RSaIT1_E
FN:287,_ZSt22__uninitialized_copy_aISt13move_iteratorIPSt6vectorIiSaIiEEES4_S3_ET0_T_S7_S6_RSaIT1_E
FN:287,_ZSt22__uninitialized_copy_aIN9__gnu_cxx17__normal_iteratorIPKiSt6vectorIiSaIiEEEEPiiET0_T_SA_S9_RSaIT1_E
FN:287,_ZSt22__uninitialized_copy_aIN9__gnu_cxx17__normal_iteratorIPiSt6vectorIiSaIiEEEES2_iET0_T_S8_S7_RSaIT1_E
FN:305,_ZSt34__uninitialized_move_if_noexcept_aIPiS0_SaIiEET0_T_S3_S2_RT1_
FN:305,_ZSt34__uninitialized_move_if_noexcept_aIPSt6vectorIiSaIiEES3_SaIS2_EET0_T_S6_S5_RT1_
FNDA:0,_ZNSt20__uninitialized_copyILb0EE13__uninit_copyISt13move_iteratorIPSt6vectorIiSaIiEEES6_EET0_T_S9_S8_
FNDA:7,_ZNSt20__uninitialized_copyILb1EE13__uninit_copyIN9__gnu_cxx17__normal_iteratorIPiSt6vectorIiSaIiEEEES4_EET0_T_SA_S9_
FNDA:0,_ZNSt20__uninitialized_copyILb1EE13__uninit_copyISt13move_iteratorIPiES3_EET0_T_S6_S5_
FNDA:0,_ZNSt20__uninitialized_copyILb1EE13__uninit_copyIN9__gnu_cxx17__normal_iteratorIPKiSt6vectorIiSaIiEEEEPiEET0_T_SC_SB_
FNDA:7,_ZSt18uninitialized_copyIN9__gnu_cxx17__normal_iteratorIPiSt6vectorIiSaIiEEEES2_ET0_T_S8_S7_
FNDA:0,_ZSt18uninitialized_copyISt13move_iteratorIPSt6vectorIiSaIiEEES4_ET0_T_S7_S6_
FNDA:0,_ZSt18uninitialized_copyISt13move_iteratorIPiES1_ET0_T_S4_S3_
FNDA:0,_ZSt18uninitialized_copyIN9__gnu_cxx17__normal_iteratorIPKiSt6vectorIiSaIiEEEEPiET0_T_SA_S9_
FNDA:7,_ZSt22__uninitialized_copy_aIN9__gnu_cxx17__normal_iteratorIPiSt6vectorIiSaIiEEEES2_iET0_T_S8_S7_RSaIT1_E
FNDA:0,_ZSt22__uninitialized_copy_aISt13move_iteratorIPSt6vectorIiSaIiEEES4_S3_ET0_T_S7_S6_RSaIT1_E
FNDA:0,_ZSt22__uninitialized_copy_aISt13move_iteratorIPiES1_iET0_T_S4_S3_RSaIT1_E
FNDA:0,_ZSt22__uninitialized_copy_aIN9__gnu_cxx17__normal_iteratorIPKiSt6vectorIiSaIiEEEEPiiET0_T_SA_S9_RSaIT1_E
FNDA:0,_ZSt34__uninitialized_move_if_noexcept_aIPSt6vectorIiSaIiEES3_SaIS2_EET0_T_S6_S5_RT1_
FNDA:0,_ZSt34__uninitialized_move_if_noexcept_aIPiS0_SaIiEET0_T_S3_S2_RT1_
FNF:14
FNH:3
DA:76,0
DA:79,0
DA:82,0
DA:83,0
DA:84,0
DA:86,0
DA:88,0
DA:89,0
DA:99,7
DA:101,7
DA:115,7
DA:128,7
DA:134,7
DA:287,7
DA:289,7
DA:305,0
DA:311,0
DA:312,0
LF:18
LH:7
end_of_record
SF:/usr/include/c++/7/bits/stl_vector.h
FN:81,_ZNSt12_Vector_baseIiSaIiEE12_Vector_implD2Ev
FN:81,_ZNSt12_Vector_baseISt6vectorIiSaIiEESaIS2_EE12_Vector_implD2Ev
FN:88,_ZNSt12_Vector_baseISt6vectorIiSaIiEESaIS2_EE12_Vector_implC2Ev
FN:88,_ZNSt12_Vector_baseIiSaIiEE12_Vector_implC2Ev
FN:92,_ZNSt12_Vector_baseIiSaIiEE12_Vector_implC2ERKS0_
FN:97,_ZNSt12_Vector_baseIiSaIiEE12_Vector_implC2EOS0_
FN:103,_ZNSt12_Vector_baseIiSaIiEE12_Vector_impl12_M_swap_dataERS2_
FN:115,_ZNSt12_Vector_baseISt6vectorIiSaIiEESaIS2_EE19_M_get_Tp_allocatorEv
FN:115,_ZNSt12_Vector_baseIiSaIiEE19_M_get_Tp_allocatorEv
FN:119,_ZNKSt12_Vector_baseIiSaIiEE19_M_get_Tp_allocatorEv
FN:119,_ZNKSt12_Vector_baseISt6vectorIiSaIiEESaIS2_EE19_M_get_Tp_allocatorEv
FN:123,_ZNKSt12_Vector_baseIiSaIiEE13get_allocatorEv
FN:126,_ZNSt12_Vector_baseIiSaIiEEC2Ev
FN:126,_ZNSt12_Vector_baseISt6vectorIiSaIiEESaIS2_EEC2Ev
FN:129,_ZNSt12_Vector_baseIiSaIiEEC2ERKS0_
FN:136,_ZNSt12_Vector_baseIiSaIiEEC2EmRKS0_
FN:144,_ZNSt12_Vector_baseIiSaIiEEC2EOS1_
FN:161,_ZNSt12_Vector_baseIiSaIiEED2Ev
FN:161,_ZNSt12_Vector_baseISt6vectorIiSaIiEESaIS2_EED2Ev
FN:169,_ZNSt12_Vector_baseIiSaIiEE11_M_allocateEm
FN:169,_ZNSt12_Vector_baseISt6vectorIiSaIiEESaIS2_EE11_M_allocateEm
FN:176,_ZNSt12_Vector_baseIiSaIiEE13_M_deallocateEPim
FN:176,_ZNSt12_Vector_baseISt6vectorIiSaIiEESaIS2_EE13_M_deallocateEPS2_m
FN:185,_ZNSt12_Vector_baseIiSaIiEE17_M_create_storageEm
FN:259,_ZNSt6vectorIS_IiSaIiEESaIS1_EEC2Ev
FN:259,_ZNSt6vectorIiSaIiEEC2Ev
FN:270,_ZNSt6vectorIiSaIiEEC2ERKS0_
FN:326,_ZNSt6vectorIiSaIiEEC2ERKS1_
FN:344,_ZNSt6vectorIiSaIiEEC2EOS1_
FN:411,_ZNSt6vectorIiSaIiEEC2IN9__gnu_cxx17__normal_iteratorIPiS1_EEvEET_S7_RKS0_
FN:433,_ZNSt6vectorIiSaIiEED2Ev
FN:433,_ZNSt6vectorIS_IiSaIiEESaIS1_EED2Ev
FN:461,_ZNSt6vectorIiSaIiEEaSEOS1_
FN:563,_ZNSt6vectorIS_IiSaIiEESaIS1_EE5beginEv
FN:563,_ZNSt6vectorIiSaIiEE5beginEv
FN:572,_ZNKSt6vectorIiSaIiEE5beginEv
FN:581,_ZNSt6vectorIiSaIiEE3endEv
FN:581,_ZNSt6vectorIS_IiSaIiEESaIS1_EE3endEv
FN:590,_ZNKSt6vectorIiSaIiEE3endEv
FN:670,_ZNKSt6vectorINSt7__cxx1112basic_stringIcSt11char_traitsIcESaIcEEESaIS5_EE4sizeEv
FN:670,_ZNKSt6vectorIiSaIiEE4sizeEv
FN:670,_ZNKSt6vectorIS_IiSaIiEESaIS1_EE4sizeEv
FN:675,_ZNKSt6vectorIiSaIiEE8max_sizeEv
FN:675,_ZNKSt6vectorIS_IiSaIiEESaIS1_EE8max_sizeEv
FN:795,_ZNSt6vectorINSt7__cxx1112basic_stringIcSt11char_traitsIcESaIcEEESaIS5_EEixEm
FN:795,_ZNSt6vectorIiSaIiEEixEm
FN:939,_ZNSt6vectorIiSaIiEE9push_backERKi
FN:939,_ZNSt6vectorIS_IiSaIiEESaIS1_EE9push_backERKS1_
FN:953,_ZNSt6vectorIS_IiSaIiEESaIS1_EE9push_backEOS1_
FN:1294,_ZNSt6vectorIiSaIiEE22_M_initialize_dispatchIN9__gnu_cxx17__normal_iteratorIPiS1_EEEEvT_S7_St12__false_type
FN:1319,_ZNSt6vectorIiSaIiEE19_M_range_initializeIN9__gnu_cxx17__normal_iteratorIPiS1_EEEEvT_S7_St20forward_iterator_tag
FN:1497,_ZNKSt6vectorIS_IiSaIiEESaIS1_EE12_M_check_lenEmPKc
FN:1497,_ZNKSt6vectorIiSaIiEE12_M_check_lenEmPKc
FN:1529,_ZNSt6vectorIiSaIiEE14_M_move_assignEOS1_St17integral_constantIbLb1EE
FNDA:0,_ZNSt12_Vector_baseISt6vectorIiSaIiEESaIS2_EE12_Vector_implD2Ev
FNDA:0,_ZNSt12_Vector_baseIiSaIiEE12_Vector_implD2Ev
FNDA:0,_ZNSt12_Vector_baseISt6vectorIiSaIiEESaIS2_EE12_Vector_implC2Ev
FNDA:0,_ZNSt12_Vector_baseIiSaIiEE12_Vector_implC2Ev
FNDA:0,_ZNSt12_Vector_baseIiSaIiEE12_Vector_implC2ERKS0_
FNDA:0,_ZNSt12_Vector_baseIiSaIiEE12_Vector_implC2EOS0_
FNDA:0,_ZNSt12_Vector_baseIiSaIiEE12_Vector_impl12_M_swap_dataERS2_
FNDA:0,_ZNSt12_Vector_baseISt6vectorIiSaIiEESaIS2_EE19_M_get_Tp_allocatorEv
FNDA:0,_ZNSt12_Vector_baseIiSaIiEE19_M_get_Tp_allocatorEv
FNDA:0,_ZNKSt12_Vector_baseISt6vectorIiSaIiEESaIS2_EE19_M_get_Tp_allocatorEv
FNDA:0,_ZNKSt12_Vector_baseIiSaIiEE19_M_get_Tp_allocatorEv
FNDA:7,_ZNKSt12_Vector_baseIiSaIiEE13get_allocatorEv
FNDA:0,_ZNSt12_Vector_baseISt6vectorIiSaIiEESaIS2_EEC2Ev
FNDA:0,_ZNSt12_Vector_baseIiSaIiEEC2Ev
FNDA:76,_ZNSt12_Vector_baseIiSaIiEEC2ERKS0_
FNDA:0,_ZNSt12_Vector_baseIiSaIiEEC2EmRKS0_
FNDA:0,_ZNSt12_Vector_baseIiSaIiEEC2EOS1_
FNDA:0,_ZNSt12_Vector_baseISt6vectorIiSaIiEESaIS2_EED2Ev
FNDA:0,_ZNSt12_Vector_baseIiSaIiEED2Ev
FNDA:0,_ZNSt12_Vector_baseISt6vectorIiSaIiEESaIS2_EE11_M_allocateEm
FNDA:0,_ZNSt12_Vector_baseIiSaIiEE11_M_allocateEm
FNDA:0,_ZNSt12_Vector_baseISt6vectorIiSaIiEESaIS2_EE13_M_deallocateEPS2_m
FNDA:0,_ZNSt12_Vector_baseIiSaIiEE13_M_deallocateEPim
FNDA:0,_ZNSt12_Vector_baseIiSaIiEE17_M_create_storageEm
FNDA:0,_ZNSt6vectorIS_IiSaIiEESaIS1_EEC2Ev
FNDA:0,_ZNSt6vectorIiSaIiEEC2Ev
FNDA:7,_ZNSt6vectorIiSaIiEEC2ERKS0_
FNDA:0,_ZNSt6vectorIiSaIiEEC2ERKS1_
FNDA:0,_ZNSt6vectorIiSaIiEEC2EOS1_
FNDA:7,_ZNSt6vectorIiSaIiEEC2IN9__gnu_cxx17__normal_iteratorIPiS1_EEvEET_S7_RKS0_
FNDA:0,_ZNSt6vectorIS_IiSaIiEESaIS1_EED2Ev
FNDA:0,_ZNSt6vectorIiSaIiEED2Ev
FNDA:7,_ZNSt6vectorIiSaIiEEaSEOS1_
FNDA:0,_ZNSt6vectorIS_IiSaIiEESaIS1_EE5beginEv
FNDA:0,_ZNSt6vectorIiSaIiEE5beginEv
FNDA:0,_ZNKSt6vectorIiSaIiEE5beginEv
FNDA:0,_ZNSt6vectorIS_IiSaIiEESaIS1_EE3endEv
FNDA:0,_ZNSt6vectorIiSaIiEE3endEv
FNDA:0,_ZNKSt6vectorIiSaIiEE3endEv
FNDA:0,_ZNKSt6vectorIS_IiSaIiEESaIS1_EE4sizeEv
FNDA:34,_ZNKSt6vectorINSt7__cxx1112basic_stringIcSt11char_traitsIcESaIcEEESaIS5_EE4sizeEv
FNDA:0,_ZNKSt6vectorIiSaIiEE4sizeEv
FNDA:0,_ZNKSt6vectorIS_IiSaIiEESaIS1_EE8max_sizeEv
FNDA:0,_ZNKSt6vectorIiSaIiEE8max_sizeEv
FNDA:10,_ZNSt6vectorINSt7__cxx1112basic_stringIcSt11char_traitsIcESaIcEEESaIS5_EEixEm
FNDA:0,_ZNSt6vectorIiSaIiEEixEm
FNDA:0,_ZNSt6vectorIS_IiSaIiEESaIS1_EE9push_backERKS1_
FNDA:0,_ZNSt6vectorIiSaIiEE9push_backERKi
FNDA:4,_ZNSt6vectorIS_IiSaIiEESaIS1_EE9push_backEOS1_
FNDA:7,_ZNSt6vectorIiSaIiEE22_M_initialize_dispatchIN9__gnu_cxx17__normal_iteratorIPiS1_EEEEvT_S7_St12__false_type
FNDA:7,_ZNSt6vectorIiSaIiEE19_M_range_initializeIN9__gnu_cxx17__normal_iteratorIPiS1_EEEEvT_S7_St20forward_iterator_tag
FNDA:0,_ZNKSt6vectorIS_IiSaIiEESaIS1_EE12_M_check_lenEmPKc
FNDA:0,_ZNKSt6vectorIiSaIiEE12_M_check_lenEmPKc
FNDA:7,_ZNSt6vectorIiSaIiEE14_M_move_assignEOS1_St17integral_constantIbLb1EE
FNF:54
FNH:11
DA:81,0
DA:88,0
DA:89,0
DA:90,0
DA:92,0
DA:93,0
DA:94,0
DA:97,0
DA:98,0
DA:99,0
DA:100,0
DA:103,0
DA:105,0
DA:106,0
DA:107,0
DA:108,0
DA:115,0
DA:116,0
DA:119,0
DA:120,0
DA:123,7
DA:124,7
DA:126,0
DA:127,0
DA:129,76
DA:130,76
DA:136,0
DA:137,0
DA:138,0
DA:144,0
DA:145,0
DA:146,0
DA:161,0
DA:162,0
DA:163,0
DA:169,0
DA:172,0
DA:176,0
DA:179,0
DA:180,0
DA:181,0
DA:185,0
DA:187,0
DA:188,0
DA:189,0
DA:190,0
DA:259,0
DA:263,0
DA:270,7
DA:271,7
DA:326,0
DA:328,0
DA:330,0
DA:331,0
DA:333,0
DA:334,0
DA:344,0
DA:345,0
DA:411,7
DA:413,7
DA:414,7
DA:433,0
DA:434,0
DA:435,0
DA:461,7
DA:463,7
DA:466,7
DA:467,7
DA:563,0
DA:564,0
DA:572,0
DA:573,0
DA:581,0
DA:582,0
DA:590,0
DA:591,0
DA:670,34
DA:671,34
DA:675,0
DA:676,0
DA:795,10
DA:798,10
DA:939,0
DA:941,0
DA:943,0
DA:945,0
DA:948,0
DA:949,0
DA:953,4
DA:954,4
DA:1294,7
DA:1299,7
DA:1300,7
DA:1319,7
DA:1322,7
DA:1323,7
DA:1324,7
DA:1325,7
DA:1326,7
DA:1328,7
DA:1329,7
DA:1497,0
DA:1499,0
DA:1500,0
DA:1502,0
DA:1503,0
DA:1529,7
DA:1531,14
DA:1532,7
DA:1533,7
DA:1534,7
DA:1535,7
LF:112
LH:36
end_of_record
SF:/usr/include/c++/7/bits/vector.tcc
FN:95,_ZNSt6vectorIS_IiSaIiEESaIS1_EE12emplace_backIJS1_EEEvDpOT_
FN:394,_ZNSt6vectorIS_IiSaIiEESaIS1_EE17_M_realloc_insertIJRKS1_EEEvN9__gnu_cxx17__normal_iteratorIPS1_S3_EEDpOT_
FN:394,_ZNSt6vectorIiSaIiEE17_M_realloc_insertIJRKiEEEvN9__gnu_cxx17__normal_iteratorIPiS1_EEDpOT_
FN:394,_ZNSt6vectorIS_IiSaIiEESaIS1_EE17_M_realloc_insertIJS1_EEEvN9__gnu_cxx17__normal_iteratorIPS1_S3_EEDpOT_
FNDA:4,_ZNSt6vectorIS_IiSaIiEESaIS1_EE12emplace_backIJS1_EEEvDpOT_
FNDA:3,_ZNSt6vectorIS_IiSaIiEESaIS1_EE17_M_realloc_insertIJS1_EEEvN9__gnu_cxx17__normal_iteratorIPS1_S3_EEDpOT_
FNDA:0,_ZNSt6vectorIS_IiSaIiEESaIS1_EE17_M_realloc_insertIJRKS1_EEEvN9__gnu_cxx17__normal_iteratorIPS1_S3_EEDpOT_
FNDA:0,_ZNSt6vectorIiSaIiEE17_M_realloc_insertIJRKiEEEvN9__gnu_cxx17__normal_iteratorIPiS1_EEDpOT_
FNF:4
FNH:2
DA:95,4
DA:98,4
DA:100,1
DA:102,1
DA:105,3
DA:109,4
DA:394,3
DA:403,3
DA:405,3
DA:406,3
DA:407,3
DA:415,6
DA:416,3
DA:422,3
DA:424,3
DA:426,3
DA:427,3
DA:429,3
DA:431,3
DA:433,3
DA:434,3
DA:436,0
DA:438,0
DA:439,0
DA:440,0
DA:442,0
DA:443,0
DA:444,0
DA:446,3
DA:447,3
DA:448,6
DA:449,3
DA:450,3
DA:451,3
DA:452,3
DA:453,3
DA:454,3
LF:37
LH:30
end_of_record
SF:/usr/include/c++/7/cmath
FN:463,_ZSt4sqrtf
FNDA:360020,_ZSt4sqrtf
FNF:1
FNH:1
DA:463,360020
DA:464,360020
LF:2
LH:2
end_of_record
SF:/usr/include/c++/7/ext/alloc_traits.h
FN:94,_ZN9__gnu_cxx14__alloc_traitsISaIiEE17_S_select_on_copyERKS1_
FNDA:0,_ZN9__gnu_cxx14__alloc_traitsISaIiEE17_S_select_on_copyERKS1_
FNF:1
FNH:0
DA:94,0
DA:95,0
LF:2
LH:0
end_of_record
SF:/usr/include/c++/7/ext/new_allocator.h
FN:79,_ZN9__gnu_cxx13new_allocatorIiEC2Ev
FN:79,_ZN9__gnu_cxx13new_allocatorISt6vectorIiSaIiEEEC2Ev
FN:81,_ZN9__gnu_cxx13new_allocatorIiEC2ERKS1_
FN:86,_ZN9__gnu_cxx13new_allocatorISt6vectorIiSaIiEEED2Ev
FN:86,_ZN9__gnu_cxx13new_allocatorIiED2Ev
FN:99,_ZN9__gnu_cxx13new_allocatorIiE8allocateEmPKv
FN:99,_ZN9__gnu_cxx13new_allocatorISt6vectorIiSaIiEEE8allocateEmPKv
FN:116,_ZN9__gnu_cxx13new_allocatorISt6vectorIiSaIiEEE10deallocateEPS3_m
FN:116,_ZN9__gnu_cxx13new_allocatorIiE10deallocateEPim
FN:129,_ZNK9__gnu_cxx13new_allocatorIiE8max_sizeEv
FN:129,_ZNK9__gnu_cxx13new_allocatorISt6vectorIiSaIiEEE8max_sizeEv
FN:135,_ZN9__gnu_cxx13new_allocatorISt6vectorIiSaIiEEE9constructIS3_JRKS3_EEEvPT_DpOT0_
FN:135,_ZN9__gnu_cxx13new_allocatorIiE9constructIiJRKiEEEvPT_DpOT0_
FN:135,_ZN9__gnu_cxx13new_allocatorISt6vectorIiSaIiEEE9constructIS3_JS3_EEEvPT_DpOT0_
FN:140,_ZN9__gnu_cxx13new_allocatorISt6vectorIiSaIiEEE7destroyIS3_EEvPT_
FN:140,_ZN9__gnu_cxx13new_allocatorIiE7destroyIiEEvPT_
FNDA:0,_ZN9__gnu_cxx13new_allocatorISt6vectorIiSaIiEEEC2Ev
FNDA:0,_ZN9__gnu_cxx13new_allocatorIiEC2Ev
FNDA:0,_ZN9__gnu_cxx13new_allocatorIiEC2ERKS1_
FNDA:0,_ZN9__gnu_cxx13new_allocatorISt6vectorIiSaIiEEED2Ev
FNDA:0,_ZN9__gnu_cxx13new_allocatorIiED2Ev
FNDA:0,_ZN9__gnu_cxx13new_allocatorISt6vectorIiSaIiEEE8allocateEmPKv
FNDA:0,_ZN9__gnu_cxx13new_allocatorIiE8allocateEmPKv
FNDA:0,_ZN9__gnu_cxx13new_allocatorISt6vectorIiSaIiEEE10deallocateEPS3_m
FNDA:0,_ZN9__gnu_cxx13new_allocatorIiE10deallocateEPim
FNDA:0,_ZNK9__gnu_cxx13new_allocatorISt6vectorIiSaIiEEE8max_sizeEv
FNDA:0,_ZNK9__gnu_cxx13new_allocatorIiE8max_sizeEv
FNDA:4,_ZN9__gnu_cxx13new_allocatorISt6vectorIiSaIiEEE9constructIS3_JS3_EEEvPT_DpOT0_
FNDA:0,_ZN9__gnu_cxx13new_allocatorISt6vectorIiSaIiEEE9constructIS3_JRKS3_EEEvPT_DpOT0_
FNDA:0,_ZN9__gnu_cxx13new_allocatorIiE9constructIiJRKiEEEvPT_DpOT0_
FNDA:0,_ZN9__gnu_cxx13new_allocatorISt6vectorIiSaIiEEE7destroyIS3_EEvPT_
FNDA:0,_ZN9__gnu_cxx13new_allocatorIiE7destroyIiEEvPT_
FNF:16
FNH:1
DA:79,0
DA:81,0
DA:86,0
DA:99,0
DA:101,0
DA:102,0
DA:111,0
DA:116,0
DA:125,0
DA:126,0
DA:129,0
DA:130,0
DA:135,4
DA:136,4
DA:140,0
LF:15
LH:2
end_of_record
SF:/usr/include/c++/7/iostream
DA:74,2
LF:1
LH:1
end_of_record
SF:/usr/include/c++/7/new
FN:168,_ZnwmPv
FN:174,_ZdlPvS_
FNDA:0,_ZnwmPv
FNDA:0,_ZdlPvS_
FNF:2
FNH:0
DA:168,0
DA:169,0
DA:174,0
LF:3
LH:0
end_of_record
TN:
SF:/home/enzo/Documentos/Facultad/Algo I/TP/Implementacion/src/solucion.cpp
FN:5,_Z15grabacionValidaSt6vectorIiSaIiEEii
FN:16,_Z7enRangoSt6vectorIiSaIiEEi
FN:29,_Z11micFuncionaSt6vectorIiSaIiEEi
FN:46,_Z6subseqSt6vectorIiSaIiEEii
FN:53,_Z13sonTodosCerosSt6vectorIiSaIiEE
FN:62,_Z12elAcaparadorSt6vectorIS_IiSaIiEESaIS1_EEii
FN:70,_Z7acaparaSt6vectorIS_IiSaIiEESaIS1_EEiii
FN:84,_Z15intensidadMediaSt6vectorIiSaIiEE
FN:95,_Z10ardillizarSt6vectorIS_IiSaIiEESaIS1_EEii
FN:106,_Z15ardillizarAudioSt6vectorIiSaIiEE
FN:118,_Z15flashElPerezosoSt6vectorIS_IiSaIiEESaIS1_EEii
FN:137,_Z9silenciosRSt6vectorIiSaIiEEiii
FN:166,_Z14indiceEnTiempofi
FN:171,_Z14noSuperaUmbralRSt6vectorIiSaIiEEiii
FN:179,_Z18noHaySilencioMayorRSt6vectorIiSaIiEEiii
FN:196,_Z11hayQuilomboSt6vectorIS_IiSaIiEESaIS1_EEiii
FN:212,_Z10seRespetanSt6vectorIS_IiSaIiEESaIS1_EEiiiii
FN:225,_Z24haySilencioQueLoContieneSt6vectorIiSaIiEEiiii
FN:243,_Z22cargarIntervaloDeHablaNSt7__cxx1112basic_stringIcSt11char_traitsIcESaIcEEE
FN:260,_Z10enmascararfSt6vectorISt5tupleIJffEESaIS1_EE
FN:277,_Z14negacionLogicaRSt6vectorIbSaIbEE
FN:284,_Z19enmascararSilenciosRSt6vectorIiSaIiEEiii
FN:291,_Z19verdaderosPositivosRSt6vectorIbSaIbEES2_
FN:302,_Z19verdaderosNegativosRSt6vectorIbSaIbEES2_
FN:313,_Z15falsosPositivosRSt6vectorIbSaIbEES2_
FN:324,_Z15falsosNegativosRSt6vectorIbSaIbEES2_
FN:336,_Z17compararSilenciosRSt6vectorIiSaIiEEiiii
FN:369,_Z14resultadoFinalRSt6vectorIS_IiSaIiEESaIS1_EEiii
FN:379,_Z11sacarPausasRSt6vectorIiSaIiEEiii
FN:391,_Z26muestraEnMomentoDeSilencioRSt6vectorIiSaIiEEiS_ISt5tupleIJffEESaIS4_EEi
FN:405,_Z18encontrarAparicionSt6vectorIiSaIiEES1_
FN:410,_Z19comienzoCorrelacionSt6vectorIiSaIiEES1_
FN:423,_Z16medirLaDistanciaSt6vectorIS_IiSaIiEESaIS1_EES1_ii
FN:446,_Z21intensidadCorrelacionSt6vectorIiSaIiEES1_
FN:462,_Z11distanciaAPSt6vectorIS_IiSaIiEESaIS1_EEiiiS1_
FN:467,_Z41__static_initialization_and_destruction_0ii
FN:467,_GLOBAL__sub_I__Z15grabacionValidaSt6vectorIiSaIiEEii
FNDA:4,_Z15grabacionValidaSt6vectorIiSaIiEEii
FNDA:4,_Z7enRangoSt6vectorIiSaIiEEi
FNDA:3,_Z11micFuncionaSt6vectorIiSaIiEEi
FNDA:180427,_Z6subseqSt6vectorIiSaIiEEii
FNDA:19,_Z13sonTodosCerosSt6vectorIiSaIiEE
FNDA:2,_Z12elAcaparadorSt6vectorIS_IiSaIiEESaIS1_EEii
FNDA:5,_Z7acaparaSt6vectorIS_IiSaIiEESaIS1_EEiii
FNDA:30,_Z15intensidadMediaSt6vectorIiSaIiEE
FNDA:4,_Z10ardillizarSt6vectorIS_IiSaIiEESaIS1_EEii
FNDA:8,_Z15ardillizarAudioSt6vectorIiSaIiEE
FNDA:2,_Z15flashElPerezosoSt6vectorIS_IiSaIiEESaIS1_EEii
FNDA:221,_Z9silenciosRSt6vectorIiSaIiEEiii
FNDA:1548966,_Z14indiceEnTiempofi
FNDA:1548874,_Z14noSuperaUmbralRSt6vectorIiSaIiEEiii
FNDA:10454126,_Z18noHaySilencioMayorRSt6vectorIiSaIiEEiii
FNDA:6,_Z11hayQuilomboSt6vectorIS_IiSaIiEESaIS1_EEiii
FNDA:20,_Z10seRespetanSt6vectorIS_IiSaIiEESaIS1_EEiiiii
FNDA:211,_Z24haySilencioQueLoContieneSt6vectorIiSaIiEEiiii
FNDA:8,_Z22cargarIntervaloDeHablaNSt7__cxx1112basic_stringIcSt11char_traitsIcESaIcEEE
FNDA:16,_Z10enmascararfSt6vectorISt5tupleIJffEESaIS1_EE
FNDA:8,_Z14negacionLogicaRSt6vectorIbSaIbEE
FNDA:7,_Z19enmascararSilenciosRSt6vectorIiSaIiEEiii
FNDA:7,_Z19verdaderosPositivosRSt6vectorIbSaIbEES2_
FNDA:7,_Z19verdaderosNegativosRSt6vectorIbSaIbEES2_
FNDA:7,_Z15falsosPositivosRSt6vectorIbSaIbEES2_
FNDA:7,_Z15falsosNegativosRSt6vectorIbSaIbEES2_
FNDA:7,_Z17compararSilenciosRSt6vectorIiSaIiEEiiii
FNDA:1,_Z14resultadoFinalRSt6vectorIS_IiSaIiEESaIS1_EEiii
FNDA:2,_Z11sacarPausasRSt6vectorIiSaIiEEiii
FNDA:29,_Z26muestraEnMomentoDeSilencioRSt6vectorIiSaIiEEiS_ISt5tupleIJffEESaIS4_EEi
FNDA:2,_Z18encontrarAparicionSt6vectorIiSaIiEES1_
FNDA:8,_Z19comienzoCorrelacionSt6vectorIiSaIiEES1_
FNDA:1,_Z16medirLaDistanciaSt6vectorIS_IiSaIiEESaIS1_EES1_ii
FNDA:8,_Z21intensidadCorrelacionSt6vectorIiSaIiEES1_
FNDA:3,_Z11distanciaAPSt6vectorIS_IiSaIiEESaIS1_EEiiiS1_
FNDA:2,_GLOBAL__sub_I__Z15grabacionValidaSt6vectorIiSaIiEEii
FNDA:2,_Z41__static_initialization_and_destruction_0ii
FNF:37
FNH:37
DA:5,4
DA:6,4
DA:7,4
DA:8,4
DA:9,4
DA:10,4
DA:11,4
DA:12,2
DA:13,4
DA:16,4
DA:17,4
DA:18,4
DA:19,4
DA:20,4
DA:21,78
DA:22,37
DA:23,1
DA:24,37
DA:26,4
DA:29,3
DA:30,3
DA:31,3
DA:32,65
DA:33,31
DA:34,849
DA:35,818
DA:36,409
DA:37,409
DA:38,3
DA:39,409
DA:41,31
DA:43,3
DA:46,180427
DA:47,180427
DA:48,2628298317
DA:49,2628117890
DA:50,180427
DA:53,19
DA:54,19
DA:55,255
DA:56,236
DA:57,220
DA:58,19
DA:62,2
DA:63,2
DA:64,8
DA:65,3
DA:67,2
DA:70,5
DA:71,5
DA:72,5
DA:73,35
DA:74,15
DA:75,3
DA:77,15
DA:80,5
DA:84,30
DA:85,30
DA:86,30
DA:87,233926
DA:88,116948
DA:89,116948
DA:91,30
DA:95,4
DA:96,4
DA:97,4
DA:98,20
DA:99,16
DA:100,8
DA:101,8
DA:103,4
DA:106,8
DA:107,8
DA:108,8
DA:109,208
DA:110,100
DA:111,52
DA:112,100
DA:114,8
DA:118,2
DA:119,2
DA:120,2
DA:121,2
DA:122,2
DA:123,2
DA:124,16
DA:125,7
DA:126,79
DA:127,36
DA:128,36
DA:129,29
DA:130,36
DA:132,7
DA:134,2
DA:137,221
DA:138,221
DA:139,221
DA:140,3989427
DA:141,1994603
DA:143,1548874
DA:144,1548874
DA:145,1548874
DA:146,20909053
DA:147,10454126
DA:148,456
DA:149,456
DA:150,456
DA:151,456
DA:152,456
DA:153,456
DA:155,10454126
DA:157,801
DA:160,1994603
DA:162,221
DA:166,1548966
DA:167,1548966
DA:168,1548966
DA:171,1548874
DA:172,1548874
DA:173,2482077517
DA:174,2480528643
DA:175,346105230
DA:176,1548874
DA:179,10454126
DA:180,10454126
DA:181,10454126
DA:182,9850849
DA:183,9850807
DA:185,42
DA:188,603277
DA:189,603241
DA:192,10454126
DA:196,6
DA:197,6
DA:198,6
DA:199,6
DA:200,34
DA:201,14
DA:202,82
DA:203,34
DA:204,10
DA:205,34
DA:207,14
DA:209,6
DA:212,20
DA:213,20
DA:214,40
DA:215,40
DA:216,20
DA:217,288
DA:218,134
DA:219,134
DA:220,134
DA:222,40
DA:225,211
DA:226,211
DA:227,211
DA:228,211
DA:229,422
DA:230,211
DA:231,563
DA:232,176
DA:233,176
DA:234,176
DA:235,176
DA:236,94
DA:237,176
DA:239,422
DA:243,8
DA:244,8
DA:245,16
DA:246,8
DA:247,368
DA:250,180
DA:251,180
DA:252,180
DA:253,180
DA:254,180
DA:256,8
DA:257,16
DA:260,16
DA:261,16
DA:262,16
DA:263,336066
DA:264,168025
DA:265,10800175
DA:266,5316075
DA:267,5316075
DA:268,5316075
DA:269,64539
DA:270,5316075
DA:272,168025
DA:274,16
DA:277,8
DA:278,84023
DA:279,84015
DA:280,84015
DA:282,8
DA:284,7
DA:285,14
DA:286,7
DA:287,7
DA:288,14
DA:291,7
DA:294,7
DA:295,84007
DA:296,84000
DA:297,56481
DA:298,27613
DA:300,7
DA:302,7
DA:305,7
DA:306,84007
DA:307,84000
DA:308,27519
DA:309,18127
DA:311,7
DA:313,7
DA:316,7
DA:317,84007
DA:318,84000
DA:319,27519
DA:320,9392
DA:322,7
DA:324,7
DA:327,7
DA:328,84007
DA:329,84000
DA:330,56481
DA:331,28868
DA:333,7
DA:336,7
DA:338,14
DA:342,14
DA:343,7
DA:344,7
DA:345,7
DA:346,7
DA:347,7
DA:348,7
DA:349,7
DA:350,14
DA:351,7
DA:352,14
DA:354,7
DA:357,7
DA:358,7
DA:359,7
DA:360,7
DA:361,7
DA:362,7
DA:365,7
DA:366,14
DA:369,1
DA:370,1
DA:371,1
DA:372,7
DA:373,6
DA:375,1
DA:379,2
DA:380,2
DA:381,4
DA:382,2
DA:383,60
DA:384,29
DA:385,14
DA:386,29
DA:388,4
DA:391,29
DA:392,29
DA:393,29
DA:394,121
DA:395,46
DA:396,46
DA:397,46
DA:398,15
DA:399,46
DA:401,29
DA:405,2
DA:406,2
DA:407,2
DA:410,8
DA:411,8
DA:412,8
DA:413,8
DA:414,42013
DA:415,42005
DA:416,843
DA:419,8
DA:423,1
DA:424,1
DA:425,1
DA:426,5
DA:427,4
DA:428,1
DA:431,1
DA:433,1
DA:434,9
DA:435,4
DA:436,3
DA:438,1
DA:440,4
DA:443,1
DA:446,8
DA:447,8
DA:448,8
DA:449,8
DA:450,8
DA:451,48008
DA:452,48000
DA:453,883
DA:456,8
DA:458,8
DA:462,3
DA:463,3
DA:464,3
DA:466,3
DA:467,6
LF:318
LH:318
end_of_record
SF:/usr/include/c++/7/bits/alloc_traits.h
FN:435,_ZNSt16allocator_traitsISaIiEE8allocateERS0_m
FN:435,_ZNSt16allocator_traitsISaISt6vectorIiSaIiEEEE8allocateERS3_m
FN:435,_ZNSt16allocator_traitsISaISt5tupleIJffEEEE8allocateERS2_m
FN:435,_ZNSt16allocator_traitsISaIfEE8allocateERS0_m
FN:435,_ZNSt16allocator_traitsISaImEE8allocateERS0_m
FN:461,_ZNSt16allocator_traitsISaISt6vectorIiSaIiEEEE10deallocateERS3_PS2_m
FN:461,_ZNSt16allocator_traitsISaIiEE10deallocateERS0_Pim
FN:461,_ZNSt16allocator_traitsISaImEE10deallocateERS0_Pmm
FN:461,_ZNSt16allocator_traitsISaISt5tupleIJffEEEE10deallocateERS2_PS1_m
FN:461,_ZNSt16allocator_traitsISaIfEE10deallocateERS0_Pfm
FN:474,_ZNSt16allocator_traitsISaISt6vectorIiSaIiEEEE9constructIS2_JRKS2_EEEvRS3_PT_DpOT0_
FN:474,_ZNSt16allocator_traitsISaISt5tupleIJffEEEE9constructIS1_JRKS1_EEEvRS2_PT_DpOT0_
FN:474,_ZNSt16allocator_traitsISaIiEE9constructIiJRKiEEEvRS0_PT_DpOT0_
FN:474,_ZNSt16allocator_traitsISaIfEE9constructIfJfEEEvRS0_PT_DpOT0_
FN:486,_ZNSt16allocator_traitsISaIiEE7destroyIiEEvRS0_PT_
FN:486,_ZNSt16allocator_traitsISaISt5tupleIJffEEEE7destroyIS1_EEvRS2_PT_
FN:486,_ZNSt16allocator_traitsISaIfEE7destroyIfEEvRS0_PT_
FN:486,_ZNSt16allocator_traitsISaISt6vectorIiSaIiEEEE7destroyIS2_EEvRS3_PT_
FN:495,_ZNSt16allocator_traitsISaISt6vectorIiSaIiEEEE8max_sizeERKS3_
FN:495,_ZNSt16allocator_traitsISaIfEE8max_sizeERKS0_
FN:495,_ZNSt16allocator_traitsISaISt5tupleIJffEEEE8max_sizeERKS2_
FN:495,_ZNSt16allocator_traitsISaIiEE8max_sizeERKS0_
FN:504,_ZNSt16allocator_traitsISaISt5tupleIJffEEEE37select_on_container_copy_constructionERKS2_
FN:504,_ZNSt16allocator_traitsISaIiEE37select_on_container_copy_constructionERKS0_
FN:504,_ZNSt16allocator_traitsISaISt6vectorIiSaIiEEEE37select_on_container_copy_constructionERKS3_
FNDA:4,_ZNSt16allocator_traitsISaIfEE8allocateERS0_m
FNDA:20,_ZNSt16allocator_traitsISaImEE8allocateERS0_m
FNDA:320,_ZNSt16allocator_traitsISaISt5tupleIJffEEEE8allocateERS2_m
FNDA:80,_ZNSt16allocator_traitsISaISt6vectorIiSaIiEEEE8allocateERS3_m
FNDA:3422266,_ZNSt16allocator_traitsISaIiEE8allocateERS0_m
FNDA:4,_ZNSt16allocator_traitsISaIfEE10deallocateERS0_Pfm
FNDA:20,_ZNSt16allocator_traitsISaImEE10deallocateERS0_Pmm
FNDA:320,_ZNSt16allocator_traitsISaISt5tupleIJffEEEE10deallocateERS2_PS1_m
FNDA:80,_ZNSt16allocator_traitsISaISt6vectorIiSaIiEEEE10deallocateERS3_PS2_m
FNDA:3422266,_ZNSt16allocator_traitsISaIiEE10deallocateERS0_Pim
FNDA:4,_ZNSt16allocator_traitsISaIfEE9constructIfJfEEEvRS0_PT_DpOT0_
FNDA:636,_ZNSt16allocator_traitsISaISt5tupleIJffEEEE9constructIS1_JRKS1_EEEvRS2_PT_DpOT0_
FNDA:14,_ZNSt16allocator_traitsISaISt6vectorIiSaIiEEEE9constructIS2_JRKS2_EEEvRS3_PT_DpOT0_
FNDA:2654997956,_ZNSt16allocator_traitsISaIiEE9constructIiJRKiEEEvRS0_PT_DpOT0_
FNDA:0,_ZNSt16allocator_traitsISaIfEE7destroyIfEEvRS0_PT_
FNDA:0,_ZNSt16allocator_traitsISaISt5tupleIJffEEEE7destroyIS1_EEvRS2_PT_
FNDA:0,_ZNSt16allocator_traitsISaISt6vectorIiSaIiEEEE7destroyIS2_EEvRS3_PT_
FNDA:0,_ZNSt16allocator_traitsISaIiEE7destroyIiEEvRS0_PT_
FNDA:6,_ZNSt16allocator_traitsISaIfEE8max_sizeERKS0_
FNDA:544,_ZNSt16allocator_traitsISaISt5tupleIJffEEEE8max_sizeERKS2_
FNDA:30,_ZNSt16allocator_traitsISaISt6vectorIiSaIiEEEE8max_sizeERKS3_
FNDA:5402372,_ZNSt16allocator_traitsISaIiEE8max_sizeERKS0_
FNDA:45,_ZNSt16allocator_traitsISaISt5tupleIJffEEEE37select_on_container_copy_constructionERKS2_
FNDA:43,_ZNSt16allocator_traitsISaISt6vectorIiSaIiEEEE37select_on_container_copy_constructionERKS3_
FNDA:721009,_ZNSt16allocator_traitsISaIiEE37select_on_container_copy_constructionERKS0_
FNF:25
FNH:21
DA:435,3422690
DA:436,3422690
DA:461,3422690
DA:462,3422690
DA:474,2654998610
DA:475,2654998610
DA:486,0
DA:487,0
DA:495,5402952
DA:496,5402952
DA:504,721097
DA:505,721097
LF:12
LH:10
end_of_record
SF:/usr/include/c++/7/bits/allocator.h
FN:131,_ZNSaIbEC2Ev
FN:131,_ZNSaISt5tupleIJffEEEC2Ev
FN:131,_ZNSaIfEC2Ev
FN:131,_ZNSaIiEC2Ev
FN:131,_ZNSaISt6vectorIiSaIiEEEC2Ev
FN:133,_ZNSaIiEC2ERKS_
FN:133,_ZNSaISt5tupleIJffEEEC2ERKS1_
FN:133,_ZNSaImEC2ERKS_
FN:133,_ZNSaISt6vectorIiSaIiEEEC2ERKS2_
FN:137,_ZNSaImEC2IbEERKSaIT_E
FN:139,_ZNSaIfED2Ev
FN:139,_ZNSaIbED2Ev
FN:139,_ZNSaISt5tupleIJffEEED2Ev
FN:139,_ZNSaImED2Ev
FN:139,_ZNSaIiED2Ev
FN:139,_ZNSaISt6vectorIiSaIiEEED2Ev
FNDA:2,_ZNSaIfEC2Ev
FNDA:232,_ZNSaISt5tupleIJffEEEC2Ev
FNDA:20,_ZNSaIbEC2Ev
FNDA:28,_ZNSaISt6vectorIiSaIiEEEC2Ev
FNDA:180559,_ZNSaIiEC2Ev
FNDA:20,_ZNSaImEC2ERKS_
FNDA:93,_ZNSaISt5tupleIJffEEEC2ERKS1_
FNDA:108,_ZNSaISt6vectorIiSaIiEEEC2ERKS2_
FNDA:1442121,_ZNSaIiEC2ERKS_
FNDA:20,_ZNSaImEC2IbEERKSaIT_E
FNDA:2,_ZNSaIfED2Ev
FNDA:40,_ZNSaImED2Ev
FNDA:325,_ZNSaISt5tupleIJffEEED2Ev
FNDA:20,_ZNSaIbED2Ev
FNDA:136,_ZNSaISt6vectorIiSaIiEEED2Ev
FNDA:1622680,_ZNSaIiED2Ev
FNF:16
FNH:16
DA:131,180841
DA:133,1442342
DA:134,1442342
DA:137,20
DA:139,1623203
LF:5
LH:5
end_of_record
SF:/usr/include/c++/7/bits/cpp_type_traits.h
FN:408,_ZSt12__miter_baseIN9__gnu_cxx17__normal_iteratorIPKiSt6vectorIiSaIiEEEEET_S8_
FN:408,_ZSt12__miter_baseIPiET_S1_
FN:408,_ZSt12__miter_baseIPfET_S1_
FNDA:12,_ZSt12__miter_baseIPfET_S1_
FNDA:10804744,_ZSt12__miter_baseIPiET_S1_
FNDA:1442018,_ZSt12__miter_baseIN9__gnu_cxx17__normal_iteratorIPKiSt6vectorIiSaIiEEEEET_S8_
FNF:3
FNH:3
DA:408,12246774
DA:409,12246774
LF:2
LH:2
end_of_record
SF:/usr/include/c++/7/bits/move.h
FN:47,_ZSt11__addressofImEPT_RS0_
FN:47,_ZSt11__addressofISt6vectorIiSaIiEEEPT_RS3_
FN:47,_ZSt11__addressofISt5tupleIJffEEEPT_RS2_
FN:73,_ZSt7forwardIRKSt6vectorIiSaIiEEEOT_RNSt16remove_referenceIS5_E4typeE
FN:73,_ZSt7forwardISt5tupleIJffEEEOT_RNSt16remove_referenceIS2_E4typeE
FN:73,_ZSt7forwardISt6vectorIiSaIiEEEOT_RNSt16remove_referenceIS3_E4typeE
FN:73,_ZSt7forwardIfEOT_RNSt16remove_referenceIS0_E4typeE
FN:73,_ZSt7forwardIRKiEOT_RNSt16remove_referenceIS2_E4typeE
FN:73,_ZSt7forwardIRKSt5tupleIJffEEEOT_RNSt16remove_referenceIS4_E4typeE
FN:98,_ZSt4moveIRSaImEEONSt16remove_referenceIT_E4typeEOS3_
FN:98,_ZSt4moveIRfEONSt16remove_referenceIT_E4typeEOS2_
FN:98,_ZSt4moveIRSt6vectorIiSaIiEEEONSt16remove_referenceIT_E4typeEOS5_
FN:98,_ZSt4moveIRSt11_Tuple_implILm1EJfEEEONSt16remove_referenceIT_E4typeEOS4_
FN:98,_ZSt4moveIRPiEONSt16remove_referenceIT_E4typeEOS3_
FN:98,_ZSt4moveIRSaIiEEONSt16remove_referenceIT_E4typeEOS3_
FN:187,_ZSt4swapIPiENSt9enable_ifIXsrSt6__and_IJSt6__not_ISt15__is_tuple_likeIT_EESt21is_move_constructibleIS5_ESt18is_move_assignableIS5_EEE5valueEvE4typeERS5_SF_
FNDA:1135,_ZSt11__addressofISt5tupleIJffEEEPT_RS2_
FNDA:408,_ZSt11__addressofISt6vectorIiSaIiEEEPT_RS3_
FNDA:56,_ZSt11__addressofImEPT_RS0_
FNDA:632,_ZSt7forwardISt5tupleIJffEEEOT_RNSt16remove_referenceIS2_E4typeE
FNDA:29,_ZSt7forwardISt6vectorIiSaIiEEEOT_RNSt16remove_referenceIS3_E4typeE
FNDA:2543,_ZSt7forwardIfEOT_RNSt16remove_referenceIS0_E4typeE
FNDA:2047,_ZSt7forwardIRKSt5tupleIJffEEEOT_RNSt16remove_referenceIS4_E4typeE
FNDA:221,_ZSt7forwardIRKSt6vectorIiSaIiEEEOT_RNSt16remove_referenceIS5_E4typeE
FNDA:5312697038,_ZSt7forwardIRKiEOT_RNSt16remove_referenceIS2_E4typeE
FNDA:632,_ZSt4moveIRSt11_Tuple_implILm1EJfEEEONSt16remove_referenceIT_E4typeEOS4_
FNDA:288,_ZSt4moveIRPiEONSt16remove_referenceIT_E4typeEOS3_
FNDA:20,_ZSt4moveIRSaImEEONSt16remove_referenceIT_E4typeEOS3_
FNDA:43,_ZSt4moveIRSaIiEEONSt16remove_referenceIT_E4typeEOS3_
FNDA:4,_ZSt4moveIRfEONSt16remove_referenceIT_E4typeEOS2_
FNDA:29,_ZSt4moveIRSt6vectorIiSaIiEEEONSt16remove_referenceIT_E4typeEOS5_
FNDA:96,_ZSt4swapIPiENSt9enable_ifIXsrSt6__and_IJSt6__not_ISt15__is_tuple_likeIT_EESt21is_move_constructibleIS5_ESt18is_move_assignableIS5_EEE5valueEvE4typeERS5_SF_
FNF:16
FNH:16
DA:47,1599
DA:48,1599
DA:73,5312702510
DA:74,5312702510
DA:98,1016
DA:99,1016
DA:187,96
DA:198,96
DA:199,96
DA:200,96
DA:201,96
LF:11
LH:11
end_of_record
SF:/usr/include/c++/7/bits/stl_algobase.h
FN:219,_ZSt3maxImERKT_S2_S2_
FN:277,_ZSt12__niter_baseIPiET_S1_
FN:277,_ZSt12__niter_baseIPfET_S1_
FN:277,_ZSt12__niter_baseIPmET_S1_
FN:357,_ZNSt11__copy_moveILb0ELb1ESt26random_access_iterator_tagE8__copy_mIiEEPT_PKS3_S6_S4_
FN:357,_ZNSt11__copy_moveILb1ELb1ESt26random_access_iterator_tagE8__copy_mIfEEPT_PKS3_S6_S4_
FN:357,_ZNSt11__copy_moveILb1ELb1ESt26random_access_iterator_tagE8__copy_mIiEEPT_PKS3_S6_S4_
FN:375,_ZSt13__copy_move_aILb1EPiS0_ET1_T0_S2_S1_
FN:375,_ZSt13__copy_move_aILb0EPKiPiET1_T0_S4_S3_
FN:375,_ZSt13__copy_move_aILb1EPfS0_ET1_T0_S2_S1_
FN:420,_ZSt14__copy_move_a2ILb0EN9__gnu_cxx17__normal_iteratorIPKiSt6vectorIiSaIiEEEEPiET1_T0_SA_S9_
FN:420,_ZSt14__copy_move_a2ILb1EPfS0_ET1_T0_S2_S1_
FN:420,_ZSt14__copy_move_a2ILb1EPiS0_ET1_T0_S2_S1_
FN:446,_ZSt4copyISt13move_iteratorIPfES1_ET0_T_S4_S3_
FN:446,_ZSt4copyIN9__gnu_cxx17__normal_iteratorIPKiSt6vectorIiSaIiEEEEPiET0_T_SA_S9_
FN:446,_ZSt4copyISt13move_iteratorIPiES1_ET0_T_S4_S3_
FN:691,_ZSt8__fill_aIPmiEN9__gnu_cxx11__enable_ifIXsrSt11__is_scalarIT0_E7__valueEvE6__typeET_S8_RKS4_
FN:724,_ZSt4fillIPmiEvT_S1_RKT0_
FN:749,_ZSt10__fill_n_aIPimiEN9__gnu_cxx11__enable_ifIXsrSt11__is_scalarIT1_E7__valueET_E6__typeES6_T0_RKS4_
FN:784,_ZSt6fill_nIPimiET_S1_T0_RKT1_
FNDA:2701542,_ZSt3maxImERKT_S2_S2_
FNDA:19,_ZSt12__niter_baseIPfET_S1_
FNDA:16928196,_ZSt12__niter_baseIPiET_S1_
FNDA:32,_ZSt12__niter_baseIPmET_S1_
FNDA:6,_ZNSt11__copy_moveILb1ELb1ESt26random_access_iterator_tagE8__copy_mIfEEPT_PKS3_S6_S4_
FNDA:5402372,_ZNSt11__copy_moveILb1ELb1ESt26random_access_iterator_tagE8__copy_mIiEEPT_PKS3_S6_S4_
FNDA:721078,_ZNSt11__copy_moveILb0ELb1ESt26random_access_iterator_tagE8__copy_mIiEEPT_PKS3_S6_S4_
FNDA:6,_ZSt13__copy_move_aILb1EPfS0_ET1_T0_S2_S1_
FNDA:5402372,_ZSt13__copy_move_aILb1EPiS0_ET1_T0_S2_S1_
FNDA:721071,_ZSt13__copy_move_aILb0EPKiPiET1_T0_S4_S3_
FNDA:6,_ZSt14__copy_move_a2ILb1EPfS0_ET1_T0_S2_S1_
FNDA:5402372,_ZSt14__copy_move_a2ILb1EPiS0_ET1_T0_S2_S1_
FNDA:721009,_ZSt14__copy_move_a2ILb0EN9__gnu_cxx17__normal_iteratorIPKiSt6vectorIiSaIiEEEEPiET1_T0_SA_S9_
FNDA:6,_ZSt4copyISt13move_iteratorIPfES1_ET0_T_S4_S3_
FNDA:5402372,_ZSt4copyISt13move_iteratorIPiES1_ET0_T_S4_S3_
FNDA:721009,_ZSt4copyIN9__gnu_cxx17__normal_iteratorIPKiSt6vectorIiSaIiEEEEPiET0_T_SA_S9_
FNDA:16,_ZSt8__fill_aIPmiEN9__gnu_cxx11__enable_ifIXsrSt11__is_scalarIT0_E7__valueEvE6__typeET_S8_RKS4_
FNDA:16,_ZSt4fillIPmiEvT_S1_RKT0_
FNDA:2,_ZSt10__fill_n_aIPimiEN9__gnu_cxx11__enable_ifIXsrSt11__is_scalarIT1_E7__valueET_E6__typeES6_T0_RKS4_
FNDA:2,_ZSt6fill_nIPimiET_S1_T0_RKT1_
FNF:20
FNH:20
DA:219,2701542
DA:224,2701542
DA:225,180445
DA:226,2521097
DA:277,16928247
DA:278,16928247
DA:357,6123456
DA:366,6123456
DA:367,6123456
DA:368,3242005
DA:369,6123456
DA:375,6123449
DA:380,6123449
DA:386,6123449
DA:420,6123387
DA:422,6123387
DA:424,6123387
DA:446,6123387
DA:455,6123387
DA:456,6123387
DA:691,16
DA:694,16
DA:695,5284
DA:696,2634
DA:697,16
DA:724,16
DA:731,16
DA:733,16
DA:749,2
DA:751,2
DA:752,20
DA:753,20
DA:754,18
DA:755,2
DA:784,2
DA:789,2
LF:36
LH:36
end_of_record
SF:/usr/include/c++/7/bits/stl_bvector.h
FN:75,_ZNSt14_Bit_referenceC2EPmm
FN:80,_ZNKSt14_Bit_referencecvbEv
FN:84,_ZNSt14_Bit_referenceaSEb
FN:142,_ZNSt18_Bit_iterator_baseC2EPmj
FN:166,_ZNSt18_Bit_iterator_base7_M_incrEl
FN:208,_ZStmiRKSt18_Bit_iterator_baseS1_
FN:220,_ZNSt13_Bit_iteratorC2Ev
FN:222,_ZNSt13_Bit_iteratorC2EPmj
FN:230,_ZNKSt13_Bit_iteratordeEv
FN:264,_ZNSt13_Bit_iteratorpLEl
FN:278,_ZNKSt13_Bit_iteratorplEl
FN:312,_ZNSt19_Bit_const_iteratorC2ERKSt13_Bit_iterator
FN:419,_ZNSt13_Bvector_baseISaIbEE13_Bvector_implD2Ev
FN:435,_ZNSt13_Bvector_baseISaIbEE13_Bvector_implC2EOSaImE
FN:442,_ZNKSt13_Bvector_baseISaIbEE13_Bvector_impl11_M_end_addrEv
FN:468,_ZNSt13_Bvector_baseISaIbEEC2ERKS0_
FN:484,_ZNSt13_Bvector_baseISaIbEED2Ev
FN:491,_ZNSt13_Bvector_baseISaIbEE11_M_allocateEm
FN:495,_ZNSt13_Bvector_baseISaIbEE13_M_deallocateEv
FN:509,_ZNSt13_Bvector_baseISaIbEE8_S_nwordEm
FN:593,_ZNSt6vectorIbSaIbEEC2EmRKbRKS0_
FN:679,_ZNSt6vectorIbSaIbEED2Ev
FN:785,_ZNKSt6vectorIbSaIbEE5beginEv
FN:793,_ZNKSt6vectorIbSaIbEE3endEv
FN:831,_ZNKSt6vectorIbSaIbEE4sizeEv
FN:856,_ZNSt6vectorIbSaIbEEixEm
FN:1090,_ZNSt6vectorIbSaIbEE13_M_initializeEm
FNDA:736704,_ZNSt14_Bit_referenceC2EPmm
FNDA:588095,_ZNKSt14_Bit_referencecvbEv
FNDA:148609,_ZNSt14_Bit_referenceaSEb
FNDA:1912854,_ZNSt18_Bit_iterator_baseC2EPmj
FNDA:20,_ZNSt18_Bit_iterator_base7_M_incrEl
FNDA:588098,_ZStmiRKSt18_Bit_iterator_baseS1_
FNDA:60,_ZNSt13_Bit_iteratorC2Ev
FNDA:736589,_ZNSt13_Bit_iteratorC2EPmj
FNDA:736624,_ZNKSt13_Bit_iteratordeEv
FNDA:20,_ZNSt13_Bit_iteratorpLEl
FNDA:20,_ZNKSt13_Bit_iteratorplEl
FNDA:1176205,_ZNSt19_Bit_const_iteratorC2ERKSt13_Bit_iterator
FNDA:20,_ZNSt13_Bvector_baseISaIbEE13_Bvector_implD2Ev
FNDA:20,_ZNSt13_Bvector_baseISaIbEE13_Bvector_implC2EOSaImE
FNDA:36,_ZNKSt13_Bvector_baseISaIbEE13_Bvector_impl11_M_end_addrEv
FNDA:20,_ZNSt13_Bvector_baseISaIbEEC2ERKS0_
FNDA:20,_ZNSt13_Bvector_baseISaIbEED2Ev
FNDA:20,_ZNSt13_Bvector_baseISaIbEE11_M_allocateEm
FNDA:20,_ZNSt13_Bvector_baseISaIbEE13_M_deallocateEv
FNDA:40,_ZNSt13_Bvector_baseISaIbEE8_S_nwordEm
FNDA:16,_ZNSt6vectorIbSaIbEEC2EmRKbRKS0_
FNDA:20,_ZNSt6vectorIbSaIbEED2Ev
FNDA:588104,_ZNKSt6vectorIbSaIbEE5beginEv
FNDA:588101,_ZNKSt6vectorIbSaIbEE3endEv
FNDA:588098,_ZNKSt6vectorIbSaIbEE4sizeEv
FNDA:736569,_ZNSt6vectorIbSaIbEEixEm
FNDA:20,_ZNSt6vectorIbSaIbEE13_M_initializeEm
FNF:27
FNH:27
DA:75,736704
DA:76,736704
DA:80,588095
DA:81,588095
DA:84,148609
DA:86,148609
DA:87,121056
DA:89,27553
DA:90,148609
DA:142,1912854
DA:143,1912854
DA:166,20
DA:168,20
DA:169,20
DA:170,20
DA:171,20
DA:173,0
DA:174,0
DA:176,20
DA:177,20
DA:208,588098
DA:210,588098
DA:211,588098
DA:220,60
DA:222,736589
DA:223,736589
DA:230,736624
DA:231,736624
DA:264,20
DA:266,20
DA:267,20
DA:278,20
DA:280,20
DA:281,20
DA:312,1176205
DA:313,1176205
DA:419,20
DA:435,20
DA:436,20
DA:437,20
DA:438,20
DA:442,36
DA:444,36
DA:445,36
DA:446,0
DA:468,20
DA:469,20
DA:484,20
DA:485,20
DA:491,20
DA:492,20
DA:495,20
DA:497,20
DA:499,20
DA:500,20
DA:501,20
DA:503,20
DA:504,20
DA:506,20
DA:509,40
DA:510,40
DA:593,16
DA:595,16
DA:597,16
DA:598,16
DA:600,16
DA:679,20
DA:785,588104
DA:786,588104
DA:793,588101
DA:794,588101
DA:831,588098
DA:832,588098
DA:856,736569
DA:858,2209707
DA:859,2209707
DA:1090,20
DA:1092,20
DA:1093,20
DA:1094,20
DA:1095,20
DA:1096,20
LF:82
LH:79
end_of_record
SF:/usr/include/c++/7/bits/stl_construct.h
FN:74,_ZSt10_ConstructISt6vectorIiSaIiEEJS2_EEvPT_DpOT0_
FN:74,_ZSt10_ConstructISt6vectorIiSaIiEEJRKS2_EEvPT_DpOT0_
FN:74,_ZSt10_ConstructISt5tupleIJffEEJRKS1_EEvPT_DpOT0_
FN:74,_ZSt10_ConstructISt5tupleIJffEEJS1_EEvPT_DpOT0_
FN:97,_ZSt8_DestroyISt6vectorIiSaIiEEEvPT_
FN:105,_ZNSt12_Destroy_auxILb0EE9__destroyIPSt6vectorIiSaIiEEEEvT_S6_
FN:117,_ZNSt12_Destroy_auxILb1EE9__destroyIPiEEvT_S3_
FN:117,_ZNSt12_Destroy_auxILb1EE9__destroyIPfEEvT_S3_
FN:117,_ZNSt12_Destroy_auxILb1EE9__destroyIPSt5tupleIJffEEEEvT_S5_
FN:127,_ZSt8_DestroyIPSt6vectorIiSaIiEEEvT_S4_
FN:127,_ZSt8_DestroyIPfEvT_S1_
FN:127,_ZSt8_DestroyIPiEvT_S1_
FN:127,_ZSt8_DestroyIPSt5tupleIJffEEEvT_S3_
FN:203,_ZSt8_DestroyIPiiEvT_S1_RSaIT0_E
FN:203,_ZSt8_DestroyIPSt5tupleIJffEES1_EvT_S3_RSaIT0_E
FN:203,_ZSt8_DestroyIPSt6vectorIiSaIiEES2_EvT_S4_RSaIT0_E
FN:203,_ZSt8_DestroyIPffEvT_S1_RSaIT0_E
FNDA:632,_ZSt10_ConstructISt5tupleIJffEEJS1_EEvPT_DpOT0_
FNDA:14,_ZSt10_ConstructISt6vectorIiSaIiEEJS2_EEvPT_DpOT0_
FNDA:503,_ZSt10_ConstructISt5tupleIJffEEJRKS1_EEvPT_DpOT0_
FNDA:181,_ZSt10_ConstructISt6vectorIiSaIiEEJRKS2_EEvPT_DpOT0_
FNDA:213,_ZSt8_DestroyISt6vectorIiSaIiEEEvPT_
FNDA:86,_ZNSt12_Destroy_auxILb0EE9__destroyIPSt6vectorIiSaIiEEEEvT_S6_
FNDA:6,_ZNSt12_Destroy_auxILb1EE9__destroyIPfEEvT_S3_
FNDA:549,_ZNSt12_Destroy_auxILb1EE9__destroyIPSt5tupleIJffEEEEvT_S5_
FNDA:3602779,_ZNSt12_Destroy_auxILb1EE9__destroyIPiEEvT_S3_
FNDA:6,_ZSt8_DestroyIPfEvT_S1_
FNDA:549,_ZSt8_DestroyIPSt5tupleIJffEEEvT_S3_
FNDA:86,_ZSt8_DestroyIPSt6vectorIiSaIiEEEvT_S4_
FNDA:3602779,_ZSt8_DestroyIPiEvT_S1_
FNDA:6,_ZSt8_DestroyIPffEvT_S1_RSaIT0_E
FNDA:549,_ZSt8_DestroyIPSt5tupleIJffEES1_EvT_S3_RSaIT0_E
FNDA:86,_ZSt8_DestroyIPSt6vectorIiSaIiEES2_EvT_S4_RSaIT0_E
FNDA:3602779,_ZSt8_DestroyIPiiEvT_S1_RSaIT0_E
FNF:17
FNH:17
DA:74,1330
DA:75,1330
DA:97,213
DA:98,213
DA:105,299
DA:107,512
DA:108,213
DA:109,86
DA:117,3603334
DA:127,3603420
DA:137,3603420
DA:138,3603420
DA:203,3603420
DA:206,3603420
DA:207,3603420
LF:15
LH:15
end_of_record
SF:/usr/include/c++/7/bits/stl_iterator.h
FN:779,_ZN9__gnu_cxx17__normal_iteratorIPSt6vectorIiSaIiEES1_IS3_SaIS3_EEEC2ERKS4_
FN:779,_ZN9__gnu_cxx17__normal_iteratorIPKSt5tupleIJffEESt6vectorIS2_SaIS2_EEEC2ERKS4_
FN:779,_ZN9__gnu_cxx17__normal_iteratorIPfSt6vectorIfSaIfEEEC2ERKS1_
FN:779,_ZN9__gnu_cxx17__normal_iteratorIPSt5tupleIJffEESt6vectorIS2_SaIS2_EEEC2ERKS3_
FN:779,_ZN9__gnu_cxx17__normal_iteratorIPKSt6vectorIiSaIiEES1_IS3_SaIS3_EEEC2ERKS5_
FN:779,_ZN9__gnu_cxx17__normal_iteratorIPiSt6vectorIiSaIiEEEC2ERKS1_
FN:779,_ZN9__gnu_cxx17__normal_iteratorIPKiSt6vectorIiSaIiEEEC2ERKS2_
FN:792,_ZNK9__gnu_cxx17__normal_iteratorIPKSt6vectorIiSaIiEES1_IS3_SaIS3_EEEdeEv
FN:792,_ZNK9__gnu_cxx17__normal_iteratorIPKSt5tupleIJffEESt6vectorIS2_SaIS2_EEEdeEv
FN:800,_ZN9__gnu_cxx17__normal_iteratorIPKSt5tupleIJffEESt6vectorIS2_SaIS2_EEEppEv
FN:800,_ZN9__gnu_cxx17__normal_iteratorIPKSt6vectorIiSaIiEES1_IS3_SaIS3_EEEppEv
FN:844,_ZNK9__gnu_cxx17__normal_iteratorIPKSt6vectorIiSaIiEES1_IS3_SaIS3_EEE4baseEv
FN:844,_ZNK9__gnu_cxx17__normal_iteratorIPfSt6vectorIfSaIfEEE4baseEv
FN:844,_ZNK9__gnu_cxx17__normal_iteratorIPKSt5tupleIJffEESt6vectorIS2_SaIS2_EEE4baseEv
FN:844,_ZNK9__gnu_cxx17__normal_iteratorIPiSt6vectorIiSaIiEEE4baseEv
FN:844,_ZNK9__gnu_cxx17__normal_iteratorIPSt5tupleIJffEESt6vectorIS2_SaIS2_EEE4baseEv
FN:844,_ZNK9__gnu_cxx17__normal_iteratorIPKiSt6vectorIiSaIiEEE4baseEv
FN:844,_ZNK9__gnu_cxx17__normal_iteratorIPSt6vectorIiSaIiEES1_IS3_SaIS3_EEE4baseEv
FN:880,_ZN9__gnu_cxxneIPKSt6vectorIiSaIiEES1_IS3_SaIS3_EEEEbRKNS_17__normal_iteratorIT_T0_EESD_
FN:880,_ZN9__gnu_cxxneIPKSt5tupleIJffEESt6vectorIS2_SaIS2_EEEEbRKNS_17__normal_iteratorIT_T0_EESD_
FN:962,_ZN9__gnu_cxxmiIPSt6vectorIiSaIiEES1_IS3_SaIS3_EEEENS_17__normal_iteratorIT_T0_E15difference_typeERKSA_SD_
FN:962,_ZN9__gnu_cxxmiIPSt5tupleIJffEESt6vectorIS2_SaIS2_EEEENS_17__normal_iteratorIT_T0_E15difference_typeERKSA_SD_
FN:962,_ZN9__gnu_cxxmiIPiSt6vectorIiSaIiEEEENS_17__normal_iteratorIT_T0_E15difference_typeERKS8_SB_
FN:962,_ZN9__gnu_cxxmiIPfSt6vectorIfSaIfEEEENS_17__normal_iteratorIT_T0_E15difference_typeERKS8_SB_
FN:983,_ZSt12__niter_baseIPKiSt6vectorIiSaIiEEET_N9__gnu_cxx17__normal_iteratorIS5_T0_EE
FN:1036,_ZNSt13move_iteratorIPSt5tupleIJffEEEC2ES2_
FN:1036,_ZNSt13move_iteratorIPSt6vectorIiSaIiEEEC2ES3_
FN:1036,_ZNSt13move_iteratorIPiEC2ES0_
FN:1036,_ZNSt13move_iteratorIPfEC2ES0_
FN:1045,_ZNKSt13move_iteratorIPiE4baseEv
FN:1045,_ZNKSt13move_iteratorIPfE4baseEv
FN:1045,_ZNKSt13move_iteratorIPSt6vectorIiSaIiEEE4baseEv
FN:1045,_ZNKSt13move_iteratorIPSt5tupleIJffEEE4baseEv
FN:1049,_ZNKSt13move_iteratorIPSt5tupleIJffEEEdeEv
FN:1049,_ZNKSt13move_iteratorIPSt6vectorIiSaIiEEEdeEv
FN:1057,_ZNSt13move_iteratorIPSt5tupleIJffEEEppEv
FN:1057,_ZNSt13move_iteratorIPSt6vectorIiSaIiEEEppEv
FN:1124,_ZSteqIPSt6vectorIiSaIiEEEbRKSt13move_iteratorIT_ES8_
FN:1124,_ZSteqIPSt5tupleIJffEEEbRKSt13move_iteratorIT_ES7_
FN:1136,_ZStneIPSt5tupleIJffEEEbRKSt13move_iteratorIT_ES7_
FN:1136,_ZStneIPSt6vectorIiSaIiEEEbRKSt13move_iteratorIT_ES8_
FN:1221,_ZSt32__make_move_if_noexcept_iteratorIiSt13move_iteratorIPiEET0_PT_
FN:1221,_ZSt32__make_move_if_noexcept_iteratorIfSt13move_iteratorIPfEET0_PT_
FN:1221,_ZSt32__make_move_if_noexcept_iteratorISt5tupleIJffEESt13move_iteratorIPS1_EET0_PT_
FN:1221,_ZSt32__make_move_if_noexcept_iteratorISt6vectorIiSaIiEESt13move_iteratorIPS2_EET0_PT_
FN:1241,_ZSt12__miter_baseIPfEDTcl12__miter_basecldtfp_4baseEEESt13move_iteratorIT_E
FN:1241,_ZSt12__miter_baseIPiEDTcl12__miter_basecldtfp_4baseEEESt13move_iteratorIT_E
FNDA:6,_ZN9__gnu_cxx17__normal_iteratorIPfSt6vectorIfSaIfEEEC2ERKS1_
FNDA:90,_ZN9__gnu_cxx17__normal_iteratorIPKSt5tupleIJffEESt6vectorIS2_SaIS2_EEEC2ERKS4_
FNDA:544,_ZN9__gnu_cxx17__normal_iteratorIPSt5tupleIJffEESt6vectorIS2_SaIS2_EEEC2ERKS3_
FNDA:30,_ZN9__gnu_cxx17__normal_iteratorIPSt6vectorIiSaIiEES1_IS3_SaIS3_EEEC2ERKS4_
FNDA:92,_ZN9__gnu_cxx17__normal_iteratorIPKSt6vectorIiSaIiEES1_IS3_SaIS3_EEEC2ERKS5_
FNDA:5402407,_ZN9__gnu_cxx17__normal_iteratorIPiSt6vectorIiSaIiEEEC2ERKS1_
FNDA:1442045,_ZN9__gnu_cxx17__normal_iteratorIPKiSt6vectorIiSaIiEEEC2ERKS2_
FNDA:495,_ZNK9__gnu_cxx17__normal_iteratorIPKSt5tupleIJffEESt6vectorIS2_SaIS2_EEEdeEv
FNDA:123,_ZNK9__gnu_cxx17__normal_iteratorIPKSt6vectorIiSaIiEES1_IS3_SaIS3_EEEdeEv
FNDA:495,_ZN9__gnu_cxx17__normal_iteratorIPKSt5tupleIJffEESt6vectorIS2_SaIS2_EEEppEv
FNDA:123,_ZN9__gnu_cxx17__normal_iteratorIPKSt6vectorIiSaIiEES1_IS3_SaIS3_EEEppEv
FNDA:1442045,_ZNK9__gnu_cxx17__normal_iteratorIPKiSt6vectorIiSaIiEEE4baseEv
FNDA:1080,_ZNK9__gnu_cxx17__normal_iteratorIPKSt5tupleIJffEESt6vectorIS2_SaIS2_EEE4baseEv
FNDA:338,_ZNK9__gnu_cxx17__normal_iteratorIPKSt6vectorIiSaIiEES1_IS3_SaIS3_EEE4baseEv
FNDA:12,_ZNK9__gnu_cxx17__normal_iteratorIPfSt6vectorIfSaIfEEE4baseEv
FNDA:1088,_ZNK9__gnu_cxx17__normal_iteratorIPSt5tupleIJffEESt6vectorIS2_SaIS2_EEE4baseEv
FNDA:60,_ZNK9__gnu_cxx17__normal_iteratorIPSt6vectorIiSaIiEES1_IS3_SaIS3_EEE4baseEv
FNDA:10804772,_ZNK9__gnu_cxx17__normal_iteratorIPiSt6vectorIiSaIiEEE4baseEv
FNDA:540,_ZN9__gnu_cxxneIPKSt5tupleIJffEESt6vectorIS2_SaIS2_EEEEbRKNS_17__normal_iteratorIT_T0_EESD_
FNDA:166,_ZN9__gnu_cxxneIPKSt6vectorIiSaIiEES1_IS3_SaIS3_EEEEbRKNS_17__normal_iteratorIT_T0_EESD_
FNDA:3,_ZN9__gnu_cxxmiIPfSt6vectorIfSaIfEEEENS_17__normal_iteratorIT_T0_E15difference_typeERKS8_SB_
FNDA:272,_ZN9__gnu_cxxmiIPSt5tupleIJffEESt6vectorIS2_SaIS2_EEEENS_17__normal_iteratorIT_T0_E15difference_typeERKSA_SD_
FNDA:15,_ZN9__gnu_cxxmiIPSt6vectorIiSaIiEES1_IS3_SaIS3_EEEENS_17__normal_iteratorIT_T0_E15difference_typeERKSA_SD_
FNDA:2701193,_ZN9__gnu_cxxmiIPiSt6vectorIiSaIiEEEENS_17__normal_iteratorIT_T0_E15difference_typeERKS8_SB_
FNDA:1442045,_ZSt12__niter_baseIPKiSt6vectorIiSaIiEEET_N9__gnu_cxx17__normal_iteratorIS5_T0_EE
FNDA:12,_ZNSt13move_iteratorIPfEC2ES0_
FNDA:1088,_ZNSt13move_iteratorIPSt5tupleIJffEEEC2ES2_
FNDA:60,_ZNSt13move_iteratorIPSt6vectorIiSaIiEEEC2ES3_
FNDA:10804744,_ZNSt13move_iteratorIPiEC2ES0_
FNDA:12,_ZNKSt13move_iteratorIPfE4baseEv
FNDA:2352,_ZNKSt13move_iteratorIPSt5tupleIJffEEE4baseEv
FNDA:88,_ZNKSt13move_iteratorIPSt6vectorIiSaIiEEE4baseEv
FNDA:10804744,_ZNKSt13move_iteratorIPiE4baseEv
FNDA:632,_ZNKSt13move_iteratorIPSt5tupleIJffEEEdeEv
FNDA:14,_ZNKSt13move_iteratorIPSt6vectorIiSaIiEEEdeEv
FNDA:632,_ZNSt13move_iteratorIPSt5tupleIJffEEEppEv
FNDA:14,_ZNSt13move_iteratorIPSt6vectorIiSaIiEEEppEv
FNDA:1176,_ZSteqIPSt5tupleIJffEEEbRKSt13move_iteratorIT_ES7_
FNDA:44,_ZSteqIPSt6vectorIiSaIiEEEbRKSt13move_iteratorIT_ES8_
FNDA:1176,_ZStneIPSt5tupleIJffEEEbRKSt13move_iteratorIT_ES7_
FNDA:44,_ZStneIPSt6vectorIiSaIiEEEbRKSt13move_iteratorIT_ES8_
FNDA:12,_ZSt32__make_move_if_noexcept_iteratorIfSt13move_iteratorIPfEET0_PT_
FNDA:1088,_ZSt32__make_move_if_noexcept_iteratorISt5tupleIJffEESt13move_iteratorIPS1_EET0_PT_
FNDA:60,_ZSt32__make_move_if_noexcept_iteratorISt6vectorIiSaIiEESt13move_iteratorIPS2_EET0_PT_
FNDA:10804744,_ZSt32__make_move_if_noexcept_iteratorIiSt13move_iteratorIPiEET0_PT_
FNDA:12,_ZSt12__miter_baseIPfEDTcl12__miter_basecldtfp_4baseEEESt13move_iteratorIT_E
FNDA:10804744,_ZSt12__miter_baseIPiEDTcl12__miter_basecldtfp_4baseEEESt13move_iteratorIT_E
FNF:47
FNH:47
DA:779,6845214
DA:780,6845214
DA:792,618
DA:793,618
DA:800,618
DA:802,618
DA:803,618
DA:844,12249395
DA:845,12249395
DA:880,706
DA:883,706
DA:962,2701483
DA:965,2701483
DA:983,1442045
DA:984,1442045
DA:1036,10805904
DA:1037,10805904
DA:1045,10807196
DA:1046,10807196
DA:1049,646
DA:1050,646
DA:1057,646
DA:1059,646
DA:1060,646
DA:1124,1220
DA:1126,1220
DA:1136,1220
DA:1138,1220
DA:1221,10805904
DA:1222,10805904
DA:1241,10804756
DA:1243,10804756
LF:32
LH:32
end_of_record
SF:/usr/include/c++/7/bits/stl_uninitialized.h
FN:76,_ZNSt20__uninitialized_copyILb0EE13__uninit_copyIN9__gnu_cxx17__normal_iteratorIPKSt6vectorIiSaIiEES4_IS6_SaIS6_EEEEPS6_EET0_T_SE_SD_
FN:76,_ZNSt20__uninitialized_copyILb0EE13__uninit_copyIN9__gnu_cxx17__normal_iteratorIPKSt5tupleIJffEESt6vectorIS5_SaIS5_EEEEPS5_EET0_T_SE_SD_
FN:76,_ZNSt20__uninitialized_copyILb0EE13__uninit_copyISt13move_iteratorIPSt5tupleIJffEEES5_EET0_T_S8_S7_
FN:76,_ZNSt20__uninitialized_copyILb0EE13__uninit_copyISt13move_iteratorIPSt6vectorIiSaIiEEES6_EET0_T_S9_S8_
FN:99,_ZNSt20__uninitialized_copyILb1EE13__uninit_copyISt13move_iteratorIPiES3_EET0_T_S6_S5_
FN:99,_ZNSt20__uninitialized_copyILb1EE13__uninit_copyISt13move_iteratorIPfES3_EET0_T_S6_S5_
FN:99,_ZNSt20__uninitialized_copyILb1EE13__uninit_copyIN9__gnu_cxx17__normal_iteratorIPKiSt6vectorIiSaIiEEEEPiEET0_T_SC_SB_
FN:115,_ZSt18uninitialized_copyISt13move_iteratorIPiES1_ET0_T_S4_S3_
FN:115,_ZSt18uninitialized_copyISt13move_iteratorIPSt6vectorIiSaIiEEES4_ET0_T_S7_S6_
FN:115,_ZSt18uninitialized_copyIN9__gnu_cxx17__normal_iteratorIPKiSt6vectorIiSaIiEEEEPiET0_T_SA_S9_
FN:115,_ZSt18uninitialized_copyISt13move_iteratorIPSt5tupleIJffEEES3_ET0_T_S6_S5_
FN:115,_ZSt18uninitialized_copyISt13move_iteratorIPfES1_ET0_T_S4_S3_
FN:115,_ZSt18uninitialized_copyIN9__gnu_cxx17__normal_iteratorIPKSt5tupleIJffEESt6vectorIS3_SaIS3_EEEEPS3_ET0_T_SC_SB_
FN:115,_ZSt18uninitialized_copyIN9__gnu_cxx17__normal_iteratorIPKSt6vectorIiSaIiEES2_IS4_SaIS4_EEEEPS4_ET0_T_SC_SB_
FN:203,_ZNSt22__uninitialized_fill_nILb0EE15__uninit_fill_nIPSt6vectorIiSaIiEEmS4_EET_S6_T0_RKT1_
FN:244,_ZSt20uninitialized_fill_nIPSt6vectorIiSaIiEEmS2_ET_S4_T0_RKT1_
FN:287,_ZSt22__uninitialized_copy_aIN9__gnu_cxx17__normal_iteratorIPKSt5tupleIJffEESt6vectorIS3_SaIS3_EEEEPS3_S3_ET0_T_SC_SB_RSaIT1_E
FN:287,_ZSt22__uninitialized_copy_aISt13move_iteratorIPfES1_fET0_T_S4_S3_RSaIT1_E
FN:287,_ZSt22__uninitialized_copy_aIN9__gnu_cxx17__normal_iteratorIPKSt6vectorIiSaIiEES2_IS4_SaIS4_EEEEPS4_S4_ET0_T_SC_SB_RSaIT1_E
FN:287,_ZSt22__uninitialized_copy_aISt13move_iteratorIPSt5tupleIJffEEES3_S2_ET0_T_S6_S5_RSaIT1_E
FN:287,_ZSt22__uninitialized_copy_aISt13move_iteratorIPiES1_iET0_T_S4_S3_RSaIT1_E
FN:287,_ZSt22__uninitialized_copy_aISt13move_iteratorIPSt6vectorIiSaIiEEES4_S3_ET0_T_S7_S6_RSaIT1_E
FN:287,_ZSt22__uninitialized_copy_aIN9__gnu_cxx17__normal_iteratorIPKiSt6vectorIiSaIiEEEEPiiET0_T_SA_S9_RSaIT1_E
FN:305,_ZSt34__uninitialized_move_if_noexcept_aIPfS0_SaIfEET0_T_S3_S2_RT1_
FN:305,_ZSt34__uninitialized_move_if_noexcept_aIPSt6vectorIiSaIiEES3_SaIS2_EET0_T_S6_S5_RT1_
FN:305,_ZSt34__uninitialized_move_if_noexcept_aIPiS0_SaIiEET0_T_S3_S2_RT1_
FN:305,_ZSt34__uninitialized_move_if_noexcept_aIPSt5tupleIJffEES2_SaIS1_EET0_T_S5_S4_RT1_
FN:364,_ZSt24__uninitialized_fill_n_aIPSt6vectorIiSaIiEEmS2_S2_ET_S4_T0_RKT1_RSaIT2_E
FN:543,_ZNSt27__uninitialized_default_n_1ILb1EE18__uninit_default_nIPimEET_S3_T0_
FN:574,_ZSt25__uninitialized_default_nIPimET_S1_T0_
FN:643,_ZSt27__uninitialized_default_n_aIPimiET_S1_T0_RSaIT1_E
FNDA:544,_ZNSt20__uninitialized_copyILb0EE13__uninit_copyISt13move_iteratorIPSt5tupleIJffEEES5_EET0_T_S8_S7_
FNDA:30,_ZNSt20__uninitialized_copyILb0EE13__uninit_copyISt13move_iteratorIPSt6vectorIiSaIiEEES6_EET0_T_S9_S8_
FNDA:45,_ZNSt20__uninitialized_copyILb0EE13__uninit_copyIN9__gnu_cxx17__normal_iteratorIPKSt5tupleIJffEESt6vectorIS5_SaIS5_EEEEPS5_EET0_T_SE_SD_
FNDA:43,_ZNSt20__uninitialized_copyILb0EE13__uninit_copyIN9__gnu_cxx17__normal_iteratorIPKSt6vectorIiSaIiEES4_IS6_SaIS6_EEEEPS6_EET0_T_SE_SD_
FNDA:6,_ZNSt20__uninitialized_copyILb1EE13__uninit_copyISt13move_iteratorIPfES3_EET0_T_S6_S5_
FNDA:5402372,_ZNSt20__uninitialized_copyILb1EE13__uninit_copyISt13move_iteratorIPiES3_EET0_T_S6_S5_
FNDA:721009,_ZNSt20__uninitialized_copyILb1EE13__uninit_copyIN9__gnu_cxx17__normal_iteratorIPKiSt6vectorIiSaIiEEEEPiEET0_T_SC_SB_
FNDA:6,_ZSt18uninitialized_copyISt13move_iteratorIPfES1_ET0_T_S4_S3_
FNDA:544,_ZSt18uninitialized_copyISt13move_iteratorIPSt5tupleIJffEEES3_ET0_T_S6_S5_
FNDA:30,_ZSt18uninitialized_copyISt13move_iteratorIPSt6vectorIiSaIiEEES4_ET0_T_S7_S6_
FNDA:5402372,_ZSt18uninitialized_copyISt13move_iteratorIPiES1_ET0_T_S4_S3_
FNDA:45,_ZSt18uninitialized_copyIN9__gnu_cxx17__normal_iteratorIPKSt5tupleIJffEESt6vectorIS3_SaIS3_EEEEPS3_ET0_T_SC_SB_
FNDA:43,_ZSt18uninitialized_copyIN9__gnu_cxx17__normal_iteratorIPKSt6vectorIiSaIiEES2_IS4_SaIS4_EEEEPS4_ET0_T_SC_SB_
FNDA:721009,_ZSt18uninitialized_copyIN9__gnu_cxx17__normal_iteratorIPKiSt6vectorIiSaIiEEEEPiET0_T_SA_S9_
FNDA:2,_ZNSt22__uninitialized_fill_nILb0EE15__uninit_fill_nIPSt6vectorIiSaIiEEmS4_EET_S6_T0_RKT1_
FNDA:2,_ZSt20uninitialized_fill_nIPSt6vectorIiSaIiEEmS2_ET_S4_T0_RKT1_
FNDA:6,_ZSt22__uninitialized_copy_aISt13move_iteratorIPfES1_fET0_T_S4_S3_RSaIT1_E
FNDA:544,_ZSt22__uninitialized_copy_aISt13move_iteratorIPSt5tupleIJffEEES3_S2_ET0_T_S6_S5_RSaIT1_E
FNDA:30,_ZSt22__uninitialized_copy_aISt13move_iteratorIPSt6vectorIiSaIiEEES4_S3_ET0_T_S7_S6_RSaIT1_E
FNDA:5402372,_ZSt22__uninitialized_copy_aISt13move_iteratorIPiES1_iET0_T_S4_S3_RSaIT1_E
FNDA:45,_ZSt22__uninitialized_copy_aIN9__gnu_cxx17__normal_iteratorIPKSt5tupleIJffEESt6vectorIS3_SaIS3_EEEEPS3_S3_ET0_T_SC_SB_RSaIT1_E
FNDA:43,_ZSt22__uninitialized_copy_aIN9__gnu_cxx17__normal_iteratorIPKSt6vectorIiSaIiEES2_IS4_SaIS4_EEEEPS4_S4_ET0_T_SC_SB_RSaIT1_E
FNDA:721009,_ZSt22__uninitialized_copy_aIN9__gnu_cxx17__normal_iteratorIPKiSt6vectorIiSaIiEEEEPiiET0_T_SA_S9_RSaIT1_E
FNDA:6,_ZSt34__uninitialized_move_if_noexcept_aIPfS0_SaIfEET0_T_S3_S2_RT1_
FNDA:544,_ZSt34__uninitialized_move_if_noexcept_aIPSt5tupleIJffEES2_SaIS1_EET0_T_S5_S4_RT1_
FNDA:30,_ZSt34__uninitialized_move_if_noexcept_aIPSt6vectorIiSaIiEES3_SaIS2_EET0_T_S6_S5_RT1_
FNDA:5402372,_ZSt34__uninitialized_move_if_noexcept_aIPiS0_SaIiEET0_T_S3_S2_RT1_
FNDA:2,_ZSt24__uninitialized_fill_n_aIPSt6vectorIiSaIiEEmS2_S2_ET_S4_T0_RKT1_RSaIT2_E
FNDA:2,_ZNSt27__uninitialized_default_n_1ILb1EE18__uninit_default_nIPimEET_S3_T0_
FNDA:2,_ZSt25__uninitialized_default_nIPimET_S1_T0_
FNDA:2,_ZSt27__uninitialized_default_n_aIPimiET_S1_T0_RSaIT1_E
FNF:31
FNH:31
DA:76,662
DA:79,662
DA:82,3190
DA:83,1264
DA:84,662
DA:86,0
DA:88,0
DA:89,0
DA:99,6123387
DA:101,6123387
DA:115,6124049
DA:128,6124049
DA:134,6124049
DA:203,2
DA:206,2
DA:209,16
DA:210,7
DA:211,2
DA:213,0
DA:215,0
DA:216,0
DA:244,2
DA:252,2
DA:255,2
DA:287,6124049
DA:289,6124049
DA:305,5402952
DA:311,5402952
DA:312,5402952
DA:364,2
DA:366,2
DA:543,2
DA:548,2
DA:574,2
DA:579,2
DA:583,2
DA:643,2
DA:645,2
LF:38
LH:32
end_of_record
SF:/usr/include/c++/7/bits/stl_vector.h
FN:81,_ZNSt12_Vector_baseIiSaIiEE12_Vector_implD2Ev
FN:81,_ZNSt12_Vector_baseISt5tupleIJffEESaIS1_EE12_Vector_implD2Ev
FN:81,_ZNSt12_Vector_baseIfSaIfEE12_Vector_implD2Ev
FN:81,_ZNSt12_Vector_baseISt6vectorIiSaIiEESaIS2_EE12_Vector_implD2Ev
FN:88,_ZNSt12_Vector_baseIiSaIiEE12_Vector_implC2Ev
FN:88,_ZNSt12_Vector_baseISt5tupleIJffEESaIS1_EE12_Vector_implC2Ev
FN:88,_ZNSt12_Vector_baseISt6vectorIiSaIiEESaIS2_EE12_Vector_implC2Ev
FN:88,_ZNSt12_Vector_baseIfSaIfEE12_Vector_implC2Ev
FN:92,_ZNSt12_Vector_baseISt6vectorIiSaIiEESaIS2_EE12_Vector_implC2ERKS3_
FN:92,_ZNSt12_Vector_baseIiSaIiEE12_Vector_implC2ERKS0_
FN:92,_ZNSt12_Vector_baseISt5tupleIJffEESaIS1_EE12_Vector_implC2ERKS2_
FN:97,_ZNSt12_Vector_baseIiSaIiEE12_Vector_implC2EOS0_
FN:103,_ZNSt12_Vector_baseIiSaIiEE12_Vector_impl12_M_swap_dataERS2_
FN:115,_ZNSt12_Vector_baseISt5tupleIJffEESaIS1_EE19_M_get_Tp_allocatorEv
FN:115,_ZNSt12_Vector_baseIiSaIiEE19_M_get_Tp_allocatorEv
FN:115,_ZNSt12_Vector_baseISt6vectorIiSaIiEESaIS2_EE19_M_get_Tp_allocatorEv
FN:115,_ZNSt12_Vector_baseIfSaIfEE19_M_get_Tp_allocatorEv
FN:119,_ZNKSt12_Vector_baseIfSaIfEE19_M_get_Tp_allocatorEv
FN:119,_ZNKSt12_Vector_baseISt5tupleIJffEESaIS1_EE19_M_get_Tp_allocatorEv
FN:119,_ZNKSt12_Vector_baseISt6vectorIiSaIiEESaIS2_EE19_M_get_Tp_allocatorEv
FN:119,_ZNKSt12_Vector_baseIiSaIiEE19_M_get_Tp_allocatorEv
FN:126,_ZNSt12_Vector_baseIiSaIiEEC2Ev
FN:126,_ZNSt12_Vector_baseISt5tupleIJffEESaIS1_EEC2Ev
FN:126,_ZNSt12_Vector_baseISt6vectorIiSaIiEESaIS2_EEC2Ev
FN:126,_ZNSt12_Vector_baseIfSaIfEEC2Ev
FN:136,_ZNSt12_Vector_baseISt6vectorIiSaIiEESaIS2_EEC2EmRKS3_
FN:136,_ZNSt12_Vector_baseISt5tupleIJffEESaIS1_EEC2EmRKS2_
FN:136,_ZNSt12_Vector_baseIiSaIiEEC2EmRKS0_
FN:144,_ZNSt12_Vector_baseIiSaIiEEC2EOS1_
FN:161,_ZNSt12_Vector_baseISt6vectorIiSaIiEESaIS2_EED2Ev
FN:161,_ZNSt12_Vector_baseIfSaIfEED2Ev
FN:161,_ZNSt12_Vector_baseISt5tupleIJffEESaIS1_EED2Ev
FN:161,_ZNSt12_Vector_baseIiSaIiEED2Ev
FN:169,_ZNSt12_Vector_baseIfSaIfEE11_M_allocateEm
FN:169,_ZNSt12_Vector_baseIiSaIiEE11_M_allocateEm
FN:169,_ZNSt12_Vector_baseISt5tupleIJffEESaIS1_EE11_M_allocateEm
FN:169,_ZNSt12_Vector_baseISt6vectorIiSaIiEESaIS2_EE11_M_allocateEm
FN:176,_ZNSt12_Vector_baseIiSaIiEE13_M_deallocateEPim
FN:176,_ZNSt12_Vector_baseISt5tupleIJffEESaIS1_EE13_M_deallocateEPS1_m
FN:176,_ZNSt12_Vector_baseIfSaIfEE13_M_deallocateEPfm
FN:176,_ZNSt12_Vector_baseISt6vectorIiSaIiEESaIS2_EE13_M_deallocateEPS2_m
FN:185,_ZNSt12_Vector_baseISt6vectorIiSaIiEESaIS2_EE17_M_create_storageEm
FN:185,_ZNSt12_Vector_baseIiSaIiEE17_M_create_storageEm
FN:185,_ZNSt12_Vector_baseISt5tupleIJffEESaIS1_EE17_M_create_storageEm
FN:259,_ZNSt6vectorIiSaIiEEC2Ev
FN:259,_ZNSt6vectorIS_IiSaIiEESaIS1_EEC2Ev
FN:259,_ZNSt6vectorISt5tupleIJffEESaIS1_EEC2Ev
FN:259,_ZNSt6vectorIfSaIfEEC2Ev
FN:283,_ZNSt6vectorIiSaIiEEC2EmRKS0_
FN:295,_ZNSt6vectorIS_IiSaIiEESaIS1_EEC2EmRKS1_RKS2_
FN:326,_ZNSt6vectorISt5tupleIJffEESaIS1_EEC2ERKS3_
FN:326,_ZNSt6vectorIS_IiSaIiEESaIS1_EEC2ERKS3_
FN:326,_ZNSt6vectorIiSaIiEEC2ERKS1_
FN:344,_ZNSt6vectorIiSaIiEEC2EOS1_
FN:433,_ZNSt6vectorIiSaIiEED2Ev
FN:433,_ZNSt6vectorIfSaIfEED2Ev
FN:433,_ZNSt6vectorISt5tupleIJffEESaIS1_EED2Ev
FN:433,_ZNSt6vectorIS_IiSaIiEESaIS1_EED2Ev
FN:563,_ZNSt6vectorIiSaIiEE5beginEv
FN:563,_ZNSt6vectorISt5tupleIJffEESaIS1_EE5beginEv
FN:563,_ZNSt6vectorIfSaIfEE5beginEv
FN:563,_ZNSt6vectorIS_IiSaIiEESaIS1_EE5beginEv
FN:572,_ZNKSt6vectorISt5tupleIJffEESaIS1_EE5beginEv
FN:572,_ZNKSt6vectorIS_IiSaIiEESaIS1_EE5beginEv
FN:572,_ZNKSt6vectorIiSaIiEE5beginEv
FN:581,_ZNSt6vectorISt5tupleIJffEESaIS1_EE3endEv
FN:581,_ZNSt6vectorIS_IiSaIiEESaIS1_EE3endEv
FN:581,_ZNSt6vectorIfSaIfEE3endEv
FN:581,_ZNSt6vectorIiSaIiEE3endEv
FN:590,_ZNKSt6vectorISt5tupleIJffEESaIS1_EE3endEv
FN:590,_ZNKSt6vectorIiSaIiEE3endEv
FN:590,_ZNKSt6vectorIS_IiSaIiEESaIS1_EE3endEv
FN:670,_ZNKSt6vectorISt5tupleIJffEESaIS1_EE4sizeEv
FN:670,_ZNKSt6vectorIS_IiSaIiEESaIS1_EE4sizeEv
FN:670,_ZNKSt6vectorIfSaIfEE4sizeEv
FN:670,_ZNKSt6vectorIiSaIiEE4sizeEv
FN:675,_ZNKSt6vectorIfSaIfEE8max_sizeEv
FN:675,_ZNKSt6vectorIiSaIiEE8max_sizeEv
FN:675,_ZNKSt6vectorIS_IiSaIiEESaIS1_EE8max_sizeEv
FN:675,_ZNKSt6vectorISt5tupleIJffEESaIS1_EE8max_sizeEv
FN:795,_ZNSt6vectorIS_IiSaIiEESaIS1_EEixEm
FN:795,_ZNSt6vectorIiSaIiEEixEm
FN:795,_ZNSt6vectorISt5tupleIJffEESaIS1_EEixEm
FN:939,_ZNSt6vectorISt5tupleIJffEESaIS1_EE9push_backERKS1_
FN:939,_ZNSt6vectorIiSaIiEE9push_backERKi
FN:939,_ZNSt6vectorIS_IiSaIiEESaIS1_EE9push_backERKS1_
FN:953,_ZNSt6vectorIfSaIfEE9push_backEOf
FN:1334,_ZNSt6vectorIS_IiSaIiEESaIS1_EE18_M_fill_initializeEmRKS1_
FN:1344,_ZNSt6vectorIiSaIiEE21_M_default_initializeEm
FN:1497,_ZNKSt6vectorIS_IiSaIiEESaIS1_EE12_M_check_lenEmPKc
FN:1497,_ZNKSt6vectorIiSaIiEE12_M_check_lenEmPKc
FN:1497,_ZNKSt6vectorISt5tupleIJffEESaIS1_EE12_M_check_lenEmPKc
FN:1497,_ZNKSt6vectorIfSaIfEE12_M_check_lenEmPKc
FNDA:2,_ZNSt12_Vector_baseIfSaIfEE12_Vector_implD2Ev
FNDA:277,_ZNSt12_Vector_baseISt5tupleIJffEESaIS1_EE12_Vector_implD2Ev
FNDA:71,_ZNSt12_Vector_baseISt6vectorIiSaIiEESaIS2_EE12_Vector_implD2Ev
FNDA:901593,_ZNSt12_Vector_baseIiSaIiEE12_Vector_implD2Ev
FNDA:2,_ZNSt12_Vector_baseIfSaIfEE12_Vector_implC2Ev
FNDA:229,_ZNSt12_Vector_baseISt5tupleIJffEESaIS1_EE12_Vector_implC2Ev
FNDA:6,_ZNSt12_Vector_baseISt6vectorIiSaIiEESaIS2_EE12_Vector_implC2Ev
FNDA:180488,_ZNSt12_Vector_baseIiSaIiEE12_Vector_implC2Ev
FNDA:48,_ZNSt12_Vector_baseISt5tupleIJffEESaIS1_EE12_Vector_implC2ERKS2_
FNDA:65,_ZNSt12_Vector_baseISt6vectorIiSaIiEESaIS2_EE12_Vector_implC2ERKS3_
FNDA:721087,_ZNSt12_Vector_baseIiSaIiEE12_Vector_implC2ERKS0_
FNDA:18,_ZNSt12_Vector_baseIiSaIiEE12_Vector_implC2EOS0_
FNDA:32,_ZNSt12_Vector_baseIiSaIiEE12_Vector_impl12_M_swap_dataERS2_
FNDA:13,_ZNSt12_Vector_baseIfSaIfEE19_M_get_Tp_allocatorEv
FNDA:1141,_ZNSt12_Vector_baseISt5tupleIJffEESaIS1_EE19_M_get_Tp_allocatorEv
FNDA:181,_ZNSt12_Vector_baseISt6vectorIiSaIiEESaIS2_EE19_M_get_Tp_allocatorEv
FNDA:9726263,_ZNSt12_Vector_baseIiSaIiEE19_M_get_Tp_allocatorEv
FNDA:6,_ZNKSt12_Vector_baseIfSaIfEE19_M_get_Tp_allocatorEv
FNDA:589,_ZNKSt12_Vector_baseISt5tupleIJffEESaIS1_EE19_M_get_Tp_allocatorEv
FNDA:73,_ZNKSt12_Vector_baseISt6vectorIiSaIiEESaIS2_EE19_M_get_Tp_allocatorEv
FNDA:6123388,_ZNKSt12_Vector_baseIiSaIiEE19_M_get_Tp_allocatorEv
FNDA:2,_ZNSt12_Vector_baseIfSaIfEEC2Ev
FNDA:229,_ZNSt12_Vector_baseISt5tupleIJffEESaIS1_EEC2Ev
FNDA:6,_ZNSt12_Vector_baseISt6vectorIiSaIiEESaIS2_EEC2Ev
FNDA:180488,_ZNSt12_Vector_baseIiSaIiEEC2Ev
FNDA:45,_ZNSt12_Vector_baseISt5tupleIJffEESaIS1_EEC2EmRKS2_
FNDA:45,_ZNSt12_Vector_baseISt6vectorIiSaIiEESaIS2_EEC2EmRKS3_
FNDA:721011,_ZNSt12_Vector_baseIiSaIiEEC2EmRKS0_
FNDA:18,_ZNSt12_Vector_baseIiSaIiEEC2EOS1_
FNDA:2,_ZNSt12_Vector_baseIfSaIfEED2Ev
FNDA:277,_ZNSt12_Vector_baseISt5tupleIJffEESaIS1_EED2Ev
FNDA:71,_ZNSt12_Vector_baseISt6vectorIiSaIiEESaIS2_EED2Ev
FNDA:901593,_ZNSt12_Vector_baseIiSaIiEED2Ev
FNDA:4,_ZNSt12_Vector_baseIfSaIfEE11_M_allocateEm
FNDA:320,_ZNSt12_Vector_baseISt5tupleIJffEESaIS1_EE11_M_allocateEm
FNDA:80,_ZNSt12_Vector_baseISt6vectorIiSaIiEESaIS2_EE11_M_allocateEm
FNDA:3422266,_ZNSt12_Vector_baseIiSaIiEE11_M_allocateEm
FNDA:6,_ZNSt12_Vector_baseIfSaIfEE13_M_deallocateEPfm
FNDA:549,_ZNSt12_Vector_baseISt5tupleIJffEESaIS1_EE13_M_deallocateEPS1_m
FNDA:86,_ZNSt12_Vector_baseISt6vectorIiSaIiEESaIS2_EE13_M_deallocateEPS2_m
FNDA:3602779,_ZNSt12_Vector_baseIiSaIiEE13_M_deallocateEPim
FNDA:45,_ZNSt12_Vector_baseISt5tupleIJffEESaIS1_EE17_M_create_storageEm
FNDA:45,_ZNSt12_Vector_baseISt6vectorIiSaIiEESaIS2_EE17_M_create_storageEm
FNDA:721011,_ZNSt12_Vector_baseIiSaIiEE17_M_create_storageEm
FNDA:2,_ZNSt6vectorIfSaIfEEC2Ev
FNDA:229,_ZNSt6vectorISt5tupleIJffEESaIS1_EEC2Ev
FNDA:6,_ZNSt6vectorIS_IiSaIiEESaIS1_EEC2Ev
FNDA:180488,_ZNSt6vectorIiSaIiEEC2Ev
FNDA:2,_ZNSt6vectorIiSaIiEEC2EmRKS0_
FNDA:2,_ZNSt6vectorIS_IiSaIiEESaIS1_EEC2EmRKS1_RKS2_
FNDA:45,_ZNSt6vectorISt5tupleIJffEESaIS1_EEC2ERKS3_
FNDA:43,_ZNSt6vectorIS_IiSaIiEESaIS1_EEC2ERKS3_
FNDA:721009,_ZNSt6vectorIiSaIiEEC2ERKS1_
FNDA:18,_ZNSt6vectorIiSaIiEEC2EOS1_
FNDA:2,_ZNSt6vectorIfSaIfEED2Ev
FNDA:277,_ZNSt6vectorISt5tupleIJffEESaIS1_EED2Ev
FNDA:71,_ZNSt6vectorIS_IiSaIiEESaIS1_EED2Ev
FNDA:901593,_ZNSt6vectorIiSaIiEED2Ev
FNDA:3,_ZNSt6vectorIfSaIfEE5beginEv
FNDA:272,_ZNSt6vectorISt5tupleIJffEESaIS1_EE5beginEv
FNDA:15,_ZNSt6vectorIS_IiSaIiEESaIS1_EE5beginEv
FNDA:2701200,_ZNSt6vectorIiSaIiEE5beginEv
FNDA:45,_ZNKSt6vectorISt5tupleIJffEESaIS1_EE5beginEv
FNDA:47,_ZNKSt6vectorIS_IiSaIiEESaIS1_EE5beginEv
FNDA:721027,_ZNKSt6vectorIiSaIiEE5beginEv
FNDA:3,_ZNSt6vectorIfSaIfEE3endEv
FNDA:272,_ZNSt6vectorISt5tupleIJffEESaIS1_EE3endEv
FNDA:15,_ZNSt6vectorIS_IiSaIiEESaIS1_EE3endEv
FNDA:2701186,_ZNSt6vectorIiSaIiEE3endEv
FNDA:45,_ZNKSt6vectorISt5tupleIJffEESaIS1_EE3endEv
FNDA:45,_ZNKSt6vectorIS_IiSaIiEESaIS1_EE3endEv
FNDA:721018,_ZNKSt6vectorIiSaIiEE3endEv
FNDA:13,_ZNKSt6vectorIfSaIfEE4sizeEv
FNDA:5485701,_ZNKSt6vectorISt5tupleIJffEESaIS1_EE4sizeEv
FNDA:180,_ZNKSt6vectorIS_IiSaIiEESaIS1_EE4sizeEv
FNDA:10548168683,_ZNKSt6vectorIiSaIiEE4sizeEv
FNDA:6,_ZNKSt6vectorIfSaIfEE8max_sizeEv
FNDA:544,_ZNKSt6vectorISt5tupleIJffEESaIS1_EE8max_sizeEv
FNDA:30,_ZNKSt6vectorIS_IiSaIiEESaIS1_EE8max_sizeEv
FNDA:5402372,_ZNKSt6vectorIiSaIiEE8max_sizeEv
FNDA:10632622,_ZNSt6vectorISt5tupleIJffEESaIS1_EEixEm
FNDA:415,_ZNSt6vectorIS_IiSaIiEESaIS1_EEixEm
FNDA:20909518733,_ZNSt6vectorIiSaIiEEixEm
FNDA:636,_ZNSt6vectorISt5tupleIJffEESaIS1_EE9push_backERKS1_
FNDA:14,_ZNSt6vectorIS_IiSaIiEESaIS1_EE9push_backERKS1_
FNDA:2654997956,_ZNSt6vectorIiSaIiEE9push_backERKi
FNDA:4,_ZNSt6vectorIfSaIfEE9push_backEOf
FNDA:2,_ZNSt6vectorIS_IiSaIiEESaIS1_EE18_M_fill_initializeEmRKS1_
FNDA:2,_ZNSt6vectorIiSaIiEE21_M_default_initializeEm
FNDA:3,_ZNKSt6vectorIfSaIfEE12_M_check_lenEmPKc
FNDA:272,_ZNKSt6vectorISt5tupleIJffEESaIS1_EE12_M_check_lenEmPKc
FNDA:15,_ZNKSt6vectorIS_IiSaIiEESaIS1_EE12_M_check_lenEmPKc
FNDA:2701186,_ZNKSt6vectorIiSaIiEE12_M_check_lenEmPKc
FNF:93
FNH:93
DA:81,901943
DA:88,180725
DA:89,180725
DA:90,180725
DA:92,721200
DA:93,721200
DA:94,721200
DA:97,18
DA:98,18
DA:99,18
DA:100,18
DA:103,32
DA:105,32
DA:106,32
DA:107,32
DA:108,32
DA:115,9727598
DA:116,9727598
DA:119,6124056
DA:120,6124056
DA:126,180725
DA:127,180725
DA:136,721101
DA:137,721101
DA:138,721101
DA:144,18
DA:145,18
DA:146,18
DA:161,901943
DA:162,1803886
DA:163,1803886
DA:169,3422670
DA:172,3422670
DA:176,3603420
DA:179,3603420
DA:180,3422670
DA:181,3603420
DA:185,721101
DA:187,721101
DA:188,721101
DA:189,721101
DA:190,721101
DA:259,180725
DA:263,180725
DA:283,2
DA:284,2
DA:285,2
DA:295,2
DA:297,2
DA:298,2
DA:326,721097
DA:328,721097
DA:330,721097
DA:331,721097
DA:333,721097
DA:334,721097
DA:344,18
DA:345,18
DA:433,901943
DA:434,901943
DA:435,1803886
DA:563,2701490
DA:564,2701490
DA:572,721119
DA:573,721119
DA:581,2701476
DA:582,2701476
DA:590,721108
DA:591,721108
DA:670,10553654577
DA:671,10553654577
DA:675,5402952
DA:676,5402952
DA:795,20920151770
DA:798,20920151770
DA:939,2654998606
DA:941,2654998606
DA:943,2652297196
DA:945,2652297196
DA:948,2701410
DA:949,2654998606
DA:953,4
DA:954,4
DA:1334,2
DA:1336,2
DA:1337,2
DA:1338,2
DA:1339,2
DA:1344,2
DA:1346,2
DA:1347,2
DA:1348,2
DA:1349,2
DA:1497,2701476
DA:1499,2701476
DA:1500,0
DA:1502,2701476
DA:1503,2701476
LF:98
LH:97
end_of_record
SF:/usr/include/c++/7/bits/vector.tcc
FN:95,_ZNSt6vectorIfSaIfEE12emplace_backIJfEEEvDpOT_
FN:394,_ZNSt6vectorISt5tupleIJffEESaIS1_EE17_M_realloc_insertIJRKS1_EEEvN9__gnu_cxx17__normal_iteratorIPS1_S3_EEDpOT_
FN:394,_ZNSt6vectorIiSaIiEE17_M_realloc_insertIJRKiEEEvN9__gnu_cxx17__normal_iteratorIPiS1_EEDpOT_
FN:394,_ZNSt6vectorIS_IiSaIiEESaIS1_EE17_M_realloc_insertIJRKS1_EEEvN9__gnu_cxx17__normal_iteratorIPS1_S3_EEDpOT_
FN:394,_ZNSt6vectorIfSaIfEE17_M_realloc_insertIJfEEEvN9__gnu_cxx17__normal_iteratorIPfS1_EEDpOT_
FNDA:4,_ZNSt6vectorIfSaIfEE12emplace_backIJfEEEvDpOT_
FNDA:3,_ZNSt6vectorIfSaIfEE17_M_realloc_insertIJfEEEvN9__gnu_cxx17__normal_iteratorIPfS1_EEDpOT_
FNDA:272,_ZNSt6vectorISt5tupleIJffEESaIS1_EE17_M_realloc_insertIJRKS1_EEEvN9__gnu_cxx17__normal_iteratorIPS1_S3_EEDpOT_
FNDA:12,_ZNSt6vectorIS_IiSaIiEESaIS1_EE17_M_realloc_insertIJRKS1_EEEvN9__gnu_cxx17__normal_iteratorIPS1_S3_EEDpOT_
FNDA:2701126,_ZNSt6vectorIiSaIiEE17_M_realloc_insertIJRKiEEEvN9__gnu_cxx17__normal_iteratorIPiS1_EEDpOT_
FNF:5
FNH:5
DA:95,4
DA:98,4
DA:100,1
DA:102,1
DA:105,3
DA:109,4
DA:394,2701413
DA:403,2701413
DA:405,2701413
DA:406,2701413
DA:407,2701413
DA:415,5402826
DA:416,2701413
DA:422,2701413
DA:424,2701413
DA:426,2701413
DA:427,2701413
DA:429,2701413
DA:431,2701413
DA:433,2701413
DA:434,2701413
DA:436,0
DA:438,0
DA:439,0
DA:440,0
DA:442,0
DA:443,0
DA:444,0
DA:446,2701413
DA:447,2701413
DA:448,5402826
DA:449,2701413
DA:450,2701413
DA:451,2701413
DA:452,2701413
DA:453,2701413
DA:454,2701413
LF:37
LH:30
end_of_record
SF:/usr/include/c++/7/cmath
FN:260,_ZSt5floorf
FN:272,_ZSt5floorIiEN9__gnu_cxx11__enable_ifIXsrSt12__is_integerIT_E7__valueEdE6__typeES3_
FN:415,_ZSt3powIiiEN9__gnu_cxx11__promote_2IT_T0_NS0_9__promoteIS2_XsrSt12__is_integerIS2_E7__valueEE6__typeENS4_IS3_XsrS5_IS3_E7__valueEE6__typeEE6__typeES2_S3_
FN:1771,_ZSt5roundf
FNDA:1548974,_ZSt5floorf
FNDA:53,_ZSt5floorIiEN9__gnu_cxx11__enable_ifIXsrSt12__is_integerIT_E7__valueEdE6__typeES3_
FNDA:8,_ZSt3powIiiEN9__gnu_cxx11__promote_2IT_T0_NS0_9__promoteIS2_XsrSt12__is_integerIS2_E7__valueEE6__typeENS4_IS3_XsrS5_IS3_E7__valueEE6__typeEE6__typeES2_S3_
FNDA:8107061,_ZSt5roundf
FNF:4
FNH:4
DA:260,1548974
DA:261,1548974
DA:272,53
DA:273,53
DA:415,8
DA:418,8
DA:1771,8107061
DA:1772,8107061
LF:8
LH:8
end_of_record
SF:/usr/include/c++/7/ext/alloc_traits.h
FN:94,_ZN9__gnu_cxx14__alloc_traitsISaISt5tupleIJffEEEE17_S_select_on_copyERKS3_
FN:94,_ZN9__gnu_cxx14__alloc_traitsISaISt6vectorIiSaIiEEEE17_S_select_on_copyERKS4_
FN:94,_ZN9__gnu_cxx14__alloc_traitsISaIiEE17_S_select_on_copyERKS1_
FNDA:45,_ZN9__gnu_cxx14__alloc_traitsISaISt5tupleIJffEEEE17_S_select_on_copyERKS3_
FNDA:43,_ZN9__gnu_cxx14__alloc_traitsISaISt6vectorIiSaIiEEEE17_S_select_on_copyERKS4_
FNDA:721009,_ZN9__gnu_cxx14__alloc_traitsISaIiEE17_S_select_on_copyERKS1_
FNF:3
FNH:3
DA:94,721097
DA:95,721097
LF:2
LH:2
end_of_record
SF:/usr/include/c++/7/ext/new_allocator.h
[...]
DA:138,4
DA:141,4
DA:142,8
LF:5
LH:5
end_of_record
SF:/usr/include/c++/7/bits/stl_iterator_base_types.h
FN:205,_ZSt19__iterator_categoryIPKbENSt15iterator_traitsIT_E17iterator_categoryERKS3_
FNDA:4,_ZSt19__iterator_categoryIPKbENSt15iterator_traitsIT_E17iterator_categoryERKS3_
FNF:1
FNH:1
DA:205,4
DA:206,4
LF:2
LH:2
end_of_record
SF:/usr/include/c++/7/bits/stl_vector.h
FN:1596,_ZSteqIbSaIbEEbRKSt6vectorIT_T0_ES6_
FNDA:3,_ZSteqIbSaIbEEbRKSt6vectorIT_T0_ES6_
FNF:1
FNH:1
DA:1596,3
DA:1597,3
DA:1598,3
LF:3
LH:3
end_of_record
SF:/usr/include/c++/7/ext/new_allocator.h
FN:79,_ZN9__gnu_cxx13new_allocatorIbEC2Ev
FN:79,_ZN9__gnu_cxx13new_allocatorImEC2Ev
FN:81,_ZN9__gnu_cxx13new_allocatorImEC2ERKS1_
FN:86,_ZN9__gnu_cxx13new_allocatorImED2Ev
FN:86,_ZN9__gnu_cxx13new_allocatorIbED2Ev
FN:99,_ZN9__gnu_cxx13new_allocatorImE8allocateEmPKv
FN:116,_ZN9__gnu_cxx13new_allocatorImE10deallocateEPmm
FN:129,_ZNK9__gnu_cxx13new_allocatorImE8max_sizeEv
FNDA:0,_ZN9__gnu_cxx13new_allocatorImEC2Ev
FNDA:0,_ZN9__gnu_cxx13new_allocatorIbEC2Ev
FNDA:0,_ZN9__gnu_cxx13new_allocatorImEC2ERKS1_
FNDA:0,_ZN9__gnu_cxx13new_allocatorImED2Ev
FNDA:0,_ZN9__gnu_cxx13new_allocatorIbED2Ev
FNDA:0,_ZN9__gnu_cxx13new_allocatorImE8allocateEmPKv
FNDA:0,_ZN9__gnu_cxx13new_allocatorImE10deallocateEPmm
FNDA:0,_ZNK9__gnu_cxx13new_allocatorImE8max_sizeEv
FNF:8
FNH:0
DA:79,0
DA:81,0
DA:86,0
DA:99,0
DA:101,0
DA:102,0
DA:111,0
DA:116,0
DA:125,0
DA:126,0
DA:129,0
DA:130,0
LF:12
LH:0
end_of_record
SF:/usr/include/c++/7/initializer_list
FN:71,_ZNKSt16initializer_listIbE4sizeEv
FN:75,_ZNKSt16initializer_listIbE5beginEv
FN:79,_ZNKSt16initializer_listIbE3endEv
FNDA:4,_ZNKSt16initializer_listIbE4sizeEv
FNDA:8,_ZNKSt16initializer_listIbE5beginEv
FNDA:4,_ZNKSt16initializer_listIbE3endEv
FNF:3
FNH:3
DA:71,4
DA:75,8
DA:79,4
LF:3
LH:3
end_of_record
SF:/usr/include/c++/7/iostream
DA:74,2
LF:1
LH:1
end_of_record
TN:
SF:/home/enzo/Documentos/Facultad/Algo I/TP/Implementacion/src/lib/googletest-master/googletest/include/gtest/gtest-message.h
FN:85,_ZN7testing7MessageD2Ev
FNDA:0,_ZN7testing7MessageD2Ev
FNF:1
FNH:0
DA:85,0
LF:1
LH:0
end_of_record
SF:/home/enzo/Documentos/Facultad/Algo I/TP/Implementacion/src/lib/googletest-master/googletest/include/gtest/gtest-printers.h
FN:223,_ZN16testing_internal26DefaultPrintNonContainerToIiEEvRKT_PSo
FN:276,_ZN7testing8internal19FormatForComparisonIiiE6FormatB5cxx11ERKi
FN:350,_ZN7testing8internal33FormatForComparisonFailureMessageIiiEENSt7__cxx1112basic_stringIcSt11char_traitsIcESaIcEEERKT_RKT0_
FN:443,_ZN7testing8internal14DefaultPrintToIiEEvNS0_15WrapPrinterTypeILNS0_18DefaultPrinterTypeE3EEERKT_PSo
FN:460,_ZN7testing8internal7PrintToIiEEvRKT_PSo
FN:715,_ZN7testing8internal16UniversalPrinterIiE5PrintERKiPSo
FN:800,_ZN7testing8internal21UniversalTersePrinterIiE5PrintERKiPSo
FN:869,_ZN7testing8internal14UniversalPrintIiEEvRKT_PSo
FN:997,_ZN7testing13PrintToStringIiEENSt7__cxx1112basic_stringIcSt11char_traitsIcESaIcEEERKT_
FNDA:0,_ZN16testing_internal26DefaultPrintNonContainerToIiEEvRKT_PSo
FNDA:0,_ZN7testing8internal19FormatForComparisonIiiE6FormatB5cxx11ERKi
FNDA:0,_ZN7testing8internal33FormatForComparisonFailureMessageIiiEENSt7__cxx1112basic_stringIcSt11char_traitsIcESaIcEEERKT_RKT0_
FNDA:0,_ZN7testing8internal14DefaultPrintToIiEEvNS0_15WrapPrinterTypeILNS0_18DefaultPrinterTypeE3EEERKT_PSo
FNDA:0,_ZN7testing8internal7PrintToIiEEvRKT_PSo
FNDA:0,_ZN7testing8internal16UniversalPrinterIiE5PrintERKiPSo
FNDA:0,_ZN7testing8internal21UniversalTersePrinterIiE5PrintERKiPSo
FNDA:0,_ZN7testing8internal14UniversalPrintIiEEvRKT_PSo
FNDA:0,_ZN7testing13PrintToStringIiEENSt7__cxx1112basic_stringIcSt11char_traitsIcESaIcEEERKT_
FNF:9
FNH:0
DA:223,0
DA:250,0
DA:251,0
DA:276,0
DA:277,0
DA:350,0
DA:352,0
DA:443,0
DA:445,0
DA:446,0
DA:460,0
DA:482,0
DA:495,0
DA:715,0
DA:724,0
DA:725,0
DA:800,0
DA:801,0
DA:802,0
DA:869,0
DA:873,0
DA:874,0
DA:997,0
DA:998,0
DA:999,0
DA:1000,0
LF:26
LH:0
end_of_record
SF:/home/enzo/Documentos/Facultad/Algo I/TP/Implementacion/src/lib/googletest-master/googletest/include/gtest/gtest.h
FN:256,_ZN7testing15AssertionResultD2Ev
FN:288,_ZNK7testing15AssertionResultcvbEv
FN:297,_ZNK7testing15AssertionResult7messageEv
FN:302,_ZNK7testing15AssertionResult15failure_messageEv
FN:389,_ZN7testing4Test13SetUpTestCaseEv
FN:397,_ZN7testing4Test16TearDownTestCaseEv
FN:474,_ZN7testing4Test5SetupEv
FN:1375,_ZN7testing8internal18CmpHelperEQFailureIiiEENS_15AssertionResultEPKcS4_RKT_RKT0_
FN:1387,_ZN7testing8internal11CmpHelperEQIiiEENS_15AssertionResultEPKcS4_RKT_RKT0_
FN:1417,_ZN7testing8internal8EqHelperILb0EE7CompareIiiEENS_15AssertionResultEPKcS6_RKT_RKT0_
FNDA:0,_ZN7testing15AssertionResultD2Ev
FNDA:0,_ZNK7testing15AssertionResultcvbEv
FNDA:0,_ZNK7testing15AssertionResult7messageEv
FNDA:0,_ZNK7testing15AssertionResult15failure_messageEv
FNDA:0,_ZN7testing4Test13SetUpTestCaseEv
FNDA:0,_ZN7testing4Test16TearDownTestCaseEv
FNDA:0,_ZN7testing4Test5SetupEv
FNDA:0,_ZN7testing8internal18CmpHelperEQFailureIiiEENS_15AssertionResultEPKcS4_RKT_RKT0_
FNDA:0,_ZN7testing8internal11CmpHelperEQIiiEENS_15AssertionResultEPKcS4_RKT_RKT0_
FNDA:0,_ZN7testing8internal8EqHelperILb0EE7CompareIiiEENS_15AssertionResultEPKcS6_RKT_RKT0_
FNF:10
FNH:0
DA:256,0
DA:288,0
DA:297,0
DA:298,0
DA:302,0
DA:389,0
DA:397,0
DA:474,0
DA:1375,0
DA:1382,0
DA:1387,0
DA:1392,0
DA:1393,0
DA:1397,0
DA:1417,0
DA:1421,0
LF:16
LH:0
end_of_record
SF:/home/enzo/Documentos/Facultad/Algo I/TP/Implementacion/src/lib/googletest-master/googletest/include/gtest/internal/gtest-internal.h
FN:466,_ZN7testing8internal15TestFactoryBaseD2Ev
FN:466,_ZN7testing8internal15TestFactoryBaseD0Ev
FN:473,_ZN7testing8internal15TestFactoryBaseC2Ev
FN:482,_ZN7testing8internal15TestFactoryImplI46encontrarAparicionTEST_encontrarAparicion_TestED0Ev
FN:482,_ZN7testing8internal15TestFactoryImplI51encontrarAparicionTEST_smallEncontrarAparicion_TestED2Ev
FN:482,_ZN7testing8internal15TestFactoryImplI51encontrarAparicionTEST_smallEncontrarAparicion_TestEC2Ev
FN:482,_ZN7testing8internal15TestFactoryImplI51encontrarAparicionTEST_smallEncontrarAparicion_TestED0Ev
FN:482,_ZN7testing8internal15TestFactoryImplI46encontrarAparicionTEST_encontrarAparicion_TestED2Ev
FN:482,_ZN7testing8internal15TestFactoryImplI46encontrarAparicionTEST_encontrarAparicion_TestEC2Ev
FN:484,_ZN7testing8internal15TestFactoryImplI51encontrarAparicionTEST_smallEncontrarAparicion_TestE10CreateTestEv
FN:484,_ZN7testing8internal15TestFactoryImplI46encontrarAparicionTEST_encontrarAparicion_TestE10CreateTestEv
FN:504,_ZN7testing8internal12CodeLocationD2Ev
FN:505,_ZN7testing8internal12CodeLocationC2ERKNSt7__cxx1112basic_stringIcSt11char_traitsIcESaIcEEEi
FNDA:0,_ZN7testing8internal15TestFactoryBaseD0Ev
FNDA:0,_ZN7testing8internal15TestFactoryBaseD2Ev
FNDA:0,_ZN7testing8internal15TestFactoryBaseC2Ev
FNDA:2,_ZN7testing8internal15TestFactoryImplI51encontrarAparicionTEST_smallEncontrarAparicion_TestED0Ev
FNDA:2,_ZN7testing8internal15TestFactoryImplI51encontrarAparicionTEST_smallEncontrarAparicion_TestED2Ev
FNDA:2,_ZN7testing8internal15TestFactoryImplI46encontrarAparicionTEST_encontrarAparicion_TestED0Ev
FNDA:2,_ZN7testing8internal15TestFactoryImplI46encontrarAparicionTEST_encontrarAparicion_TestED2Ev
FNDA:2,_ZN7testing8internal15TestFactoryImplI46encontrarAparicionTEST_encontrarAparicion_TestEC2Ev
FNDA:2,_ZN7testing8internal15TestFactoryImplI51encontrarAparicionTEST_smallEncontrarAparicion_TestEC2Ev
FNDA:1,_ZN7testing8internal15TestFactoryImplI51encontrarAparicionTEST_smallEncontrarAparicion_TestE10CreateTestEv
FNDA:1,_ZN7testing8internal15TestFactoryImplI46encontrarAparicionTEST_encontrarAparicion_TestE10CreateTestEv
FNDA:0,_ZN7testing8internal12CodeLocationD2Ev
FNDA:0,_ZN7testing8internal12CodeLocationC2ERKNSt7__cxx1112basic_stringIcSt11char_traitsIcESaIcEEEi
FNF:13
FNH:8
DA:466,0
DA:473,0
DA:482,12
DA:484,2
DA:504,0
DA:505,0
DA:506,0
LF:7
LH:2
end_of_record
SF:/home/enzo/Documentos/Facultad/Algo I/TP/Implementacion/src/lib/googletest-master/googletest/include/gtest/internal/gtest-port.h
FN:1162,_ZN7testing8internal10scoped_ptrINSt7__cxx1118basic_stringstreamIcSt11char_traitsIcESaIcEEEED2Ev
FN:1162,_ZN7testing8internal10scoped_ptrINSt7__cxx1112basic_stringIcSt11char_traitsIcESaIcEEEED2Ev
FN:1165,_ZNK7testing8internal10scoped_ptrINSt7__cxx1112basic_stringIcSt11char_traitsIcESaIcEEEEptEv
FN:1166,_ZNK7testing8internal10scoped_ptrINSt7__cxx1112basic_stringIcSt11char_traitsIcESaIcEEEE3getEv
FN:1174,_ZN7testing8internal10scoped_ptrINSt7__cxx1112basic_stringIcSt11char_traitsIcESaIcEEEE5resetEPS7_
FN:1174,_ZN7testing8internal10scoped_ptrINSt7__cxx1118basic_stringstreamIcSt11char_traitsIcESaIcEEEE5resetEPS7_
FNDA:0,_ZN7testing8internal10scoped_ptrINSt7__cxx1112basic_stringIcSt11char_traitsIcESaIcEEEED2Ev
FNDA:0,_ZN7testing8internal10scoped_ptrINSt7__cxx1118basic_stringstreamIcSt11char_traitsIcESaIcEEEED2Ev
FNDA:0,_ZNK7testing8internal10scoped_ptrINSt7__cxx1112basic_stringIcSt11char_traitsIcESaIcEEEEptEv
FNDA:0,_ZNK7testing8internal10scoped_ptrINSt7__cxx1112basic_stringIcSt11char_traitsIcESaIcEEEE3getEv
FNDA:0,_ZN7testing8internal10scoped_ptrINSt7__cxx1118basic_stringstreamIcSt11char_traitsIcESaIcEEEE5resetEPS7_
FNDA:0,_ZN7testing8internal10scoped_ptrINSt7__cxx1112basic_stringIcSt11char_traitsIcESaIcEEEE5resetEPS7_
FNF:6
FNH:0
DA:1162,0
DA:1165,0
DA:1166,0
DA:1174,0
DA:1175,0
DA:1176,0
DA:1177,0
DA:1179,0
DA:1181,0
LF:9
LH:0
end_of_record
SF:/home/enzo/Documentos/Facultad/Algo I/TP/Implementacion/src/tests/encontrarAparicionTEST.cpp
FN:10,_ZN51encontrarAparicionTEST_smallEncontrarAparicion_TestD0Ev
FN:10,_ZN51encontrarAparicionTEST_smallEncontrarAparicion_TestD2Ev
FN:10,_ZN51encontrarAparicionTEST_smallEncontrarAparicion_Test8TestBodyEv
FN:10,_ZN51encontrarAparicionTEST_smallEncontrarAparicion_TestC2Ev
FN:17,_ZN46encontrarAparicionTEST_encontrarAparicion_TestD0Ev
FN:17,_ZN46encontrarAparicionTEST_encontrarAparicion_TestD2Ev
FN:17,_ZN46encontrarAparicionTEST_encontrarAparicion_TestC2Ev
FN:17,_ZN46encontrarAparicionTEST_encontrarAparicion_Test8TestBodyEv
FN:27,_Z41__static_initialization_and_destruction_0ii
FN:27,_GLOBAL__sub_I__ZN51encontrarAparicionTEST_smallEncontrarAparicion_Test10test_info_E
FNDA:1,_ZN51encontrarAparicionTEST_smallEncontrarAparicion_TestD0Ev
FNDA:1,_ZN51encontrarAparicionTEST_smallEncontrarAparicion_TestD2Ev
FNDA:1,_ZN51encontrarAparicionTEST_smallEncontrarAparicion_Test8TestBodyEv
FNDA:1,_ZN51encontrarAparicionTEST_smallEncontrarAparicion_TestC2Ev
FNDA:1,_ZN46encontrarAparicionTEST_encontrarAparicion_TestD0Ev
FNDA:1,_ZN46encontrarAparicionTEST_encontrarAparicion_TestD2Ev
FNDA:1,_ZN46encontrarAparicionTEST_encontrarAparicion_Test8TestBodyEv
FNDA:1,_ZN46encontrarAparicionTEST_encontrarAparicion_TestC2Ev
FNDA:2,_GLOBAL__sub_I__ZN51encontrarAparicionTEST_smallEncontrarAparicion_Test10test_info_E
FNDA:2,_Z41__static_initialization_and_destruction_0ii
FNF:10
FNH:10
DA:10,6
DA:11,2
DA:12,2
DA:13,1
DA:14,1
DA:17,6
DA:20,2
DA:21,2
DA:22,1
DA:23,1
DA:24,2
DA:25,1
DA:26,1
DA:27,7
LF:14
LH:14
end_of_record
SF:/usr/include/c++/7/bits/alloc_traits.h
FN:435,_ZNSt16allocator_traitsISaIiEE8allocateERS0_m
FN:461,_ZNSt16allocator_traitsISaIiEE10deallocateERS0_Pim
FN:504,_ZNSt16allocator_traitsISaIiEE37select_on_container_copy_constructionERKS0_
FNDA:0,_ZNSt16allocator_traitsISaIiEE8allocateERS0_m
FNDA:0,_ZNSt16allocator_traitsISaIiEE10deallocateERS0_Pim
FNDA:0,_ZNSt16allocator_traitsISaIiEE37select_on_container_copy_constructionERKS0_
FNF:3
FNH:0
DA:435,0
DA:436,0
DA:461,0
DA:462,0
DA:504,0
DA:505,0
LF:6
LH:0
end_of_record
SF:/usr/include/c++/7/bits/allocator.h
FN:131,_ZNSaIiEC2Ev
FN:133,_ZNSaIiEC2ERKS_
FN:139,_ZNSaIiED2Ev
FNDA:0,_ZNSaIiEC2Ev
FNDA:0,_ZNSaIiEC2ERKS_
FNDA:0,_ZNSaIiED2Ev
FNF:3
FNH:0
DA:131,0
DA:133,0
DA:134,0
DA:139,0
LF:4
LH:0
end_of_record
SF:/usr/include/c++/7/bits/cpp_type_traits.h
FN:408,_ZSt12__miter_baseIPKiET_S2_
FN:408,_ZSt12__miter_baseIN9__gnu_cxx17__normal_iteratorIPKiSt6vectorIiSaIiEEEEET_S8_
FNDA:0,_ZSt12__miter_baseIPKiET_S2_
FNDA:0,_ZSt12__miter_baseIN9__gnu_cxx17__normal_iteratorIPKiSt6vectorIiSaIiEEEEET_S8_
FNF:2
FNH:0
DA:408,0
DA:409,0
LF:2
LH:0
end_of_record
SF:/usr/include/c++/7/bits/ios_base.h
FN:129,_ZStorSt13_Ios_OpenmodeS_
FNDA:0,_ZStorSt13_Ios_OpenmodeS_
FNF:1
FNH:0
DA:129,0
DA:130,0
LF:2
LH:0
end_of_record
SF:/usr/include/c++/7/bits/stl_algobase.h
FN:277,_ZSt12__niter_baseIPiET_S1_
FN:277,_ZSt12__niter_baseIPKiET_S2_
FN:357,_ZNSt11__copy_moveILb0ELb1ESt26random_access_iterator_tagE8__copy_mIiEEPT_PKS3_S6_S4_
FN:375,_ZSt13__copy_move_aILb0EPKiPiET1_T0_S4_S3_
FN:420,_ZSt14__copy_move_a2ILb0EN9__gnu_cxx17__normal_iteratorIPKiSt6vectorIiSaIiEEEEPiET1_T0_SA_S9_
FN:420,_ZSt14__copy_move_a2ILb0EPKiPiET1_T0_S4_S3_
FN:446,_ZSt4copyIPKiPiET0_T_S4_S3_
FN:446,_ZSt4copyIN9__gnu_cxx17__normal_iteratorIPKiSt6vectorIiSaIiEEEEPiET0_T_SA_S9_
FNDA:0,_ZSt12__niter_baseIPKiET_S2_
FNDA:0,_ZSt12__niter_baseIPiET_S1_
FNDA:0,_ZNSt11__copy_moveILb0ELb1ESt26random_access_iterator_tagE8__copy_mIiEEPT_PKS3_S6_S4_
FNDA:0,_ZSt13__copy_move_aILb0EPKiPiET1_T0_S4_S3_
FNDA:0,_ZSt14__copy_move_a2ILb0EPKiPiET1_T0_S4_S3_
FNDA:0,_ZSt14__copy_move_a2ILb0EN9__gnu_cxx17__normal_iteratorIPKiSt6vectorIiSaIiEEEEPiET1_T0_SA_S9_
FNDA:0,_ZSt4copyIPKiPiET0_T_S4_S3_
FNDA:0,_ZSt4copyIN9__gnu_cxx17__normal_iteratorIPKiSt6vectorIiSaIiEEEEPiET0_T_SA_S9_
FNF:8
FNH:0
DA:277,0
DA:278,0
DA:357,0
DA:366,0
DA:367,0
DA:368,0
DA:369,0
DA:375,0
DA:380,0
DA:386,0
DA:420,0
DA:422,0
DA:424,0
DA:446,0
DA:455,0
DA:456,0
LF:16
LH:0
end_of_record
SF:/usr/include/c++/7/bits/stl_construct.h
FN:117,_ZNSt12_Destroy_auxILb1EE9__destroyIPiEEvT_S3_
FN:127,_ZSt8_DestroyIPiEvT_S1_
FN:203,_ZSt8_DestroyIPiiEvT_S1_RSaIT0_E
FNDA:0,_ZNSt12_Destroy_auxILb1EE9__destroyIPiEEvT_S3_
FNDA:0,_ZSt8_DestroyIPiEvT_S1_
FNDA:0,_ZSt8_DestroyIPiiEvT_S1_RSaIT0_E
FNF:3
FNH:0
DA:117,0
DA:127,0
DA:137,0
DA:138,0
DA:203,0
DA:206,0
DA:207,0
LF:7
LH:0
end_of_record
SF:/usr/include/c++/7/bits/stl_iterator.h
FN:779,_ZN9__gnu_cxx17__normal_iteratorIPKiSt6vectorIiSaIiEEEC2ERKS2_
FN:844,_ZNK9__gnu_cxx17__normal_iteratorIPKiSt6vectorIiSaIiEEE4baseEv
FN:983,_ZSt12__niter_baseIPKiSt6vectorIiSaIiEEET_N9__gnu_cxx17__normal_iteratorIS5_T0_EE
FNDA:0,_ZN9__gnu_cxx17__normal_iteratorIPKiSt6vectorIiSaIiEEEC2ERKS2_
FNDA:0,_ZNK9__gnu_cxx17__normal_iteratorIPKiSt6vectorIiSaIiEEE4baseEv
FNDA:0,_ZSt12__niter_baseIPKiSt6vectorIiSaIiEEET_N9__gnu_cxx17__normal_iteratorIS5_T0_EE
FNF:3
FNH:0
DA:779,0
DA:780,0
DA:844,0
DA:845,0
DA:983,0
DA:984,0
LF:6
LH:0
end_of_record
SF:/usr/include/c++/7/bits/stl_iterator_base_funcs.h
FN:98,_ZSt10__distanceIPKiENSt15iterator_traitsIT_E15difference_typeES3_S3_St26random_access_iterator_tag
FN:138,_ZSt8distanceIPKiENSt15iterator_traitsIT_E15difference_typeES3_S3_
FNDA:0,_ZSt10__distanceIPKiENSt15iterator_traitsIT_E15difference_typeES3_S3_St26random_access_iterator_tag
FNDA:0,_ZSt8distanceIPKiENSt15iterator_traitsIT_E15difference_typeES3_S3_
FNF:2
FNH:0
DA:98,0
DA:104,0
DA:138,0
DA:141,0
DA:142,0
LF:5
LH:0
end_of_record
SF:/usr/include/c++/7/bits/stl_iterator_base_types.h
FN:205,_ZSt19__iterator_categoryIPKiENSt15iterator_traitsIT_E17iterator_categoryERKS3_
FNDA:0,_ZSt19__iterator_categoryIPKiENSt15iterator_traitsIT_E17iterator_categoryERKS3_
FNF:1
FNH:0
DA:205,0
DA:206,0
LF:2
LH:0
end_of_record
SF:/usr/include/c++/7/bits/stl_uninitialized.h
FN:99,_ZNSt20__uninitialized_copyILb1EE13__uninit_copyIN9__gnu_cxx17__normal_iteratorIPKiSt6vectorIiSaIiEEEEPiEET0_T_SC_SB_
FN:99,_ZNSt20__uninitialized_copyILb1EE13__uninit_copyIPKiPiEET0_T_S6_S5_
FN:115,_ZSt18uninitialized_copyIN9__gnu_cxx17__normal_iteratorIPKiSt6vectorIiSaIiEEEEPiET0_T_SA_S9_
FN:115,_ZSt18uninitialized_copyIPKiPiET0_T_S4_S3_
FN:287,_ZSt22__uninitialized_copy_aIN9__gnu_cxx17__normal_iteratorIPKiSt6vectorIiSaIiEEEEPiiET0_T_SA_S9_RSaIT1_E
FN:287,_ZSt22__uninitialized_copy_aIPKiPiiET0_T_S4_S3_RSaIT1_E
FNDA:0,_ZNSt20__uninitialized_copyILb1EE13__uninit_copyIPKiPiEET0_T_S6_S5_
FNDA:0,_ZNSt20__uninitialized_copyILb1EE13__uninit_copyIN9__gnu_cxx17__normal_iteratorIPKiSt6vectorIiSaIiEEEEPiEET0_T_SC_SB_
FNDA:0,_ZSt18uninitialized_copyIPKiPiET0_T_S4_S3_
FNDA:0,_ZSt18uninitialized_copyIN9__gnu_cxx17__normal_iteratorIPKiSt6vectorIiSaIiEEEEPiET0_T_SA_S9_
FNDA:0,_ZSt22__uninitialized_copy_aIPKiPiiET0_T_S4_S3_RSaIT1_E
FNDA:0,_ZSt22__uninitialized_copy_aIN9__gnu_cxx17__normal_iteratorIPKiSt6vectorIiSaIiEEEEPiiET0_T_SA_S9_RSaIT1_E
FNF:6
FNH:0
DA:99,0
DA:101,0
DA:115,0
DA:128,0
DA:134,0
DA:287,0
DA:289,0
LF:7
LH:0
end_of_record
SF:/usr/include/c++/7/bits/stl_vector.h
FN:81,_ZNSt12_Vector_baseIiSaIiEE12_Vector_implD2Ev
FN:92,_ZNSt12_Vector_baseIiSaIiEE12_Vector_implC2ERKS0_
FN:115,_ZNSt12_Vector_baseIiSaIiEE19_M_get_Tp_allocatorEv
FN:119,_ZNKSt12_Vector_baseIiSaIiEE19_M_get_Tp_allocatorEv
FN:129,_ZNSt12_Vector_baseIiSaIiEEC2ERKS0_
FN:136,_ZNSt12_Vector_baseIiSaIiEEC2EmRKS0_
FN:161,_ZNSt12_Vector_baseIiSaIiEED2Ev
FN:169,_ZNSt12_Vector_baseIiSaIiEE11_M_allocateEm
FN:176,_ZNSt12_Vector_baseIiSaIiEE13_M_deallocateEPim
FN:185,_ZNSt12_Vector_baseIiSaIiEE17_M_create_storageEm
FN:326,_ZNSt6vectorIiSaIiEEC2ERKS1_
FN:383,_ZNSt6vectorIiSaIiEEC2ESt16initializer_listIiERKS0_
FN:433,_ZNSt6vectorIiSaIiEED2Ev
FN:572,_ZNKSt6vectorIiSaIiEE5beginEv
FN:590,_ZNKSt6vectorIiSaIiEE3endEv
FN:670,_ZNKSt6vectorIiSaIiEE4sizeEv
FN:1319,_ZNSt6vectorIiSaIiEE19_M_range_initializeIPKiEEvT_S5_St20forward_iterator_tag
FNDA:0,_ZNSt12_Vector_baseIiSaIiEE12_Vector_implD2Ev
FNDA:0,_ZNSt12_Vector_baseIiSaIiEE12_Vector_implC2ERKS0_
FNDA:0,_ZNSt12_Vector_baseIiSaIiEE19_M_get_Tp_allocatorEv
FNDA:0,_ZNKSt12_Vector_baseIiSaIiEE19_M_get_Tp_allocatorEv
FNDA:0,_ZNSt12_Vector_baseIiSaIiEEC2ERKS0_
FNDA:0,_ZNSt12_Vector_baseIiSaIiEEC2EmRKS0_
FNDA:0,_ZNSt12_Vector_baseIiSaIiEED2Ev
FNDA:0,_ZNSt12_Vector_baseIiSaIiEE11_M_allocateEm
FNDA:0,_ZNSt12_Vector_baseIiSaIiEE13_M_deallocateEPim
FNDA:0,_ZNSt12_Vector_baseIiSaIiEE17_M_create_storageEm
FNDA:0,_ZNSt6vectorIiSaIiEEC2ERKS1_
FNDA:0,_ZNSt6vectorIiSaIiEEC2ESt16initializer_listIiERKS0_
FNDA:0,_ZNSt6vectorIiSaIiEED2Ev
FNDA:0,_ZNKSt6vectorIiSaIiEE5beginEv
FNDA:0,_ZNKSt6vectorIiSaIiEE3endEv
FNDA:0,_ZNKSt6vectorIiSaIiEE4sizeEv
FNDA:0,_ZNSt6vectorIiSaIiEE19_M_range_initializeIPKiEEvT_S5_St20forward_iterator_tag
FNF:17
FNH:0
DA:81,0
DA:92,0
DA:93,0
DA:94,0
DA:115,0
DA:116,0
DA:119,0
DA:120,0
DA:129,0
DA:130,0
DA:136,0
DA:137,0
DA:138,0
DA:161,0
DA:162,0
DA:163,0
DA:169,0
DA:172,0
DA:176,0
DA:179,0
DA:180,0
DA:181,0
DA:185,0
DA:187,0
DA:188,0
DA:189,0
DA:190,0
DA:326,0
DA:328,0
DA:330,0
DA:331,0
DA:333,0
DA:334,0
DA:383,0
DA:385,0
DA:387,0
DA:389,0
DA:433,0
DA:434,0
DA:435,0
DA:572,0
DA:573,0
DA:590,0
DA:591,0
DA:670,0
DA:671,0
DA:1319,0
DA:1322,0
DA:1323,0
DA:1324,0
DA:1325,0
DA:1326,0
DA:1328,0
DA:1329,0
LF:54
LH:0
end_of_record
SF:/usr/include/c++/7/ext/alloc_traits.h
FN:94,_ZN9__gnu_cxx14__alloc_traitsISaIiEE17_S_select_on_copyERKS1_
FNDA:0,_ZN9__gnu_cxx14__alloc_traitsISaIiEE17_S_select_on_copyERKS1_
FNF:1
FNH:0
DA:94,0
DA:95,0
LF:2
LH:0
end_of_record
SF:/usr/include/c++/7/ext/new_allocator.h
FN:79,_ZN9__gnu_cxx13new_allocatorIiEC2Ev
FN:81,_ZN9__gnu_cxx13new_allocatorIiEC2ERKS1_
FN:86,_ZN9__gnu_cxx13new_allocatorIiED2Ev
FN:99,_ZN9__gnu_cxx13new_allocatorIiE8allocateEmPKv
FN:116,_ZN9__gnu_cxx13new_allocatorIiE10deallocateEPim
FN:129,_ZNK9__gnu_cxx13new_allocatorIiE8max_sizeEv
FNDA:0,_ZN9__gnu_cxx13new_allocatorIiEC2Ev
FNDA:0,_ZN9__gnu_cxx13new_allocatorIiEC2ERKS1_
FNDA:0,_ZN9__gnu_cxx13new_allocatorIiED2Ev
FNDA:0,_ZN9__gnu_cxx13new_allocatorIiE8allocateEmPKv
FNDA:0,_ZN9__gnu_cxx13new_allocatorIiE10deallocateEPim
FNDA:0,_ZNK9__gnu_cxx13new_allocatorIiE8max_sizeEv
FNF:6
FNH:0
DA:79,0
DA:81,0
DA:86,0
DA:99,0
DA:101,0
DA:102,0
DA:111,0
DA:116,0
DA:125,0
DA:126,0
DA:129,0
DA:130,0
LF:12
LH:0
end_of_record
SF:/usr/include/c++/7/initializer_list
FN:71,_ZNKSt16initializer_listIiE4sizeEv
FN:75,_ZNKSt16initializer_listIiE5beginEv
FN:79,_ZNKSt16initializer_listIiE3endEv
FNDA:0,_ZNKSt16initializer_listIiE4sizeEv
FNDA:0,_ZNKSt16initializer_listIiE5beginEv
FNDA:0,_ZNKSt16initializer_listIiE3endEv
FNF:3
FNH:0
DA:71,0
DA:75,0
DA:79,0
LF:3
LH:0
end_of_record
SF:/usr/include/c++/7/iostream
DA:74,2
LF:1
LH:1
end_of_record
