TN:
SF:/c/Users/Usuario/Documents/programacion/t2/Funciones_TPI.cpp
FN:14,_Z17grabarVectorAudioSt6vectorIiSaIiEENSt7__cxx1112basic_stringIcSt11char_traitsIcESaIcEEE
FN:29,_Z15leerVectorAudioNSt7__cxx1112basic_stringIcSt11char_traitsIcESaIcEEERiS5_S5_
FN:67,_Z15cargarSalaAudioSt6vectorINSt7__cxx1112basic_stringIcSt11char_traitsIcESaIcEEESaIS5_EERiS8_S8_
FN:77,_Z15cargarSalaAudioSt6vectorINSt7__cxx1112basic_stringIcSt11char_traitsIcESaIcEEESaIS5_EERiS8_S8_ii
FN:87,_Z20calcularEstadisticosSt6vectorIiSaIiEERfS2_
FN:106,_Z8subAudioSt6vectorIiSaIiEEii
FN:115,_Z11correlacionSt6vectorIiSaIiEES1_
FN:127,_Z41__static_initialization_and_destruction_0ii
FN:127,_GLOBAL__sub_I__Z17grabarVectorAudioSt6vectorIiSaIiEENSt7__cxx1112basic_stringIcSt11char_traitsIcESaIcEEE
FNDA:0,_Z17grabarVectorAudioSt6vectorIiSaIiEENSt7__cxx1112basic_stringIcSt11char_traitsIcESaIcEEE
FNDA:140,_Z15leerVectorAudioNSt7__cxx1112basic_stringIcSt11char_traitsIcESaIcEEERiS5_S5_
FNDA:10,_Z15cargarSalaAudioSt6vectorINSt7__cxx1112basic_stringIcSt11char_traitsIcESaIcEEESaIS5_EERiS8_S8_
FNDA:10,_Z15cargarSalaAudioSt6vectorINSt7__cxx1112basic_stringIcSt11char_traitsIcESaIcEEESaIS5_EERiS8_S8_ii
FNDA:3317511,_Z20calcularEstadisticosSt6vectorIiSaIiEERfS2_
FNDA:70,_Z8subAudioSt6vectorIiSaIiEEii
FNDA:1658756,_Z11correlacionSt6vectorIiSaIiEES1_
FNDA:10,_GLOBAL__sub_I__Z17grabarVectorAudioSt6vectorIiSaIiEENSt7__cxx1112basic_stringIcSt11char_traitsIcESaIcEEE
FNDA:10,_Z41__static_initialization_and_destruction_0ii
FNF:9
FNH:8
DA:14,0
DA:15,0
DA:16,0
DA:17,0
DA:18,0
DA:19,0
DA:20,0
DA:24,0
DA:26,0
DA:27,0
DA:29,140
DA:30,280
DA:32,140
DA:33,140
DA:35,140
DA:36,140
DA:37,537600980
DA:38,268800420
DA:39,140
DA:41,268800280
DA:42,140
DA:45,268800140
DA:46,140
DA:49,268800000
DA:50,268800000
DA:54,268800420
DA:56,140
DA:57,0
DA:60,0
DA:62,140
DA:63,280
DA:67,10
DA:68,10
DA:70,70
DA:71,120
DA:72,60
DA:74,10
DA:77,10
DA:78,10
DA:80,50
DA:81,80
DA:82,40
DA:84,10
DA:87,3317511
DA:89,3317511
DA:91,3317511
DA:92,3317511
DA:94,48436057922
DA:95,48432740412
DA:96,3317510
DA:98,3317510
DA:99,48436044110
DA:100,48432726600
DA:101,48432726600
DA:103,3317510
DA:104,3317510
DA:106,70
DA:107,70
DA:108,70
DA:109,70
DA:111,0
DA:112,70
DA:115,1658756
DA:116,1658756
DA:118,1658756
DA:120,1658756
DA:121,1658755
DA:122,24218022055
DA:123,24216363300
DA:125,1658755
DA:126,1658755
DA:127,30
LF:72
LH:59
end_of_record
SF:/c/mingw/lib/gcc/mingw32/6.3.0/include/c++/bits/alloc_traits.h
FN:415,_ZNSt16allocator_traitsISaISt6vectorIiSaIiEEEE8allocateERS3_j
FN:415,_ZNSt16allocator_traitsISaIiEE8allocateERS0_j
FN:441,_ZNSt16allocator_traitsISaISt6vectorIiSaIiEEEE10deallocateERS3_PS2_j
FN:441,_ZNSt16allocator_traitsISaIiEE10deallocateERS0_Pij
FN:454,_ZNSt16allocator_traitsISaISt6vectorIiSaIiEEEE9constructIS2_JS2_EEEvRS3_PT_DpOT0_
FN:454,_ZNSt16allocator_traitsISaISt6vectorIiSaIiEEEE9constructIS2_JRKS2_EEEvRS3_PT_DpOT0_
FN:454,_ZNSt16allocator_traitsISaIiEE9constructIiJRKiEEEvRS0_PT_DpOT0_
FN:466,_ZNSt16allocator_traitsISaISt6vectorIiSaIiEEEE7destroyIS2_EEvRS3_PT_
FN:466,_ZNSt16allocator_traitsISaIiEE7destroyIiEEvRS0_PT_
FN:475,_ZNSt16allocator_traitsISaISt6vectorIiSaIiEEEE8max_sizeERKS3_
FN:475,_ZNSt16allocator_traitsISaIiEE8max_sizeERKS0_
FN:484,_ZNSt16allocator_traitsISaIiEE37select_on_container_copy_constructionERKS0_
FN:515,_ZSt18__do_alloc_on_moveISaIiEEvRT_S2_St17integral_constantIbLb1EE
FN:523,_ZSt15__alloc_on_moveISaIiEEvRT_S2_
FNDA:0,_ZNSt16allocator_traitsISaISt6vectorIiSaIiEEEE8allocateERS3_j
FNDA:0,_ZNSt16allocator_traitsISaIiEE8allocateERS0_j
FNDA:0,_ZNSt16allocator_traitsISaISt6vectorIiSaIiEEEE10deallocateERS3_PS2_j
FNDA:0,_ZNSt16allocator_traitsISaIiEE10deallocateERS0_Pij
FNDA:40,_ZNSt16allocator_traitsISaISt6vectorIiSaIiEEEE9constructIS2_JS2_EEEvRS3_PT_DpOT0_
FNDA:0,_ZNSt16allocator_traitsISaISt6vectorIiSaIiEEEE9constructIS2_JRKS2_EEEvRS3_PT_DpOT0_
FNDA:0,_ZNSt16allocator_traitsISaIiEE9constructIiJRKiEEEvRS0_PT_DpOT0_
FNDA:0,_ZNSt16allocator_traitsISaISt6vectorIiSaIiEEEE7destroyIS2_EEvRS3_PT_
FNDA:0,_ZNSt16allocator_traitsISaIiEE7destroyIiEEvRS0_PT_
FNDA:0,_ZNSt16allocator_traitsISaISt6vectorIiSaIiEEEE8max_sizeERKS3_
FNDA:0,_ZNSt16allocator_traitsISaIiEE8max_sizeERKS0_
FNDA:0,_ZNSt16allocator_traitsISaIiEE37select_on_container_copy_constructionERKS0_
FNDA:70,_ZSt18__do_alloc_on_moveISaIiEEvRT_S2_St17integral_constantIbLb1EE
FNDA:70,_ZSt15__alloc_on_moveISaIiEEvRT_S2_
FNF:14
FNH:3
DA:415,0
DA:416,0
DA:441,0
DA:442,0
DA:454,40
DA:455,40
DA:466,0
DA:467,0
DA:475,0
DA:476,0
DA:484,0
DA:485,0
DA:515,70
DA:516,70
DA:523,70
DA:527,70
DA:528,70
LF:17
LH:7
end_of_record
SF:/c/mingw/lib/gcc/mingw32/6.3.0/include/c++/bits/allocator.h
FN:131,_ZNSaIiEC2Ev
FN:131,_ZNSaIiEC1Ev
FN:131,_ZNSaISt6vectorIiSaIiEEEC2Ev
FN:133,_ZNSaIiEC1ERKS_
FN:133,_ZNSaIiEC2ERKS_
FN:139,_ZNSaIiED2Ev
FN:139,_ZNSaISt6vectorIiSaIiEEED2Ev
FN:139,_ZNSaIiED1Ev
FNDA:0,_ZNSaISt6vectorIiSaIiEEEC2Ev
FNDA:0,_ZNSaIiEC1Ev
FNDA:0,_ZNSaIiEC2Ev
FNDA:0,_ZNSaIiEC1ERKS_
FNDA:0,_ZNSaIiEC2ERKS_
FNDA:0,_ZNSaISt6vectorIiSaIiEEED2Ev
FNDA:0,_ZNSaIiED1Ev
FNDA:0,_ZNSaIiED2Ev
FNF:8
FNH:0
DA:131,0
DA:133,0
DA:134,0
DA:139,0
LF:4
LH:0
end_of_record
SF:/c/mingw/lib/gcc/mingw32/6.3.0/include/c++/bits/cpp_type_traits.h
FN:408,_ZSt12__miter_baseIPiET_S1_
FN:408,_ZSt12__miter_baseIN9__gnu_cxx17__normal_iteratorIPKiSt6vectorIiSaIiEEEEET_S8_
FN:408,_ZSt12__miter_baseIN9__gnu_cxx17__normal_iteratorIPiSt6vectorIiSaIiEEEEET_S7_
FNDA:0,_ZSt12__miter_baseIPiET_S1_
FNDA:140,_ZSt12__miter_baseIN9__gnu_cxx17__normal_iteratorIPiSt6vectorIiSaIiEEEEET_S7_
FNDA:0,_ZSt12__miter_baseIN9__gnu_cxx17__normal_iteratorIPKiSt6vectorIiSaIiEEEEET_S8_
FNF:3
FNH:1
DA:408,140
DA:409,140
LF:2
LH:2
end_of_record
SF:/c/mingw/lib/gcc/mingw32/6.3.0/include/c++/bits/ios_base.h
FN:129,_ZStorSt13_Ios_OpenmodeS_
FNDA:1119,_ZStorSt13_Ios_OpenmodeS_
FNF:1
FNH:1
DA:129,1119
DA:130,1119
LF:2
LH:2
end_of_record
SF:/c/mingw/lib/gcc/mingw32/6.3.0/include/c++/bits/move.h
FN:47,_ZSt11__addressofISt6vectorIiSaIiEEEPT_RS3_
FN:76,_ZSt7forwardIRKiEOT_RNSt16remove_referenceIS2_E4typeE
FN:76,_ZSt7forwardISt6vectorIiSaIiEEEOT_RNSt16remove_referenceIS3_E4typeE
FN:76,_ZSt7forwardIRKSt6vectorIiSaIiEEEOT_RNSt16remove_referenceIS5_E4typeE
FN:101,_ZSt4moveIRSt6vectorIiSaIiEEEONSt16remove_referenceIT_E4typeEOS5_
FN:101,_ZSt4moveIRPiEONSt16remove_referenceIT_E4typeEOS3_
FN:101,_ZSt4moveIRSaIiEEONSt16remove_referenceIT_E4typeEOS3_
FN:179,_ZSt4swapIPiENSt9enable_ifIXsrSt6__and_IJSt21is_move_constructibleIT_ESt18is_move_assignableIS4_EEE5valueEvE4typeERS4_SB_
FNDA:0,_ZSt11__addressofISt6vectorIiSaIiEEEPT_RS3_
FNDA:0,_ZSt7forwardISt6vectorIiSaIiEEEOT_RNSt16remove_referenceIS3_E4typeE
FNDA:0,_ZSt7forwardIRKSt6vectorIiSaIiEEEOT_RNSt16remove_referenceIS5_E4typeE
FNDA:0,_ZSt7forwardIRKiEOT_RNSt16remove_referenceIS2_E4typeE
FNDA:0,_ZSt4moveIRPiEONSt16remove_referenceIT_E4typeEOS3_
FNDA:0,_ZSt4moveIRSaIiEEONSt16remove_referenceIT_E4typeEOS3_
FNDA:0,_ZSt4moveIRSt6vectorIiSaIiEEEONSt16remove_referenceIT_E4typeEOS5_
FNDA:0,_ZSt4swapIPiENSt9enable_ifIXsrSt6__and_IJSt21is_move_constructibleIT_ESt18is_move_assignableIS4_EEE5valueEvE4typeERS4_SB_
FNF:8
FNH:0
DA:47,0
DA:50,0
DA:76,0
DA:77,0
DA:101,0
DA:102,0
DA:179,0
DA:190,0
DA:191,0
DA:192,0
DA:193,0
LF:11
LH:0
end_of_record
SF:/c/mingw/lib/gcc/mingw32/6.3.0/include/c++/bits/stl_algobase.h
FN:219,_ZSt3maxIjERKT_S2_S2_
FN:277,_ZSt12__niter_baseIPiET_S1_
FN:357,_ZNSt11__copy_moveILb0ELb1ESt26random_access_iterator_tagE8__copy_mIiEEPT_PKS3_S6_S4_
FN:357,_ZNSt11__copy_moveILb1ELb1ESt26random_access_iterator_tagE8__copy_mIiEEPT_PKS3_S6_S4_
FN:375,_ZSt13__copy_move_aILb0EPiS0_ET1_T0_S2_S1_
FN:375,_ZSt13__copy_move_aILb0EPKiPiET1_T0_S4_S3_
FN:375,_ZSt13__copy_move_aILb1EPiS0_ET1_T0_S2_S1_
FN:420,_ZSt14__copy_move_a2ILb0EN9__gnu_cxx17__normal_iteratorIPKiSt6vectorIiSaIiEEEEPiET1_T0_SA_S9_
FN:420,_ZSt14__copy_move_a2ILb0EN9__gnu_cxx17__normal_iteratorIPiSt6vectorIiSaIiEEEES2_ET1_T0_S8_S7_
FN:420,_ZSt14__copy_move_a2ILb1EPiS0_ET1_T0_S2_S1_
FN:446,_ZSt4copyISt13move_iteratorIPiES1_ET0_T_S4_S3_
FN:446,_ZSt4copyIN9__gnu_cxx17__normal_iteratorIPKiSt6vectorIiSaIiEEEEPiET0_T_SA_S9_
FN:446,_ZSt4copyIN9__gnu_cxx17__normal_iteratorIPiSt6vectorIiSaIiEEEES2_ET0_T_S8_S7_
FNDA:0,_ZSt3maxIjERKT_S2_S2_
FNDA:0,_ZSt12__niter_baseIPiET_S1_
FNDA:0,_ZNSt11__copy_moveILb1ELb1ESt26random_access_iterator_tagE8__copy_mIiEEPT_PKS3_S6_S4_
FNDA:0,_ZNSt11__copy_moveILb0ELb1ESt26random_access_iterator_tagE8__copy_mIiEEPT_PKS3_S6_S4_
FNDA:70,_ZSt13__copy_move_aILb0EPiS0_ET1_T0_S2_S1_
FNDA:0,_ZSt13__copy_move_aILb1EPiS0_ET1_T0_S2_S1_
FNDA:0,_ZSt13__copy_move_aILb0EPKiPiET1_T0_S4_S3_
FNDA:70,_ZSt14__copy_move_a2ILb0EN9__gnu_cxx17__normal_iteratorIPiSt6vectorIiSaIiEEEES2_ET1_T0_S8_S7_
FNDA:0,_ZSt14__copy_move_a2ILb1EPiS0_ET1_T0_S2_S1_
FNDA:0,_ZSt14__copy_move_a2ILb0EN9__gnu_cxx17__normal_iteratorIPKiSt6vectorIiSaIiEEEEPiET1_T0_SA_S9_
FNDA:70,_ZSt4copyIN9__gnu_cxx17__normal_iteratorIPiSt6vectorIiSaIiEEEES2_ET0_T_S8_S7_
FNDA:0,_ZSt4copyISt13move_iteratorIPiES1_ET0_T_S4_S3_
FNDA:0,_ZSt4copyIN9__gnu_cxx17__normal_iteratorIPKiSt6vectorIiSaIiEEEEPiET0_T_SA_S9_
FNF:13
FNH:3
DA:219,0
DA:224,0
DA:225,0
DA:226,0
DA:277,0
DA:278,0
DA:357,0
DA:366,0
DA:367,0
DA:368,0
DA:369,0
DA:375,70
DA:383,70
DA:386,70
DA:420,70
DA:422,70
DA:424,70
DA:446,70
DA:455,70
DA:456,70
LF:20
LH:9
end_of_record
SF:/c/mingw/lib/gcc/mingw32/6.3.0/include/c++/bits/stl_construct.h
FN:74,_ZSt10_ConstructISt6vectorIiSaIiEEJS2_EEvPT_DpOT0_
FN:92,_ZSt8_DestroyISt6vectorIiSaIiEEEvPT_
FN:100,_ZNSt12_Destroy_auxILb0EE9__destroyIPSt6vectorIiSaIiEEEEvT_S6_
FN:112,_ZNSt12_Destroy_auxILb1EE9__destroyIPiEEvT_S3_
FN:122,_ZSt8_DestroyIPiEvT_S1_
FN:122,_ZSt8_DestroyIPSt6vectorIiSaIiEEEvT_S4_
FN:148,_ZSt8_DestroyIPSt6vectorIiSaIiEES2_EvT_S4_RSaIT0_E
FN:148,_ZSt8_DestroyIPiiEvT_S1_RSaIT0_E
FNDA:0,_ZSt10_ConstructISt6vectorIiSaIiEEJS2_EEvPT_DpOT0_
FNDA:0,_ZSt8_DestroyISt6vectorIiSaIiEEEvPT_
FNDA:0,_ZNSt12_Destroy_auxILb0EE9__destroyIPSt6vectorIiSaIiEEEEvT_S6_
FNDA:0,_ZNSt12_Destroy_auxILb1EE9__destroyIPiEEvT_S3_
FNDA:0,_ZSt8_DestroyIPSt6vectorIiSaIiEEEvT_S4_
FNDA:0,_ZSt8_DestroyIPiEvT_S1_
FNDA:0,_ZSt8_DestroyIPSt6vectorIiSaIiEES2_EvT_S4_RSaIT0_E
FNDA:0,_ZSt8_DestroyIPiiEvT_S1_RSaIT0_E
FNF:8
FNH:0
DA:74,0
DA:75,0
DA:92,0
DA:93,0
DA:100,0
DA:102,0
DA:103,0
DA:104,0
DA:112,0
DA:122,0
DA:126,0
DA:128,0
DA:148,0
DA:151,0
DA:152,0
LF:15
LH:0
end_of_record
SF:/c/mingw/lib/gcc/mingw32/6.3.0/include/c++/bits/stl_iterator.h
FN:776,_ZN9__gnu_cxx17__normal_iteratorIPKiSt6vectorIiSaIiEEEC1ERKS2_
FN:776,_ZN9__gnu_cxx17__normal_iteratorIPiSt6vectorIiSaIiEEEC1ERKS1_
FN:829,_ZNK9__gnu_cxx17__normal_iteratorIPiSt6vectorIiSaIiEEEplEi
FN:841,_ZNK9__gnu_cxx17__normal_iteratorIPKiSt6vectorIiSaIiEEE4baseEv
FN:841,_ZNK9__gnu_cxx17__normal_iteratorIPiSt6vectorIiSaIiEEE4baseEv
FN:959,_ZN9__gnu_cxxmiIPiSt6vectorIiSaIiEEEENS_17__normal_iteratorIT_T0_E15difference_typeERKS8_SB_
FN:980,_ZSt12__niter_baseIPKiSt6vectorIiSaIiEEET_N9__gnu_cxx17__normal_iteratorIS5_T0_EE
FN:980,_ZSt12__niter_baseIPiSt6vectorIiSaIiEEET_N9__gnu_cxx17__normal_iteratorIS4_T0_EE
FN:1032,_ZNSt13move_iteratorIPSt6vectorIiSaIiEEEC1ES3_
FN:1032,_ZNSt13move_iteratorIPiEC1ES0_
FN:1040,_ZNKSt13move_iteratorIPiE4baseEv
FN:1040,_ZNKSt13move_iteratorIPSt6vectorIiSaIiEEE4baseEv
FN:1044,_ZNKSt13move_iteratorIPSt6vectorIiSaIiEEEdeEv
FN:1052,_ZNSt13move_iteratorIPSt6vectorIiSaIiEEEppEv
FN:1119,_ZSteqIPSt6vectorIiSaIiEEEbRKSt13move_iteratorIT_ES8_
FN:1131,_ZStneIPSt6vectorIiSaIiEEEbRKSt13move_iteratorIT_ES8_
FN:1223,_ZSt32__make_move_if_noexcept_iteratorISt6vectorIiSaIiEESt13move_iteratorIPS2_EET0_PT_
FN:1223,_ZSt32__make_move_if_noexcept_iteratorIiSt13move_iteratorIPiEET0_PT_
FN:1243,_ZSt12__miter_baseIPiEDTcl12__miter_basecldtfp_4baseEEESt13move_iteratorIT_E
FNDA:0,_ZN9__gnu_cxx17__normal_iteratorIPKiSt6vectorIiSaIiEEEC1ERKS2_
FNDA:350,_ZN9__gnu_cxx17__normal_iteratorIPiSt6vectorIiSaIiEEEC1ERKS1_
FNDA:210,_ZNK9__gnu_cxx17__normal_iteratorIPiSt6vectorIiSaIiEEEplEi
FNDA:0,_ZNK9__gnu_cxx17__normal_iteratorIPKiSt6vectorIiSaIiEEE4baseEv
FNDA:280,_ZNK9__gnu_cxx17__normal_iteratorIPiSt6vectorIiSaIiEEE4baseEv
FNDA:70,_ZN9__gnu_cxxmiIPiSt6vectorIiSaIiEEEENS_17__normal_iteratorIT_T0_E15difference_typeERKS8_SB_
FNDA:140,_ZSt12__niter_baseIPiSt6vectorIiSaIiEEET_N9__gnu_cxx17__normal_iteratorIS4_T0_EE
FNDA:0,_ZSt12__niter_baseIPKiSt6vectorIiSaIiEEET_N9__gnu_cxx17__normal_iteratorIS5_T0_EE
FNDA:0,_ZNSt13move_iteratorIPSt6vectorIiSaIiEEEC1ES3_
FNDA:0,_ZNSt13move_iteratorIPiEC1ES0_
FNDA:0,_ZNKSt13move_iteratorIPSt6vectorIiSaIiEEE4baseEv
FNDA:0,_ZNKSt13move_iteratorIPiE4baseEv
FNDA:0,_ZNKSt13move_iteratorIPSt6vectorIiSaIiEEEdeEv
FNDA:0,_ZNSt13move_iteratorIPSt6vectorIiSaIiEEEppEv
FNDA:0,_ZSteqIPSt6vectorIiSaIiEEEbRKSt13move_iteratorIT_ES8_
FNDA:0,_ZStneIPSt6vectorIiSaIiEEEbRKSt13move_iteratorIT_ES8_
FNDA:0,_ZSt32__make_move_if_noexcept_iteratorISt6vectorIiSaIiEESt13move_iteratorIPS2_EET0_PT_
FNDA:0,_ZSt32__make_move_if_noexcept_iteratorIiSt13move_iteratorIPiEET0_PT_
FNDA:0,_ZSt12__miter_baseIPiEDTcl12__miter_basecldtfp_4baseEEESt13move_iteratorIT_E
FNF:19
FNH:5
DA:776,350
DA:777,350
DA:829,210
DA:830,210
DA:841,280
DA:842,280
DA:959,70
DA:962,70
DA:980,140
DA:981,140
DA:1032,0
DA:1033,0
DA:1040,0
DA:1041,0
DA:1044,0
DA:1045,0
DA:1052,0
DA:1054,0
DA:1055,0
DA:1119,0
DA:1121,0
DA:1131,0
DA:1133,0
DA:1223,0
DA:1224,0
DA:1243,0
DA:1245,0
LF:27
LH:10
end_of_record
SF:/c/mingw/lib/gcc/mingw32/6.3.0/include/c++/bits/stl_iterator_base_funcs.h
FN:96,_ZSt10__distanceIN9__gnu_cxx17__normal_iteratorIPiSt6vectorIiSaIiEEEEENSt15iterator_traitsIT_E15difference_typeES8_S8_St26random_access_iterator_tag
FN:135,_ZSt8distanceIN9__gnu_cxx17__normal_iteratorIPiSt6vectorIiSaIiEEEEENSt15iterator_traitsIT_E15difference_typeES8_S8_
FNDA:70,_ZSt10__distanceIN9__gnu_cxx17__normal_iteratorIPiSt6vectorIiSaIiEEEEENSt15iterator_traitsIT_E15difference_typeES8_S8_St26random_access_iterator_tag
FNDA:70,_ZSt8distanceIN9__gnu_cxx17__normal_iteratorIPiSt6vectorIiSaIiEEEEENSt15iterator_traitsIT_E15difference_typeES8_S8_
FNF:2
FNH:2
DA:96,70
DA:102,70
DA:135,70
DA:139,70
LF:4
LH:4
end_of_record
SF:/c/mingw/lib/gcc/mingw32/6.3.0/include/c++/bits/stl_iterator_base_types.h
FN:204,_ZSt19__iterator_categoryIN9__gnu_cxx17__normal_iteratorIPiSt6vectorIiSaIiEEEEENSt15iterator_traitsIT_E17iterator_categoryERKS8_
FNDA:70,_ZSt19__iterator_categoryIN9__gnu_cxx17__normal_iteratorIPiSt6vectorIiSaIiEEEEENSt15iterator_traitsIT_E17iterator_categoryERKS8_
FNF:1
FNH:1
DA:204,70
DA:205,70
LF:2
LH:2
end_of_record
SF:/c/mingw/lib/gcc/mingw32/6.3.0/include/c++/bits/stl_uninitialized.h
FN:68,_ZNSt20__uninitialized_copyILb0EE13__uninit_copyISt13move_iteratorIPSt6vectorIiSaIiEEES6_EET0_T_S9_S8_
FN:91,_ZNSt20__uninitialized_copyILb1EE13__uninit_copyIN9__gnu_cxx17__normal_iteratorIPKiSt6vectorIiSaIiEEEEPiEET0_T_SC_SB_
FN:91,_ZNSt20__uninitialized_copyILb1EE13__uninit_copyIN9__gnu_cxx17__normal_iteratorIPiSt6vectorIiSaIiEEEES4_EET0_T_SA_S9_
FN:91,_ZNSt20__uninitialized_copyILb1EE13__uninit_copyISt13move_iteratorIPiES3_EET0_T_S6_S5_
FN:107,_ZSt18uninitialized_copyISt13move_iteratorIPiES1_ET0_T_S4_S3_
FN:107,_ZSt18uninitialized_copyISt13move_iteratorIPSt6vectorIiSaIiEEES4_ET0_T_S7_S6_
FN:107,_ZSt18uninitialized_copyIN9__gnu_cxx17__normal_iteratorIPKiSt6vectorIiSaIiEEEEPiET0_T_SA_S9_
FN:107,_ZSt18uninitialized_copyIN9__gnu_cxx17__normal_iteratorIPiSt6vectorIiSaIiEEEES2_ET0_T_S8_S7_
FN:279,_ZSt22__uninitialized_copy_aISt13move_iteratorIPSt6vectorIiSaIiEEES4_S3_ET0_T_S7_S6_RSaIT1_E
FN:279,_ZSt22__uninitialized_copy_aISt13move_iteratorIPiES1_iET0_T_S4_S3_RSaIT1_E
FN:279,_ZSt22__uninitialized_copy_aIN9__gnu_cxx17__normal_iteratorIPKiSt6vectorIiSaIiEEEEPiiET0_T_SA_S9_RSaIT1_E
FN:279,_ZSt22__uninitialized_copy_aIN9__gnu_cxx17__normal_iteratorIPiSt6vectorIiSaIiEEEES2_iET0_T_S8_S7_RSaIT1_E
FN:297,_ZSt34__uninitialized_move_if_noexcept_aIPiS0_SaIiEET0_T_S3_S2_RT1_
FN:297,_ZSt34__uninitialized_move_if_noexcept_aIPSt6vectorIiSaIiEES3_SaIS2_EET0_T_S6_S5_RT1_
FNDA:0,_ZNSt20__uninitialized_copyILb0EE13__uninit_copyISt13move_iteratorIPSt6vectorIiSaIiEEES6_EET0_T_S9_S8_
FNDA:70,_ZNSt20__uninitialized_copyILb1EE13__uninit_copyIN9__gnu_cxx17__normal_iteratorIPiSt6vectorIiSaIiEEEES4_EET0_T_SA_S9_
FNDA:0,_ZNSt20__uninitialized_copyILb1EE13__uninit_copyISt13move_iteratorIPiES3_EET0_T_S6_S5_
FNDA:0,_ZNSt20__uninitialized_copyILb1EE13__uninit_copyIN9__gnu_cxx17__normal_iteratorIPKiSt6vectorIiSaIiEEEEPiEET0_T_SC_SB_
FNDA:70,_ZSt18uninitialized_copyIN9__gnu_cxx17__normal_iteratorIPiSt6vectorIiSaIiEEEES2_ET0_T_S8_S7_
FNDA:0,_ZSt18uninitialized_copyISt13move_iteratorIPSt6vectorIiSaIiEEES4_ET0_T_S7_S6_
FNDA:0,_ZSt18uninitialized_copyISt13move_iteratorIPiES1_ET0_T_S4_S3_
FNDA:0,_ZSt18uninitialized_copyIN9__gnu_cxx17__normal_iteratorIPKiSt6vectorIiSaIiEEEEPiET0_T_SA_S9_
FNDA:70,_ZSt22__uninitialized_copy_aIN9__gnu_cxx17__normal_iteratorIPiSt6vectorIiSaIiEEEES2_iET0_T_S8_S7_RSaIT1_E
FNDA:0,_ZSt22__uninitialized_copy_aISt13move_iteratorIPSt6vectorIiSaIiEEES4_S3_ET0_T_S7_S6_RSaIT1_E
FNDA:0,_ZSt22__uninitialized_copy_aISt13move_iteratorIPiES1_iET0_T_S4_S3_RSaIT1_E
FNDA:0,_ZSt22__uninitialized_copy_aIN9__gnu_cxx17__normal_iteratorIPKiSt6vectorIiSaIiEEEEPiiET0_T_SA_S9_RSaIT1_E
FNDA:0,_ZSt34__uninitialized_move_if_noexcept_aIPSt6vectorIiSaIiEES3_SaIS2_EET0_T_S6_S5_RT1_
FNDA:0,_ZSt34__uninitialized_move_if_noexcept_aIPiS0_SaIiEET0_T_S3_S2_RT1_
FNF:14
FNH:3
DA:68,0
DA:71,0
DA:74,0
DA:75,0
DA:76,0
DA:78,0
DA:80,0
DA:81,0
DA:91,70
DA:93,70
DA:107,70
DA:120,70
DA:126,70
DA:279,70
DA:281,70
DA:297,0
DA:303,0
DA:304,0
LF:18
LH:7
end_of_record
SF:/c/mingw/lib/gcc/mingw32/6.3.0/include/c++/bits/stl_vector.h
FN:79,_ZNSt12_Vector_baseIiSaIiEE12_Vector_implD1Ev
FN:79,_ZNSt12_Vector_baseISt6vectorIiSaIiEESaIS2_EE12_Vector_implD1Ev
FN:86,_ZNSt12_Vector_baseIiSaIiEE12_Vector_implC1Ev
FN:86,_ZNSt12_Vector_baseISt6vectorIiSaIiEESaIS2_EE12_Vector_implC1Ev
FN:90,_ZNSt12_Vector_baseIiSaIiEE12_Vector_implC1ERKS0_
FN:95,_ZNSt12_Vector_baseIiSaIiEE12_Vector_implC1EOS0_
FN:101,_ZNSt12_Vector_baseIiSaIiEE12_Vector_impl12_M_swap_dataERS2_
FN:113,_ZNSt12_Vector_baseISt6vectorIiSaIiEESaIS2_EE19_M_get_Tp_allocatorEv
FN:113,_ZNSt12_Vector_baseIiSaIiEE19_M_get_Tp_allocatorEv
FN:117,_ZNKSt12_Vector_baseISt6vectorIiSaIiEESaIS2_EE19_M_get_Tp_allocatorEv
FN:117,_ZNKSt12_Vector_baseIiSaIiEE19_M_get_Tp_allocatorEv
FN:121,_ZNKSt12_Vector_baseIiSaIiEE13get_allocatorEv
FN:124,_ZNSt12_Vector_baseISt6vectorIiSaIiEESaIS2_EEC2Ev
FN:124,_ZNSt12_Vector_baseIiSaIiEEC2Ev
FN:127,_ZNSt12_Vector_baseIiSaIiEEC2ERKS0_
FN:134,_ZNSt12_Vector_baseIiSaIiEEC2EjRKS0_
FN:142,_ZNSt12_Vector_baseIiSaIiEEC2EOS1_
FN:159,_ZNSt12_Vector_baseIiSaIiEED2Ev
FN:159,_ZNSt12_Vector_baseISt6vectorIiSaIiEESaIS2_EED2Ev
FN:167,_ZNSt12_Vector_baseISt6vectorIiSaIiEESaIS2_EE11_M_allocateEj
FN:167,_ZNSt12_Vector_baseIiSaIiEE11_M_allocateEj
FN:174,_ZNSt12_Vector_baseISt6vectorIiSaIiEESaIS2_EE13_M_deallocateEPS2_j
FN:174,_ZNSt12_Vector_baseIiSaIiEE13_M_deallocateEPij
FN:183,_ZNSt12_Vector_baseIiSaIiEE17_M_create_storageEj
FN:255,_ZNSt6vectorIS_IiSaIiEESaIS1_EEC1Ev
FN:255,_ZNSt6vectorIiSaIiEEC1Ev
FN:266,_ZNSt6vectorIiSaIiEEC1ERKS0_
FN:320,_ZNSt6vectorIiSaIiEEC1ERKS1_
FN:337,_ZNSt6vectorIiSaIiEEC1EOS1_
FN:403,_ZNSt6vectorIiSaIiEEC1IN9__gnu_cxx17__normal_iteratorIPiS1_EEvEET_S7_RKS0_
FN:425,_ZNSt6vectorIS_IiSaIiEESaIS1_EED1Ev
FN:425,_ZNSt6vectorIiSaIiEED1Ev
FN:450,_ZNSt6vectorIiSaIiEEaSEOS1_
FN:548,_ZNSt6vectorIiSaIiEE5beginEv
FN:557,_ZNKSt6vectorIiSaIiEE5beginEv
FN:566,_ZNSt6vectorIiSaIiEE3endEv
FN:575,_ZNKSt6vectorIiSaIiEE3endEv
FN:655,_ZNKSt6vectorINSt7__cxx1112basic_stringIcSt11char_traitsIcESaIcEEESaIS5_EE4sizeEv
FN:655,_ZNKSt6vectorIS_IiSaIiEESaIS1_EE4sizeEv
FN:655,_ZNKSt6vectorIiSaIiEE4sizeEv
FN:660,_ZNKSt6vectorIiSaIiEE8max_sizeEv
FN:660,_ZNKSt6vectorIS_IiSaIiEESaIS1_EE8max_sizeEv
FN:780,_ZNSt6vectorINSt7__cxx1112basic_stringIcSt11char_traitsIcESaIcEEESaIS5_EEixEj
FN:780,_ZNSt6vectorIiSaIiEEixEj
FN:914,_ZNSt6vectorIiSaIiEE9push_backERKi
FN:914,_ZNSt6vectorIS_IiSaIiEESaIS1_EE9push_backERKS1_
FN:932,_ZNSt6vectorIS_IiSaIiEESaIS1_EE9push_backEOS1_
FN:1256,_ZNSt6vectorIiSaIiEE22_M_initialize_dispatchIN9__gnu_cxx17__normal_iteratorIPiS1_EEEEvT_S7_St12__false_type
FN:1281,_ZNSt6vectorIiSaIiEE19_M_range_initializeIN9__gnu_cxx17__normal_iteratorIPiS1_EEEEvT_S7_St20forward_iterator_tag
FN:1420,_ZNKSt6vectorIiSaIiEE12_M_check_lenEjPKc
FN:1420,_ZNKSt6vectorIS_IiSaIiEESaIS1_EE12_M_check_lenEjPKc
FN:1452,_ZNSt6vectorIiSaIiEE14_M_move_assignEOS1_St17integral_constantIbLb1EE
FNDA:0,_ZNSt12_Vector_baseISt6vectorIiSaIiEESaIS2_EE12_Vector_implD1Ev
FNDA:0,_ZNSt12_Vector_baseIiSaIiEE12_Vector_implD1Ev
FNDA:0,_ZNSt12_Vector_baseISt6vectorIiSaIiEESaIS2_EE12_Vector_implC1Ev
FNDA:0,_ZNSt12_Vector_baseIiSaIiEE12_Vector_implC1Ev
FNDA:0,_ZNSt12_Vector_baseIiSaIiEE12_Vector_implC1ERKS0_
FNDA:0,_ZNSt12_Vector_baseIiSaIiEE12_Vector_implC1EOS0_
FNDA:0,_ZNSt12_Vector_baseIiSaIiEE12_Vector_impl12_M_swap_dataERS2_
FNDA:0,_ZNSt12_Vector_baseISt6vectorIiSaIiEESaIS2_EE19_M_get_Tp_allocatorEv
FNDA:0,_ZNSt12_Vector_baseIiSaIiEE19_M_get_Tp_allocatorEv
FNDA:0,_ZNKSt12_Vector_baseISt6vectorIiSaIiEESaIS2_EE19_M_get_Tp_allocatorEv
FNDA:0,_ZNKSt12_Vector_baseIiSaIiEE19_M_get_Tp_allocatorEv
FNDA:70,_ZNKSt12_Vector_baseIiSaIiEE13get_allocatorEv
FNDA:0,_ZNSt12_Vector_baseISt6vectorIiSaIiEESaIS2_EEC2Ev
FNDA:0,_ZNSt12_Vector_baseIiSaIiEEC2Ev
FNDA:658,_ZNSt12_Vector_baseIiSaIiEEC2ERKS0_
FNDA:0,_ZNSt12_Vector_baseIiSaIiEEC2EjRKS0_
FNDA:0,_ZNSt12_Vector_baseIiSaIiEEC2EOS1_
FNDA:0,_ZNSt12_Vector_baseISt6vectorIiSaIiEESaIS2_EED2Ev
FNDA:0,_ZNSt12_Vector_baseIiSaIiEED2Ev
FNDA:0,_ZNSt12_Vector_baseISt6vectorIiSaIiEESaIS2_EE11_M_allocateEj
FNDA:0,_ZNSt12_Vector_baseIiSaIiEE11_M_allocateEj
FNDA:0,_ZNSt12_Vector_baseISt6vectorIiSaIiEESaIS2_EE13_M_deallocateEPS2_j
FNDA:0,_ZNSt12_Vector_baseIiSaIiEE13_M_deallocateEPij
FNDA:0,_ZNSt12_Vector_baseIiSaIiEE17_M_create_storageEj
FNDA:0,_ZNSt6vectorIS_IiSaIiEESaIS1_EEC1Ev
FNDA:0,_ZNSt6vectorIiSaIiEEC1Ev
FNDA:70,_ZNSt6vectorIiSaIiEEC1ERKS0_
FNDA:0,_ZNSt6vectorIiSaIiEEC1ERKS1_
FNDA:0,_ZNSt6vectorIiSaIiEEC1EOS1_
FNDA:70,_ZNSt6vectorIiSaIiEEC1IN9__gnu_cxx17__normal_iteratorIPiS1_EEvEET_S7_RKS0_
FNDA:0,_ZNSt6vectorIS_IiSaIiEESaIS1_EED1Ev
FNDA:0,_ZNSt6vectorIiSaIiEED1Ev
FNDA:70,_ZNSt6vectorIiSaIiEEaSEOS1_
FNDA:140,_ZNSt6vectorIiSaIiEE5beginEv
FNDA:0,_ZNKSt6vectorIiSaIiEE5beginEv
FNDA:0,_ZNSt6vectorIiSaIiEE3endEv
FNDA:0,_ZNKSt6vectorIiSaIiEE3endEv
FNDA:0,_ZNKSt6vectorIS_IiSaIiEESaIS1_EE4sizeEv
FNDA:306,_ZNKSt6vectorINSt7__cxx1112basic_stringIcSt11char_traitsIcESaIcEEESaIS5_EE4sizeEv
FNDA:0,_ZNKSt6vectorIiSaIiEE4sizeEv
FNDA:0,_ZNKSt6vectorIS_IiSaIiEESaIS1_EE8max_sizeEv
FNDA:0,_ZNKSt6vectorIiSaIiEE8max_sizeEv
FNDA:100,_ZNSt6vectorINSt7__cxx1112basic_stringIcSt11char_traitsIcESaIcEEESaIS5_EEixEj
FNDA:0,_ZNSt6vectorIiSaIiEEixEj
FNDA:0,_ZNSt6vectorIS_IiSaIiEESaIS1_EE9push_backERKS1_
FNDA:0,_ZNSt6vectorIiSaIiEE9push_backERKi
FNDA:40,_ZNSt6vectorIS_IiSaIiEESaIS1_EE9push_backEOS1_
FNDA:70,_ZNSt6vectorIiSaIiEE22_M_initialize_dispatchIN9__gnu_cxx17__normal_iteratorIPiS1_EEEEvT_S7_St12__false_type
FNDA:70,_ZNSt6vectorIiSaIiEE19_M_range_initializeIN9__gnu_cxx17__normal_iteratorIPiS1_EEEEvT_S7_St20forward_iterator_tag
FNDA:0,_ZNKSt6vectorIS_IiSaIiEESaIS1_EE12_M_check_lenEjPKc
FNDA:0,_ZNKSt6vectorIiSaIiEE12_M_check_lenEjPKc
FNDA:70,_ZNSt6vectorIiSaIiEE14_M_move_assignEOS1_St17integral_constantIbLb1EE
FNF:52
FNH:12
DA:79,0
DA:86,0
DA:87,0
DA:88,0
DA:90,0
DA:91,0
DA:92,0
DA:95,0
DA:96,0
DA:97,0
DA:98,0
DA:101,0
DA:103,0
DA:104,0
DA:105,0
DA:106,0
DA:113,0
DA:114,0
DA:117,0
DA:118,0
DA:121,70
DA:122,70
DA:124,0
DA:125,0
DA:127,658
DA:128,658
DA:134,0
DA:135,0
DA:136,0
DA:142,0
DA:143,0
DA:144,0
DA:159,0
DA:160,0
DA:161,0
DA:167,0
DA:170,0
DA:174,0
DA:177,0
DA:178,0
DA:179,0
DA:183,0
DA:185,0
DA:186,0
DA:187,0
DA:188,0
DA:255,0
DA:259,0
DA:266,70
DA:267,70
DA:320,0
DA:322,0
DA:323,0
DA:324,0
DA:326,0
DA:327,0
DA:337,0
DA:338,0
DA:403,70
DA:405,70
DA:406,70
DA:425,0
DA:426,0
DA:427,0
DA:450,70
DA:454,70
DA:455,70
DA:456,70
DA:548,140
DA:549,140
DA:557,0
DA:558,0
DA:566,0
DA:567,0
DA:575,0
DA:576,0
DA:655,306
DA:656,306
DA:660,0
DA:661,0
DA:780,100
DA:781,100
DA:914,0
DA:916,0
DA:918,0
DA:920,0
DA:924,0
DA:928,0
DA:932,40
DA:933,40
DA:1256,70
DA:1261,70
DA:1262,70
DA:1281,70
DA:1284,70
DA:1285,70
DA:1286,70
DA:1287,70
DA:1288,70
DA:1290,70
DA:1291,70
DA:1420,0
DA:1422,0
DA:1423,0
DA:1425,0
DA:1426,0
DA:1452,70
DA:1454,140
DA:1455,70
DA:1456,70
DA:1457,70
DA:1458,70
LF:112
LH:38
end_of_record
SF:/c/mingw/lib/gcc/mingw32/6.3.0/include/c++/bits/vector.tcc
FN:91,_ZNSt6vectorIS_IiSaIiEESaIS1_EE12emplace_backIJS1_EEEvDpOT_
FN:407,_ZNSt6vectorIS_IiSaIiEESaIS1_EE19_M_emplace_back_auxIJS1_EEEvDpOT_
FN:407,_ZNSt6vectorIiSaIiEE19_M_emplace_back_auxIJRKiEEEvDpOT_
FN:407,_ZNSt6vectorIS_IiSaIiEESaIS1_EE19_M_emplace_back_auxIJRKS1_EEEvDpOT_
FNDA:40,_ZNSt6vectorIS_IiSaIiEESaIS1_EE12emplace_backIJS1_EEEvDpOT_
FNDA:30,_ZNSt6vectorIS_IiSaIiEESaIS1_EE19_M_emplace_back_auxIJS1_EEEvDpOT_
FNDA:0,_ZNSt6vectorIS_IiSaIiEESaIS1_EE19_M_emplace_back_auxIJRKS1_EEEvDpOT_
FNDA:0,_ZNSt6vectorIiSaIiEE19_M_emplace_back_auxIJRKiEEEvDpOT_
FNF:4
FNH:2
DA:91,40
DA:94,40
DA:96,10
DA:98,10
DA:101,30
DA:102,40
DA:407,30
DA:411,30
DA:412,30
DA:413,30
DA:416,30
DA:418,30
DA:420,30
DA:422,30
DA:423,30
DA:425,30
DA:427,0
DA:429,0
DA:430,0
DA:432,0
DA:433,0
DA:434,0
DA:436,30
DA:437,30
DA:438,30
DA:439,30
DA:440,30
DA:441,30
DA:442,30
DA:443,30
DA:444,30
LF:31
LH:25
end_of_record
SF:/c/mingw/lib/gcc/mingw32/6.3.0/include/c++/cmath
FN:486,_ZSt4sqrtf
FNDA:3317510,_ZSt4sqrtf
FNF:1
FNH:1
DA:486,3317510
DA:487,3317510
LF:2
LH:2
end_of_record
SF:/c/mingw/lib/gcc/mingw32/6.3.0/include/c++/ext/alloc_traits.h
FN:94,_ZN9__gnu_cxx14__alloc_traitsISaIiEE17_S_select_on_copyERKS1_
FNDA:0,_ZN9__gnu_cxx14__alloc_traitsISaIiEE17_S_select_on_copyERKS1_
FNF:1
FNH:0
DA:94,0
DA:95,0
LF:2
LH:0
end_of_record
SF:/c/mingw/lib/gcc/mingw32/6.3.0/include/c++/ext/new_allocator.h
FN:79,_ZN9__gnu_cxx13new_allocatorIiEC2Ev
FN:79,_ZN9__gnu_cxx13new_allocatorISt6vectorIiSaIiEEEC2Ev
FN:81,_ZN9__gnu_cxx13new_allocatorIiEC2ERKS1_
FN:86,_ZN9__gnu_cxx13new_allocatorISt6vectorIiSaIiEEED2Ev
FN:86,_ZN9__gnu_cxx13new_allocatorIiED2Ev
FN:99,_ZN9__gnu_cxx13new_allocatorIiE8allocateEjPKv
FN:99,_ZN9__gnu_cxx13new_allocatorISt6vectorIiSaIiEEE8allocateEjPKv
FN:109,_ZN9__gnu_cxx13new_allocatorISt6vectorIiSaIiEEE10deallocateEPS3_j
FN:109,_ZN9__gnu_cxx13new_allocatorIiE10deallocateEPij
FN:113,_ZNK9__gnu_cxx13new_allocatorIiE8max_sizeEv
FN:113,_ZNK9__gnu_cxx13new_allocatorISt6vectorIiSaIiEEE8max_sizeEv
FN:119,_ZN9__gnu_cxx13new_allocatorISt6vectorIiSaIiEEE9constructIS3_JRKS3_EEEvPT_DpOT0_
FN:119,_ZN9__gnu_cxx13new_allocatorIiE9constructIiJRKiEEEvPT_DpOT0_
FN:119,_ZN9__gnu_cxx13new_allocatorISt6vectorIiSaIiEEE9constructIS3_JS3_EEEvPT_DpOT0_
FN:124,_ZN9__gnu_cxx13new_allocatorIiE7destroyIiEEvPT_
FN:124,_ZN9__gnu_cxx13new_allocatorISt6vectorIiSaIiEEE7destroyIS3_EEvPT_
FNDA:0,_ZN9__gnu_cxx13new_allocatorISt6vectorIiSaIiEEEC2Ev
FNDA:0,_ZN9__gnu_cxx13new_allocatorIiEC2Ev
FNDA:0,_ZN9__gnu_cxx13new_allocatorIiEC2ERKS1_
FNDA:0,_ZN9__gnu_cxx13new_allocatorISt6vectorIiSaIiEEED2Ev
FNDA:0,_ZN9__gnu_cxx13new_allocatorIiED2Ev
FNDA:0,_ZN9__gnu_cxx13new_allocatorISt6vectorIiSaIiEEE8allocateEjPKv
FNDA:0,_ZN9__gnu_cxx13new_allocatorIiE8allocateEjPKv
FNDA:0,_ZN9__gnu_cxx13new_allocatorISt6vectorIiSaIiEEE10deallocateEPS3_j
FNDA:0,_ZN9__gnu_cxx13new_allocatorIiE10deallocateEPij
FNDA:0,_ZNK9__gnu_cxx13new_allocatorISt6vectorIiSaIiEEE8max_sizeEv
FNDA:0,_ZNK9__gnu_cxx13new_allocatorIiE8max_sizeEv
FNDA:40,_ZN9__gnu_cxx13new_allocatorISt6vectorIiSaIiEEE9constructIS3_JS3_EEEvPT_DpOT0_
FNDA:0,_ZN9__gnu_cxx13new_allocatorISt6vectorIiSaIiEEE9constructIS3_JRKS3_EEEvPT_DpOT0_
FNDA:0,_ZN9__gnu_cxx13new_allocatorIiE9constructIiJRKiEEEvPT_DpOT0_
FNDA:0,_ZN9__gnu_cxx13new_allocatorISt6vectorIiSaIiEEE7destroyIS3_EEvPT_
FNDA:0,_ZN9__gnu_cxx13new_allocatorIiE7destroyIiEEvPT_
FNF:16
FNH:1
DA:79,0
DA:81,0
DA:86,0
DA:99,0
DA:101,0
DA:102,0
DA:104,0
DA:109,0
DA:110,0
DA:113,0
DA:114,0
DA:119,40
DA:120,40
DA:124,0
LF:14
LH:2
end_of_record
SF:/c/mingw/lib/gcc/mingw32/6.3.0/include/c++/iostream
FN:74,__tcf_0
FNDA:10,__tcf_0
FNF:1
FNH:1
DA:74,20
LF:1
LH:1
end_of_record
SF:/c/mingw/lib/gcc/mingw32/6.3.0/include/c++/new
FN:146,_ZnwjPv
FN:152,_ZdlPvS_
FNDA:0,_ZnwjPv
FNDA:0,_ZdlPvS_
FNF:2
FNH:0
DA:146,0
DA:147,0
DA:152,0
LF:3
LH:0
end_of_record
TN:
SF:/c/Users/Usuario/Documents/programacion/t2/lib/googletest-master/googletest/include/gtest/gtest.h
FN:2236,_Z13RUN_ALL_TESTSv
FNDA:10,_Z13RUN_ALL_TESTSv
FNF:1
FNH:1
DA:2236,10
DA:2237,10
LF:2
LH:2
end_of_record
SF:/c/Users/Usuario/Documents/programacion/t2/main.cpp
FN:7,main
FN:11,_GLOBAL__sub_I_main
FN:11,_Z41__static_initialization_and_destruction_0ii
FNDA:10,main
FNDA:10,_GLOBAL__sub_I_main
FNDA:10,_Z41__static_initialization_and_destruction_0ii
FNF:3
FNH:3
DA:7,10
DA:8,10
DA:9,10
DA:10,10
DA:11,30
LF:5
LH:5
end_of_record
SF:/c/mingw/lib/gcc/mingw32/6.3.0/include/c++/iostream
FN:74,__tcf_0
FNDA:10,__tcf_0
FNF:1
FNH:1
DA:74,20
LF:1
LH:1
end_of_record
TN:
SF:/c/Users/Usuario/Documents/programacion/t2/solucion.cpp
FN:5,_Z15grabacionValidaSt6vectorIiSaIiEEii
FN:16,_Z7enRangoSt6vectorIiSaIiEEi
FN:29,_Z11micFuncionaSt6vectorIiSaIiEEi
FN:46,_Z6subseqSt6vectorIiSaIiEEii
FN:53,_Z13sonTodosCerosSt6vectorIiSaIiEE
FN:62,_Z12elAcaparadorSt6vectorIS_IiSaIiEESaIS1_EEii
FN:70,_Z7acaparaSt6vectorIS_IiSaIiEESaIS1_EEiii
FN:84,_Z15intensidadMediaSt6vectorIiSaIiEE
FN:95,_Z10ardillizarSt6vectorIS_IiSaIiEESaIS1_EEii
FN:106,_Z15ardillizarAudioSt6vectorIiSaIiEE
FN:118,_Z15flashElPerezosoSt6vectorIS_IiSaIiEESaIS1_EEii
FN:137,_Z9silenciosRSt6vectorIiSaIiEEiii
FN:166,_Z14indiceEnTiempofi
FN:171,_Z14noSuperaUmbralRSt6vectorIiSaIiEEiii
FN:179,_Z18noHaySilencioMayorRSt6vectorIiSaIiEEiii
FN:196,_Z11hayQuilomboSt6vectorIS_IiSaIiEESaIS1_EEiii
FN:212,_Z10seRespetanSt6vectorIS_IiSaIiEESaIS1_EEiiiii
FN:225,_Z24haySilencioQueLoContieneSt6vectorIiSaIiEEiiii
FN:243,_Z22cargarIntervaloDeHablaNSt7__cxx1112basic_stringIcSt11char_traitsIcESaIcEEE
FN:260,_Z10enmascararfSt6vectorISt5tupleIJffEESaIS1_EE
FN:277,_Z14negacionLogicaRSt6vectorIbSaIbEE
FN:284,_Z19enmascararSilenciosRSt6vectorIiSaIiEEiii
FN:291,_Z19verdaderosPositivosRSt6vectorIbSaIbEES2_
FN:302,_Z19verdaderosNegativosRSt6vectorIbSaIbEES2_
FN:313,_Z15falsosPositivosRSt6vectorIbSaIbEES2_
FN:324,_Z15falsosNegativosRSt6vectorIbSaIbEES2_
FN:336,_Z17compararSilenciosRSt6vectorIiSaIiEEiiii
FN:369,_Z14resultadoFinalRSt6vectorIS_IiSaIiEESaIS1_EEiii
FN:379,_Z11sacarPausasRSt6vectorIiSaIiEEiii
FN:391,_Z26muestraEnMomentoDeSilencioRSt6vectorIiSaIiEEiS_ISt5tupleIJffEESaIS4_EEi
FN:405,_Z18encontrarAparicionSt6vectorIiSaIiEES1_
FN:410,_Z19comienzoCorrelacionSt6vectorIiSaIiEES1_
FN:423,_Z16medirLaDistanciaSt6vectorIS_IiSaIiEESaIS1_EES1_ii
FN:446,_Z21intensidadCorrelacionSt6vectorIiSaIiEES1_
FN:462,_Z11distanciaAPSt6vectorIS_IiSaIiEESaIS1_EEiiiS1_
FN:467,_Z41__static_initialization_and_destruction_0ii
FN:467,_GLOBAL__sub_I__Z15grabacionValidaSt6vectorIiSaIiEEii
FNDA:4,_Z15grabacionValidaSt6vectorIiSaIiEEii
FNDA:4,_Z7enRangoSt6vectorIiSaIiEEi
FNDA:3,_Z11micFuncionaSt6vectorIiSaIiEEi
FNDA:180427,_Z6subseqSt6vectorIiSaIiEEii
FNDA:19,_Z13sonTodosCerosSt6vectorIiSaIiEE
FNDA:2,_Z12elAcaparadorSt6vectorIS_IiSaIiEESaIS1_EEii
FNDA:5,_Z7acaparaSt6vectorIS_IiSaIiEESaIS1_EEiii
FNDA:30,_Z15intensidadMediaSt6vectorIiSaIiEE
FNDA:2,_Z10ardillizarSt6vectorIS_IiSaIiEESaIS1_EEii
FNDA:4,_Z15ardillizarAudioSt6vectorIiSaIiEE
FNDA:2,_Z15flashElPerezosoSt6vectorIS_IiSaIiEESaIS1_EEii
FNDA:221,_Z9silenciosRSt6vectorIiSaIiEEiii
FNDA:1548955,_Z14indiceEnTiempofi
FNDA:1548863,_Z14noSuperaUmbralRSt6vectorIiSaIiEEiii
FNDA:10454126,_Z18noHaySilencioMayorRSt6vectorIiSaIiEEiii
FNDA:6,_Z11hayQuilomboSt6vectorIS_IiSaIiEESaIS1_EEiii
FNDA:20,_Z10seRespetanSt6vectorIS_IiSaIiEESaIS1_EEiiiii
FNDA:211,_Z24haySilencioQueLoContieneSt6vectorIiSaIiEEiiii
FNDA:8,_Z22cargarIntervaloDeHablaNSt7__cxx1112basic_stringIcSt11char_traitsIcESaIcEEE
FNDA:16,_Z10enmascararfSt6vectorISt5tupleIJffEESaIS1_EE
FNDA:8,_Z14negacionLogicaRSt6vectorIbSaIbEE
FNDA:7,_Z19enmascararSilenciosRSt6vectorIiSaIiEEiii
FNDA:7,_Z19verdaderosPositivosRSt6vectorIbSaIbEES2_
FNDA:7,_Z19verdaderosNegativosRSt6vectorIbSaIbEES2_
FNDA:7,_Z15falsosPositivosRSt6vectorIbSaIbEES2_
FNDA:7,_Z15falsosNegativosRSt6vectorIbSaIbEES2_
FNDA:7,_Z17compararSilenciosRSt6vectorIiSaIiEEiiii
FNDA:1,_Z14resultadoFinalRSt6vectorIS_IiSaIiEESaIS1_EEiii
FNDA:2,_Z11sacarPausasRSt6vectorIiSaIiEEiii
FNDA:29,_Z26muestraEnMomentoDeSilencioRSt6vectorIiSaIiEEiS_ISt5tupleIJffEESaIS4_EEi
FNDA:2,_Z18encontrarAparicionSt6vectorIiSaIiEES1_
FNDA:8,_Z19comienzoCorrelacionSt6vectorIiSaIiEES1_
FNDA:1,_Z16medirLaDistanciaSt6vectorIS_IiSaIiEESaIS1_EES1_ii
FNDA:8,_Z21intensidadCorrelacionSt6vectorIiSaIiEES1_
FNDA:3,_Z11distanciaAPSt6vectorIS_IiSaIiEESaIS1_EEiiiS1_
FNDA:1,_GLOBAL__sub_I__Z15grabacionValidaSt6vectorIiSaIiEEii
FNDA:1,_Z41__static_initialization_and_destruction_0ii
FNF:37
FNH:37
DA:5,4
DA:6,4
DA:7,4
DA:8,4
DA:9,4
DA:10,4
DA:11,4
DA:12,2
DA:13,4
DA:16,4
DA:17,4
DA:18,4
DA:19,4
DA:20,4
DA:21,78
DA:22,37
DA:23,1
DA:24,37
DA:26,4
DA:29,3
DA:30,3
DA:31,3
DA:32,65
DA:33,31
DA:34,849
DA:35,818
DA:36,409
DA:37,409
DA:38,3
DA:39,409
DA:41,31
DA:43,3
DA:46,180427
DA:47,180427
DA:48,2628298317
DA:49,2628117890
DA:50,180427
DA:53,19
DA:54,19
DA:55,255
DA:56,236
DA:57,220
DA:58,19
DA:62,2
DA:63,2
DA:64,8
DA:65,3
DA:67,2
DA:70,5
DA:71,5
DA:72,5
DA:73,35
DA:74,15
DA:75,3
DA:77,15
DA:80,5
DA:84,30
DA:85,30
DA:86,30
DA:87,233926
DA:88,116948
DA:89,116948
DA:91,30
DA:95,2
DA:96,2
DA:97,2
DA:98,10
DA:99,8
DA:100,4
DA:101,4
DA:103,2
DA:106,4
DA:107,4
DA:108,4
DA:109,104
DA:110,50
DA:111,26
DA:112,50
DA:114,4
DA:118,2
DA:119,2
DA:120,2
DA:121,2
DA:122,2
DA:123,2
DA:124,16
DA:125,7
DA:126,79
DA:127,36
DA:128,36
DA:129,29
DA:130,36
DA:132,7
DA:134,2
DA:137,221
DA:138,221
DA:139,221
DA:140,3989405
DA:141,1994592
DA:143,1548863
DA:144,1548863
DA:145,1548863
DA:146,20909065
DA:147,10454126
DA:148,456
DA:149,456
DA:150,456
DA:151,456
DA:152,456
DA:153,456
DA:155,10454126
DA:157,813
DA:160,1994592
DA:162,221
DA:166,1548955
DA:167,1548955
DA:168,1548955
DA:171,1548863
DA:172,1548863
DA:173,2482077473
DA:174,2480528610
DA:175,346105244
DA:176,1548863
DA:179,10454126
DA:180,10454126
DA:181,10454126
DA:182,9850849
DA:183,9850807
DA:185,42
DA:188,603277
DA:189,603241
DA:192,10454126
DA:196,6
DA:197,6
DA:198,6
DA:199,6
DA:200,34
DA:201,14
DA:202,82
DA:203,34
DA:204,10
DA:205,34
DA:207,14
DA:209,6
DA:212,20
DA:213,20
DA:214,40
DA:215,40
DA:216,20
DA:217,288
DA:218,134
DA:219,134
DA:220,134
DA:222,40
DA:225,211
DA:226,211
DA:227,211
DA:228,211
DA:229,422
DA:230,211
DA:231,563
DA:232,176
DA:233,176
DA:234,176
DA:235,176
DA:236,94
DA:237,176
DA:239,422
DA:243,8
DA:244,8
DA:245,16
DA:246,8
DA:247,368
DA:250,180
DA:251,180
DA:252,180
DA:253,180
DA:254,180
DA:256,8
DA:257,16
DA:260,16
DA:261,16
DA:262,16
DA:263,336066
DA:264,168025
DA:265,10800175
DA:266,5316075
DA:267,5316075
DA:268,5316075
DA:269,64539
DA:270,5316075
DA:272,168025
DA:274,16
DA:277,8
DA:278,84023
DA:279,84015
DA:280,84015
DA:282,8
DA:284,7
DA:285,14
DA:286,7
DA:287,7
DA:288,14
DA:291,7
DA:294,7
DA:295,84007
DA:296,84000
DA:297,56481
DA:298,27613
DA:300,7
DA:302,7
DA:305,7
DA:306,84007
DA:307,84000
DA:308,27519
DA:309,18127
DA:311,7
DA:313,7
DA:316,7
DA:317,84007
DA:318,84000
DA:319,27519
DA:320,9392
DA:322,7
DA:324,7
DA:327,7
DA:328,84007
DA:329,84000
DA:330,56481
DA:331,28868
DA:333,7
DA:336,7
DA:338,14
DA:342,14
DA:343,7
DA:344,7
DA:345,7
DA:346,7
DA:347,7
DA:348,7
DA:349,7
DA:350,14
DA:351,7
DA:352,14
DA:354,7
DA:357,7
DA:358,7
DA:359,7
DA:360,7
DA:361,7
DA:362,7
DA:365,7
DA:366,14
DA:369,1
DA:370,1
DA:371,1
DA:372,7
DA:373,6
DA:375,1
DA:379,2
DA:380,2
DA:381,4
DA:382,2
DA:383,60
DA:384,29
DA:385,14
DA:386,29
DA:388,4
DA:391,29
DA:392,29
DA:393,29
DA:394,121
DA:395,46
DA:396,46
DA:397,46
DA:398,15
DA:399,46
DA:401,29
DA:405,2
DA:406,2
DA:407,2
DA:410,8
DA:411,8
DA:412,8
DA:413,8
DA:414,42013
DA:415,42005
DA:416,843
DA:419,8
DA:423,1
DA:424,1
DA:425,1
DA:426,5
DA:427,4
DA:428,1
DA:431,1
DA:433,1
DA:434,9
DA:435,4
DA:436,3
DA:438,1
DA:440,4
DA:443,1
DA:446,8
DA:447,8
DA:448,8
DA:449,8
DA:450,8
DA:451,48008
DA:452,48000
DA:453,883
DA:456,8
DA:458,8
DA:462,3
DA:463,3
DA:464,3
DA:466,3
DA:467,3
LF:318
LH:318
end_of_record
SF:/c/mingw/lib/gcc/mingw32/6.3.0/include/c++/bits/alloc_traits.h
FN:415,_ZNSt16allocator_traitsISaIiEE8allocateERS0_j
FN:415,_ZNSt16allocator_traitsISaIfEE8allocateERS0_j
FN:415,_ZNSt16allocator_traitsISaImEE8allocateERS0_j
FN:415,_ZNSt16allocator_traitsISaISt6vectorIiSaIiEEEE8allocateERS3_j
FN:415,_ZNSt16allocator_traitsISaISt5tupleIJffEEEE8allocateERS2_j
FN:441,_ZNSt16allocator_traitsISaISt6vectorIiSaIiEEEE10deallocateERS3_PS2_j
FN:441,_ZNSt16allocator_traitsISaImEE10deallocateERS0_Pmj
FN:441,_ZNSt16allocator_traitsISaIfEE10deallocateERS0_Pfj
FN:441,_ZNSt16allocator_traitsISaIiEE10deallocateERS0_Pij
FN:441,_ZNSt16allocator_traitsISaISt5tupleIJffEEEE10deallocateERS2_PS1_j
FN:454,_ZNSt16allocator_traitsISaISt5tupleIJffEEEE9constructIS1_JRKS1_EEEvRS2_PT_DpOT0_
FN:454,_ZNSt16allocator_traitsISaISt6vectorIiSaIiEEEE9constructIS2_JRKS2_EEEvRS3_PT_DpOT0_
FN:454,_ZNSt16allocator_traitsISaIiEE9constructIiJRKiEEEvRS0_PT_DpOT0_
FN:454,_ZNSt16allocator_traitsISaIfEE9constructIfJfEEEvRS0_PT_DpOT0_
FN:466,_ZNSt16allocator_traitsISaISt6vectorIiSaIiEEEE7destroyIS2_EEvRS3_PT_
FN:466,_ZNSt16allocator_traitsISaIiEE7destroyIiEEvRS0_PT_
FN:466,_ZNSt16allocator_traitsISaISt5tupleIJffEEEE7destroyIS1_EEvRS2_PT_
FN:466,_ZNSt16allocator_traitsISaIfEE7destroyIfEEvRS0_PT_
FN:475,_ZNSt16allocator_traitsISaISt5tupleIJffEEEE8max_sizeERKS2_
FN:475,_ZNSt16allocator_traitsISaISt6vectorIiSaIiEEEE8max_sizeERKS3_
FN:475,_ZNSt16allocator_traitsISaIfEE8max_sizeERKS0_
FN:475,_ZNSt16allocator_traitsISaIiEE8max_sizeERKS0_
FN:484,_ZNSt16allocator_traitsISaISt5tupleIJffEEEE37select_on_container_copy_constructionERKS2_
FN:484,_ZNSt16allocator_traitsISaISt6vectorIiSaIiEEEE37select_on_container_copy_constructionERKS3_
FN:484,_ZNSt16allocator_traitsISaIiEE37select_on_container_copy_constructionERKS0_
FNDA:4,_ZNSt16allocator_traitsISaIfEE8allocateERS0_j
FNDA:20,_ZNSt16allocator_traitsISaImEE8allocateERS0_j
FNDA:320,_ZNSt16allocator_traitsISaISt5tupleIJffEEEE8allocateERS2_j
FNDA:70,_ZNSt16allocator_traitsISaISt6vectorIiSaIiEEEE8allocateERS3_j
FNDA:3422192,_ZNSt16allocator_traitsISaIiEE8allocateERS0_j
FNDA:4,_ZNSt16allocator_traitsISaIfEE10deallocateERS0_Pfj
FNDA:20,_ZNSt16allocator_traitsISaImEE10deallocateERS0_Pmj
FNDA:320,_ZNSt16allocator_traitsISaISt5tupleIJffEEEE10deallocateERS2_PS1_j
FNDA:70,_ZNSt16allocator_traitsISaISt6vectorIiSaIiEEEE10deallocateERS3_PS2_j
FNDA:3422192,_ZNSt16allocator_traitsISaIiEE10deallocateERS0_Pij
FNDA:4,_ZNSt16allocator_traitsISaIfEE9constructIfJfEEEvRS0_PT_DpOT0_
FNDA:636,_ZNSt16allocator_traitsISaISt5tupleIJffEEEE9constructIS1_JRKS1_EEEvRS2_PT_DpOT0_
FNDA:10,_ZNSt16allocator_traitsISaISt6vectorIiSaIiEEEE9constructIS2_JRKS2_EEEvRS3_PT_DpOT0_
FNDA:2654997930,_ZNSt16allocator_traitsISaIiEE9constructIiJRKiEEEvRS0_PT_DpOT0_
FNDA:0,_ZNSt16allocator_traitsISaIfEE7destroyIfEEvRS0_PT_
FNDA:0,_ZNSt16allocator_traitsISaISt5tupleIJffEEEE7destroyIS1_EEvRS2_PT_
FNDA:0,_ZNSt16allocator_traitsISaISt6vectorIiSaIiEEEE7destroyIS2_EEvRS3_PT_
FNDA:0,_ZNSt16allocator_traitsISaIiEE7destroyIiEEvRS0_PT_
FNDA:6,_ZNSt16allocator_traitsISaIfEE8max_sizeERKS0_
FNDA:544,_ZNSt16allocator_traitsISaISt5tupleIJffEEEE8max_sizeERKS2_
FNDA:22,_ZNSt16allocator_traitsISaISt6vectorIiSaIiEEEE8max_sizeERKS3_
FNDA:5402280,_ZNSt16allocator_traitsISaIiEE8max_sizeERKS0_
FNDA:45,_ZNSt16allocator_traitsISaISt5tupleIJffEEEE37select_on_container_copy_constructionERKS2_
FNDA:41,_ZNSt16allocator_traitsISaISt6vectorIiSaIiEEEE37select_on_container_copy_constructionERKS3_
FNDA:720989,_ZNSt16allocator_traitsISaIiEE37select_on_container_copy_constructionERKS0_
FNF:25
FNH:21
DA:415,3422606
DA:416,3422606
DA:441,3422606
DA:442,3422606
DA:454,2654998580
DA:455,2654998580
DA:466,0
DA:467,0
DA:475,5402852
DA:476,5402852
DA:484,721075
DA:485,721075
LF:12
LH:10
end_of_record
SF:/c/mingw/lib/gcc/mingw32/6.3.0/include/c++/bits/allocator.h
FN:131,_ZNSaIfEC2Ev
FN:131,_ZNSaISt5tupleIJffEEEC2Ev
FN:131,_ZNSaISt6vectorIiSaIiEEEC2Ev
FN:131,_ZNSaISt6vectorIiSaIiEEEC1Ev
FN:131,_ZNSaIbEC1Ev
FN:131,_ZNSaIiEC1Ev
FN:131,_ZNSaIiEC2Ev
FN:133,_ZNSaIiEC2ERKS_
FN:133,_ZNSaISt6vectorIiSaIiEEEC1ERKS2_
FN:133,_ZNSaImEC2ERKS_
FN:133,_ZNSaIiEC1ERKS_
FN:133,_ZNSaISt5tupleIJffEEEC1ERKS1_
FN:133,_ZNSaISt6vectorIiSaIiEEEC2ERKS2_
FN:133,_ZNSaISt5tupleIJffEEEC2ERKS1_
FN:137,_ZNSaImEC1IbEERKSaIT_E
FN:139,_ZNSaISt6vectorIiSaIiEEED1Ev
FN:139,_ZNSaImED2Ev
FN:139,_ZNSaIiED1Ev
FN:139,_ZNSaImED1Ev
FN:139,_ZNSaIfED2Ev
FN:139,_ZNSaISt5tupleIJffEEED1Ev
FN:139,_ZNSaIiED2Ev
FN:139,_ZNSaISt6vectorIiSaIiEEED2Ev
FN:139,_ZNSaIbED1Ev
FN:139,_ZNSaISt5tupleIJffEEED2Ev
FNDA:2,_ZNSaIfEC2Ev
FNDA:229,_ZNSaISt5tupleIJffEEEC2Ev
FNDA:20,_ZNSaIbEC1Ev
FNDA:18,_ZNSaISt6vectorIiSaIiEEEC1Ev
FNDA:4,_ZNSaISt6vectorIiSaIiEEEC2Ev
FNDA:63,_ZNSaIiEC1Ev
FNDA:180469,_ZNSaIiEC2Ev
FNDA:20,_ZNSaImEC2ERKS_
FNDA:45,_ZNSaISt5tupleIJffEEEC1ERKS1_
FNDA:48,_ZNSaISt5tupleIJffEEEC2ERKS1_
FNDA:41,_ZNSaISt6vectorIiSaIiEEEC1ERKS2_
FNDA:59,_ZNSaISt6vectorIiSaIiEEEC2ERKS2_
FNDA:720996,_ZNSaIiEC1ERKS_
FNDA:721075,_ZNSaIiEC2ERKS_
FNDA:20,_ZNSaImEC1IbEERKSaIT_E
FNDA:2,_ZNSaIfED2Ev
FNDA:20,_ZNSaImED1Ev
FNDA:20,_ZNSaImED2Ev
FNDA:48,_ZNSaISt5tupleIJffEEED1Ev
FNDA:277,_ZNSaISt5tupleIJffEEED2Ev
FNDA:20,_ZNSaIbED1Ev
FNDA:59,_ZNSaISt6vectorIiSaIiEEED1Ev
FNDA:63,_ZNSaISt6vectorIiSaIiEEED2Ev
FNDA:721059,_ZNSaIiED1Ev
FNDA:901544,_ZNSaIiED2Ev
FNF:25
FNH:25
DA:131,180805
DA:133,1442284
DA:134,1442284
DA:137,20
DA:139,1623112
LF:5
LH:5
end_of_record
SF:/c/mingw/lib/gcc/mingw32/6.3.0/include/c++/bits/cpp_type_traits.h
FN:408,_ZSt12__miter_baseIPiET_S1_
FN:408,_ZSt12__miter_baseIN9__gnu_cxx17__normal_iteratorIPKiSt6vectorIiSaIiEEEEET_S8_
FN:408,_ZSt12__miter_baseIPfET_S1_
FNDA:6,_ZSt12__miter_baseIPfET_S1_
FNDA:5402280,_ZSt12__miter_baseIPiET_S1_
FNDA:1441978,_ZSt12__miter_baseIN9__gnu_cxx17__normal_iteratorIPKiSt6vectorIiSaIiEEEEET_S8_
FNF:3
FNH:3
DA:408,6844264
DA:409,6844264
LF:2
LH:2
end_of_record
SF:/c/mingw/lib/gcc/mingw32/6.3.0/include/c++/bits/move.h
FN:47,_ZSt11__addressofISt5tupleIJffEEEPT_RS2_
FN:47,_ZSt11__addressofISt6vectorIiSaIiEEEPT_RS3_
FN:47,_ZSt11__addressofImEPT_RS0_
FN:76,_ZSt7forwardIfEOT_RNSt16remove_referenceIS0_E4typeE
FN:76,_ZSt7forwardIRKSt6vectorIiSaIiEEEOT_RNSt16remove_referenceIS5_E4typeE
FN:76,_ZSt7forwardIRKSt5tupleIJffEEEOT_RNSt16remove_referenceIS4_E4typeE
FN:76,_ZSt7forwardISt5tupleIJffEEEOT_RNSt16remove_referenceIS2_E4typeE
FN:76,_ZSt7forwardIRKiEOT_RNSt16remove_referenceIS2_E4typeE
FN:76,_ZSt7forwardISt6vectorIiSaIiEEEOT_RNSt16remove_referenceIS3_E4typeE
FN:101,_ZSt4moveIRSt6vectorIiSaIiEEEONSt16remove_referenceIT_E4typeEOS5_
FN:101,_ZSt4moveIRPiEONSt16remove_referenceIT_E4typeEOS3_
FN:101,_ZSt4moveIRfEONSt16remove_referenceIT_E4typeEOS2_
FN:101,_ZSt4moveIRSaIiEEONSt16remove_referenceIT_E4typeEOS3_
FN:101,_ZSt4moveIRSt11_Tuple_implILj1EJfEEEONSt16remove_referenceIT_E4typeEOS4_
FN:101,_ZSt4moveIRSaImEEONSt16remove_referenceIT_E4typeEOS3_
FN:179,_ZSt4swapIPiENSt9enable_ifIXsrSt6__and_IJSt21is_move_constructibleIT_ESt18is_move_assignableIS4_EEE5valueEvE4typeERS4_SB_
FNDA:1135,_ZSt11__addressofISt5tupleIJffEEEPT_RS2_
FNDA:376,_ZSt11__addressofISt6vectorIiSaIiEEEPT_RS3_
FNDA:56,_ZSt11__addressofImEPT_RS0_
FNDA:632,_ZSt7forwardISt5tupleIJffEEEOT_RNSt16remove_referenceIS2_E4typeE
FNDA:27,_ZSt7forwardISt6vectorIiSaIiEEEOT_RNSt16remove_referenceIS3_E4typeE
FNDA:2543,_ZSt7forwardIfEOT_RNSt16remove_referenceIS0_E4typeE
FNDA:2047,_ZSt7forwardIRKSt5tupleIJffEEEOT_RNSt16remove_referenceIS4_E4typeE
FNDA:197,_ZSt7forwardIRKSt6vectorIiSaIiEEEOT_RNSt16remove_referenceIS5_E4typeE
FNDA:5312696970,_ZSt7forwardIRKiEOT_RNSt16remove_referenceIS2_E4typeE
FNDA:632,_ZSt4moveIRSt11_Tuple_implILj1EJfEEEONSt16remove_referenceIT_E4typeEOS4_
FNDA:270,_ZSt4moveIRPiEONSt16remove_referenceIT_E4typeEOS3_
FNDA:20,_ZSt4moveIRSaImEEONSt16remove_referenceIT_E4typeEOS3_
FNDA:39,_ZSt4moveIRSaIiEEONSt16remove_referenceIT_E4typeEOS3_
FNDA:4,_ZSt4moveIRfEONSt16remove_referenceIT_E4typeEOS2_
FNDA:27,_ZSt4moveIRSt6vectorIiSaIiEEEONSt16remove_referenceIT_E4typeEOS5_
FNDA:90,_ZSt4swapIPiENSt9enable_ifIXsrSt6__and_IJSt21is_move_constructibleIT_ESt18is_move_assignableIS4_EEE5valueEvE4typeERS4_SB_
FNF:16
FNH:16
DA:47,1567
DA:50,1567
DA:76,5312702416
DA:77,5312702416
DA:101,992
DA:102,992
DA:179,90
DA:190,90
DA:191,90
DA:192,90
DA:193,90
LF:11
LH:11
end_of_record
SF:/c/mingw/lib/gcc/mingw32/6.3.0/include/c++/bits/stl_algobase.h
FN:219,_ZSt3maxIjERKT_S2_S2_
FN:277,_ZSt12__niter_baseIPiET_S1_
FN:277,_ZSt12__niter_baseIPfET_S1_
FN:277,_ZSt12__niter_baseIPmET_S1_
FN:357,_ZNSt11__copy_moveILb1ELb1ESt26random_access_iterator_tagE8__copy_mIiEEPT_PKS3_S6_S4_
FN:357,_ZNSt11__copy_moveILb0ELb1ESt26random_access_iterator_tagE8__copy_mIiEEPT_PKS3_S6_S4_
FN:357,_ZNSt11__copy_moveILb1ELb1ESt26random_access_iterator_tagE8__copy_mIfEEPT_PKS3_S6_S4_
FN:375,_ZSt13__copy_move_aILb1EPiS0_ET1_T0_S2_S1_
FN:375,_ZSt13__copy_move_aILb0EPKiPiET1_T0_S4_S3_
FN:375,_ZSt13__copy_move_aILb1EPfS0_ET1_T0_S2_S1_
FN:420,_ZSt14__copy_move_a2ILb1EPiS0_ET1_T0_S2_S1_
FN:420,_ZSt14__copy_move_a2ILb1EPfS0_ET1_T0_S2_S1_
FN:420,_ZSt14__copy_move_a2ILb0EN9__gnu_cxx17__normal_iteratorIPKiSt6vectorIiSaIiEEEEPiET1_T0_SA_S9_
FN:446,_ZSt4copyISt13move_iteratorIPiES1_ET0_T_S4_S3_
FN:446,_ZSt4copyIN9__gnu_cxx17__normal_iteratorIPKiSt6vectorIiSaIiEEEEPiET0_T_SA_S9_
FN:446,_ZSt4copyISt13move_iteratorIPfES1_ET0_T_S4_S3_
FN:691,_ZSt8__fill_aIPmiEN9__gnu_cxx11__enable_ifIXsrSt11__is_scalarIT0_E7__valueEvE6__typeET_S8_RKS4_
FN:724,_ZSt4fillIPmiEvT_S1_RKT0_
FN:749,_ZSt10__fill_n_aIPijiEN9__gnu_cxx11__enable_ifIXsrSt11__is_scalarIT1_E7__valueET_E6__typeES6_T0_RKS4_
FN:784,_ZSt6fill_nIPijiET_S1_T0_RKT1_
FNDA:2701458,_ZSt3maxIjERKT_S2_S2_
FNDA:10,_ZSt12__niter_baseIPfET_S1_
FNDA:8824472,_ZSt12__niter_baseIPiET_S1_
FNDA:32,_ZSt12__niter_baseIPmET_S1_
FNDA:3,_ZNSt11__copy_moveILb1ELb1ESt26random_access_iterator_tagE8__copy_mIfEEPT_PKS3_S6_S4_
FNDA:2701140,_ZNSt11__copy_moveILb1ELb1ESt26random_access_iterator_tagE8__copy_mIiEEPT_PKS3_S6_S4_
FNDA:721050,_ZNSt11__copy_moveILb0ELb1ESt26random_access_iterator_tagE8__copy_mIiEEPT_PKS3_S6_S4_
FNDA:3,_ZSt13__copy_move_aILb1EPfS0_ET1_T0_S2_S1_
FNDA:2701140,_ZSt13__copy_move_aILb1EPiS0_ET1_T0_S2_S1_
FNDA:721043,_ZSt13__copy_move_aILb0EPKiPiET1_T0_S4_S3_
FNDA:3,_ZSt14__copy_move_a2ILb1EPfS0_ET1_T0_S2_S1_
FNDA:2701140,_ZSt14__copy_move_a2ILb1EPiS0_ET1_T0_S2_S1_
FNDA:720989,_ZSt14__copy_move_a2ILb0EN9__gnu_cxx17__normal_iteratorIPKiSt6vectorIiSaIiEEEEPiET1_T0_SA_S9_
FNDA:3,_ZSt4copyISt13move_iteratorIPfES1_ET0_T_S4_S3_
FNDA:2701140,_ZSt4copyISt13move_iteratorIPiES1_ET0_T_S4_S3_
FNDA:720989,_ZSt4copyIN9__gnu_cxx17__normal_iteratorIPKiSt6vectorIiSaIiEEEEPiET0_T_SA_S9_
FNDA:16,_ZSt8__fill_aIPmiEN9__gnu_cxx11__enable_ifIXsrSt11__is_scalarIT0_E7__valueEvE6__typeET_S8_RKS4_
FNDA:16,_ZSt4fillIPmiEvT_S1_RKT0_
FNDA:2,_ZSt10__fill_n_aIPijiEN9__gnu_cxx11__enable_ifIXsrSt11__is_scalarIT1_E7__valueET_E6__typeES6_T0_RKS4_
FNDA:2,_ZSt6fill_nIPijiET_S1_T0_RKT1_
FNF:20
FNH:20
DA:219,2701458
DA:224,2701458
DA:225,180407
DA:226,2521051
DA:277,8824514
DA:278,8824514
DA:357,3422193
DA:366,3422193
DA:367,3422193
DA:368,3241950
DA:369,3422193
DA:375,3422186
DA:383,3422186
DA:386,3422186
DA:420,3422132
DA:422,3422132
DA:424,3422132
DA:446,3422132
DA:455,3422132
DA:456,3422132
DA:691,16
DA:694,16
DA:695,10520
DA:696,5252
DA:697,16
DA:724,16
DA:731,16
DA:733,16
DA:749,2
DA:751,2
DA:752,20
DA:753,20
DA:754,18
DA:755,2
DA:784,2
DA:789,2
LF:36
LH:36
end_of_record
SF:/c/mingw/lib/gcc/mingw32/6.3.0/include/c++/bits/stl_bvector.h
FN:75,_ZNSt14_Bit_referenceC1EPmm
FN:80,_ZNKSt14_Bit_referencecvbEv
FN:84,_ZNSt14_Bit_referenceaSEb
FN:142,_ZNSt18_Bit_iterator_baseC2EPmj
FN:166,_ZNSt18_Bit_iterator_base7_M_incrEi
FN:208,_ZStmiRKSt18_Bit_iterator_baseS1_
FN:220,_ZNSt13_Bit_iteratorC1Ev
FN:222,_ZNSt13_Bit_iteratorC1EPmj
FN:230,_ZNKSt13_Bit_iteratordeEv
FN:264,_ZNSt13_Bit_iteratorpLEi
FN:278,_ZNKSt13_Bit_iteratorplEi
FN:312,_ZNSt19_Bit_const_iteratorC1ERKSt13_Bit_iterator
FN:419,_ZNSt13_Bvector_baseISaIbEE13_Bvector_implD1Ev
FN:435,_ZNSt13_Bvector_baseISaIbEE13_Bvector_implC1EOSaImE
FN:442,_ZNKSt13_Bvector_baseISaIbEE13_Bvector_impl11_M_end_addrEv
FN:468,_ZNSt13_Bvector_baseISaIbEEC2ERKS0_
FN:484,_ZNSt13_Bvector_baseISaIbEED2Ev
FN:491,_ZNSt13_Bvector_baseISaIbEE11_M_allocateEj
FN:495,_ZNSt13_Bvector_baseISaIbEE13_M_deallocateEv
FN:507,_ZNSt13_Bvector_baseISaIbEE8_S_nwordEj
FN:591,_ZNSt6vectorIbSaIbEEC1EjRKbRKS0_
FN:677,_ZNSt6vectorIbSaIbEED1Ev
FN:783,_ZNKSt6vectorIbSaIbEE5beginEv
FN:791,_ZNKSt6vectorIbSaIbEE3endEv
FN:829,_ZNKSt6vectorIbSaIbEE4sizeEv
FN:854,_ZNSt6vectorIbSaIbEEixEj
FN:1079,_ZNSt6vectorIbSaIbEE13_M_initializeEj
FNDA:736704,_ZNSt14_Bit_referenceC1EPmm
FNDA:588095,_ZNKSt14_Bit_referencecvbEv
FNDA:148609,_ZNSt14_Bit_referenceaSEb
FNDA:1912834,_ZNSt18_Bit_iterator_baseC2EPmj
FNDA:20,_ZNSt18_Bit_iterator_base7_M_incrEi
FNDA:588098,_ZStmiRKSt18_Bit_iterator_baseS1_
FNDA:40,_ZNSt13_Bit_iteratorC1Ev
FNDA:736589,_ZNSt13_Bit_iteratorC1EPmj
FNDA:736624,_ZNKSt13_Bit_iteratordeEv
FNDA:20,_ZNSt13_Bit_iteratorpLEi
FNDA:20,_ZNKSt13_Bit_iteratorplEi
FNDA:1176205,_ZNSt19_Bit_const_iteratorC1ERKSt13_Bit_iterator
FNDA:20,_ZNSt13_Bvector_baseISaIbEE13_Bvector_implD1Ev
FNDA:20,_ZNSt13_Bvector_baseISaIbEE13_Bvector_implC1EOSaImE
FNDA:36,_ZNKSt13_Bvector_baseISaIbEE13_Bvector_impl11_M_end_addrEv
FNDA:20,_ZNSt13_Bvector_baseISaIbEEC2ERKS0_
FNDA:20,_ZNSt13_Bvector_baseISaIbEED2Ev
FNDA:20,_ZNSt13_Bvector_baseISaIbEE11_M_allocateEj
FNDA:20,_ZNSt13_Bvector_baseISaIbEE13_M_deallocateEv
FNDA:40,_ZNSt13_Bvector_baseISaIbEE8_S_nwordEj
FNDA:16,_ZNSt6vectorIbSaIbEEC1EjRKbRKS0_
FNDA:20,_ZNSt6vectorIbSaIbEED1Ev
FNDA:588104,_ZNKSt6vectorIbSaIbEE5beginEv
FNDA:588101,_ZNKSt6vectorIbSaIbEE3endEv
FNDA:588098,_ZNKSt6vectorIbSaIbEE4sizeEv
FNDA:736569,_ZNSt6vectorIbSaIbEEixEj
FNDA:20,_ZNSt6vectorIbSaIbEE13_M_initializeEj
FNF:27
FNH:27
DA:75,736704
DA:76,736704
DA:80,588095
DA:81,588095
DA:84,148609
DA:86,148609
DA:87,121056
DA:89,27553
DA:90,148609
DA:142,1912834
DA:143,1912834
DA:166,20
DA:168,20
DA:169,20
DA:170,20
DA:171,20
DA:173,0
DA:174,0
DA:176,20
DA:177,20
DA:208,588098
DA:210,588098
DA:211,588098
DA:220,40
DA:222,736589
DA:223,736589
DA:230,736624
DA:231,736624
DA:264,20
DA:266,20
DA:267,20
DA:278,20
DA:280,20
DA:281,20
DA:312,1176205
DA:313,1176205
DA:419,20
DA:435,20
DA:436,20
DA:437,20
DA:438,20
DA:442,36
DA:444,36
DA:445,36
DA:446,0
DA:468,20
DA:469,20
DA:484,20
DA:485,20
DA:491,20
DA:492,20
DA:495,20
DA:497,20
DA:499,20
DA:500,20
DA:501,20
DA:504,20
DA:507,40
DA:508,40
DA:591,16
DA:593,16
DA:595,16
DA:596,16
DA:598,16
DA:677,20
DA:783,588104
DA:784,588104
DA:791,588101
DA:792,588101
DA:829,588098
DA:830,588098
DA:854,736569
DA:856,2209707
DA:857,2209707
DA:1079,20
DA:1081,20
DA:1082,20
DA:1083,20
DA:1084,20
DA:1085,20
LF:80
LH:77
end_of_record
SF:/c/mingw/lib/gcc/mingw32/6.3.0/include/c++/bits/stl_construct.h
FN:74,_ZSt10_ConstructISt6vectorIiSaIiEEJRKS2_EEvPT_DpOT0_
FN:74,_ZSt10_ConstructISt6vectorIiSaIiEEJS2_EEvPT_DpOT0_
FN:74,_ZSt10_ConstructISt5tupleIJffEEJS1_EEvPT_DpOT0_
FN:74,_ZSt10_ConstructISt5tupleIJffEEJRKS1_EEvPT_DpOT0_
FN:92,_ZSt8_DestroyISt6vectorIiSaIiEEEvPT_
FN:100,_ZNSt12_Destroy_auxILb0EE9__destroyIPSt6vectorIiSaIiEEEEvT_S6_
FN:112,_ZNSt12_Destroy_auxILb1EE9__destroyIPiEEvT_S3_
FN:112,_ZNSt12_Destroy_auxILb1EE9__destroyIPfEEvT_S3_
FN:112,_ZNSt12_Destroy_auxILb1EE9__destroyIPSt5tupleIJffEEEEvT_S5_
FN:122,_ZSt8_DestroyIPfEvT_S1_
FN:122,_ZSt8_DestroyIPSt6vectorIiSaIiEEEvT_S4_
FN:122,_ZSt8_DestroyIPSt5tupleIJffEEEvT_S3_
FN:122,_ZSt8_DestroyIPiEvT_S1_
FN:148,_ZSt8_DestroyIPiiEvT_S1_RSaIT0_E
FN:148,_ZSt8_DestroyIPffEvT_S1_RSaIT0_E
FN:148,_ZSt8_DestroyIPSt5tupleIJffEES1_EvT_S3_RSaIT0_E
FN:148,_ZSt8_DestroyIPSt6vectorIiSaIiEES2_EvT_S4_RSaIT0_E
FNDA:632,_ZSt10_ConstructISt5tupleIJffEEJS1_EEvPT_DpOT0_
FNDA:12,_ZSt10_ConstructISt6vectorIiSaIiEEJS2_EEvPT_DpOT0_
FNDA:503,_ZSt10_ConstructISt5tupleIJffEEJRKS1_EEvPT_DpOT0_
FNDA:169,_ZSt10_ConstructISt6vectorIiSaIiEEJRKS2_EEvPT_DpOT0_
FNDA:195,_ZSt8_DestroyISt6vectorIiSaIiEEEvPT_
FNDA:74,_ZNSt12_Destroy_auxILb0EE9__destroyIPSt6vectorIiSaIiEEEEvT_S6_
FNDA:6,_ZNSt12_Destroy_auxILb1EE9__destroyIPfEEvT_S3_
FNDA:549,_ZNSt12_Destroy_auxILb1EE9__destroyIPSt5tupleIJffEEEEvT_S5_
FNDA:3602684,_ZNSt12_Destroy_auxILb1EE9__destroyIPiEEvT_S3_
FNDA:6,_ZSt8_DestroyIPfEvT_S1_
FNDA:549,_ZSt8_DestroyIPSt5tupleIJffEEEvT_S3_
FNDA:74,_ZSt8_DestroyIPSt6vectorIiSaIiEEEvT_S4_
FNDA:3602684,_ZSt8_DestroyIPiEvT_S1_
FNDA:6,_ZSt8_DestroyIPffEvT_S1_RSaIT0_E
FNDA:549,_ZSt8_DestroyIPSt5tupleIJffEES1_EvT_S3_RSaIT0_E
FNDA:74,_ZSt8_DestroyIPSt6vectorIiSaIiEES2_EvT_S4_RSaIT0_E
FNDA:3602684,_ZSt8_DestroyIPiiEvT_S1_RSaIT0_E
FNF:17
FNH:17
DA:74,1316
DA:75,1316
DA:92,195
DA:93,195
DA:100,269
DA:102,464
DA:103,195
DA:104,74
DA:112,3603239
DA:122,3603313
DA:126,3603313
DA:128,3603313
DA:148,3603313
DA:151,3603313
DA:152,3603313
LF:15
LH:15
end_of_record
SF:/c/mingw/lib/gcc/mingw32/6.3.0/include/c++/bits/stl_iterator.h
FN:776,_ZN9__gnu_cxx17__normal_iteratorIPKSt6vectorIiSaIiEES1_IS3_SaIS3_EEEC1ERKS5_
FN:776,_ZN9__gnu_cxx17__normal_iteratorIPKiSt6vectorIiSaIiEEEC1ERKS2_
FN:776,_ZN9__gnu_cxx17__normal_iteratorIPKSt5tupleIJffEESt6vectorIS2_SaIS2_EEEC1ERKS4_
FN:789,_ZNK9__gnu_cxx17__normal_iteratorIPKSt6vectorIiSaIiEES1_IS3_SaIS3_EEEdeEv
FN:789,_ZNK9__gnu_cxx17__normal_iteratorIPKSt5tupleIJffEESt6vectorIS2_SaIS2_EEEdeEv
FN:797,_ZN9__gnu_cxx17__normal_iteratorIPKSt5tupleIJffEESt6vectorIS2_SaIS2_EEEppEv
FN:797,_ZN9__gnu_cxx17__normal_iteratorIPKSt6vectorIiSaIiEES1_IS3_SaIS3_EEEppEv
FN:841,_ZNK9__gnu_cxx17__normal_iteratorIPKiSt6vectorIiSaIiEEE4baseEv
FN:841,_ZNK9__gnu_cxx17__normal_iteratorIPKSt6vectorIiSaIiEES1_IS3_SaIS3_EEE4baseEv
FN:841,_ZNK9__gnu_cxx17__normal_iteratorIPKSt5tupleIJffEESt6vectorIS2_SaIS2_EEE4baseEv
FN:877,_ZN9__gnu_cxxneIPKSt6vectorIiSaIiEES1_IS3_SaIS3_EEEEbRKNS_17__normal_iteratorIT_T0_EESD_
FN:877,_ZN9__gnu_cxxneIPKSt5tupleIJffEESt6vectorIS2_SaIS2_EEEEbRKNS_17__normal_iteratorIT_T0_EESD_
FN:980,_ZSt12__niter_baseIPKiSt6vectorIiSaIiEEET_N9__gnu_cxx17__normal_iteratorIS5_T0_EE
FN:1032,_ZNSt13move_iteratorIPSt6vectorIiSaIiEEEC1ES3_
FN:1032,_ZNSt13move_iteratorIPfEC1ES0_
FN:1032,_ZNSt13move_iteratorIPSt5tupleIJffEEEC1ES2_
FN:1032,_ZNSt13move_iteratorIPiEC1ES0_
FN:1040,_ZNKSt13move_iteratorIPiE4baseEv
FN:1040,_ZNKSt13move_iteratorIPSt5tupleIJffEEE4baseEv
FN:1040,_ZNKSt13move_iteratorIPSt6vectorIiSaIiEEE4baseEv
FN:1040,_ZNKSt13move_iteratorIPfE4baseEv
FN:1044,_ZNKSt13move_iteratorIPSt5tupleIJffEEEdeEv
FN:1044,_ZNKSt13move_iteratorIPSt6vectorIiSaIiEEEdeEv
FN:1052,_ZNSt13move_iteratorIPSt5tupleIJffEEEppEv
FN:1052,_ZNSt13move_iteratorIPSt6vectorIiSaIiEEEppEv
FN:1119,_ZSteqIPSt5tupleIJffEEEbRKSt13move_iteratorIT_ES7_
FN:1119,_ZSteqIPSt6vectorIiSaIiEEEbRKSt13move_iteratorIT_ES8_
FN:1131,_ZStneIPSt5tupleIJffEEEbRKSt13move_iteratorIT_ES7_
FN:1131,_ZStneIPSt6vectorIiSaIiEEEbRKSt13move_iteratorIT_ES8_
FN:1223,_ZSt32__make_move_if_noexcept_iteratorISt6vectorIiSaIiEESt13move_iteratorIPS2_EET0_PT_
FN:1223,_ZSt32__make_move_if_noexcept_iteratorISt5tupleIJffEESt13move_iteratorIPS1_EET0_PT_
FN:1223,_ZSt32__make_move_if_noexcept_iteratorIfSt13move_iteratorIPfEET0_PT_
FN:1223,_ZSt32__make_move_if_noexcept_iteratorIiSt13move_iteratorIPiEET0_PT_
FN:1243,_ZSt12__miter_baseIPfEDTcl12__miter_basecldtfp_4baseEEESt13move_iteratorIT_E
FN:1243,_ZSt12__miter_baseIPiEDTcl12__miter_basecldtfp_4baseEEESt13move_iteratorIT_E
FNDA:90,_ZN9__gnu_cxx17__normal_iteratorIPKSt5tupleIJffEESt6vectorIS2_SaIS2_EEEC1ERKS4_
FNDA:88,_ZN9__gnu_cxx17__normal_iteratorIPKSt6vectorIiSaIiEES1_IS3_SaIS3_EEEC1ERKS5_
FNDA:1442005,_ZN9__gnu_cxx17__normal_iteratorIPKiSt6vectorIiSaIiEEEC1ERKS2_
FNDA:495,_ZNK9__gnu_cxx17__normal_iteratorIPKSt5tupleIJffEESt6vectorIS2_SaIS2_EEEdeEv
FNDA:119,_ZNK9__gnu_cxx17__normal_iteratorIPKSt6vectorIiSaIiEES1_IS3_SaIS3_EEEdeEv
FNDA:495,_ZN9__gnu_cxx17__normal_iteratorIPKSt5tupleIJffEESt6vectorIS2_SaIS2_EEEppEv
FNDA:119,_ZN9__gnu_cxx17__normal_iteratorIPKSt6vectorIiSaIiEES1_IS3_SaIS3_EEEppEv
FNDA:1442005,_ZNK9__gnu_cxx17__normal_iteratorIPKiSt6vectorIiSaIiEEE4baseEv
FNDA:1080,_ZNK9__gnu_cxx17__normal_iteratorIPKSt5tupleIJffEESt6vectorIS2_SaIS2_EEE4baseEv
FNDA:326,_ZNK9__gnu_cxx17__normal_iteratorIPKSt6vectorIiSaIiEES1_IS3_SaIS3_EEE4baseEv
FNDA:540,_ZN9__gnu_cxxneIPKSt5tupleIJffEESt6vectorIS2_SaIS2_EEEEbRKNS_17__normal_iteratorIT_T0_EESD_
FNDA:160,_ZN9__gnu_cxxneIPKSt6vectorIiSaIiEES1_IS3_SaIS3_EEEEbRKNS_17__normal_iteratorIT_T0_EESD_
FNDA:1442005,_ZSt12__niter_baseIPKiSt6vectorIiSaIiEEET_N9__gnu_cxx17__normal_iteratorIS5_T0_EE
FNDA:6,_ZNSt13move_iteratorIPfEC1ES0_
FNDA:544,_ZNSt13move_iteratorIPSt5tupleIJffEEEC1ES2_
FNDA:22,_ZNSt13move_iteratorIPSt6vectorIiSaIiEEEC1ES3_
FNDA:5402280,_ZNSt13move_iteratorIPiEC1ES0_
FNDA:6,_ZNKSt13move_iteratorIPfE4baseEv
FNDA:1808,_ZNKSt13move_iteratorIPSt5tupleIJffEEE4baseEv
FNDA:46,_ZNKSt13move_iteratorIPSt6vectorIiSaIiEEE4baseEv
FNDA:5402280,_ZNKSt13move_iteratorIPiE4baseEv
FNDA:632,_ZNKSt13move_iteratorIPSt5tupleIJffEEEdeEv
FNDA:12,_ZNKSt13move_iteratorIPSt6vectorIiSaIiEEEdeEv
FNDA:632,_ZNSt13move_iteratorIPSt5tupleIJffEEEppEv
FNDA:12,_ZNSt13move_iteratorIPSt6vectorIiSaIiEEEppEv
FNDA:904,_ZSteqIPSt5tupleIJffEEEbRKSt13move_iteratorIT_ES7_
FNDA:23,_ZSteqIPSt6vectorIiSaIiEEEbRKSt13move_iteratorIT_ES8_
FNDA:904,_ZStneIPSt5tupleIJffEEEbRKSt13move_iteratorIT_ES7_
FNDA:23,_ZStneIPSt6vectorIiSaIiEEEbRKSt13move_iteratorIT_ES8_
FNDA:6,_ZSt32__make_move_if_noexcept_iteratorIfSt13move_iteratorIPfEET0_PT_
FNDA:544,_ZSt32__make_move_if_noexcept_iteratorISt5tupleIJffEESt13move_iteratorIPS1_EET0_PT_
FNDA:22,_ZSt32__make_move_if_noexcept_iteratorISt6vectorIiSaIiEESt13move_iteratorIPS2_EET0_PT_
FNDA:5402280,_ZSt32__make_move_if_noexcept_iteratorIiSt13move_iteratorIPiEET0_PT_
FNDA:6,_ZSt12__miter_baseIPfEDTcl12__miter_basecldtfp_4baseEEESt13move_iteratorIT_E
FNDA:5402280,_ZSt12__miter_baseIPiEDTcl12__miter_basecldtfp_4baseEEESt13move_iteratorIT_E
FNF:35
FNH:35
DA:776,1442183
DA:777,1442183
DA:789,614
DA:790,614
DA:797,614
DA:799,614
DA:800,614
DA:841,1443411
DA:842,1443411
DA:877,700
DA:880,700
DA:980,1442005
DA:981,1442005
DA:1032,5402852
DA:1033,5402852
DA:1040,5404140
DA:1041,5404140
DA:1044,644
DA:1045,644
DA:1052,644
DA:1054,644
DA:1055,644
DA:1119,927
DA:1121,927
DA:1131,927
DA:1133,927
DA:1223,5402852
DA:1224,5402852
DA:1243,5402286
DA:1245,5402286
LF:30
LH:30
end_of_record
SF:/c/mingw/lib/gcc/mingw32/6.3.0/include/c++/bits/stl_iterator_base_types.h
FN:118,_ZNSt8iteratorISt26random_access_iterator_tagbiPbRbEC2Ev
FNDA:1912834,_ZNSt8iteratorISt26random_access_iterator_tagbiPbRbEC2Ev
FNF:1
FNH:1
DA:118,1912834
LF:1
LH:1
end_of_record
SF:/c/mingw/lib/gcc/mingw32/6.3.0/include/c++/bits/stl_uninitialized.h
FN:68,_ZNSt20__uninitialized_copyILb0EE13__uninit_copyISt13move_iteratorIPSt5tupleIJffEEES5_EET0_T_S8_S7_
FN:68,_ZNSt20__uninitialized_copyILb0EE13__uninit_copyIN9__gnu_cxx17__normal_iteratorIPKSt6vectorIiSaIiEES4_IS6_SaIS6_EEEEPS6_EET0_T_SE_SD_
FN:68,_ZNSt20__uninitialized_copyILb0EE13__uninit_copyIN9__gnu_cxx17__normal_iteratorIPKSt5tupleIJffEESt6vectorIS5_SaIS5_EEEEPS5_EET0_T_SE_SD_
FN:68,_ZNSt20__uninitialized_copyILb0EE13__uninit_copyISt13move_iteratorIPSt6vectorIiSaIiEEES6_EET0_T_S9_S8_
FN:91,_ZNSt20__uninitialized_copyILb1EE13__uninit_copyISt13move_iteratorIPiES3_EET0_T_S6_S5_
FN:91,_ZNSt20__uninitialized_copyILb1EE13__uninit_copyIN9__gnu_cxx17__normal_iteratorIPKiSt6vectorIiSaIiEEEEPiEET0_T_SC_SB_
FN:91,_ZNSt20__uninitialized_copyILb1EE13__uninit_copyISt13move_iteratorIPfES3_EET0_T_S6_S5_
FN:107,_ZSt18uninitialized_copyISt13move_iteratorIPSt6vectorIiSaIiEEES4_ET0_T_S7_S6_
FN:107,_ZSt18uninitialized_copyIN9__gnu_cxx17__normal_iteratorIPKSt5tupleIJffEESt6vectorIS3_SaIS3_EEEEPS3_ET0_T_SC_SB_
FN:107,_ZSt18uninitialized_copyISt13move_iteratorIPiES1_ET0_T_S4_S3_
FN:107,_ZSt18uninitialized_copyISt13move_iteratorIPSt5tupleIJffEEES3_ET0_T_S6_S5_
FN:107,_ZSt18uninitialized_copyIN9__gnu_cxx17__normal_iteratorIPKiSt6vectorIiSaIiEEEEPiET0_T_SA_S9_
FN:107,_ZSt18uninitialized_copyISt13move_iteratorIPfES1_ET0_T_S4_S3_
FN:107,_ZSt18uninitialized_copyIN9__gnu_cxx17__normal_iteratorIPKSt6vectorIiSaIiEES2_IS4_SaIS4_EEEEPS4_ET0_T_SC_SB_
FN:195,_ZNSt22__uninitialized_fill_nILb0EE15__uninit_fill_nIPSt6vectorIiSaIiEEjS4_EET_S6_T0_RKT1_
FN:236,_ZSt20uninitialized_fill_nIPSt6vectorIiSaIiEEjS2_ET_S4_T0_RKT1_
FN:279,_ZSt22__uninitialized_copy_aISt13move_iteratorIPSt5tupleIJffEEES3_S2_ET0_T_S6_S5_RSaIT1_E
FN:279,_ZSt22__uninitialized_copy_aIN9__gnu_cxx17__normal_iteratorIPKiSt6vectorIiSaIiEEEEPiiET0_T_SA_S9_RSaIT1_E
FN:279,_ZSt22__uninitialized_copy_aIN9__gnu_cxx17__normal_iteratorIPKSt5tupleIJffEESt6vectorIS3_SaIS3_EEEEPS3_S3_ET0_T_SC_SB_RSaIT1_E
FN:279,_ZSt22__uninitialized_copy_aISt13move_iteratorIPfES1_fET0_T_S4_S3_RSaIT1_E
FN:279,_ZSt22__uninitialized_copy_aISt13move_iteratorIPSt6vectorIiSaIiEEES4_S3_ET0_T_S7_S6_RSaIT1_E
FN:279,_ZSt22__uninitialized_copy_aISt13move_iteratorIPiES1_iET0_T_S4_S3_RSaIT1_E
FN:279,_ZSt22__uninitialized_copy_aIN9__gnu_cxx17__normal_iteratorIPKSt6vectorIiSaIiEES2_IS4_SaIS4_EEEEPS4_S4_ET0_T_SC_SB_RSaIT1_E
FN:297,_ZSt34__uninitialized_move_if_noexcept_aIPiS0_SaIiEET0_T_S3_S2_RT1_
FN:297,_ZSt34__uninitialized_move_if_noexcept_aIPfS0_SaIfEET0_T_S3_S2_RT1_
FN:297,_ZSt34__uninitialized_move_if_noexcept_aIPSt6vectorIiSaIiEES3_SaIS2_EET0_T_S6_S5_RT1_
FN:297,_ZSt34__uninitialized_move_if_noexcept_aIPSt5tupleIJffEES2_SaIS1_EET0_T_S5_S4_RT1_
FN:356,_ZSt24__uninitialized_fill_n_aIPSt6vectorIiSaIiEEjS2_S2_ET_S4_T0_RKT1_RSaIT2_E
FN:535,_ZNSt27__uninitialized_default_n_1ILb1EE18__uninit_default_nIPijEET_S3_T0_
FN:566,_ZSt25__uninitialized_default_nIPijET_S1_T0_
FN:635,_ZSt27__uninitialized_default_n_aIPijiET_S1_T0_RSaIT1_E
FNDA:272,_ZNSt20__uninitialized_copyILb0EE13__uninit_copyISt13move_iteratorIPSt5tupleIJffEEES5_EET0_T_S8_S7_
FNDA:11,_ZNSt20__uninitialized_copyILb0EE13__uninit_copyISt13move_iteratorIPSt6vectorIiSaIiEEES6_EET0_T_S9_S8_
FNDA:45,_ZNSt20__uninitialized_copyILb0EE13__uninit_copyIN9__gnu_cxx17__normal_iteratorIPKSt5tupleIJffEESt6vectorIS5_SaIS5_EEEEPS5_EET0_T_SE_SD_
FNDA:41,_ZNSt20__uninitialized_copyILb0EE13__uninit_copyIN9__gnu_cxx17__normal_iteratorIPKSt6vectorIiSaIiEES4_IS6_SaIS6_EEEEPS6_EET0_T_SE_SD_
FNDA:3,_ZNSt20__uninitialized_copyILb1EE13__uninit_copyISt13move_iteratorIPfES3_EET0_T_S6_S5_
FNDA:2701140,_ZNSt20__uninitialized_copyILb1EE13__uninit_copyISt13move_iteratorIPiES3_EET0_T_S6_S5_
FNDA:720989,_ZNSt20__uninitialized_copyILb1EE13__uninit_copyIN9__gnu_cxx17__normal_iteratorIPKiSt6vectorIiSaIiEEEEPiEET0_T_SC_SB_
FNDA:3,_ZSt18uninitialized_copyISt13move_iteratorIPfES1_ET0_T_S4_S3_
FNDA:272,_ZSt18uninitialized_copyISt13move_iteratorIPSt5tupleIJffEEES3_ET0_T_S6_S5_
FNDA:11,_ZSt18uninitialized_copyISt13move_iteratorIPSt6vectorIiSaIiEEES4_ET0_T_S7_S6_
FNDA:2701140,_ZSt18uninitialized_copyISt13move_iteratorIPiES1_ET0_T_S4_S3_
FNDA:45,_ZSt18uninitialized_copyIN9__gnu_cxx17__normal_iteratorIPKSt5tupleIJffEESt6vectorIS3_SaIS3_EEEEPS3_ET0_T_SC_SB_
FNDA:41,_ZSt18uninitialized_copyIN9__gnu_cxx17__normal_iteratorIPKSt6vectorIiSaIiEES2_IS4_SaIS4_EEEEPS4_ET0_T_SC_SB_
FNDA:720989,_ZSt18uninitialized_copyIN9__gnu_cxx17__normal_iteratorIPKiSt6vectorIiSaIiEEEEPiET0_T_SA_S9_
FNDA:2,_ZNSt22__uninitialized_fill_nILb0EE15__uninit_fill_nIPSt6vectorIiSaIiEEjS4_EET_S6_T0_RKT1_
FNDA:2,_ZSt20uninitialized_fill_nIPSt6vectorIiSaIiEEjS2_ET_S4_T0_RKT1_
FNDA:3,_ZSt22__uninitialized_copy_aISt13move_iteratorIPfES1_fET0_T_S4_S3_RSaIT1_E
FNDA:272,_ZSt22__uninitialized_copy_aISt13move_iteratorIPSt5tupleIJffEEES3_S2_ET0_T_S6_S5_RSaIT1_E
FNDA:11,_ZSt22__uninitialized_copy_aISt13move_iteratorIPSt6vectorIiSaIiEEES4_S3_ET0_T_S7_S6_RSaIT1_E
FNDA:2701140,_ZSt22__uninitialized_copy_aISt13move_iteratorIPiES1_iET0_T_S4_S3_RSaIT1_E
FNDA:45,_ZSt22__uninitialized_copy_aIN9__gnu_cxx17__normal_iteratorIPKSt5tupleIJffEESt6vectorIS3_SaIS3_EEEEPS3_S3_ET0_T_SC_SB_RSaIT1_E
FNDA:41,_ZSt22__uninitialized_copy_aIN9__gnu_cxx17__normal_iteratorIPKSt6vectorIiSaIiEES2_IS4_SaIS4_EEEEPS4_S4_ET0_T_SC_SB_RSaIT1_E
FNDA:720989,_ZSt22__uninitialized_copy_aIN9__gnu_cxx17__normal_iteratorIPKiSt6vectorIiSaIiEEEEPiiET0_T_SA_S9_RSaIT1_E
FNDA:3,_ZSt34__uninitialized_move_if_noexcept_aIPfS0_SaIfEET0_T_S3_S2_RT1_
FNDA:272,_ZSt34__uninitialized_move_if_noexcept_aIPSt5tupleIJffEES2_SaIS1_EET0_T_S5_S4_RT1_
FNDA:11,_ZSt34__uninitialized_move_if_noexcept_aIPSt6vectorIiSaIiEES3_SaIS2_EET0_T_S6_S5_RT1_
FNDA:2701140,_ZSt34__uninitialized_move_if_noexcept_aIPiS0_SaIiEET0_T_S3_S2_RT1_
FNDA:2,_ZSt24__uninitialized_fill_n_aIPSt6vectorIiSaIiEEjS2_S2_ET_S4_T0_RKT1_RSaIT2_E
FNDA:2,_ZNSt27__uninitialized_default_n_1ILb1EE18__uninit_default_nIPijEET_S3_T0_
FNDA:2,_ZSt25__uninitialized_default_nIPijET_S1_T0_
FNDA:2,_ZSt27__uninitialized_default_n_aIPijiET_S1_T0_RSaIT1_E
FNF:31
FNH:31
DA:68,369
DA:71,369
DA:74,2885
DA:75,1258
DA:76,369
DA:78,0
DA:80,0
DA:81,0
DA:91,3422132
DA:93,3422132
DA:107,3422501
DA:120,3422501
DA:126,3422501
DA:195,2
DA:198,2
DA:201,16
DA:202,7
DA:203,2
DA:205,0
DA:207,0
DA:208,0
DA:236,2
DA:244,2
DA:247,2
DA:279,3422501
DA:281,3422501
DA:297,2701426
DA:303,2701426
DA:304,2701426
DA:356,2
DA:358,2
DA:535,2
DA:540,2
DA:566,2
DA:571,2
DA:575,2
DA:635,2
DA:637,2
LF:38
LH:32
end_of_record
SF:/c/mingw/lib/gcc/mingw32/6.3.0/include/c++/bits/stl_vector.h
FN:79,_ZNSt12_Vector_baseIfSaIfEE12_Vector_implD1Ev
FN:79,_ZNSt12_Vector_baseISt5tupleIJffEESaIS1_EE12_Vector_implD1Ev
FN:79,_ZNSt12_Vector_baseIiSaIiEE12_Vector_implD1Ev
FN:79,_ZNSt12_Vector_baseISt6vectorIiSaIiEESaIS2_EE12_Vector_implD1Ev
FN:86,_ZNSt12_Vector_baseIiSaIiEE12_Vector_implC1Ev
FN:86,_ZNSt12_Vector_baseISt6vectorIiSaIiEESaIS2_EE12_Vector_implC1Ev
FN:86,_ZNSt12_Vector_baseIfSaIfEE12_Vector_implC1Ev
FN:86,_ZNSt12_Vector_baseISt5tupleIJffEESaIS1_EE12_Vector_implC1Ev
FN:90,_ZNSt12_Vector_baseIiSaIiEE12_Vector_implC1ERKS0_
FN:90,_ZNSt12_Vector_baseISt5tupleIJffEESaIS1_EE12_Vector_implC1ERKS2_
FN:90,_ZNSt12_Vector_baseISt6vectorIiSaIiEESaIS2_EE12_Vector_implC1ERKS3_
FN:95,_ZNSt12_Vector_baseIiSaIiEE12_Vector_implC1EOS0_
FN:101,_ZNSt12_Vector_baseIiSaIiEE12_Vector_impl12_M_swap_dataERS2_
FN:113,_ZNSt12_Vector_baseIfSaIfEE19_M_get_Tp_allocatorEv
FN:113,_ZNSt12_Vector_baseIiSaIiEE19_M_get_Tp_allocatorEv
FN:113,_ZNSt12_Vector_baseISt5tupleIJffEESaIS1_EE19_M_get_Tp_allocatorEv
FN:113,_ZNSt12_Vector_baseISt6vectorIiSaIiEESaIS2_EE19_M_get_Tp_allocatorEv
FN:117,_ZNKSt12_Vector_baseIiSaIiEE19_M_get_Tp_allocatorEv
FN:117,_ZNKSt12_Vector_baseISt5tupleIJffEESaIS1_EE19_M_get_Tp_allocatorEv
FN:117,_ZNKSt12_Vector_baseISt6vectorIiSaIiEESaIS2_EE19_M_get_Tp_allocatorEv
FN:117,_ZNKSt12_Vector_baseIfSaIfEE19_M_get_Tp_allocatorEv
FN:124,_ZNSt12_Vector_baseIiSaIiEEC2Ev
FN:124,_ZNSt12_Vector_baseISt5tupleIJffEESaIS1_EEC2Ev
FN:124,_ZNSt12_Vector_baseISt6vectorIiSaIiEESaIS2_EEC2Ev
FN:124,_ZNSt12_Vector_baseIfSaIfEEC2Ev
FN:134,_ZNSt12_Vector_baseISt5tupleIJffEESaIS1_EEC2EjRKS2_
FN:134,_ZNSt12_Vector_baseISt6vectorIiSaIiEESaIS2_EEC2EjRKS3_
FN:134,_ZNSt12_Vector_baseIiSaIiEEC2EjRKS0_
FN:142,_ZNSt12_Vector_baseIiSaIiEEC2EOS1_
FN:159,_ZNSt12_Vector_baseIiSaIiEED2Ev
FN:159,_ZNSt12_Vector_baseIfSaIfEED2Ev
FN:159,_ZNSt12_Vector_baseISt5tupleIJffEESaIS1_EED2Ev
FN:159,_ZNSt12_Vector_baseISt6vectorIiSaIiEESaIS2_EED2Ev
FN:167,_ZNSt12_Vector_baseISt5tupleIJffEESaIS1_EE11_M_allocateEj
FN:167,_ZNSt12_Vector_baseISt6vectorIiSaIiEESaIS2_EE11_M_allocateEj
FN:167,_ZNSt12_Vector_baseIiSaIiEE11_M_allocateEj
FN:167,_ZNSt12_Vector_baseIfSaIfEE11_M_allocateEj
FN:174,_ZNSt12_Vector_baseISt5tupleIJffEESaIS1_EE13_M_deallocateEPS1_j
FN:174,_ZNSt12_Vector_baseISt6vectorIiSaIiEESaIS2_EE13_M_deallocateEPS2_j
FN:174,_ZNSt12_Vector_baseIfSaIfEE13_M_deallocateEPfj
FN:174,_ZNSt12_Vector_baseIiSaIiEE13_M_deallocateEPij
FN:183,_ZNSt12_Vector_baseISt5tupleIJffEESaIS1_EE17_M_create_storageEj
FN:183,_ZNSt12_Vector_baseIiSaIiEE17_M_create_storageEj
FN:183,_ZNSt12_Vector_baseISt6vectorIiSaIiEESaIS2_EE17_M_create_storageEj
FN:255,_ZNSt6vectorIS_IiSaIiEESaIS1_EEC1Ev
FN:255,_ZNSt6vectorISt5tupleIJffEESaIS1_EEC1Ev
FN:255,_ZNSt6vectorIfSaIfEEC1Ev
FN:255,_ZNSt6vectorIiSaIiEEC1Ev
FN:279,_ZNSt6vectorIiSaIiEEC1EjRKS0_
FN:291,_ZNSt6vectorIS_IiSaIiEESaIS1_EEC1EjRKS1_RKS2_
FN:320,_ZNSt6vectorISt5tupleIJffEESaIS1_EEC1ERKS3_
FN:320,_ZNSt6vectorIS_IiSaIiEESaIS1_EEC1ERKS3_
FN:320,_ZNSt6vectorIiSaIiEEC1ERKS1_
FN:337,_ZNSt6vectorIiSaIiEEC1EOS1_
FN:425,_ZNSt6vectorIfSaIfEED1Ev
FN:425,_ZNSt6vectorIS_IiSaIiEESaIS1_EED1Ev
FN:425,_ZNSt6vectorIiSaIiEED1Ev
FN:425,_ZNSt6vectorISt5tupleIJffEESaIS1_EED1Ev
FN:557,_ZNKSt6vectorIS_IiSaIiEESaIS1_EE5beginEv
FN:557,_ZNKSt6vectorISt5tupleIJffEESaIS1_EE5beginEv
FN:557,_ZNKSt6vectorIiSaIiEE5beginEv
FN:575,_ZNKSt6vectorIiSaIiEE3endEv
FN:575,_ZNKSt6vectorISt5tupleIJffEESaIS1_EE3endEv
FN:575,_ZNKSt6vectorIS_IiSaIiEESaIS1_EE3endEv
FN:655,_ZNKSt6vectorISt5tupleIJffEESaIS1_EE4sizeEv
FN:655,_ZNKSt6vectorIS_IiSaIiEESaIS1_EE4sizeEv
FN:655,_ZNKSt6vectorIiSaIiEE4sizeEv
FN:655,_ZNKSt6vectorIfSaIfEE4sizeEv
FN:660,_ZNKSt6vectorISt5tupleIJffEESaIS1_EE8max_sizeEv
FN:660,_ZNKSt6vectorIS_IiSaIiEESaIS1_EE8max_sizeEv
FN:660,_ZNKSt6vectorIfSaIfEE8max_sizeEv
FN:660,_ZNKSt6vectorIiSaIiEE8max_sizeEv
FN:780,_ZNSt6vectorIiSaIiEEixEj
FN:780,_ZNSt6vectorISt5tupleIJffEESaIS1_EEixEj
FN:780,_ZNSt6vectorIS_IiSaIiEESaIS1_EEixEj
FN:914,_ZNSt6vectorIiSaIiEE9push_backERKi
FN:914,_ZNSt6vectorIS_IiSaIiEESaIS1_EE9push_backERKS1_
FN:914,_ZNSt6vectorISt5tupleIJffEESaIS1_EE9push_backERKS1_
FN:932,_ZNSt6vectorIfSaIfEE9push_backEOf
FN:1296,_ZNSt6vectorIS_IiSaIiEESaIS1_EE18_M_fill_initializeEjRKS1_
FN:1306,_ZNSt6vectorIiSaIiEE21_M_default_initializeEj
FN:1420,_ZNKSt6vectorIfSaIfEE12_M_check_lenEjPKc
FN:1420,_ZNKSt6vectorIS_IiSaIiEESaIS1_EE12_M_check_lenEjPKc
FN:1420,_ZNKSt6vectorISt5tupleIJffEESaIS1_EE12_M_check_lenEjPKc
FN:1420,_ZNKSt6vectorIiSaIiEE12_M_check_lenEjPKc
FNDA:2,_ZNSt12_Vector_baseIfSaIfEE12_Vector_implD1Ev
FNDA:277,_ZNSt12_Vector_baseISt5tupleIJffEESaIS1_EE12_Vector_implD1Ev
FNDA:63,_ZNSt12_Vector_baseISt6vectorIiSaIiEESaIS2_EE12_Vector_implD1Ev
FNDA:901544,_ZNSt12_Vector_baseIiSaIiEE12_Vector_implD1Ev
FNDA:2,_ZNSt12_Vector_baseIfSaIfEE12_Vector_implC1Ev
FNDA:229,_ZNSt12_Vector_baseISt5tupleIJffEESaIS1_EE12_Vector_implC1Ev
FNDA:4,_ZNSt12_Vector_baseISt6vectorIiSaIiEESaIS2_EE12_Vector_implC1Ev
FNDA:180469,_ZNSt12_Vector_baseIiSaIiEE12_Vector_implC1Ev
FNDA:48,_ZNSt12_Vector_baseISt5tupleIJffEESaIS1_EE12_Vector_implC1ERKS2_
FNDA:59,_ZNSt12_Vector_baseISt6vectorIiSaIiEESaIS2_EE12_Vector_implC1ERKS3_
FNDA:721059,_ZNSt12_Vector_baseIiSaIiEE12_Vector_implC1ERKS0_
FNDA:16,_ZNSt12_Vector_baseIiSaIiEE12_Vector_implC1EOS0_
FNDA:30,_ZNSt12_Vector_baseIiSaIiEE12_Vector_impl12_M_swap_dataERS2_
FNDA:10,_ZNSt12_Vector_baseIfSaIfEE19_M_get_Tp_allocatorEv
FNDA:869,_ZNSt12_Vector_baseISt5tupleIJffEESaIS1_EE19_M_get_Tp_allocatorEv
FNDA:144,_ZNSt12_Vector_baseISt6vectorIiSaIiEESaIS2_EE19_M_get_Tp_allocatorEv
FNDA:7024906,_ZNSt12_Vector_baseIiSaIiEE19_M_get_Tp_allocatorEv
FNDA:6,_ZNKSt12_Vector_baseIfSaIfEE19_M_get_Tp_allocatorEv
FNDA:589,_ZNKSt12_Vector_baseISt5tupleIJffEESaIS1_EE19_M_get_Tp_allocatorEv
FNDA:63,_ZNKSt12_Vector_baseISt6vectorIiSaIiEESaIS2_EE19_M_get_Tp_allocatorEv
FNDA:6123276,_ZNKSt12_Vector_baseIiSaIiEE19_M_get_Tp_allocatorEv
FNDA:2,_ZNSt12_Vector_baseIfSaIfEEC2Ev
FNDA:229,_ZNSt12_Vector_baseISt5tupleIJffEESaIS1_EEC2Ev
FNDA:4,_ZNSt12_Vector_baseISt6vectorIiSaIiEESaIS2_EEC2Ev
FNDA:180469,_ZNSt12_Vector_baseIiSaIiEEC2Ev
FNDA:45,_ZNSt12_Vector_baseISt5tupleIJffEESaIS1_EEC2EjRKS2_
FNDA:43,_ZNSt12_Vector_baseISt6vectorIiSaIiEESaIS2_EEC2EjRKS3_
FNDA:720991,_ZNSt12_Vector_baseIiSaIiEEC2EjRKS0_
FNDA:16,_ZNSt12_Vector_baseIiSaIiEEC2EOS1_
FNDA:2,_ZNSt12_Vector_baseIfSaIfEED2Ev
FNDA:277,_ZNSt12_Vector_baseISt5tupleIJffEESaIS1_EED2Ev
FNDA:63,_ZNSt12_Vector_baseISt6vectorIiSaIiEESaIS2_EED2Ev
FNDA:901544,_ZNSt12_Vector_baseIiSaIiEED2Ev
FNDA:4,_ZNSt12_Vector_baseIfSaIfEE11_M_allocateEj
FNDA:320,_ZNSt12_Vector_baseISt5tupleIJffEESaIS1_EE11_M_allocateEj
FNDA:70,_ZNSt12_Vector_baseISt6vectorIiSaIiEESaIS2_EE11_M_allocateEj
FNDA:3422192,_ZNSt12_Vector_baseIiSaIiEE11_M_allocateEj
FNDA:6,_ZNSt12_Vector_baseIfSaIfEE13_M_deallocateEPfj
FNDA:549,_ZNSt12_Vector_baseISt5tupleIJffEESaIS1_EE13_M_deallocateEPS1_j
FNDA:74,_ZNSt12_Vector_baseISt6vectorIiSaIiEESaIS2_EE13_M_deallocateEPS2_j
FNDA:3602684,_ZNSt12_Vector_baseIiSaIiEE13_M_deallocateEPij
FNDA:45,_ZNSt12_Vector_baseISt5tupleIJffEESaIS1_EE17_M_create_storageEj
FNDA:43,_ZNSt12_Vector_baseISt6vectorIiSaIiEESaIS2_EE17_M_create_storageEj
FNDA:720991,_ZNSt12_Vector_baseIiSaIiEE17_M_create_storageEj
FNDA:2,_ZNSt6vectorIfSaIfEEC1Ev
FNDA:229,_ZNSt6vectorISt5tupleIJffEESaIS1_EEC1Ev
FNDA:4,_ZNSt6vectorIS_IiSaIiEESaIS1_EEC1Ev
FNDA:180469,_ZNSt6vectorIiSaIiEEC1Ev
FNDA:2,_ZNSt6vectorIiSaIiEEC1EjRKS0_
FNDA:2,_ZNSt6vectorIS_IiSaIiEESaIS1_EEC1EjRKS1_RKS2_
FNDA:45,_ZNSt6vectorISt5tupleIJffEESaIS1_EEC1ERKS3_
FNDA:41,_ZNSt6vectorIS_IiSaIiEESaIS1_EEC1ERKS3_
FNDA:720989,_ZNSt6vectorIiSaIiEEC1ERKS1_
FNDA:16,_ZNSt6vectorIiSaIiEEC1EOS1_
FNDA:2,_ZNSt6vectorIfSaIfEED1Ev
FNDA:277,_ZNSt6vectorISt5tupleIJffEESaIS1_EED1Ev
FNDA:63,_ZNSt6vectorIS_IiSaIiEESaIS1_EED1Ev
FNDA:901544,_ZNSt6vectorIiSaIiEED1Ev
FNDA:45,_ZNKSt6vectorISt5tupleIJffEESaIS1_EE5beginEv
FNDA:45,_ZNKSt6vectorIS_IiSaIiEESaIS1_EE5beginEv
FNDA:721007,_ZNKSt6vectorIiSaIiEE5beginEv
FNDA:45,_ZNKSt6vectorISt5tupleIJffEESaIS1_EE3endEv
FNDA:43,_ZNKSt6vectorIS_IiSaIiEESaIS1_EE3endEv
FNDA:720998,_ZNKSt6vectorIiSaIiEE3endEv
FNDA:16,_ZNKSt6vectorIfSaIfEE4sizeEv
FNDA:5485973,_ZNKSt6vectorISt5tupleIJffEESaIS1_EE4sizeEv
FNDA:161,_ZNKSt6vectorIS_IiSaIiEESaIS1_EE4sizeEv
FNDA:10550869436,_ZNKSt6vectorIiSaIiEE4sizeEv
FNDA:6,_ZNKSt6vectorIfSaIfEE8max_sizeEv
FNDA:544,_ZNKSt6vectorISt5tupleIJffEESaIS1_EE8max_sizeEv
FNDA:22,_ZNKSt6vectorIS_IiSaIiEESaIS1_EE8max_sizeEv
FNDA:5402280,_ZNKSt6vectorIiSaIiEE8max_sizeEv
FNDA:10632622,_ZNSt6vectorISt5tupleIJffEESaIS1_EEixEj
FNDA:329,_ZNSt6vectorIS_IiSaIiEESaIS1_EEixEj
FNDA:20909518569,_ZNSt6vectorIiSaIiEEixEj
FNDA:636,_ZNSt6vectorISt5tupleIJffEESaIS1_EE9push_backERKS1_
FNDA:10,_ZNSt6vectorIS_IiSaIiEESaIS1_EE9push_backERKS1_
FNDA:2654997930,_ZNSt6vectorIiSaIiEE9push_backERKi
FNDA:4,_ZNSt6vectorIfSaIfEE9push_backEOf
FNDA:2,_ZNSt6vectorIS_IiSaIiEESaIS1_EE18_M_fill_initializeEjRKS1_
FNDA:2,_ZNSt6vectorIiSaIiEE21_M_default_initializeEj
FNDA:3,_ZNKSt6vectorIfSaIfEE12_M_check_lenEjPKc
FNDA:272,_ZNKSt6vectorISt5tupleIJffEESaIS1_EE12_M_check_lenEjPKc
FNDA:11,_ZNKSt6vectorIS_IiSaIiEESaIS1_EE12_M_check_lenEjPKc
FNDA:2701140,_ZNKSt6vectorIiSaIiEE12_M_check_lenEjPKc
FNF:85
FNH:85
DA:79,901886
DA:86,180704
DA:87,180704
DA:88,180704
DA:90,721166
DA:91,721166
DA:92,721166
DA:95,16
DA:96,16
DA:97,16
DA:98,16
DA:101,30
DA:103,30
DA:104,30
DA:105,30
DA:106,30
DA:113,7025929
DA:114,7025929
DA:117,6123934
DA:118,6123934
DA:124,180704
DA:125,180704
DA:134,721079
DA:135,721079
DA:136,721079
DA:142,16
DA:143,16
DA:144,16
DA:159,901886
DA:160,1803772
DA:161,1803772
DA:167,3422586
DA:170,3422586
DA:174,3603313
DA:177,3603313
DA:178,3422586
DA:179,3603313
DA:183,721079
DA:185,721079
DA:186,721079
DA:187,721079
DA:188,721079
DA:255,180704
DA:259,180704
DA:279,2
DA:280,2
DA:281,2
DA:291,2
DA:293,2
DA:294,2
DA:320,721075
DA:322,721075
DA:323,721075
DA:324,721075
DA:326,721075
DA:327,721075
DA:337,16
DA:338,16
DA:425,901886
DA:426,901886
DA:427,1803772
DA:557,721097
DA:558,721097
DA:575,721086
DA:576,721086
DA:655,10556355586
DA:656,10556355586
DA:660,5402852
DA:661,5402852
DA:780,20920151520
DA:781,20920151520
DA:914,2654998576
DA:916,2654998576
DA:918,2652297186
DA:920,2652297186
DA:924,2701390
DA:928,2654998576
DA:932,4
DA:933,4
DA:1296,2
DA:1298,2
DA:1299,2
DA:1300,2
DA:1301,2
DA:1306,2
DA:1308,2
DA:1309,2
DA:1310,2
DA:1311,2
DA:1420,2701426
DA:1422,2701426
DA:1423,0
DA:1425,2701426
DA:1426,2701426
LF:94
LH:93
end_of_record
SF:/c/mingw/lib/gcc/mingw32/6.3.0/include/c++/bits/vector.tcc
FN:91,_ZNSt6vectorIfSaIfEE12emplace_backIJfEEEvDpOT_
FN:407,_ZNSt6vectorISt5tupleIJffEESaIS1_EE19_M_emplace_back_auxIJRKS1_EEEvDpOT_
FN:407,_ZNSt6vectorIS_IiSaIiEESaIS1_EE19_M_emplace_back_auxIJRKS1_EEEvDpOT_
FN:407,_ZNSt6vectorIiSaIiEE19_M_emplace_back_auxIJRKiEEEvDpOT_
FN:407,_ZNSt6vectorIfSaIfEE19_M_emplace_back_auxIJfEEEvDpOT_
FNDA:4,_ZNSt6vectorIfSaIfEE12emplace_backIJfEEEvDpOT_
FNDA:3,_ZNSt6vectorIfSaIfEE19_M_emplace_back_auxIJfEEEvDpOT_
FNDA:272,_ZNSt6vectorISt5tupleIJffEESaIS1_EE19_M_emplace_back_auxIJRKS1_EEEvDpOT_
FNDA:8,_ZNSt6vectorIS_IiSaIiEESaIS1_EE19_M_emplace_back_auxIJRKS1_EEEvDpOT_
FNDA:2701110,_ZNSt6vectorIiSaIiEE19_M_emplace_back_auxIJRKiEEEvDpOT_
FNF:5
FNH:5
DA:91,4
DA:94,4
DA:96,1
DA:98,1
DA:101,3
DA:102,4
DA:407,2701393
DA:411,2701393
DA:412,2701393
DA:413,2701393
DA:416,2701393
DA:418,2701393
DA:420,2701393
DA:422,2701393
DA:423,2701393
DA:425,2701393
DA:427,0
DA:429,0
DA:430,0
DA:432,0
DA:433,0
DA:434,0
DA:436,2701393
DA:437,2701393
DA:438,2701393
DA:439,2701393
DA:440,2701393
DA:441,2701393
DA:442,2701393
DA:443,2701393
DA:444,2701393
LF:31
LH:25
end_of_record
SF:/c/mingw/lib/gcc/mingw32/6.3.0/include/c++/cmath
FN:103,_ZSt3absIbEN9__gnu_cxx11__enable_ifIXsrSt12__is_integerIT_E7__valueEdE6__typeES3_
FN:283,_ZSt5floorf
FN:295,_ZSt5floorIiEN9__gnu_cxx11__enable_ifIXsrSt12__is_integerIT_E7__valueEdE6__typeES3_
FN:438,_ZSt3powIiiEN9__gnu_cxx11__promote_2IT_T0_NS0_9__promoteIS2_XsrSt12__is_integerIS2_E7__valueEE6__typeENS4_IS3_XsrS5_IS3_E7__valueEE6__typeEE6__typeES2_S3_
FN:1790,_ZSt5roundf
FNDA:9850807,_ZSt3absIbEN9__gnu_cxx11__enable_ifIXsrSt12__is_integerIT_E7__valueEdE6__typeES3_
FNDA:1548963,_ZSt5floorf
FNDA:53,_ZSt5floorIiEN9__gnu_cxx11__enable_ifIXsrSt12__is_integerIT_E7__valueEdE6__typeES3_
FNDA:8,_ZSt3powIiiEN9__gnu_cxx11__promote_2IT_T0_NS0_9__promoteIS2_XsrSt12__is_integerIS2_E7__valueEE6__typeENS4_IS3_XsrS5_IS3_E7__valueEE6__typeEE6__typeES2_S3_
FNDA:8107061,_ZSt5roundf
FNF:5
FNH:5
DA:103,9850807
DA:104,9850807
DA:283,1548963
DA:284,1548963
DA:295,53
DA:296,53
DA:438,8
DA:441,8
DA:1790,8107061
DA:1791,8107061
LF:10
LH:10
end_of_record
SF:/c/mingw/lib/gcc/mingw32/6.3.0/include/c++/ext/alloc_traits.h
FN:94,_ZN9__gnu_cxx14__alloc_traitsISaIiEE17_S_select_on_copyERKS1_
FN:94,_ZN9__gnu_cxx14__alloc_traitsISaISt5tupleIJffEEEE17_S_select_on_copyERKS3_
FN:94,_ZN9__gnu_cxx14__alloc_traitsISaISt6vectorIiSaIiEEEE17_S_select_on_copyERKS4_
FNDA:45,_ZN9__gnu_cxx14__alloc_traitsISaISt5tupleIJffEEEE17_S_select_on_copyERKS3_
FNDA:41,_ZN9__gnu_cxx14__alloc_traitsISaISt6vectorIiSaIiEEEE17_S_select_on_copyERKS4_
FNDA:720989,_ZN9__gnu_cxx14__alloc_traitsISaIiEE17_S_select_on_copyERKS1_
FNF:3
FNH:3
DA:94,721075
DA:95,721075
LF:2
LH:2
end_of_record
SF:/c/mingw/lib/gcc/mingw32/6.3.0/include/c++/ext/new_allocator.h
FN:79,_ZN9__gnu_cxx13new_allocatorIfEC2Ev
FN:79,_ZN9__gnu_cxx13new_allocatorImEC2Ev
FN:79,_ZN9__gnu_cxx13new_allocatorISt5tupleIJffEEEC2Ev
FN:79,_ZN9__gnu_cxx13new_allocatorISt6vectorIiSaIiEEEC2Ev
FN:79,_ZN9__gnu_cxx13new_allocatorIiEC2Ev
FN:79,_ZN9__gnu_cxx13new_allocatorIbEC2Ev
FN:81,_ZN9__gnu_cxx13new_allocatorImEC2ERKS1_
FN:81,_ZN9__gnu_cxx13new_allocatorISt5tupleIJffEEEC2ERKS3_
FN:81,_ZN9__gnu_cxx13new_allocatorISt6vectorIiSaIiEEEC2ERKS4_
FN:81,_ZN9__gnu_cxx13new_allocatorIiEC2ERKS1_
FN:86,_ZN9__gnu_cxx13new_allocatorIiED2Ev
FN:86,_ZN9__gnu_cxx13new_allocatorISt6vectorIiSaIiEEED2Ev
FN:86,_ZN9__gnu_cxx13new_allocatorImED2Ev
FN:86,_ZN9__gnu_cxx13new_allocatorIfED2Ev
FN:86,_ZN9__gnu_cxx13new_allocatorISt5tupleIJffEEED2Ev
FN:86,_ZN9__gnu_cxx13new_allocatorIbED2Ev
FN:99,_ZN9__gnu_cxx13new_allocatorImE8allocateEjPKv
FN:99,_ZN9__gnu_cxx13new_allocatorISt5tupleIJffEEE8allocateEjPKv
FN:99,_ZN9__gnu_cxx13new_allocatorISt6vectorIiSaIiEEE8allocateEjPKv
FN:99,_ZN9__gnu_cxx13new_allocatorIiE8allocateEjPKv
FN:99,_ZN9__gnu_cxx13new_allocatorIfE8allocateEjPKv
FN:109,_ZN9__gnu_cxx13new_allocatorIfE10deallocateEPfj
FN:109,_ZN9__gnu_cxx13new_allocatorISt5tupleIJffEEE10deallocateEPS2_j
FN:109,_ZN9__gnu_cxx13new_allocatorImE10deallocateEPmj
FN:109,_ZN9__gnu_cxx13new_allocatorISt6vectorIiSaIiEEE10deallocateEPS3_j
FN:109,_ZN9__gnu_cxx13new_allocatorIiE10deallocateEPij
FN:113,_ZNK9__gnu_cxx13new_allocatorISt6vectorIiSaIiEEE8max_sizeEv
FN:113,_ZNK9__gnu_cxx13new_allocatorIiE8max_sizeEv
FN:113,_ZNK9__gnu_cxx13new_allocatorIfE8max_sizeEv
FN:113,_ZNK9__gnu_cxx13new_allocatorISt5tupleIJffEEE8max_sizeEv
FN:113,_ZNK9__gnu_cxx13new_allocatorImE8max_sizeEv
[...]
FNDA:0,_ZN7testing8internal14DefaultPrintToIiEEvNS0_15WrapPrinterTypeILNS0_18DefaultPrinterTypeE3EEERKT_PSo
FNDA:0,_ZN7testing8internal14DefaultPrintToIjEEvNS0_15WrapPrinterTypeILNS0_18DefaultPrinterTypeE3EEERKT_PSo
FNDA:0,_ZN7testing8internal7PrintToIiEEvRKT_PSo
FNDA:0,_ZN7testing8internal7PrintToIjEEvRKT_PSo
FNDA:0,_ZN7testing8internal16UniversalPrinterIiE5PrintERKiPSo
FNDA:0,_ZN7testing8internal16UniversalPrinterIjE5PrintERKjPSo
FNDA:0,_ZN7testing8internal21UniversalTersePrinterIiE5PrintERKiPSo
FNDA:0,_ZN7testing8internal21UniversalTersePrinterIjE5PrintERKjPSo
FNDA:0,_ZN7testing8internal14UniversalPrintIiEEvRKT_PSo
FNDA:0,_ZN7testing8internal14UniversalPrintIjEEvRKT_PSo
FNDA:0,_ZN7testing13PrintToStringIiEENSt7__cxx1112basic_stringIcSt11char_traitsIcESaIcEEERKT_
FNDA:0,_ZN7testing13PrintToStringIjEENSt7__cxx1112basic_stringIcSt11char_traitsIcESaIcEEERKT_
FNF:18
FNH:0
DA:223,0
DA:250,0
DA:251,0
DA:276,0
DA:277,0
DA:350,0
DA:352,0
DA:443,0
DA:445,0
DA:446,0
DA:460,0
DA:482,0
DA:495,0
DA:715,0
DA:724,0
DA:725,0
DA:800,0
DA:801,0
DA:802,0
DA:869,0
DA:873,0
DA:874,0
DA:997,0
DA:998,0
DA:999,0
DA:1000,0
LF:26
LH:0
end_of_record
SF:/c/Users/Usuario/Documents/programacion/t2/lib/googletest-master/googletest/include/gtest/gtest.h
FN:256,_ZN7testing15AssertionResultD1Ev
FN:288,_ZNK7testing15AssertionResultcvbEv
FN:297,_ZNK7testing15AssertionResult7messageEv
FN:302,_ZNK7testing15AssertionResult15failure_messageEv
FN:389,_ZN7testing4Test13SetUpTestCaseEv
FN:397,_ZN7testing4Test16TearDownTestCaseEv
FN:474,_ZN7testing4Test5SetupEv
FN:1375,_ZN7testing8internal18CmpHelperEQFailureIjjEENS_15AssertionResultEPKcS4_RKT_RKT0_
FN:1375,_ZN7testing8internal18CmpHelperEQFailureIiiEENS_15AssertionResultEPKcS4_RKT_RKT0_
FN:1387,_ZN7testing8internal11CmpHelperEQIiiEENS_15AssertionResultEPKcS4_RKT_RKT0_
FN:1387,_ZN7testing8internal11CmpHelperEQIjjEENS_15AssertionResultEPKcS4_RKT_RKT0_
FN:1417,_ZN7testing8internal8EqHelperILb0EE7CompareIjjEENS_15AssertionResultEPKcS6_RKT_RKT0_
FN:1417,_ZN7testing8internal8EqHelperILb0EE7CompareIiiEENS_15AssertionResultEPKcS6_RKT_RKT0_
FNDA:0,_ZN7testing15AssertionResultD1Ev
FNDA:0,_ZNK7testing15AssertionResultcvbEv
FNDA:0,_ZNK7testing15AssertionResult7messageEv
FNDA:0,_ZNK7testing15AssertionResult15failure_messageEv
FNDA:0,_ZN7testing4Test13SetUpTestCaseEv
FNDA:0,_ZN7testing4Test16TearDownTestCaseEv
FNDA:0,_ZN7testing4Test5SetupEv
FNDA:0,_ZN7testing8internal18CmpHelperEQFailureIiiEENS_15AssertionResultEPKcS4_RKT_RKT0_
FNDA:0,_ZN7testing8internal18CmpHelperEQFailureIjjEENS_15AssertionResultEPKcS4_RKT_RKT0_
FNDA:0,_ZN7testing8internal11CmpHelperEQIiiEENS_15AssertionResultEPKcS4_RKT_RKT0_
FNDA:10,_ZN7testing8internal11CmpHelperEQIjjEENS_15AssertionResultEPKcS4_RKT_RKT0_
FNDA:0,_ZN7testing8internal8EqHelperILb0EE7CompareIiiEENS_15AssertionResultEPKcS6_RKT_RKT0_
FNDA:10,_ZN7testing8internal8EqHelperILb0EE7CompareIjjEENS_15AssertionResultEPKcS6_RKT_RKT0_
FNF:13
FNH:2
DA:256,0
DA:288,0
DA:297,0
DA:298,0
DA:302,0
DA:389,0
DA:397,0
DA:474,0
DA:1375,0
DA:1382,0
DA:1387,10
DA:1392,10
DA:1393,10
DA:1397,0
DA:1417,10
DA:1421,10
LF:16
LH:5
end_of_record
SF:/c/Users/Usuario/Documents/programacion/t2/lib/googletest-master/googletest/include/gtest/internal/gtest-internal.h
FN:466,_ZN7testing8internal15TestFactoryBaseD2Ev
FN:473,_ZN7testing8internal15TestFactoryBaseC2Ev
FN:482,_ZN7testing8internal15TestFactoryImplI26silenciosTEST_unAudio_TestEC1Ev
FN:482,_ZN7testing8internal15TestFactoryImplI26silenciosTEST_unAudio_TestED1Ev
FN:482,_ZN7testing8internal15TestFactoryImplI26silenciosTEST_unAudio_TestED0Ev
FN:484,_ZN7testing8internal15TestFactoryImplI26silenciosTEST_unAudio_TestE10CreateTestEv
FN:504,_ZN7testing8internal12CodeLocationD1Ev
FN:505,_ZN7testing8internal12CodeLocationC1ERKNSt7__cxx1112basic_stringIcSt11char_traitsIcESaIcEEEi
FNDA:0,_ZN7testing8internal15TestFactoryBaseD2Ev
FNDA:0,_ZN7testing8internal15TestFactoryBaseC2Ev
FNDA:10,_ZN7testing8internal15TestFactoryImplI26silenciosTEST_unAudio_TestED0Ev
FNDA:10,_ZN7testing8internal15TestFactoryImplI26silenciosTEST_unAudio_TestED1Ev
FNDA:10,_ZN7testing8internal15TestFactoryImplI26silenciosTEST_unAudio_TestEC1Ev
FNDA:10,_ZN7testing8internal15TestFactoryImplI26silenciosTEST_unAudio_TestE10CreateTestEv
FNDA:0,_ZN7testing8internal12CodeLocationD1Ev
FNDA:0,_ZN7testing8internal12CodeLocationC1ERKNSt7__cxx1112basic_stringIcSt11char_traitsIcESaIcEEEi
FNF:8
FNH:4
DA:466,0
DA:473,0
DA:482,30
DA:484,10
DA:504,0
DA:505,0
DA:506,0
LF:7
LH:2
end_of_record
SF:/c/Users/Usuario/Documents/programacion/t2/lib/googletest-master/googletest/include/gtest/internal/gtest-port.h
FN:1162,_ZN7testing8internal10scoped_ptrINSt7__cxx1112basic_stringIcSt11char_traitsIcESaIcEEEED1Ev
FN:1162,_ZN7testing8internal10scoped_ptrINSt7__cxx1118basic_stringstreamIcSt11char_traitsIcESaIcEEEED1Ev
FN:1165,_ZNK7testing8internal10scoped_ptrINSt7__cxx1112basic_stringIcSt11char_traitsIcESaIcEEEEptEv
FN:1166,_ZNK7testing8internal10scoped_ptrINSt7__cxx1112basic_stringIcSt11char_traitsIcESaIcEEEE3getEv
FN:1174,_ZN7testing8internal10scoped_ptrINSt7__cxx1112basic_stringIcSt11char_traitsIcESaIcEEEE5resetEPS7_
FN:1174,_ZN7testing8internal10scoped_ptrINSt7__cxx1118basic_stringstreamIcSt11char_traitsIcESaIcEEEE5resetEPS7_
FNDA:0,_ZN7testing8internal10scoped_ptrINSt7__cxx1112basic_stringIcSt11char_traitsIcESaIcEEEED1Ev
FNDA:0,_ZN7testing8internal10scoped_ptrINSt7__cxx1118basic_stringstreamIcSt11char_traitsIcESaIcEEEED1Ev
FNDA:0,_ZNK7testing8internal10scoped_ptrINSt7__cxx1112basic_stringIcSt11char_traitsIcESaIcEEEEptEv
FNDA:0,_ZNK7testing8internal10scoped_ptrINSt7__cxx1112basic_stringIcSt11char_traitsIcESaIcEEEE3getEv
FNDA:0,_ZN7testing8internal10scoped_ptrINSt7__cxx1118basic_stringstreamIcSt11char_traitsIcESaIcEEEE5resetEPS7_
FNDA:0,_ZN7testing8internal10scoped_ptrINSt7__cxx1112basic_stringIcSt11char_traitsIcESaIcEEEE5resetEPS7_
FNF:6
FNH:0
DA:1162,0
DA:1165,0
DA:1166,0
DA:1174,0
DA:1175,0
DA:1176,0
DA:1177,0
DA:1179,0
DA:1181,0
LF:9
LH:0
end_of_record
SF:/c/Users/Usuario/Documents/programacion/t2/tests/silenciosTEST.cpp
FN:10,_ZN26silenciosTEST_unAudio_TestD1Ev
FN:10,_ZN26silenciosTEST_unAudio_Test8TestBodyEv
FN:10,_ZN26silenciosTEST_unAudio_TestC1Ev
FN:10,_ZN26silenciosTEST_unAudio_TestD0Ev
FN:38,_Z41__static_initialization_and_destruction_0ii
FN:38,_GLOBAL__sub_I__ZN26silenciosTEST_unAudio_Test10test_info_E
FNDA:10,_ZN26silenciosTEST_unAudio_TestD0Ev
FNDA:10,_ZN26silenciosTEST_unAudio_TestD1Ev
FNDA:10,_ZN26silenciosTEST_unAudio_Test8TestBodyEv
FNDA:10,_ZN26silenciosTEST_unAudio_TestC1Ev
FNDA:10,_GLOBAL__sub_I__ZN26silenciosTEST_unAudio_Test10test_info_E
FNDA:10,_Z41__static_initialization_and_destruction_0ii
FNF:6
FNH:6
DA:10,50
DA:11,10
DA:12,10
DA:13,20
DA:17,20
DA:19,20
DA:20,10
DA:21,10
DA:22,30
DA:23,20
DA:24,20
DA:27,20
DA:28,20
DA:30,20
DA:32,20
DA:33,20
DA:35,20
DA:38,30
LF:18
LH:18
end_of_record
SF:/c/mingw/lib/gcc/mingw32/6.3.0/include/c++/bits/alloc_traits.h
FN:415,_ZNSt16allocator_traitsISaIiEE8allocateERS0_j
FN:415,_ZNSt16allocator_traitsISaISt5tupleIJffEEEE8allocateERS2_j
FN:441,_ZNSt16allocator_traitsISaIiEE10deallocateERS0_Pij
FN:441,_ZNSt16allocator_traitsISaISt5tupleIJffEEEE10deallocateERS2_PS1_j
FNDA:0,_ZNSt16allocator_traitsISaISt5tupleIJffEEEE8allocateERS2_j
FNDA:0,_ZNSt16allocator_traitsISaIiEE8allocateERS0_j
FNDA:0,_ZNSt16allocator_traitsISaISt5tupleIJffEEEE10deallocateERS2_PS1_j
FNDA:0,_ZNSt16allocator_traitsISaIiEE10deallocateERS0_Pij
FNF:4
FNH:0
DA:415,0
DA:416,0
DA:441,0
DA:442,0
LF:4
LH:0
end_of_record
SF:/c/mingw/lib/gcc/mingw32/6.3.0/include/c++/bits/allocator.h
FN:131,_ZNSaISt5tupleIJffEEEC1Ev
FN:131,_ZNSaIiEC1Ev
FN:133,_ZNSaIiEC2ERKS_
FN:133,_ZNSaISt5tupleIJffEEEC2ERKS1_
FN:139,_ZNSaIiED1Ev
FN:139,_ZNSaISt5tupleIJffEEED2Ev
FN:139,_ZNSaISt5tupleIJffEEED1Ev
FN:139,_ZNSaIiED2Ev
FNDA:30,_ZNSaISt5tupleIJffEEEC1Ev
FNDA:0,_ZNSaIiEC1Ev
FNDA:0,_ZNSaISt5tupleIJffEEEC2ERKS1_
FNDA:0,_ZNSaIiEC2ERKS_
FNDA:0,_ZNSaISt5tupleIJffEEED1Ev
FNDA:0,_ZNSaISt5tupleIJffEEED2Ev
FNDA:0,_ZNSaIiED1Ev
FNDA:0,_ZNSaIiED2Ev
FNF:8
FNH:1
DA:131,30
DA:133,0
DA:134,0
DA:139,0
LF:4
LH:1
end_of_record
SF:/c/mingw/lib/gcc/mingw32/6.3.0/include/c++/bits/cpp_type_traits.h
FN:408,_ZSt12__miter_baseIPKiET_S2_
FNDA:0,_ZSt12__miter_baseIPKiET_S2_
FNF:1
FNH:0
DA:408,0
DA:409,0
LF:2
LH:0
end_of_record
SF:/c/mingw/lib/gcc/mingw32/6.3.0/include/c++/bits/ios_base.h
FN:129,_ZStorSt13_Ios_OpenmodeS_
FNDA:0,_ZStorSt13_Ios_OpenmodeS_
FNF:1
FNH:0
DA:129,0
DA:130,0
LF:2
LH:0
end_of_record
SF:/c/mingw/lib/gcc/mingw32/6.3.0/include/c++/bits/move.h
FN:47,_ZSt11__addressofISt5tupleIJffEEEPT_RS2_
FN:76,_ZSt7forwardIRKSt5tupleIJffEEEOT_RNSt16remove_referenceIS4_E4typeE
FNDA:0,_ZSt11__addressofISt5tupleIJffEEEPT_RS2_
FNDA:0,_ZSt7forwardIRKSt5tupleIJffEEEOT_RNSt16remove_referenceIS4_E4typeE
FNF:2
FNH:0
DA:47,0
DA:50,0
DA:76,0
DA:77,0
LF:4
LH:0
end_of_record
SF:/c/mingw/lib/gcc/mingw32/6.3.0/include/c++/bits/stl_algobase.h
FN:277,_ZSt12__niter_baseIPKiET_S2_
FN:277,_ZSt12__niter_baseIPiET_S1_
FN:357,_ZNSt11__copy_moveILb0ELb1ESt26random_access_iterator_tagE8__copy_mIiEEPT_PKS3_S6_S4_
FN:375,_ZSt13__copy_move_aILb0EPKiPiET1_T0_S4_S3_
FN:420,_ZSt14__copy_move_a2ILb0EPKiPiET1_T0_S4_S3_
FN:446,_ZSt4copyIPKiPiET0_T_S4_S3_
FNDA:0,_ZSt12__niter_baseIPiET_S1_
FNDA:0,_ZSt12__niter_baseIPKiET_S2_
FNDA:0,_ZNSt11__copy_moveILb0ELb1ESt26random_access_iterator_tagE8__copy_mIiEEPT_PKS3_S6_S4_
FNDA:0,_ZSt13__copy_move_aILb0EPKiPiET1_T0_S4_S3_
FNDA:0,_ZSt14__copy_move_a2ILb0EPKiPiET1_T0_S4_S3_
FNDA:0,_ZSt4copyIPKiPiET0_T_S4_S3_
FNF:6
FNH:0
DA:277,0
DA:278,0
DA:357,0
DA:366,0
DA:367,0
DA:368,0
DA:369,0
DA:375,0
DA:383,0
DA:386,0
DA:420,0
DA:422,0
DA:424,0
DA:446,0
DA:455,0
DA:456,0
LF:16
LH:0
end_of_record
SF:/c/mingw/lib/gcc/mingw32/6.3.0/include/c++/bits/stl_construct.h
FN:74,_ZSt10_ConstructISt5tupleIJffEEJRKS1_EEvPT_DpOT0_
FN:112,_ZNSt12_Destroy_auxILb1EE9__destroyIPiEEvT_S3_
FN:112,_ZNSt12_Destroy_auxILb1EE9__destroyIPSt5tupleIJffEEEEvT_S5_
FN:122,_ZSt8_DestroyIPSt5tupleIJffEEEvT_S3_
FN:122,_ZSt8_DestroyIPiEvT_S1_
FN:148,_ZSt8_DestroyIPiiEvT_S1_RSaIT0_E
FN:148,_ZSt8_DestroyIPSt5tupleIJffEES1_EvT_S3_RSaIT0_E
FNDA:0,_ZSt10_ConstructISt5tupleIJffEEJRKS1_EEvPT_DpOT0_
FNDA:0,_ZNSt12_Destroy_auxILb1EE9__destroyIPSt5tupleIJffEEEEvT_S5_
FNDA:0,_ZNSt12_Destroy_auxILb1EE9__destroyIPiEEvT_S3_
FNDA:0,_ZSt8_DestroyIPSt5tupleIJffEEEvT_S3_
FNDA:0,_ZSt8_DestroyIPiEvT_S1_
FNDA:0,_ZSt8_DestroyIPSt5tupleIJffEES1_EvT_S3_RSaIT0_E
FNDA:0,_ZSt8_DestroyIPiiEvT_S1_RSaIT0_E
FNF:7
FNH:0
DA:74,0
DA:75,0
DA:112,0
DA:122,0
DA:126,0
DA:128,0
DA:148,0
DA:151,0
DA:152,0
LF:9
LH:0
end_of_record
SF:/c/mingw/lib/gcc/mingw32/6.3.0/include/c++/bits/stl_iterator_base_funcs.h
FN:96,_ZSt10__distanceIPKiENSt15iterator_traitsIT_E15difference_typeES3_S3_St26random_access_iterator_tag
FN:96,_ZSt10__distanceIPKSt5tupleIJffEEENSt15iterator_traitsIT_E15difference_typeES5_S5_St26random_access_iterator_tag
FN:135,_ZSt8distanceIPKSt5tupleIJffEEENSt15iterator_traitsIT_E15difference_typeES5_S5_
FN:135,_ZSt8distanceIPKiENSt15iterator_traitsIT_E15difference_typeES3_S3_
FNDA:30,_ZSt10__distanceIPKSt5tupleIJffEEENSt15iterator_traitsIT_E15difference_typeES5_S5_St26random_access_iterator_tag
FNDA:0,_ZSt10__distanceIPKiENSt15iterator_traitsIT_E15difference_typeES3_S3_St26random_access_iterator_tag
FNDA:30,_ZSt8distanceIPKSt5tupleIJffEEENSt15iterator_traitsIT_E15difference_typeES5_S5_
FNDA:0,_ZSt8distanceIPKiENSt15iterator_traitsIT_E15difference_typeES3_S3_
FNF:4
FNH:2
DA:96,30
DA:102,30
DA:135,30
DA:138,30
DA:139,60
LF:5
LH:5
end_of_record
SF:/c/mingw/lib/gcc/mingw32/6.3.0/include/c++/bits/stl_iterator_base_types.h
FN:204,_ZSt19__iterator_categoryIPKiENSt15iterator_traitsIT_E17iterator_categoryERKS3_
FN:204,_ZSt19__iterator_categoryIPKSt5tupleIJffEEENSt15iterator_traitsIT_E17iterator_categoryERKS5_
FNDA:30,_ZSt19__iterator_categoryIPKSt5tupleIJffEEENSt15iterator_traitsIT_E17iterator_categoryERKS5_
FNDA:0,_ZSt19__iterator_categoryIPKiENSt15iterator_traitsIT_E17iterator_categoryERKS3_
FNF:2
FNH:1
DA:204,30
DA:205,30
LF:2
LH:2
end_of_record
SF:/c/mingw/lib/gcc/mingw32/6.3.0/include/c++/bits/stl_uninitialized.h
FN:68,_ZNSt20__uninitialized_copyILb0EE13__uninit_copyIPKSt5tupleIJffEEPS3_EET0_T_S8_S7_
FN:91,_ZNSt20__uninitialized_copyILb1EE13__uninit_copyIPKiPiEET0_T_S6_S5_
FN:107,_ZSt18uninitialized_copyIPKiPiET0_T_S4_S3_
FN:107,_ZSt18uninitialized_copyIPKSt5tupleIJffEEPS1_ET0_T_S6_S5_
FN:279,_ZSt22__uninitialized_copy_aIPKiPiiET0_T_S4_S3_RSaIT1_E
FN:279,_ZSt22__uninitialized_copy_aIPKSt5tupleIJffEEPS1_S1_ET0_T_S6_S5_RSaIT1_E
FNDA:30,_ZNSt20__uninitialized_copyILb0EE13__uninit_copyIPKSt5tupleIJffEEPS3_EET0_T_S8_S7_
FNDA:0,_ZNSt20__uninitialized_copyILb1EE13__uninit_copyIPKiPiEET0_T_S6_S5_
FNDA:30,_ZSt18uninitialized_copyIPKSt5tupleIJffEEPS1_ET0_T_S6_S5_
FNDA:0,_ZSt18uninitialized_copyIPKiPiET0_T_S4_S3_
FNDA:30,_ZSt22__uninitialized_copy_aIPKSt5tupleIJffEEPS1_S1_ET0_T_S6_S5_RSaIT1_E
FNDA:0,_ZSt22__uninitialized_copy_aIPKiPiiET0_T_S4_S3_RSaIT1_E
FNF:6
FNH:3
DA:68,30
DA:71,30
DA:74,190
DA:75,80
DA:76,30
DA:91,0
DA:93,0
DA:107,30
DA:120,30
DA:126,30
DA:279,30
DA:281,30
LF:12
LH:10
end_of_record
SF:/c/mingw/lib/gcc/mingw32/6.3.0/include/c++/bits/stl_vector.h
FN:79,_ZNSt12_Vector_baseISt5tupleIJffEESaIS1_EE12_Vector_implD1Ev
FN:79,_ZNSt12_Vector_baseIiSaIiEE12_Vector_implD1Ev
FN:90,_ZNSt12_Vector_baseISt5tupleIJffEESaIS1_EE12_Vector_implC1ERKS2_
FN:90,_ZNSt12_Vector_baseIiSaIiEE12_Vector_implC1ERKS0_
FN:113,_ZNSt12_Vector_baseIiSaIiEE19_M_get_Tp_allocatorEv
FN:113,_ZNSt12_Vector_baseISt5tupleIJffEESaIS1_EE19_M_get_Tp_allocatorEv
FN:127,_ZNSt12_Vector_baseISt5tupleIJffEESaIS1_EEC2ERKS2_
FN:127,_ZNSt12_Vector_baseIiSaIiEEC2ERKS0_
FN:159,_ZNSt12_Vector_baseISt5tupleIJffEESaIS1_EED2Ev
FN:159,_ZNSt12_Vector_baseIiSaIiEED2Ev
FN:167,_ZNSt12_Vector_baseISt5tupleIJffEESaIS1_EE11_M_allocateEj
FN:167,_ZNSt12_Vector_baseIiSaIiEE11_M_allocateEj
FN:174,_ZNSt12_Vector_baseIiSaIiEE13_M_deallocateEPij
FN:174,_ZNSt12_Vector_baseISt5tupleIJffEESaIS1_EE13_M_deallocateEPS1_j
FN:375,_ZNSt6vectorIiSaIiEEC1ESt16initializer_listIiERKS0_
FN:375,_ZNSt6vectorISt5tupleIJffEESaIS1_EEC1ESt16initializer_listIS1_ERKS2_
FN:425,_ZNSt6vectorISt5tupleIJffEESaIS1_EED1Ev
FN:425,_ZNSt6vectorIiSaIiEED1Ev
FN:655,_ZNKSt6vectorISt5tupleIJffEESaIS1_EE4sizeEv
FN:780,_ZNSt6vectorISt5tupleIJffEESaIS1_EEixEj
FN:1281,_ZNSt6vectorIiSaIiEE19_M_range_initializeIPKiEEvT_S5_St20forward_iterator_tag
FN:1281,_ZNSt6vectorISt5tupleIJffEESaIS1_EE19_M_range_initializeIPKS1_EEvT_S7_St20forward_iterator_tag
FNDA:0,_ZNSt12_Vector_baseISt5tupleIJffEESaIS1_EE12_Vector_implD1Ev
FNDA:0,_ZNSt12_Vector_baseIiSaIiEE12_Vector_implD1Ev
FNDA:0,_ZNSt12_Vector_baseISt5tupleIJffEESaIS1_EE12_Vector_implC1ERKS2_
FNDA:0,_ZNSt12_Vector_baseIiSaIiEE12_Vector_implC1ERKS0_
FNDA:0,_ZNSt12_Vector_baseISt5tupleIJffEESaIS1_EE19_M_get_Tp_allocatorEv
FNDA:0,_ZNSt12_Vector_baseIiSaIiEE19_M_get_Tp_allocatorEv
FNDA:30,_ZNSt12_Vector_baseISt5tupleIJffEESaIS1_EEC2ERKS2_
FNDA:0,_ZNSt12_Vector_baseIiSaIiEEC2ERKS0_
FNDA:0,_ZNSt12_Vector_baseISt5tupleIJffEESaIS1_EED2Ev
FNDA:0,_ZNSt12_Vector_baseIiSaIiEED2Ev
FNDA:0,_ZNSt12_Vector_baseISt5tupleIJffEESaIS1_EE11_M_allocateEj
FNDA:0,_ZNSt12_Vector_baseIiSaIiEE11_M_allocateEj
FNDA:0,_ZNSt12_Vector_baseISt5tupleIJffEESaIS1_EE13_M_deallocateEPS1_j
FNDA:0,_ZNSt12_Vector_baseIiSaIiEE13_M_deallocateEPij
FNDA:30,_ZNSt6vectorISt5tupleIJffEESaIS1_EEC1ESt16initializer_listIS1_ERKS2_
FNDA:0,_ZNSt6vectorIiSaIiEEC1ESt16initializer_listIiERKS0_
FNDA:0,_ZNSt6vectorISt5tupleIJffEESaIS1_EED1Ev
FNDA:0,_ZNSt6vectorIiSaIiEED1Ev
FNDA:0,_ZNKSt6vectorISt5tupleIJffEESaIS1_EE4sizeEv
FNDA:0,_ZNSt6vectorISt5tupleIJffEESaIS1_EEixEj
FNDA:30,_ZNSt6vectorISt5tupleIJffEESaIS1_EE19_M_range_initializeIPKS1_EEvT_S7_St20forward_iterator_tag
FNDA:0,_ZNSt6vectorIiSaIiEE19_M_range_initializeIPKiEEvT_S5_St20forward_iterator_tag
FNF:22
FNH:3
DA:79,0
DA:90,0
DA:91,0
DA:92,0
DA:113,0
DA:114,0
DA:127,30
DA:128,30
DA:159,0
DA:160,0
DA:161,0
DA:167,0
DA:170,0
DA:174,0
DA:177,0
DA:178,0
DA:179,0
DA:375,30
DA:377,30
DA:379,30
DA:381,30
DA:425,0
DA:426,0
DA:427,0
DA:655,0
DA:656,0
DA:780,0
DA:781,0
DA:1281,30
DA:1284,30
DA:1285,30
DA:1286,30
DA:1287,30
DA:1288,30
DA:1290,30
DA:1291,30
LF:36
LH:14
end_of_record
SF:/c/mingw/lib/gcc/mingw32/6.3.0/include/c++/cmath
FN:283,_ZSt5floorf
FNDA:0,_ZSt5floorf
FNF:1
FNH:0
DA:283,0
DA:284,0
LF:2
LH:0
end_of_record
SF:/c/mingw/lib/gcc/mingw32/6.3.0/include/c++/ext/new_allocator.h
FN:79,_ZN9__gnu_cxx13new_allocatorISt5tupleIJffEEEC2Ev
FN:79,_ZN9__gnu_cxx13new_allocatorIiEC2Ev
FN:81,_ZN9__gnu_cxx13new_allocatorISt5tupleIJffEEEC2ERKS3_
FN:81,_ZN9__gnu_cxx13new_allocatorIiEC2ERKS1_
FN:86,_ZN9__gnu_cxx13new_allocatorIiED2Ev
FN:86,_ZN9__gnu_cxx13new_allocatorISt5tupleIJffEEED2Ev
FN:99,_ZN9__gnu_cxx13new_allocatorIiE8allocateEjPKv
FN:99,_ZN9__gnu_cxx13new_allocatorISt5tupleIJffEEE8allocateEjPKv
FN:109,_ZN9__gnu_cxx13new_allocatorIiE10deallocateEPij
FN:109,_ZN9__gnu_cxx13new_allocatorISt5tupleIJffEEE10deallocateEPS2_j
FN:113,_ZNK9__gnu_cxx13new_allocatorIiE8max_sizeEv
FN:113,_ZNK9__gnu_cxx13new_allocatorISt5tupleIJffEEE8max_sizeEv
FNDA:0,_ZN9__gnu_cxx13new_allocatorISt5tupleIJffEEEC2Ev
FNDA:0,_ZN9__gnu_cxx13new_allocatorIiEC2Ev
FNDA:0,_ZN9__gnu_cxx13new_allocatorISt5tupleIJffEEEC2ERKS3_
FNDA:0,_ZN9__gnu_cxx13new_allocatorIiEC2ERKS1_
FNDA:0,_ZN9__gnu_cxx13new_allocatorISt5tupleIJffEEED2Ev
FNDA:0,_ZN9__gnu_cxx13new_allocatorIiED2Ev
FNDA:0,_ZN9__gnu_cxx13new_allocatorISt5tupleIJffEEE8allocateEjPKv
FNDA:0,_ZN9__gnu_cxx13new_allocatorIiE8allocateEjPKv
FNDA:0,_ZN9__gnu_cxx13new_allocatorISt5tupleIJffEEE10deallocateEPS2_j
FNDA:0,_ZN9__gnu_cxx13new_allocatorIiE10deallocateEPij
FNDA:0,_ZNK9__gnu_cxx13new_allocatorISt5tupleIJffEEE8max_sizeEv
FNDA:0,_ZNK9__gnu_cxx13new_allocatorIiE8max_sizeEv
FNF:12
FNH:0
DA:79,0
DA:81,0
DA:86,0
DA:99,0
DA:101,0
DA:102,0
DA:104,0
DA:109,0
DA:110,0
DA:113,0
DA:114,0
LF:11
LH:0
end_of_record
SF:/c/mingw/lib/gcc/mingw32/6.3.0/include/c++/initializer_list
FN:71,_ZNKSt16initializer_listISt5tupleIJffEEE4sizeEv
FN:71,_ZNKSt16initializer_listIiE4sizeEv
FN:75,_ZNKSt16initializer_listIiE5beginEv
FN:75,_ZNKSt16initializer_listISt5tupleIJffEEE5beginEv
FN:79,_ZNKSt16initializer_listISt5tupleIJffEEE3endEv
FN:79,_ZNKSt16initializer_listIiE3endEv
FNDA:30,_ZNKSt16initializer_listISt5tupleIJffEEE4sizeEv
FNDA:0,_ZNKSt16initializer_listIiE4sizeEv
FNDA:60,_ZNKSt16initializer_listISt5tupleIJffEEE5beginEv
FNDA:0,_ZNKSt16initializer_listIiE5beginEv
FNDA:30,_ZNKSt16initializer_listISt5tupleIJffEEE3endEv
FNDA:0,_ZNKSt16initializer_listIiE3endEv
FNF:6
FNH:3
DA:71,30
DA:75,60
DA:79,30
LF:3
LH:3
end_of_record
SF:/c/mingw/lib/gcc/mingw32/6.3.0/include/c++/iostream
FN:74,__tcf_0
FNDA:10,__tcf_0
FNF:1
FNH:1
DA:74,20
LF:1
LH:1
end_of_record
SF:/c/mingw/lib/gcc/mingw32/6.3.0/include/c++/new
FN:146,_ZnwjPv
FNDA:0,_ZnwjPv
FNF:1
FNH:0
DA:146,0
DA:147,0
LF:2
LH:0
end_of_record
SF:/c/mingw/lib/gcc/mingw32/6.3.0/include/c++/tuple
FN:142,_ZNSt10_Head_baseILj0EfLb0EE7_M_headERS0_
FN:142,_ZNSt10_Head_baseILj1EfLb0EE7_M_headERS0_
FN:190,_ZNSt11_Tuple_implILj0EJffEE7_M_headERS0_
FN:346,_ZNSt11_Tuple_implILj1EJfEE7_M_headERS0_
FN:1243,_ZSt12__get_helperILj1EfJEERT0_RSt11_Tuple_implIXT_EJS0_DpT1_EE
FN:1243,_ZSt12__get_helperILj0EfJfEERT0_RSt11_Tuple_implIXT_EJS0_DpT1_EE
FN:1254,_ZSt3getILj1EJffEERNSt13tuple_elementIXT_ESt5tupleIJDpT0_EEE4typeERS4_
FN:1254,_ZSt3getILj0EJffEERNSt13tuple_elementIXT_ESt5tupleIJDpT0_EEE4typeERS4_
FNDA:0,_ZNSt10_Head_baseILj1EfLb0EE7_M_headERS0_
FNDA:0,_ZNSt10_Head_baseILj0EfLb0EE7_M_headERS0_
FNDA:0,_ZNSt11_Tuple_implILj0EJffEE7_M_headERS0_
FNDA:0,_ZNSt11_Tuple_implILj1EJfEE7_M_headERS0_
FNDA:0,_ZSt12__get_helperILj1EfJEERT0_RSt11_Tuple_implIXT_EJS0_DpT1_EE
FNDA:0,_ZSt12__get_helperILj0EfJfEERT0_RSt11_Tuple_implIXT_EJS0_DpT1_EE
FNDA:0,_ZSt3getILj1EJffEERNSt13tuple_elementIXT_ESt5tupleIJDpT0_EEE4typeERS4_
FNDA:0,_ZSt3getILj0EJffEERNSt13tuple_elementIXT_ESt5tupleIJDpT0_EEE4typeERS4_
FNF:8
FNH:0
DA:142,0
DA:190,0
DA:346,0
DA:1243,0
DA:1244,0
DA:1254,0
DA:1255,0
LF:7
LH:0
end_of_record
